   11651  0.55199E-09 0.53394E-09-0.16878E-08 0.47311E-11-0.70002E-10-0.54297E-09
   11651  0.56157E-09 0.54823E-09-0.17279E-08 0.34961E-11-0.44394E-10-0.34434E-09
   11652  0.35735E-08 0.33227E-08-0.10639E-07-0.67817E-10 0.62125E-09-0.46781E-08
   11652  0.35796E-08 0.33363E-08-0.10674E-07-0.65764E-10 0.42255E-09-0.31816E-08
   11653  0.47283E-09 0.42874E-09-0.13843E-08 0.11763E-10-0.12458E-09-0.95206E-09
   11653  0.47850E-09 0.44342E-09-0.14214E-08 0.93573E-11-0.96813E-10-0.73909E-09
   11654  0.45303E-09 0.33434E-09-0.11621E-08 0.32164E-10-0.22676E-09-0.17065E-08
   11654  0.44932E-09 0.35148E-09-0.11952E-08 0.26515E-10-0.19678E-09-0.14805E-08
   11655  0.48175E-09 0.24800E-09-0.10047E-08 0.63737E-10-0.31458E-09-0.23499E-08
   11655  0.46543E-09 0.26901E-09-0.10338E-08 0.53557E-10-0.28419E-09-0.21228E-08
   11656  0.55079E-09 0.16790E-09-0.90031E-09 0.10350E-09-0.38613E-09-0.29055E-08
   11656  0.52126E-09 0.19261E-09-0.92447E-09 0.88829E-10-0.35480E-09-0.26699E-08
   11657  0.65006E-09 0.92992E-10-0.83706E-09 0.14785E-09-0.44169E-09-0.33825E-08
   11657  0.61379E-09 0.11785E-09-0.85488E-09 0.13160E-09-0.40953E-09-0.31363E-08
   11658  0.77476E-09 0.21629E-10-0.80644E-09 0.19739E-09-0.48768E-09-0.37831E-08
   11658  0.74421E-09 0.40412E-10-0.81680E-09 0.18445E-09-0.45459E-09-0.35265E-08
   11659  0.18529E-08-0.47304E-09-0.80124E-09 0.61515E-09-0.58156E-09-0.44898E-08
   11659  0.19772E-08-0.52793E-09-0.80518E-09 0.66274E-09-0.54769E-09-0.42282E-08
   11660  0.11563E-07-0.48961E-08-0.81157E-09 0.44438E-08-0.10978E-08-0.83075E-08
   11660  0.11887E-07-0.50435E-08-0.81346E-09 0.45705E-08-0.10666E-08-0.80702E-08
   11661  0.31595E-07-0.13890E-07-0.11116E-08 0.12340E-07-0.20474E-08-0.15369E-07
   11661  0.31770E-07-0.13969E-07-0.11124E-08 0.12409E-07-0.20202E-08-0.15165E-07
   11662  0.57335E-07-0.25399E-07-0.16358E-08 0.22221E-07-0.31689E-08-0.24005E-07
   11662  0.56860E-07-0.25190E-07-0.16173E-08 0.22038E-07-0.31393E-08-0.23781E-07
   11663  0.91296E-07-0.40552E-07-0.24683E-08 0.34738E-07-0.46615E-08-0.35983E-07
   11663  0.89672E-07-0.39822E-07-0.24416E-08 0.34120E-07-0.46163E-08-0.35634E-07
   11664  0.13761E-06-0.61165E-07-0.36776E-08 0.52067E-07-0.69450E-08-0.53922E-07
   11664  0.13502E-06-0.60003E-07-0.36269E-08 0.51084E-07-0.68756E-08-0.53383E-07
   11665  0.20167E-06-0.89563E-07-0.53703E-08 0.77479E-07-0.10684E-07-0.81699E-07
   11665  0.19977E-06-0.88732E-07-0.52991E-08 0.76760E-07-0.10572E-07-0.80835E-07
   11666  0.29218E-06-0.12976E-06-0.75043E-08 0.11420E-06-0.16656E-07-0.12527E-06
   11666  0.29271E-06-0.13003E-06-0.74329E-08 0.11442E-06-0.16562E-07-0.12456E-06
   11667  0.42789E-06-0.19010E-06-0.10833E-07 0.16735E-06-0.25963E-07-0.19523E-06
   11667  0.42098E-06-0.18702E-06-0.10657E-07 0.16466E-06-0.25976E-07-0.19532E-06
   11668  0.63133E-06-0.28126E-06-0.14698E-07 0.24440E-06-0.41340E-07-0.31425E-06
   11668  0.59774E-06-0.26604E-06-0.14447E-07 0.23136E-06-0.40375E-07-0.30690E-06
   11669  0.86976E-06-0.38812E-06-0.19153E-07 0.33502E-06-0.66812E-07-0.51046E-06
   11669  0.90653E-06-0.40472E-06-0.19550E-07 0.34923E-06-0.64799E-07-0.49508E-06
   11670  0.11602E-05-0.51787E-06-0.24730E-07 0.45025E-06-0.10480E-06-0.79450E-06
   11670  0.14019E-05-0.62866E-06-0.23657E-07 0.54505E-06-0.11390E-06-0.86341E-06
   11671  0.22216E-05-0.99749E-06-0.33411E-07 0.87324E-06-0.17907E-06-0.13445E-05
   11671  0.14686E-05-0.65959E-06-0.21821E-07 0.57607E-06-0.19185E-06-0.14411E-05
   11672  0.43623E-05-0.19815E-05-0.17810E-07 0.17121E-05-0.38363E-06-0.28936E-05
   11672  0.81464E-06-0.35640E-06-0.32401E-07 0.31755E-06-0.21954E-06-0.16546E-05
   11673  0.59958E-05-0.27761E-05 0.83251E-07 0.23318E-05-0.64500E-06-0.49383E-05
   11673  0.11445E-06-0.24146E-08-0.10686E-06 0.32169E-07-0.98241E-07-0.74791E-06
   11674  0.64204E-05-0.30765E-05 0.30735E-06 0.24911E-05-0.85237E-06-0.66100E-05
   11674 -0.21021E-06 0.21192E-06-0.24878E-06-0.11067E-06 0.10862E-06 0.84352E-06
   11675  0.64350E-05-0.32378E-05 0.64092E-06 0.25490E-05-0.10571E-05-0.81562E-05
   11675 -0.25217E-06 0.32627E-06-0.45323E-06-0.15240E-06 0.30569E-06 0.23568E-05
   11676  0.63460E-05-0.33896E-05 0.10613E-05 0.26148E-05-0.12731E-05-0.96427E-05
   11676 -0.20234E-06 0.42505E-06-0.71466E-06-0.16839E-06 0.48888E-06 0.37016E-05
   11677  0.62028E-05-0.35486E-05 0.15474E-05 0.26487E-05-0.14788E-05-0.11084E-04
   11677 -0.94539E-07 0.52198E-06-0.10288E-05-0.16761E-06 0.65305E-06 0.48955E-05
   11678  0.59774E-05-0.37003E-05 0.20909E-05 0.26064E-05-0.16512E-05-0.12485E-04
   11678  0.10432E-06 0.59510E-06-0.13806E-05-0.13296E-06 0.78604E-06 0.59437E-05
   11679  0.56325E-05-0.38290E-05 0.27010E-05 0.25173E-05-0.18086E-05-0.13833E-04
   11679  0.42000E-06 0.62563E-06-0.17554E-05-0.55423E-07 0.89421E-06 0.68400E-05
   11680  0.52069E-05-0.39408E-05 0.33608E-05 0.24510E-05-0.19904E-05-0.15109E-04
   11680  0.81250E-06 0.63264E-06-0.21551E-05 0.48407E-07 0.99734E-06 0.75730E-05
   11681  0.48044E-05-0.40666E-05 0.40369E-05 0.24537E-05-0.22156E-05-0.16304E-04
   11681  0.11951E-05 0.66825E-06-0.26058E-05 0.14642E-06 0.11066E-05 0.81475E-05
   11682  0.45280E-05-0.42374E-05 0.46920E-05 0.25387E-05-0.24748E-05-0.17425E-04
   11682  0.14889E-05 0.78424E-06-0.31414E-05 0.20402E-06 0.12190E-05 0.85885E-05
   11683  0.44239E-05-0.44675E-05 0.53065E-05 0.26869E-05-0.27343E-05-0.18493E-04
   11683  0.16685E-05 0.10050E-05-0.37906E-05 0.19919E-06 0.13211E-05 0.89383E-05
   11684  0.44598E-05-0.47418E-05 0.58745E-05 0.28556E-05-0.29592E-05-0.19518E-04
   11684  0.17647E-05 0.13029E-05-0.45252E-05 0.14135E-06 0.13989E-05 0.92270E-05
   11685  0.45617E-05-0.50459E-05 0.64349E-05 0.30082E-05-0.31362E-05-0.20512E-04
   11685  0.18296E-05 0.16416E-05-0.53182E-05 0.56636E-07 0.14512E-05 0.94876E-05
   11686  0.46501E-05-0.53614E-05 0.70259E-05 0.31183E-05-0.32682E-05-0.21481E-04
   11686  0.19148E-05 0.19780E-05-0.61260E-05-0.22118E-07 0.14812E-05 0.97279E-05
   11687  0.46716E-05-0.56734E-05 0.76725E-05 0.31931E-05-0.33820E-05-0.22420E-04
   11687  0.20526E-05 0.22788E-05-0.69081E-05-0.72463E-07 0.14992E-05 0.99270E-05
   11688  0.46390E-05-0.59791E-05 0.83620E-05 0.32726E-05-0.35140E-05-0.23324E-04
   11688  0.22315E-05 0.25517E-05-0.76701E-05-0.10136E-06 0.15195E-05 0.10071E-04
   11689  0.46098E-05-0.62853E-05 0.90542E-05 0.33830E-05-0.36716E-05-0.24194E-04
   11689  0.24181E-05 0.28307E-05-0.84531E-05-0.13094E-06 0.15452E-05 0.10164E-04
   11690  0.46222E-05-0.65955E-05 0.97150E-05 0.35108E-05-0.38276E-05-0.25031E-04
   11690  0.25962E-05 0.31324E-05-0.92766E-05-0.17095E-06 0.15654E-05 0.10213E-04
   11691  0.46622E-05-0.69134E-05 0.10362E-04 0.36293E-05-0.39583E-05-0.25839E-04
   11691  0.27727E-05 0.34450E-05-0.10122E-04-0.21421E-06 0.15711E-05 0.10224E-04
   11692  0.46952E-05-0.72367E-05 0.11026E-04 0.37347E-05-0.40713E-05-0.26617E-04
   11692  0.29609E-05 0.37461E-05-0.10954E-04-0.24938E-06 0.15652E-05 0.10193E-04
   11693  0.47155E-05-0.75603E-05 0.11703E-04 0.38432E-05-0.41868E-05-0.27361E-04
   11693  0.31636E-05 0.40327E-05-0.11769E-04-0.27581E-06 0.15554E-05 0.10117E-04
   11694  0.47455E-05-0.78829E-05 0.12372E-04 0.39695E-05-0.43128E-05-0.28071E-04
   11694  0.33708E-05 0.43174E-05-0.12584E-04-0.30132E-06 0.15440E-05 0.99927E-05
   11695  0.48150E-05-0.82059E-05 0.13006E-04 0.41225E-05-0.44479E-05-0.28746E-04
   11695  0.35703E-05 0.46165E-05-0.13423E-04-0.33504E-06 0.15309E-05 0.98262E-05
   11696  0.49423E-05-0.85260E-05 0.13577E-04 0.42914E-05-0.45747E-05-0.29379E-04
   11696  0.37609E-05 0.49359E-05-0.14298E-04-0.37825E-06 0.15116E-05 0.96265E-05
   11697  0.51071E-05-0.88460E-05 0.14107E-04 0.44509E-05-0.46730E-05-0.29970E-04
   11697  0.39514E-05 0.52598E-05-0.15181E-04-0.42126E-06 0.14814E-05 0.94043E-05
   11698  0.52647E-05-0.91626E-05 0.14633E-04 0.45799E-05-0.47368E-05-0.30511E-04
   11698  0.41631E-05 0.55573E-05-0.16028E-04-0.44657E-06 0.14388E-05 0.91549E-05
   11699  0.53627E-05-0.94700E-05 0.15192E-04 0.46591E-05-0.47659E-05-0.31000E-04
   11699  0.44235E-05 0.57931E-05-0.16789E-04-0.43453E-06 0.13818E-05 0.88582E-05
   11700  0.53576E-05-0.97656E-05 0.15824E-04 0.46957E-05-0.47812E-05-0.31434E-04
   11700  0.47417E-05 0.59381E-05-0.17410E-04-0.37600E-06 0.13120E-05 0.84802E-05
   11701  0.52678E-05-0.10045E-04 0.16509E-04 0.47290E-05-0.48172E-05-0.31820E-04
   11701  0.51071E-05 0.60079E-05-0.17916E-04-0.28257E-06 0.12345E-05 0.79931E-05
   11702  0.51642E-05-0.10300E-04 0.17162E-04 0.47909E-05-0.48834E-05-0.32146E-04
   11702  0.55025E-05 0.60407E-05-0.18372E-04-0.17102E-06 0.11451E-05 0.73612E-05
   11703  0.51216E-05-0.10528E-04 0.17703E-04 0.48959E-05-0.49690E-05-0.32399E-04
   11703  0.59054E-05 0.60768E-05-0.18842E-04-0.57968E-07 0.10387E-05 0.65813E-05
   11704  0.51876E-05-0.10732E-04 0.18087E-04 0.50396E-05-0.50517E-05-0.32561E-04
   11704  0.62930E-05 0.61434E-05-0.19362E-04 0.42780E-07 0.91501E-06 0.56893E-05
   11705  0.53527E-05-0.10908E-04 0.18313E-04 0.51829E-05-0.50936E-05-0.32608E-04
   11705  0.66754E-05 0.62301E-05-0.19921E-04 0.13711E-06 0.77306E-06 0.47168E-05
   11706  0.55309E-05-0.11054E-04 0.18452E-04 0.52696E-05-0.50658E-05-0.32513E-04
   11706  0.70945E-05 0.62741E-05-0.20423E-04 0.25549E-06 0.61073E-06 0.36604E-05
   11707  0.56089E-05-0.11160E-04 0.18595E-04 0.52709E-05-0.49773E-05-0.32260E-04
   11707  0.75987E-05 0.62022E-05-0.20759E-04 0.43327E-06 0.42814E-06 0.24881E-05
   11708  0.55207E-05-0.11211E-04 0.18781E-04 0.51996E-05-0.48622E-05-0.31842E-04
   11708  0.82170E-05 0.59741E-05-0.20871E-04 0.69100E-06 0.22173E-06 0.11389E-05
   11709  0.52848E-05-0.11193E-04 0.18966E-04 0.50926E-05-0.47497E-05-0.31249E-04
   11709  0.89498E-05 0.56009E-05-0.20781E-04 0.10291E-05-0.17935E-07-0.45533E-06
   11710  0.49652E-05-0.11091E-04 0.19058E-04 0.49611E-05-0.46317E-05-0.30463E-04
   11710  0.97909E-05 0.51193E-05-0.20562E-04 0.14369E-05-0.30214E-06-0.23493E-05
   11711  0.45860E-05-0.10904E-04 0.19026E-04 0.47929E-05-0.44862E-05-0.29454E-04
   11711  0.10736E-04 0.45363E-05-0.20226E-04 0.19109E-05-0.63915E-06-0.45827E-05
   11712  0.41452E-05-0.10622E-04 0.18849E-04 0.45812E-05-0.43055E-05-0.28185E-04
   11712  0.11795E-04 0.38482E-05-0.19774E-04 0.24572E-05-0.10347E-05-0.71857E-05
   11713  0.36404E-05-0.10234E-04 0.18509E-04 0.43264E-05-0.40868E-05-0.26610E-04
   11713  0.12979E-04 0.30524E-05-0.19209E-04 0.30869E-05-0.14977E-05-0.10192E-04
   11714  0.30943E-05-0.97310E-05 0.17963E-04 0.40387E-05-0.38274E-05-0.24673E-04
   11714  0.14289E-04 0.21628E-05-0.18561E-04 0.38107E-05-0.20409E-05-0.13629E-04
   11715  0.25313E-05-0.90984E-05 0.17154E-04 0.37048E-05-0.35015E-05-0.22308E-04
   11715  0.15735E-04 0.11929E-05-0.17869E-04 0.46240E-05-0.26672E-05-0.17514E-04
   11716  0.18519E-05-0.83051E-05 0.16106E-04 0.32441E-05-0.30636E-05-0.19452E-04
   11716  0.17419E-04 0.82387E-07-0.17111E-04 0.55226E-05-0.33493E-05-0.21866E-04
   11717  0.78052E-06-0.72978E-05 0.14970E-04 0.25504E-05-0.24994E-05-0.16032E-04
   11717  0.19534E-04-0.13242E-05-0.16149E-04 0.65555E-05-0.40659E-05-0.26798E-04
   11718 -0.86870E-06-0.60183E-05 0.13814E-04 0.16086E-05-0.18630E-05-0.12039E-04
   11718  0.22195E-04-0.31207E-05-0.14879E-04 0.78770E-05-0.48863E-05-0.32437E-04
   11719 -0.28934E-05-0.45054E-05 0.12525E-04 0.50737E-06-0.11797E-05-0.74552E-05
   11719  0.25287E-04-0.51423E-05-0.13501E-04 0.96528E-05-0.59757E-05-0.38877E-04
   11720 -0.48251E-05-0.28657E-05 0.10862E-04-0.66053E-06-0.37756E-06-0.22073E-05
   11720  0.28531E-04-0.71012E-05-0.12333E-04 0.11872E-04-0.74341E-05-0.46082E-04
   11721 -0.63749E-05-0.11889E-05 0.87280E-05-0.18302E-05 0.64576E-06 0.38703E-05
   11721  0.31759E-04-0.88522E-05-0.11545E-04 0.14291E-04-0.91744E-05-0.53932E-04
   11722 -0.77932E-05 0.56330E-06 0.62924E-05-0.30402E-05 0.19077E-05 0.10913E-04
   11722  0.35202E-04-0.10549E-04-0.11103E-04 0.16632E-04-0.10934E-04-0.62283E-04
   11723 -0.98338E-05 0.25737E-05 0.39067E-05-0.45239E-05 0.33478E-05 0.19024E-04
   11723  0.39441E-04-0.12549E-04-0.10849E-04 0.18959E-04-0.12520E-04-0.71056E-04
   11724 -0.13194E-04 0.50253E-05 0.18489E-05-0.65899E-05 0.49286E-05 0.28165E-04
   11724  0.44997E-04-0.15083E-04-0.10754E-04 0.21730E-04-0.14024E-04-0.80159E-04
   11725 -0.18125E-04 0.79046E-05 0.37243E-06-0.94223E-05 0.66534E-05 0.37978E-04
   11725  0.52014E-04-0.18114E-04-0.10962E-04 0.25368E-04-0.15634E-04-0.89325E-04
   11726 -0.24618E-04 0.11107E-04-0.31469E-06-0.13034E-04 0.84574E-05 0.47896E-04
   11726  0.60451E-04-0.21515E-04-0.11691E-04 0.29888E-04-0.17314E-04-0.98143E-04
   11727 -0.32813E-04 0.14606E-04 0.79371E-08-0.17308E-04 0.10106E-04 0.57150E-04
   11727  0.70417E-04-0.25289E-04-0.13121E-04 0.34935E-04-0.18737E-04-0.10601E-03
   11728 -0.42929E-04 0.18452E-04 0.14851E-05-0.22119E-04 0.11311E-04 0.64692E-04
   11728  0.82072E-04-0.29539E-04-0.15249E-04 0.40237E-04-0.19591E-04-0.11207E-03
   11729 -0.54765E-04 0.22550E-04 0.41125E-05-0.27452E-04 0.11959E-04 0.69383E-04
   11729  0.95150E-04-0.34172E-04-0.17973E-04 0.45929E-04-0.19883E-04-0.11535E-03
   11730 -0.67488E-04 0.26668E-04 0.75157E-05-0.33313E-04 0.12053E-04 0.70225E-04
   11730  0.10880E-03-0.38894E-04-0.20981E-04 0.52252E-04-0.19746E-04-0.11503E-03
   11731 -0.79850E-04 0.30526E-04 0.11050E-04-0.39376E-04 0.11541E-04 0.66775E-04
   11731  0.12188E-03-0.43324E-04-0.23936E-04 0.58924E-04-0.19167E-04-0.11086E-03
   11732 -0.90674E-04 0.33953E-04 0.13993E-04-0.44956E-04 0.10355E-04 0.59329E-04
   11732  0.13337E-03-0.47223E-04-0.26463E-04 0.65133E-04-0.18037E-04-0.10326E-03
   11733 -0.99346E-04 0.36945E-04 0.15853E-04-0.49323E-04 0.85486E-05 0.48862E-04
   11733  0.14281E-03-0.50600E-04-0.28215E-04 0.69981E-04-0.16336E-04-0.93260E-04
   11734 -0.10589E-03 0.39604E-04 0.16499E-04-0.52160E-04 0.63673E-05 0.36781E-04
   11734  0.15021E-03-0.53628E-04-0.28935E-04 0.73061E-04-0.14248E-04-0.82111E-04
   11735 -0.11061E-03 0.41970E-04 0.16115E-04-0.53745E-04 0.41442E-05 0.24454E-04
   11735  0.15584E-03-0.56409E-04-0.28598E-04 0.74736E-04-0.12092E-04-0.70956E-04
   11736 -0.11382E-03 0.43993E-04 0.15013E-04-0.54701E-04 0.21341E-05 0.12968E-04
   11736  0.15993E-03-0.58900E-04-0.27399E-04 0.75816E-04-0.10154E-04-0.60623E-04
   11737 -0.11566E-03 0.45561E-04 0.13436E-04-0.55676E-04 0.43856E-06 0.29902E-05
   11737  0.16258E-03-0.60878E-04-0.25743E-04 0.77130E-04-0.85802E-05-0.51553E-04
   11738 -0.11600E-03 0.46533E-04 0.11531E-04-0.56857E-04-0.96746E-06-0.52606E-05
   11738  0.16374E-03-0.62091E-04-0.24057E-04 0.78957E-04-0.73716E-05-0.43884E-04
   11739 -0.11490E-03 0.46918E-04 0.94330E-05-0.57683E-04-0.21371E-05-0.11900E-04
   11739  0.16354E-03-0.62541E-04-0.22609E-04 0.80544E-04-0.64128E-05-0.37599E-04
   11740 -0.11305E-03 0.47076E-04 0.72666E-05-0.57340E-04-0.30611E-05-0.17159E-04
   11740  0.16266E-03-0.62652E-04-0.21452E-04 0.80623E-04-0.55779E-05-0.32645E-04
   11741 -0.11152E-03 0.47376E-04 0.53418E-05-0.55780E-04-0.37146E-05-0.21302E-04
   11741  0.16204E-03-0.62981E-04-0.20437E-04 0.78930E-04-0.48231E-05-0.28846E-04
   11742 -0.11086E-03 0.47927E-04 0.38129E-05-0.54133E-04-0.41565E-05-0.24539E-04
   11742  0.16216E-03-0.63706E-04-0.19414E-04 0.76941E-04-0.41921E-05-0.25869E-04
   11743 -0.11087E-03 0.48554E-04 0.26164E-05-0.53536E-04-0.45068E-05-0.27012E-04
   11743  0.16277E-03-0.64533E-04-0.18426E-04 0.76269E-04-0.37189E-05-0.23369E-04
   11744 -0.11086E-03 0.48987E-04 0.15996E-05-0.54093E-04-0.48445E-05-0.28850E-04
   11744  0.16318E-03-0.65062E-04-0.17572E-04 0.77176E-04-0.33738E-05-0.21124E-04
   11745 -0.11024E-03 0.49066E-04 0.62662E-06-0.55038E-04-0.51651E-05-0.30192E-04
   11745  0.16291E-03-0.65111E-04-0.16916E-04 0.78717E-04-0.30975E-05-0.19075E-04
   11746 -0.10902E-03 0.48869E-04-0.28898E-06-0.55384E-04-0.54092E-05-0.31196E-04
   11746  0.16207E-03-0.64847E-04-0.16447E-04 0.79539E-04-0.28319E-05-0.17235E-04
   11747 -0.10775E-03 0.48697E-04-0.11308E-05-0.54785E-04-0.55248E-05-0.31929E-04
   11747  0.16119E-03-0.64634E-04-0.16081E-04 0.79022E-04-0.25606E-05-0.15655E-04
   11748 -0.10702E-03 0.48778E-04-0.18355E-05-0.53632E-04-0.55227E-05-0.32441E-04
   11748  0.16083E-03-0.64754E-04-0.15726E-04 0.77597E-04-0.22892E-05-0.14278E-04
   11749 -0.10716E-03 0.49185E-04-0.23563E-05-0.52586E-04-0.54535E-05-0.32740E-04
   11749  0.16125E-03-0.65282E-04-0.15314E-04 0.76140E-04-0.20259E-05-0.12980E-04
   11750 -0.10800E-03 0.49803E-04-0.27461E-05-0.52335E-04-0.53901E-05-0.32790E-04
   11750  0.16223E-03-0.66014E-04-0.14870E-04 0.75644E-04-0.17820E-05-0.11646E-04
   11751 -0.10879E-03 0.50260E-04-0.30467E-05-0.53227E-04-0.54026E-05-0.32595E-04
   11751  0.16303E-03-0.66525E-04-0.14422E-04 0.76770E-04-0.15568E-05-0.10171E-04
   11752 -0.10863E-03 0.50173E-04-0.33445E-05-0.54914E-04-0.54995E-05-0.32186E-04
   11752  0.16279E-03-0.66377E-04-0.14040E-04 0.79202E-04-0.13365E-05-0.85465E-05
   11753 -0.10696E-03 0.49396E-04-0.37220E-05-0.56429E-04-0.56211E-05-0.31619E-04
   11753  0.16102E-03-0.65403E-04-0.13787E-04 0.81677E-04-0.11048E-05-0.68687E-05
   11754 -0.10377E-03 0.47985E-04-0.41536E-05-0.56882E-04-0.57028E-05-0.30982E-04
   11754  0.15776E-03-0.63744E-04-0.13635E-04 0.82990E-04-0.85923E-06-0.52468E-05
   11755 -0.99490E-04 0.46181E-04-0.46310E-05-0.55951E-04-0.57084E-05-0.30336E-04
   11755  0.15348E-03-0.61695E-04-0.13563E-04 0.82613E-04-0.61665E-06-0.37860E-05
   11756 -0.94736E-04 0.44254E-04-0.51077E-05-0.53843E-04-0.56327E-05-0.29718E-04
   11756  0.14879E-03-0.59572E-04-0.13523E-04 0.80680E-04-0.39686E-06-0.25451E-05
   11757 -0.89991E-04 0.42371E-04-0.55498E-05-0.51149E-04-0.55056E-05-0.29133E-04
   11757  0.14413E-03-0.57553E-04-0.13472E-04 0.77901E-04-0.21218E-06-0.15281E-05
   11758 -0.85452E-04 0.40564E-04-0.59385E-05-0.48466E-04-0.53722E-05-0.28570E-04
   11758  0.13963E-03-0.55635E-04-0.13389E-04 0.75065E-04-0.63848E-07-0.70699E-06
   11759 -0.81046E-04 0.38785E-04-0.63021E-05-0.46046E-04-0.52599E-05-0.28010E-04
   11759  0.13519E-03-0.53719E-04-0.13291E-04 0.72558E-04 0.52018E-07-0.57038E-07
   11760 -0.76566E-04 0.36940E-04-0.66344E-05-0.43776E-04-0.51709E-05-0.27460E-04
   11760  0.13064E-03-0.51731E-04-0.13178E-04 0.70305E-04 0.14306E-06 0.45801E-06
   11761 -0.71972E-04 0.35043E-04-0.69506E-05-0.41381E-04-0.50790E-05-0.26926E-04
   11761  0.12599E-03-0.49711E-04-0.13063E-04 0.67910E-04 0.21186E-06 0.85258E-06
   11762 -0.67496E-04 0.33214E-04-0.72458E-05-0.38780E-04-0.49587E-05-0.26410E-04
   11762  0.12145E-03-0.47790E-04-0.12934E-04 0.65139E-04 0.25759E-06 0.11271E-05
   11763 -0.63344E-04 0.31529E-04-0.75130E-05-0.36217E-04-0.48212E-05-0.25900E-04
   11763  0.11722E-03-0.46039E-04-0.12777E-04 0.62292E-04 0.28333E-06 0.12978E-05
   11764 -0.59460E-04 0.29933E-04-0.77446E-05-0.33938E-04-0.46988E-05-0.25385E-04
   11764  0.11323E-03-0.44385E-04-0.12593E-04 0.59811E-04 0.29754E-06 0.14020E-05
   11765 -0.55609E-04 0.28319E-04-0.79580E-05-0.31916E-04-0.46054E-05-0.24855E-04
   11765  0.10924E-03-0.42701E-04-0.12399E-04 0.57759E-04 0.30579E-06 0.14644E-05
   11766 -0.51639E-04 0.26641E-04-0.81616E-05-0.29904E-04-0.45218E-05-0.24317E-04
   11766  0.10511E-03-0.40937E-04-0.12195E-04 0.55769E-04 0.30844E-06 0.14915E-05
   11767 -0.47581E-04 0.24929E-04-0.83604E-05-0.27766E-04-0.44279E-05-0.23773E-04
   11767  0.10084E-03-0.39133E-04-0.11980E-04 0.53575E-04 0.30329E-06 0.14776E-05
   11768 -0.43536E-04 0.23226E-04-0.85488E-05-0.25546E-04-0.43216E-05-0.23231E-04
   11768  0.96543E-04-0.37341E-04-0.11750E-04 0.51206E-04 0.29086E-06 0.14267E-05
   11769 -0.39587E-04 0.21566E-04-0.87259E-05-0.23322E-04-0.42058E-05-0.22689E-04
   11769  0.92340E-04-0.35607E-04-0.11508E-04 0.48772E-04 0.27350E-06 0.13511E-05
   11770 -0.35766E-04 0.19956E-04-0.88914E-05-0.21181E-04-0.40908E-05-0.22146E-04
   11770  0.88261E-04-0.33930E-04-0.11254E-04 0.46426E-04 0.25393E-06 0.12617E-05
   11771 -0.32032E-04 0.18378E-04-0.90548E-05-0.19138E-04-0.39828E-05-0.21596E-04
   11771  0.84260E-04-0.32281E-04-0.10996E-04 0.44223E-04 0.23376E-06 0.11654E-05
   11772 -0.28314E-04 0.16803E-04-0.92157E-05-0.17134E-04-0.38801E-05-0.21041E-04
   11772  0.80278E-04-0.30634E-04-0.10737E-04 0.42102E-04 0.21451E-06 0.10715E-05
   11773 -0.24555E-04 0.15209E-04-0.93734E-05-0.15120E-04-0.37799E-05-0.20484E-04
   11773  0.76272E-04-0.28974E-04-0.10477E-04 0.40000E-04 0.19736E-06 0.98838E-06
   11774 -0.20802E-04 0.13619E-04-0.95317E-05-0.13074E-04-0.36709E-05-0.19927E-04
   11774  0.72288E-04-0.27331E-04-0.10218E-04 0.37813E-04 0.18191E-06 0.91623E-06
   11775 -0.17212E-04 0.12108E-04-0.96913E-05-0.11067E-04-0.35452E-05-0.19368E-04
   11775  0.68473E-04-0.25783E-04-0.99551E-05 0.35548E-04 0.16775E-06 0.85368E-06
   11776 -0.13897E-04 0.10719E-04-0.98532E-05-0.92166E-05-0.34149E-05-0.18804E-04
   11776  0.64928E-04-0.24357E-04-0.96915E-05 0.33400E-04 0.15672E-06 0.80736E-06
   11777 -0.10754E-04 0.94003E-05-0.10015E-04-0.75241E-05-0.33017E-05-0.18232E-04
   11777  0.61538E-04-0.22980E-04-0.94296E-05 0.31532E-04 0.15221E-06 0.79148E-06
   11778 -0.75218E-05 0.80369E-05-0.10178E-04-0.58410E-05-0.32135E-05-0.17650E-04
   11778  0.58027E-04-0.21523E-04-0.91714E-05 0.29858E-04 0.15566E-06 0.81254E-06
   11779 -0.40082E-05 0.65504E-05-0.10344E-04-0.40022E-05-0.31336E-05-0.17061E-04
   11779  0.54207E-04-0.19924E-04-0.89092E-05 0.28095E-04 0.16528E-06 0.86428E-06
   11780 -0.18283E-06 0.49302E-05-0.10512E-04-0.19538E-05-0.30462E-05-0.16474E-04
   11780  0.50077E-04-0.18195E-04-0.86485E-05 0.26072E-04 0.18015E-06 0.94528E-06
   11781  0.39149E-05 0.31911E-05-0.10676E-04 0.27842E-06-0.29553E-05-0.15894E-04
   11781  0.45686E-04-0.16355E-04-0.83886E-05 0.23842E-04 0.20141E-06 0.10604E-05
   11782  0.83766E-05 0.12960E-05-0.10840E-04 0.27677E-05-0.28823E-05-0.15316E-04
   11782  0.40903E-04-0.14330E-04-0.81329E-05 0.21501E-04 0.22975E-06 0.12032E-05
   11783  0.13584E-04-0.91445E-06-0.11000E-04 0.58357E-05-0.28458E-05-0.14740E-04
   11783  0.35296E-04-0.11929E-04-0.78599E-05 0.18889E-04 0.26702E-06 0.13701E-05
   11784  0.19991E-04-0.36406E-05-0.11124E-04 0.98919E-05-0.28363E-05-0.14171E-04
   11784  0.28411E-04-0.89727E-05-0.75696E-05 0.15533E-04 0.31532E-06 0.15679E-05
   11785  0.27770E-04-0.69552E-05-0.11207E-04 0.15061E-04-0.28189E-05-0.13616E-04
   11785  0.20130E-04-0.54556E-05-0.72384E-05 0.11024E-04 0.37230E-06 0.17970E-05
   11786  0.36707E-04-0.10780E-04-0.11254E-04 0.21052E-04-0.27632E-05-0.13067E-04
   11786  0.10736E-04-0.15064E-05-0.68890E-05 0.53988E-05 0.43150E-06 0.20457E-05
   11787  0.46307E-04-0.14912E-04-0.11291E-04 0.27334E-04-0.26666E-05-0.12521E-04
   11787  0.74838E-06 0.26665E-05-0.65257E-05-0.85789E-06 0.49064E-06 0.23145E-05
   11788  0.56080E-04-0.19144E-04-0.11329E-04 0.33489E-04-0.25439E-05-0.11978E-04
   11788 -0.93417E-05 0.68943E-05-0.61932E-05-0.72200E-05 0.55045E-06 0.26064E-05
   11789  0.65737E-04-0.23336E-04-0.11381E-04 0.39419E-04-0.24140E-05-0.11435E-04
   11789 -0.19273E-04 0.11076E-04-0.58951E-05-0.13425E-04 0.61183E-06 0.29145E-05
   11790  0.75250E-04-0.27445E-04-0.11452E-04 0.45356E-04-0.22942E-05-0.10894E-04
   11790 -0.29061E-04 0.15215E-04-0.56425E-05-0.19556E-04 0.67831E-06 0.32374E-05
   11791  0.84778E-04-0.31527E-04-0.11532E-04 0.51580E-04-0.21892E-05-0.10361E-04
   11791 -0.38871E-04 0.19367E-04-0.54273E-05-0.25834E-04 0.75135E-06 0.35713E-05
   11792  0.94483E-04-0.35678E-04-0.11605E-04 0.58002E-04-0.20871E-05-0.98349E-05
   11792 -0.48831E-04 0.23589E-04-0.52352E-05-0.32274E-04 0.82658E-06 0.39100E-05
   11793  0.10434E-03-0.39940E-04-0.11679E-04 0.64093E-04-0.19726E-05-0.93194E-05
   11793 -0.58883E-04 0.27894E-04-0.50842E-05-0.38544E-04 0.89659E-06 0.42507E-05
   11794  0.11408E-03-0.44208E-04-0.11781E-04 0.69496E-04-0.18481E-05-0.88236E-05
   11794 -0.68752E-04 0.32198E-04-0.50064E-05-0.44315E-04 0.95755E-06 0.45851E-05
   11795  0.12348E-03-0.48302E-04-0.11921E-04 0.74738E-04-0.17364E-05-0.83611E-05
   11795 -0.78217E-04 0.36362E-04-0.50089E-05-0.49850E-04 0.10146E-05 0.48948E-05
   11796  0.13266E-03-0.52167E-04-0.12079E-04 0.81002E-04-0.16603E-05-0.79442E-05
   11796 -0.87476E-04 0.40376E-04-0.50639E-05-0.56041E-04 0.10787E-05 0.51661E-05
   11797  0.14214E-03-0.56023E-04-0.12200E-04 0.88862E-04-0.16159E-05-0.75697E-05
   11797 -0.97138E-04 0.44456E-04-0.51267E-05-0.63511E-04 0.11518E-05 0.53965E-05
   11798  0.15242E-03-0.60242E-04-0.12273E-04 0.97286E-04-0.15713E-05-0.72203E-05
   11798 -0.10763E-03 0.48884E-04-0.51908E-05-0.71607E-04 0.12161E-05 0.55882E-05
   11799  0.16347E-03-0.64990E-04-0.12316E-04 0.10458E-03-0.15002E-05-0.68803E-05
   11799 -0.11871E-03 0.53707E-04-0.52749E-05-0.78919E-04 0.12501E-05 0.57344E-05
   11800  0.17465E-03-0.69964E-04-0.12373E-04 0.11039E-03-0.14148E-05-0.65656E-05
   11800 -0.12978E-03 0.58686E-04-0.54173E-05-0.85044E-04 0.12560E-05 0.58293E-05
   11801  0.18539E-03-0.74683E-04-0.12492E-04 0.11621E-03-0.13475E-05-0.63031E-05
   11801 -0.14045E-03 0.63518E-04-0.56750E-05-0.91139E-04 0.12508E-05 0.58490E-05
   11802  0.19577E-03-0.79041E-04-0.12614E-04 0.12364E-03-0.13188E-05-0.61228E-05
   11802 -0.15079E-03 0.68069E-04-0.59776E-05-0.98473E-04 0.12437E-05 0.57715E-05
   11803  0.20640E-03-0.83385E-04-0.12678E-04 0.13254E-03-0.13219E-05-0.60373E-05
   11803 -0.16133E-03 0.72585E-04-0.62672E-05-0.10699E-03 0.12257E-05 0.55941E-05
   11804  0.21767E-03-0.88090E-04-0.12706E-04 0.14127E-03-0.13364E-05-0.60362E-05
   11804 -0.17255E-03 0.77447E-04-0.65714E-05-0.11551E-03 0.11785E-05 0.53152E-05
   11805  0.22943E-03-0.93165E-04-0.12709E-04 0.14903E-03-0.13582E-05-0.61241E-05
   11805 -0.18425E-03 0.82650E-04-0.69086E-05-0.12329E-03 0.10966E-05 0.49300E-05
   11806  0.24126E-03-0.98260E-04-0.12675E-04 0.15706E-03-0.14055E-05-0.63194E-05
   11806 -0.19595E-03 0.87833E-04-0.72494E-05-0.13127E-03 0.98970E-06 0.44269E-05
   11807  0.25300E-03-0.10304E-03-0.12597E-04 0.16758E-03-0.15002E-05-0.66312E-05
   11807 -0.20763E-03 0.92759E-04-0.75870E-05-0.14139E-03 0.86720E-06 0.38005E-05
   11808  0.26503E-03-0.10761E-03-0.12425E-04 0.18157E-03-0.16454E-05-0.70416E-05
   11808 -0.21984E-03 0.97554E-04-0.78780E-05-0.15467E-03 0.72621E-06 0.30608E-05
   11809  0.27812E-03-0.11245E-03-0.12127E-04 0.19807E-03-0.18175E-05-0.74985E-05
   11809 -0.23322E-03 0.10261E-03-0.80924E-05-0.17033E-03 0.55561E-06 0.22238E-05
   11810  0.29270E-03-0.11799E-03-0.11699E-04 0.21535E-03-0.19826E-05-0.79342E-05
   11810 -0.24812E-03 0.10826E-03-0.82165E-05-0.18689E-03 0.35032E-06 0.13069E-05
   11811  0.30869E-03-0.12435E-03-0.11166E-04 0.23228E-03-0.21168E-05-0.82942E-05
   11811 -0.26447E-03 0.11464E-03-0.82984E-05-0.20336E-03 0.11600E-06 0.32904E-06
   11812  0.32579E-03-0.13137E-03-0.10574E-04 0.24869E-03-0.22119E-05-0.85482E-05
   11812 -0.28193E-03 0.12160E-03-0.83313E-05-0.21952E-03-0.13885E-06-0.69585E-06
   11813  0.34352E-03-0.13871E-03-0.98778E-05 0.26543E-03-0.22724E-05-0.86775E-05
   11813 -0.30011E-03 0.12885E-03-0.82954E-05-0.23611E-03-0.41049E-06-0.17634E-05
   11814  0.36150E-03-0.14597E-03-0.91614E-05 0.28381E-03-0.23085E-05-0.86771E-05
   11814 -0.31869E-03 0.13608E-03-0.82581E-05-0.25435E-03-0.69808E-06-0.28598E-05
   11815  0.37985E-03-0.15308E-03-0.84107E-05 0.30483E-03-0.23188E-05-0.85304E-05
   11815 -0.33756E-03 0.14313E-03-0.82207E-05-0.27495E-03-0.10058E-05-0.39789E-05
   11816  0.39902E-03-0.16039E-03-0.75733E-05 0.32771E-03-0.22848E-05-0.82143E-05
   11816 -0.35711E-03 0.15025E-03-0.80989E-05-0.29722E-03-0.13304E-05-0.51104E-05
   11817  0.41961E-03-0.16856E-03-0.67934E-05 0.34945E-03-0.21824E-05-0.77248E-05
   11817 -0.37812E-03 0.15826E-03-0.80126E-05-0.31868E-03-0.16511E-05-0.62334E-05
   11818  0.44175E-03-0.17807E-03-0.60023E-05 0.36751E-03-0.20017E-05-0.70625E-05
   11818 -0.40067E-03 0.16753E-03-0.79126E-05-0.33689E-03-0.19506E-05-0.73511E-05
   11819  0.46467E-03-0.18845E-03-0.51820E-05 0.38235E-03-0.17636E-05-0.62504E-05
   11819 -0.42383E-03 0.17751E-03-0.77450E-05-0.35203E-03-0.22292E-05-0.84695E-05
   11820  0.48724E-03-0.19866E-03-0.43898E-05 0.39699E-03-0.15065E-05-0.53482E-05
   11820 -0.44662E-03 0.18734E-03-0.75913E-05-0.36692E-03-0.25015E-05-0.95736E-05
   11821  0.50886E-03-0.20796E-03-0.36268E-05 0.41447E-03-0.12568E-05-0.44195E-05
   11821 -0.46862E-03 0.19636E-03-0.73962E-05-0.38450E-03-0.27859E-05-0.10645E-04
   11822  0.52983E-03-0.21635E-03-0.29091E-05 0.43592E-03-0.10219E-05-0.35137E-05
   11822 -0.49001E-03 0.20453E-03-0.71551E-05-0.40575E-03-0.30872E-05-0.11662E-04
   11823  0.55073E-03-0.22423E-03-0.22287E-05 0.46056E-03-0.80229E-06-0.26672E-05
   11823 -0.51136E-03 0.21224E-03-0.68947E-05-0.43004E-03-0.33937E-05-0.12602E-04
   11824  0.57223E-03-0.23217E-03-0.16408E-05 0.48662E-03-0.59893E-06-0.19062E-05
   11824 -0.53333E-03 0.22006E-03-0.66349E-05-0.45577E-03-0.36832E-05-0.13441E-04
   11825  0.59488E-03-0.24074E-03-0.10954E-05 0.51230E-03-0.41568E-06-0.12476E-05
   11825 -0.55638E-03 0.22846E-03-0.63267E-05-0.48117E-03-0.39325E-05-0.14158E-04
   11826  0.61859E-03-0.25004E-03-0.56678E-06 0.53671E-03-0.26566E-06-0.72820E-06
   11826 -0.58063E-03 0.23758E-03-0.59100E-05-0.50556E-03-0.41233E-05-0.14719E-04
   11827  0.64268E-03-0.25941E-03-0.15588E-06 0.56156E-03-0.16541E-06-0.39439E-06
   11827 -0.60540E-03 0.24691E-03-0.55394E-05-0.53057E-03-0.42572E-05-0.15074E-04
   11828  0.66646E-03-0.26802E-03 0.24225E-06 0.59045E-03-0.12572E-06-0.27859E-06
   11828 -0.62966E-03 0.25538E-03-0.50571E-05-0.55921E-03-0.43508E-05-0.15184E-04
   11829  0.68963E-03-0.27529E-03 0.57514E-06 0.62567E-03-0.16123E-06-0.41582E-06
   11829 -0.65307E-03 0.26250E-03-0.45790E-05-0.59368E-03-0.44038E-05-0.15015E-04
   11830  0.71230E-03-0.28118E-03 0.77834E-06 0.66753E-03-0.28659E-06-0.83905E-06
   11830 -0.67605E-03 0.26840E-03-0.41786E-05-0.63460E-03-0.44006E-05-0.14543E-04
   11831  0.73515E-03-0.28621E-03 0.99532E-06 0.71488E-03-0.51144E-06-0.15514E-05
   11831 -0.69939E-03 0.27353E-03-0.37390E-05-0.68099E-03-0.43181E-05-0.13774E-04
   11832  0.75915E-03-0.29118E-03 0.11132E-05 0.76550E-03-0.84770E-06-0.25559E-05
   11832 -0.72392E-03 0.27867E-03-0.33452E-05-0.73072E-03-0.41270E-05-0.12719E-04
   11833  0.78527E-03-0.29699E-03 0.12139E-05 0.81729E-03-0.13029E-05-0.38613E-05
   11833 -0.75052E-03 0.28464E-03-0.29533E-05-0.78173E-03-0.38076E-05-0.11390E-04
   11834  0.75612E-03-0.28259E-03 0.10440E-05 0.80647E-03-0.18017E-05-0.52452E-05
   11834 -0.72802E-03 0.27263E-03-0.22700E-05-0.77698E-03-0.32850E-05-0.95963E-05
   11835  0.47986E-03-0.17784E-03 0.47194E-06 0.51995E-03-0.17573E-05-0.50465E-05
   11835 -0.50341E-03 0.18673E-03-0.10732E-05-0.54616E-03-0.22081E-05-0.63457E-05
   11836  0.66004E-04-0.24262E-04-0.24178E-06 0.71786E-04-0.11269E-05-0.32004E-05
   11836 -0.16663E-03 0.61300E-04-0.28928E-07-0.18275E-03-0.11008E-05-0.31267E-05
   11837 -0.11126E-03 0.40713E-04 0.27919E-07-0.12313E-03-0.56606E-06-0.15987E-05
   11837 -0.44412E-04 0.16209E-04 0.85098E-07-0.49181E-04-0.54628E-06-0.15429E-05
   11838 -0.10221E-03 0.37413E-04 0.19557E-07-0.11308E-03-0.21658E-06-0.61079E-06
   11838 -0.97816E-04 0.35815E-04 0.26771E-07-0.10812E-03-0.21719E-06-0.61254E-06
   11839 -0.12779E-03 0.47174E-04-0.19298E-06-0.13971E-03 0.26015E-07 0.76313E-07
   11839 -0.10919E-03 0.40236E-04-0.14643E-06-0.11973E-03 0.28496E-07 0.83421E-07
   11840 -0.17839E-03 0.66361E-04-0.29236E-06-0.19221E-03 0.26971E-06 0.78240E-06
   11840 -0.68297E-04 0.25381E-04-0.16465E-06-0.73882E-04 0.25446E-06 0.73781E-06
   11841  0.94122E-04-0.34803E-04-0.42029E-06 0.10097E-03 0.58550E-06 0.17021E-05
   11841 -0.28835E-03 0.10735E-03-0.72869E-07-0.30901E-03 0.56708E-06 0.16483E-05
   11842  0.75642E-03-0.27767E-03-0.91137E-06 0.83007E-03 0.10836E-05 0.30908E-05
   11842 -0.82963E-03 0.30544E-03-0.29428E-06-0.90893E-03 0.10081E-05 0.28766E-05
   11843  0.11782E-02-0.42591E-03-0.14473E-05 0.13298E-02 0.14804E-05 0.41051E-05
   11843 -0.11669E-02 0.42293E-03-0.10400E-05-0.13177E-02 0.11920E-05 0.33131E-05
   11844  0.11912E-02-0.42361E-03-0.19202E-05 0.13815E-02 0.15328E-05 0.41435E-05
   11844 -0.11693E-02 0.41719E-03-0.11898E-05-0.13574E-02 0.10501E-05 0.28496E-05
   11845  0.11183E-02-0.39544E-03-0.20906E-05 0.13085E-02 0.14525E-05 0.38908E-05
   11845 -0.10956E-02 0.38897E-03-0.15405E-05-0.12833E-02 0.87382E-06 0.23571E-05
   11846  0.10497E-02-0.37192E-03-0.24097E-05 0.12231E-02 0.13248E-05 0.35564E-05
   11846 -0.10267E-02 0.36560E-03-0.18993E-05-0.11978E-02 0.69596E-06 0.18901E-05
   11847  0.97908E-03-0.34633E-03-0.24627E-05 0.11433E-02 0.11640E-05 0.31147E-05
   11847 -0.95597E-03 0.34018E-03-0.22664E-05-0.11180E-02 0.54493E-06 0.14842E-05
   11848  0.90307E-03-0.31488E-03-0.25397E-05 0.10781E-02 0.10130E-05 0.26537E-05
   11848 -0.87961E-03 0.30883E-03-0.24582E-05-0.10520E-02 0.39642E-06 0.10690E-05
   11849  0.82315E-03-0.27922E-03-0.23917E-05 0.10232E-02 0.90253E-06 0.22779E-05
   11849 -0.79949E-03 0.27340E-03-0.28065E-05-0.99577E-03 0.21145E-06 0.56591E-06
   11850  0.74360E-03-0.24315E-03-0.22158E-05 0.97009E-03 0.83409E-06 0.20158E-05
   11850 -0.71997E-03 0.23772E-03-0.32415E-05-0.94148E-03-0.26054E-07-0.34552E-07
   11851  0.66798E-03-0.21001E-03-0.19200E-05 0.91280E-03 0.81301E-06 0.18853E-05
   11851 -0.64443E-03 0.20486E-03-0.34817E-05-0.88291E-03-0.33152E-06-0.74798E-06
   11852  0.59801E-03-0.18153E-03-0.16818E-05 0.84814E-03 0.83594E-06 0.18761E-05
   11852 -0.57450E-03 0.17667E-03-0.38323E-05-0.81723E-03-0.70510E-06-0.15734E-05
   11853  0.53337E-03-0.15783E-03-0.14100E-05 0.77567E-03 0.88247E-06 0.19381E-05
   11853 -0.50990E-03 0.15315E-03-0.41060E-05-0.74406E-03-0.11221E-05-0.24698E-05
   11854  0.47291E-03-0.13796E-03-0.10553E-05 0.69728E-03 0.94339E-06 0.20475E-05
   11854 -0.44944E-03 0.13333E-03-0.43673E-05-0.66519E-03-0.15627E-05-0.34125E-05
   11855  0.41503E-03-0.12037E-03-0.77946E-06 0.61547E-03 0.10203E-05 0.22039E-05
   11855 -0.39154E-03 0.11575E-03-0.45652E-05-0.58316E-03-0.20132E-05-0.43840E-05
   11856  0.35815E-03-0.10375E-03-0.42517E-06 0.53225E-03 0.11142E-05 0.24041E-05
   11856 -0.33471E-03 0.99036E-04-0.46218E-05-0.49981E-03-0.24575E-05-0.53495E-05
   11857  0.30143E-03-0.87279E-04-0.75720E-07 0.44882E-03 0.12269E-05 0.26466E-05
   11857 -0.27811E-03 0.82462E-04-0.46212E-05-0.41633E-03-0.28816E-05-0.62696E-05
   11858  0.24468E-03-0.70765E-04 0.28806E-06 0.36552E-03 0.13603E-05 0.29322E-05
   11858 -0.22159E-03 0.65849E-04-0.45395E-05-0.33305E-03-0.32728E-05-0.71099E-05
   11859  0.18812E-03-0.54364E-04 0.66094E-06 0.28225E-03 0.15140E-05 0.32611E-05
   11859 -0.16527E-03 0.49322E-04-0.43724E-05-0.24977E-03-0.36172E-05-0.78421E-05
   11860  0.13195E-03-0.38265E-04 0.10097E-05 0.19865E-03 0.16837E-05 0.36313E-05
   11860 -0.10933E-03 0.33069E-04-0.41502E-05-0.16619E-03-0.38965E-05-0.84448E-05
   11861  0.76037E-04-0.22387E-04 0.13118E-05 0.11466E-03 0.18623E-05 0.40363E-05
   11861 -0.53672E-04 0.16991E-04-0.38298E-05-0.82353E-04-0.40887E-05-0.88889E-05
   11862  0.19827E-04-0.64009E-05 0.16746E-05 0.30468E-04 0.20634E-05 0.45024E-05
   11862  0.22692E-05 0.77224E-06-0.35081E-05 0.16325E-05-0.41944E-05-0.91636E-05
   11863 -0.36658E-04 0.97712E-05 0.19667E-05-0.53813E-04 0.23080E-05 0.50552E-05
   11863  0.58468E-04-0.15605E-04-0.31093E-05 0.85806E-04-0.42270E-05-0.92561E-05
   11864 -0.92388E-04 0.25447E-04 0.22208E-05-0.13831E-03 0.25991E-05 0.56701E-05
   11864  0.11388E-03-0.31398E-04-0.27014E-05 0.17043E-03-0.41876E-05-0.91267E-05
   11865 -0.14623E-03 0.39707E-04 0.23179E-05-0.22423E-03 0.29328E-05 0.63096E-05
   11865  0.16736E-03-0.45624E-04-0.22594E-05 0.25675E-03-0.40776E-05-0.87657E-05
   11866 -0.19718E-03 0.51688E-04 0.22988E-05-0.31237E-03 0.32914E-05 0.69258E-05
   11866  0.21801E-03-0.57394E-04-0.19757E-05 0.34557E-03-0.39020E-05-0.82139E-05
   11867 -0.24481E-03 0.61149E-04 0.21972E-05-0.40227E-03 0.36185E-05 0.74228E-05
   11867  0.26536E-03-0.66545E-04-0.17618E-05 0.43630E-03-0.36529E-05-0.75114E-05
   11868 -0.28983E-03 0.68980E-04 0.18266E-05-0.49231E-03 0.38396E-05 0.77055E-05
   11868  0.31020E-03-0.73961E-04-0.16472E-05 0.52703E-03-0.33276E-05-0.67143E-05
   11869 -0.33422E-03 0.76912E-04 0.13845E-05-0.58019E-03 0.38808E-05 0.76960E-05
   11869  0.35459E-03-0.81559E-04-0.15835E-05 0.61548E-03-0.29335E-05-0.58761E-05
   11870 -0.38018E-03 0.86669E-04 0.88747E-06-0.66485E-03 0.36870E-05 0.73206E-05
   11870  0.40073E-03-0.91125E-04-0.15167E-05 0.70046E-03-0.24709E-05-0.49923E-05
   11871 -0.42846E-03 0.98651E-04 0.38782E-06-0.74662E-03 0.32644E-05 0.65685E-05
   11871  0.44921E-03-0.10300E-03-0.14885E-05 0.78218E-03-0.19563E-05-0.40555E-05
   11872 -0.47865E-03 0.11230E-03-0.10205E-06-0.82661E-03 0.26573E-05 0.54784E-05
   11872  0.49957E-03-0.11663E-03-0.13538E-05 0.86196E-03-0.14063E-05-0.30588E-05
   11873 -0.53037E-03 0.12713E-03-0.55029E-06-0.90575E-03 0.19084E-05 0.41008E-05
   11873  0.55149E-03-0.13150E-03-0.11679E-05 0.94087E-03-0.81675E-06-0.19724E-05
   11874 -0.58387E-03 0.14324E-03-0.91536E-06-0.98410E-03 0.10638E-05 0.25100E-05
   11874  0.60513E-03-0.14769E-03-0.95108E-06 0.10189E-02-0.18164E-06-0.77474E-06
   11875 -0.63931E-03 0.16072E-03-0.12144E-05-0.10617E-02 0.17517E-06 0.79504E-06
   11875  0.66057E-03-0.16530E-03-0.66627E-06 0.10960E-02 0.49950E-06 0.54490E-06
   11876 -0.69554E-03 0.17860E-03-0.15076E-05-0.11396E-02-0.71666E-06-0.97087E-06
   11876  0.71680E-03-0.18326E-03-0.41600E-06 0.11734E-02 0.12336E-05 0.20066E-05
   11877 -0.75011E-03 0.19441E-03-0.16893E-05-0.12215E-02-0.15782E-05-0.27031E-05
   11877  0.77132E-03-0.19918E-03-0.77426E-07 0.12551E-02 0.20222E-05 0.35961E-05
   11878 -0.80008E-03 0.20532E-03-0.17909E-05-0.13115E-02-0.24010E-05-0.43368E-05
   11878  0.82109E-03-0.21000E-03 0.43162E-07 0.13450E-02 0.28705E-05 0.52769E-05
   11879 -0.84284E-03 0.20940E-03-0.19951E-05-0.14109E-02-0.31771E-05-0.58032E-05
   11879  0.86363E-03-0.21384E-03 0.19995E-06 0.14447E-02 0.37617E-05 0.69568E-05
   11880 -0.87802E-03 0.20643E-03-0.18850E-05-0.15181E-02-0.39114E-05-0.70870E-05
   11880  0.89837E-03-0.21063E-03 0.44421E-06 0.15525E-02 0.46735E-05 0.85561E-05
   11881 -0.90871E-03 0.19962E-03-0.20537E-05-0.16286E-02-0.46120E-05-0.82305E-05
   11881  0.92872E-03-0.20332E-03 0.30767E-06 0.16634E-02 0.55752E-05 0.10041E-04
   11882 -0.94135E-03 0.19509E-03-0.16970E-05-0.17331E-02-0.52313E-05-0.92350E-05
   11882  0.96118E-03-0.19863E-03 0.25971E-06 0.17688E-02 0.63772E-05 0.11348E-04
   11883 -0.98329E-03 0.20035E-03-0.14893E-05-0.18234E-02-0.56925E-05-0.10071E-04
   11883  0.10031E-02-0.20383E-03 0.94541E-07 0.18593E-02 0.69637E-05 0.12405E-04
   11884 -0.10382E-02 0.21857E-03-0.14092E-05-0.18970E-02-0.59379E-05-0.10690E-04
   11884  0.10580E-02-0.22210E-03-0.19080E-06 0.19322E-02 0.72590E-05 0.13144E-04
   11885 -0.11034E-02 0.24625E-03-0.90621E-06-0.19586E-02-0.59232E-05-0.10958E-04
   11885  0.11235E-02-0.25018E-03-0.48654E-06 0.19935E-02 0.72261E-05 0.13433E-04
   11886 -0.11711E-02 0.27559E-03-0.59314E-06-0.20196E-02-0.56483E-05-0.10736E-04
   11886  0.11916E-02-0.27984E-03-0.89126E-06 0.20543E-02 0.68829E-05 0.13134E-04
   11887 -0.12343E-02 0.30011E-03-0.26484E-06-0.20879E-02-0.51318E-05-0.99482E-05
   11887  0.12550E-02-0.30451E-03-0.13415E-05 0.21222E-02 0.62690E-05 0.12192E-04
   11888 -0.12912E-02 0.31852E-03-0.76267E-07-0.21647E-02-0.43369E-05-0.85044E-05
   11888  0.13123E-02-0.32306E-03-0.15742E-05 0.21992E-02 0.53672E-05 0.10553E-04
   11889 -0.13418E-02 0.33138E-03-0.15264E-06-0.22481E-02-0.31752E-05-0.62553E-05
   11889  0.13633E-02-0.33610E-03-0.13242E-05 0.22833E-02 0.41057E-05 0.81070E-05
   11890 -0.12918E-02 0.31548E-03-0.43046E-06-0.21798E-02-0.16906E-05-0.33246E-05
   11890  0.13144E-02-0.32050E-03-0.81004E-06 0.22173E-02 0.25366E-05 0.49992E-05
   11891 -0.84551E-03 0.20139E-03-0.22552E-06-0.14478E-02-0.28853E-06-0.56251E-06
   11891  0.87364E-03-0.20756E-03-0.84090E-06 0.14958E-02 0.10399E-05 0.20272E-05
   11892 -0.19251E-03 0.44946E-04 0.52802E-06-0.33222E-03 0.35167E-06 0.66045E-06
   11892  0.21999E-03-0.50714E-04-0.12074E-05 0.38095E-03 0.32587E-06 0.61853E-06
   11893  0.60150E-04-0.11773E-04-0.39832E-06 0.11239E-03 0.36583E-06 0.66186E-06
   11893 -0.46884E-04 0.93419E-05-0.22687E-06-0.88085E-04 0.31198E-06 0.56480E-06
   11894  0.97940E-05-0.17889E-05-0.25152E-06 0.18423E-04 0.38012E-06 0.66314E-06
   11894 -0.13626E-04 0.25953E-05-0.41131E-06-0.26791E-04 0.36484E-06 0.63716E-06
   11895  0.16458E-04-0.22572E-05-0.32151E-06 0.34004E-04 0.39275E-06 0.67225E-06
   11895 -0.30990E-04 0.47110E-05-0.35028E-06-0.64245E-04 0.47988E-06 0.81968E-06
   11896 -0.45111E-05 0.85387E-06-0.42184E-06-0.94774E-05 0.48319E-06 0.82214E-06
   11896 -0.78886E-05 0.13154E-05-0.47670E-06-0.16707E-04 0.57234E-06 0.97375E-06
   11897 -0.33568E-03 0.52445E-04-0.41890E-06-0.68373E-03 0.53003E-06 0.90695E-06
   11897  0.34045E-03-0.52911E-04-0.41487E-06 0.69278E-03 0.76680E-06 0.13127E-05
   11898 -0.80487E-03 0.13096E-03-0.14527E-05-0.16206E-02-0.59301E-06-0.10386E-05
   11898  0.83164E-03-0.13487E-03 0.23716E-06 0.16737E-02 0.19745E-05 0.34281E-05
   11899 -0.94887E-03 0.15682E-03-0.26608E-05-0.19034E-02-0.26774E-05-0.46783E-05
   11899  0.98483E-03-0.16231E-03 0.15596E-05 0.19748E-02 0.37650E-05 0.65697E-05
   11900 -0.85369E-03 0.13086E-03-0.37265E-06-0.17467E-02-0.41764E-05-0.71958E-05
   11900  0.88852E-03-0.13598E-03-0.16766E-06 0.18177E-02 0.48786E-05 0.84028E-05
   11901 -0.74547E-03 0.91525E-04 0.23024E-05-0.16038E-02-0.46515E-05-0.77494E-05
   11901  0.77846E-03-0.95593E-04-0.22663E-05 0.16750E-02 0.51682E-05 0.86066E-05
   11902 -0.63076E-03 0.47549E-04 0.50347E-05-0.14579E-02-0.41474E-05-0.66178E-05
   11902  0.66159E-03-0.50143E-04-0.43574E-05 0.15300E-02 0.46151E-05 0.73568E-05
   11903 -0.52188E-03 0.13275E-04 0.63549E-05-0.12926E-02-0.30273E-05-0.46438E-05
   11903  0.55121E-03-0.13988E-04-0.66737E-05 0.13654E-02 0.34073E-05 0.52201E-05
   11904 -0.42711E-03-0.31241E-05 0.67076E-05-0.11025E-02-0.15227E-05-0.23056E-05
   11904  0.45586E-03 0.36628E-05-0.81123E-05 0.11760E-02 0.15951E-05 0.24188E-05
   11905 -0.34434E-03-0.54480E-05 0.60349E-05-0.89747E-03 0.50471E-07-0.47328E-08
   11905  0.37345E-03 0.66294E-05-0.88452E-05 0.97141E-03-0.51801E-06-0.66685E-06
   11906 -0.26556E-03-0.35030E-05 0.51265E-05-0.68892E-03 0.12020E-05 0.16854E-05
   11906  0.29503E-03 0.48465E-05-0.87163E-05 0.76283E-03-0.23101E-05-0.32880E-05
   11907 -0.18426E-03-0.39584E-05 0.40674E-05-0.48213E-03 0.19590E-05 0.27808E-05
   11907  0.21339E-03 0.56610E-05-0.79196E-05 0.55587E-03-0.36920E-05-0.52661E-05
   11908 -0.10092E-03-0.53164E-05 0.30941E-05-0.27282E-03 0.24172E-05 0.33648E-05
   11908  0.12874E-03 0.79549E-05-0.69166E-05 0.34630E-03-0.47071E-05-0.65596E-05
   11909 -0.20062E-04-0.13780E-05 0.16822E-05-0.53345E-04 0.25813E-05 0.34622E-05
   11909  0.45931E-04 0.55023E-05-0.56919E-05 0.12622E-03-0.53538E-05-0.71731E-05
   11910  0.54510E-04 0.11728E-04 0.95419E-07 0.17879E-03 0.24474E-05 0.31527E-05
   11910 -0.30660E-04-0.61095E-05-0.42905E-05-0.10680E-03-0.56364E-05-0.72430E-05
   11911  0.12281E-03 0.33195E-04-0.13463E-05 0.42077E-03 0.19318E-05 0.24109E-05
   11911 -0.10056E-03-0.26405E-04-0.30330E-05-0.34967E-03-0.55083E-05-0.68439E-05
   11912  0.18587E-03 0.61011E-04-0.24305E-05 0.66874E-03 0.87915E-06 0.10773E-05
   11912 -0.16493E-03-0.53382E-04-0.18650E-05-0.59837E-03-0.49361E-05-0.59687E-05
   11913  0.24163E-03 0.96957E-04-0.29362E-05 0.92237E-03-0.64305E-06-0.72365E-06
   11913 -0.22234E-03-0.88695E-04-0.62847E-06-0.85315E-03-0.40780E-05-0.48004E-05
   11914  0.23132E-03 0.11657E-03-0.18986E-05 0.95426E-03-0.89161E-06-0.99722E-06
   11914 -0.18539E-03-0.90500E-04-0.27723E-07-0.75902E-03-0.39350E-05-0.44445E-05
   11915  0.12249E-03 0.78542E-04-0.54968E-06 0.55461E-03-0.72440E-06-0.78625E-06
   11915 -0.50029E-04-0.26865E-04-0.16935E-06-0.21241E-03-0.29697E-05-0.31801E-05
   11916  0.17544E-04 0.12097E-04 0.78515E-07 0.82299E-04-0.99982E-06-0.10090E-05
   11916  0.15097E-04 0.14184E-04 0.11775E-06 0.81370E-04-0.11179E-05-0.11322E-05
   11917 -0.31864E-04-0.50188E-04 0.27297E-06-0.22626E-03-0.32424E-06-0.31591E-06
   11917 -0.48094E-05-0.10130E-04 0.21976E-06-0.40769E-04-0.32088E-06-0.31128E-06
   11918 -0.36715E-04-0.69035E-04 0.17502E-06-0.29108E-03 0.59280E-06 0.51623E-06
   11918 -0.36711E-04-0.78286E-04 0.42213E-06-0.31537E-03 0.47944E-06 0.41624E-06
   11919  0.41367E-04 0.13700E-03 0.57375E-06 0.48649E-03 0.18426E-05 0.15507E-05
   11919 -0.99376E-04-0.28340E-03 0.38557E-06-0.10446E-02 0.17888E-05 0.15034E-05
   11920  0.12772E-03 0.49644E-03 0.13671E-05 0.16932E-02 0.34416E-05 0.27791E-05
   11920 -0.14536E-03-0.55056E-03-0.18656E-05-0.18898E-02 0.28632E-05 0.23171E-05
   11921  0.11650E-03 0.66034E-03 0.24706E-05 0.20883E-02 0.44147E-05 0.34043E-05
   11921 -0.11549E-03-0.65697E-03-0.40488E-05-0.20793E-02 0.28802E-05 0.22309E-05
   11922  0.54103E-04 0.65368E-03 0.17370E-05 0.18713E-02 0.46111E-05 0.33500E-05
   11922 -0.53170E-04-0.65005E-03-0.38967E-05-0.18629E-02 0.25212E-05 0.18496E-05
   11923 -0.61114E-05 0.64640E-03 0.10679E-05 0.16522E-02 0.45694E-05 0.30925E-05
   11923  0.68542E-05-0.64245E-03-0.35099E-05-0.16441E-02 0.24666E-05 0.16867E-05
   11924 -0.62903E-04 0.63703E-03 0.11627E-06 0.14286E-02 0.43974E-05 0.27325E-05
   11924  0.63466E-04-0.63241E-03-0.30655E-05-0.14204E-02 0.26230E-05 0.16359E-05
   11925 -0.11259E-03 0.62190E-03-0.91662E-06 0.12025E-02 0.42709E-05 0.23810E-05
   11925  0.11296E-03-0.61635E-03-0.27889E-05-0.11941E-02 0.28262E-05 0.15866E-05
   11926 -0.15050E-03 0.59554E-03-0.19742E-05 0.97646E-03 0.41241E-05 0.20240E-05
   11926  0.15060E-03-0.58886E-03-0.25812E-05-0.96797E-03 0.31350E-05 0.15471E-05
   11927 -0.17370E-03 0.55502E-03-0.26657E-05 0.75720E-03 0.39850E-05 0.16789E-05
   11927  0.17346E-03-0.54695E-03-0.28655E-05-0.74869E-03 0.35134E-05 0.14879E-05
   11928 -0.18079E-03 0.49974E-03-0.34445E-05 0.55256E-03 0.39591E-05 0.13831E-05
   11928  0.18011E-03-0.49006E-03-0.31303E-05-0.54432E-03 0.38426E-05 0.13552E-05
   11929 -0.17189E-03 0.42994E-03-0.41127E-05 0.37052E-03 0.39635E-05 0.10990E-05
   11929  0.17063E-03-0.41849E-03-0.34694E-05-0.36291E-03 0.41731E-05 0.11663E-05
   11930 -0.14858E-03 0.34775E-03-0.48007E-05 0.21892E-03 0.41022E-05 0.83718E-06
   11930  0.14671E-03-0.33439E-03-0.37996E-05-0.21246E-03 0.43617E-05 0.89650E-06
   11931 -0.11362E-03 0.25586E-03-0.53751E-05 0.10444E-03 0.42520E-05 0.55434E-06
   11931  0.11109E-03-0.24065E-03-0.40931E-05-0.99778E-04 0.44912E-05 0.58862E-06
   11932 -0.70892E-04 0.15820E-03-0.57924E-05 0.31656E-04 0.44116E-05 0.24936E-06
   11932  0.67808E-04-0.14124E-03-0.44973E-05-0.29445E-04 0.45177E-05 0.25505E-06
   11933 -0.25470E-04 0.60351E-04-0.60945E-05 0.22177E-05 0.45565E-05-0.80756E-07
   11933  0.21979E-04-0.41902E-04-0.48827E-05-0.30745E-05 0.44299E-05-0.80778E-07
   11934  0.17607E-04-0.32356E-04-0.62115E-05 0.14454E-04 0.45685E-05-0.42174E-06
   11934 -0.21290E-04 0.51988E-04-0.53094E-05-0.18895E-04 0.43268E-05-0.40309E-06
   11935  0.53737E-04-0.11461E-03-0.64916E-05 0.63363E-04 0.43376E-05-0.74241E-06
   11935 -0.57353E-04 0.13504E-03-0.54005E-05-0.71792E-04 0.42996E-05-0.71275E-06
   11936  0.79136E-04-0.18247E-03-0.65870E-05 0.14160E-03 0.42074E-05-0.10195E-05
   11936 -0.82409E-04 0.20329E-03-0.54605E-05-0.15428E-03 0.39865E-05-0.98810E-06
   11937  0.92263E-04-0.23492E-03-0.65882E-05 0.24090E-03 0.40105E-05-0.12625E-05
   11937 -0.94874E-04 0.25565E-03-0.54541E-05-0.25783E-03 0.35624E-05-0.11754E-05
   11938  0.92254E-04-0.27099E-03-0.63720E-05 0.35200E-03 0.34488E-05-0.13656E-05
   11938 -0.93905E-04 0.29114E-03-0.54795E-05-0.37292E-03 0.33771E-05-0.13617E-05
   11939  0.79441E-04-0.29054E-03-0.60946E-05 0.46599E-03 0.28747E-05-0.13649E-05
   11939 -0.79898E-04 0.30970E-03-0.54036E-05-0.49052E-03 0.31080E-05-0.14932E-05
   11940  0.55640E-04-0.29542E-03-0.58208E-05 0.57543E-03 0.22311E-05-0.12350E-05
   11940 -0.54741E-04 0.31332E-03-0.52065E-05-0.60314E-03 0.28362E-05-0.15831E-05
   11941  0.23641E-04-0.28855E-03-0.54415E-05 0.67441E-03 0.15702E-05-0.98768E-06
   11941 -0.21362E-04 0.30492E-03-0.48477E-05-0.70472E-03 0.25499E-05-0.16228E-05
   11942 -0.12652E-04-0.27421E-03-0.50411E-05 0.75980E-03 0.89234E-06-0.62483E-06
   11942  0.16294E-04 0.28898E-03-0.45280E-05-0.79198E-03 0.22828E-05-0.16212E-05
   11943 -0.49532E-04-0.25661E-03-0.45313E-05 0.83091E-03 0.23311E-06-0.17322E-06
   11943  0.54361E-04 0.26982E-03-0.41796E-05-0.86444E-03 0.20271E-05-0.15775E-05
   11944 -0.84817E-04-0.23815E-03-0.39032E-05 0.88894E-03-0.39588E-06 0.34229E-06
   11944  0.90570E-04 0.24987E-03-0.36992E-05-0.92338E-03 0.17860E-05-0.15006E-05
   11945 -0.11836E-03-0.21918E-03-0.34014E-05 0.93626E-03-0.97484E-06 0.88867E-06
   11945  0.12494E-03 0.22954E-03-0.32817E-05-0.97116E-03 0.15434E-05-0.13885E-05
   11946 -0.15238E-03-0.19776E-03-0.27747E-05 0.97440E-03-0.14891E-05 0.14296E-05
   11946  0.15970E-03 0.20674E-03-0.27202E-05-0.10098E-02 0.12949E-05-0.12335E-05
   11947 -0.18930E-03-0.17144E-03-0.21406E-05 0.10035E-02-0.19627E-05 0.19779E-05
   11947  0.19745E-03 0.17896E-03-0.21863E-05-0.10392E-02 0.10812E-05-0.10688E-05
   11948 -0.22907E-03-0.14019E-03-0.15454E-05 0.10223E-02-0.23292E-05 0.25160E-05
   11948  0.23809E-03 0.14612E-03-0.16576E-05-0.10579E-02 0.85375E-06-0.89495E-06
   11949 -0.26824E-03-0.10728E-03-0.90893E-06 0.10299E-02-0.26018E-05 0.30234E-05
   11949  0.27813E-03 0.11163E-03-0.10883E-05-0.10654E-02 0.63612E-06-0.71648E-06
   11950 -0.30067E-03-0.79010E-04-0.24287E-06 0.10295E-02-0.28063E-05 0.34509E-05
   11950  0.31127E-03 0.81967E-04-0.47522E-06-0.10650E-02 0.45478E-06-0.53231E-06
   11951 -0.32212E-03-0.60132E-04 0.30995E-06 0.10265E-02-0.29368E-05 0.37506E-05
   11951  0.33310E-03 0.62082E-04 0.59306E-07-0.10619E-02 0.28831E-06-0.33733E-06
   11952 -0.33453E-03-0.49339E-04 0.93125E-06 0.10239E-02-0.30112E-05 0.39346E-05
   11952  0.34558E-03 0.50525E-04 0.65834E-06-0.10593E-02 0.13627E-06-0.14693E-06
   11953 -0.34524E-03-0.39535E-04 0.15235E-05 0.10194E-02-0.30201E-05 0.40109E-05
   11953  0.35633E-03 0.40005E-04 0.12458E-05-0.10548E-02 0.34509E-08 0.46620E-07
   11954 -0.36086E-03-0.24039E-04 0.21005E-05 0.10087E-02-0.29489E-05 0.40340E-05
   11954  0.37204E-03 0.23586E-04 0.18480E-05-0.10436E-02-0.12507E-06 0.23777E-06
   11955 -0.38182E-03-0.19542E-05 0.26344E-05 0.98882E-03-0.27947E-05 0.40119E-05
   11955  0.39329E-03 0.37681E-06 0.24191E-05-0.10228E-02-0.25928E-06 0.43719E-06
   11956 -0.40167E-03 0.20554E-04 0.31635E-05 0.96252E-03-0.26056E-05 0.39264E-05
   11956  0.41353E-03-0.23262E-04 0.29748E-05-0.99573E-03-0.36081E-06 0.61797E-06
   11957 -0.41303E-03 0.35915E-04 0.36358E-05 0.93732E-03-0.24047E-05 0.37519E-05
   11957  0.42507E-03-0.39484E-04 0.34953E-05-0.96991E-03-0.44044E-06 0.76920E-06
   11958 -0.41525E-03 0.43073E-04 0.39834E-05 0.91688E-03-0.21986E-05 0.34857E-05
   11958  0.42726E-03-0.47160E-04 0.39279E-05-0.94907E-03-0.50521E-06 0.89305E-06
   11959 -0.41508E-03 0.48350E-04 0.44011E-05 0.89648E-03-0.19816E-05 0.31846E-05
   11959  0.42702E-03-0.52948E-04 0.44238E-05-0.92847E-03-0.55062E-06 0.97912E-06
   11960 -0.41948E-03 0.58883E-04 0.46726E-05 0.86855E-03-0.17292E-05 0.28540E-05
   11960  0.43154E-03-0.64089E-04 0.47923E-05-0.89990E-03-0.58408E-06 0.10641E-05
   11961 -0.42765E-03 0.74209E-04 0.49822E-05 0.83135E-03-0.14655E-05 0.25169E-05
   11961  0.43993E-03-0.80218E-04 0.51631E-05-0.86164E-03-0.58553E-06 0.11199E-05
   11962 -0.43144E-03 0.86371E-04 0.52457E-05 0.79357E-03-0.12243E-05 0.21799E-05
   11962  0.44385E-03-0.93047E-04 0.54791E-05-0.82282E-03-0.54781E-06 0.10965E-05
   11963 -0.42397E-03 0.88149E-04 0.53475E-05 0.76646E-03-0.10113E-05 0.18136E-05
   11963  0.43634E-03-0.95050E-04 0.56607E-05-0.79531E-03-0.48461E-06 0.99283E-06
   11964 -0.40718E-03 0.80599E-04 0.56250E-05 0.75116E-03-0.82543E-06 0.14457E-05
   11964  0.41922E-03-0.87502E-04 0.59584E-05-0.78035E-03-0.39426E-06 0.81120E-06
   11965 -0.39107E-03 0.73495E-04 0.55614E-05 0.73657E-03-0.63248E-06 0.10731E-05
   11965  0.40298E-03-0.80175E-04 0.59107E-05-0.76605E-03-0.30729E-06 0.63858E-06
   11966 -0.38425E-03 0.75534E-04 0.56910E-05 0.71009E-03-0.41316E-06 0.68466E-06
   11966  0.39644E-03-0.82479E-04 0.59506E-05-0.73963E-03-0.26044E-06 0.55805E-06
   11967 -0.38530E-03 0.86450E-04 0.56764E-05 0.66881E-03-0.18498E-06 0.27970E-06
   11967  0.39836E-03-0.93985E-04 0.58275E-05-0.69796E-03-0.25772E-06 0.57672E-06
   11968 -0.38576E-03 0.98170E-04 0.56227E-05 0.62112E-03 0.18786E-07-0.11524E-06
   11968  0.39957E-03-0.10635E-03 0.57569E-05-0.64932E-03-0.27023E-06 0.63353E-06
   11969 -0.37811E-03 0.10310E-03 0.54581E-05 0.57910E-03 0.17892E-06-0.45392E-06
   11969  0.39248E-03-0.11162E-03 0.55734E-05-0.60661E-03-0.26601E-06 0.64552E-06
   11970 -0.36236E-03 0.10053E-03 0.53827E-05 0.54698E-03 0.29172E-06-0.69587E-06
   11970  0.37701E-03-0.10912E-03 0.54293E-05-0.57445E-03-0.22479E-06 0.55943E-06
   11971 -0.34258E-03 0.94035E-04 0.51578E-05 0.52146E-03 0.36512E-06-0.84342E-06
   11971  0.35731E-03-0.10239E-03 0.51458E-05-0.54903E-03-0.14760E-06 0.38602E-06
   11972 -0.32282E-03 0.87298E-04 0.49964E-05 0.49690E-03 0.40915E-06-0.92537E-06
   11972  0.33752E-03-0.95405E-04 0.48973E-05-0.52454E-03-0.49827E-07 0.17044E-06
   11973 -0.30475E-03 0.82153E-04 0.48061E-05 0.47002E-03 0.43369E-06-0.97210E-06
   11973  0.31959E-03-0.90084E-04 0.45943E-05-0.49768E-03 0.49887E-07-0.45753E-07
   11974 -0.28809E-03 0.78456E-04 0.46044E-05 0.44066E-03 0.45052E-06-0.10109E-05
   11974  0.30313E-03-0.86271E-04 0.42486E-05-0.46813E-03 0.13544E-06-0.23301E-06
   11975 -0.27222E-03 0.75775E-04 0.43963E-05 0.40895E-03 0.46850E-06-0.10611E-05
   11975  0.28750E-03-0.83530E-04 0.38748E-05-0.43601E-03 0.19738E-06-0.37486E-06
   11976 -0.25645E-03 0.73617E-04 0.41778E-05 0.37505E-03 0.48769E-06-0.11234E-05
   11976  0.27201E-03-0.81358E-04 0.34769E-05-0.40151E-03 0.23721E-06-0.47583E-06
   11977 -0.24004E-03 0.71453E-04 0.39021E-05 0.33926E-03 0.50286E-06-0.11862E-05
   11977  0.25594E-03-0.79198E-04 0.30454E-05-0.36499E-03 0.26264E-06-0.55212E-06
   11978 -0.22212E-03 0.68466E-04 0.36190E-05 0.30278E-03 0.51043E-06-0.12360E-05
   11978  0.23836E-03-0.76210E-04 0.26193E-05-0.32775E-03 0.28238E-06-0.62016E-06
   11979 -0.20200E-03 0.63888E-04 0.32845E-05 0.26752E-03 0.50674E-06-0.12530E-05
   11979  0.21849E-03-0.71508E-04 0.21232E-05-0.29176E-03 0.30785E-06-0.70131E-06
   11980 -0.17968E-03 0.57534E-04 0.29224E-05 0.23448E-03 0.48920E-06-0.12211E-05
   11980  0.19633E-03-0.64918E-04 0.16426E-05-0.25824E-03 0.34834E-06-0.81301E-06
   11981 -0.15591E-03 0.49917E-04 0.25731E-05 0.20342E-03 0.45857E-06-0.11423E-05
   11981  0.17265E-03-0.56975E-04 0.11587E-05-0.22694E-03 0.40497E-06-0.95492E-06
   11982 -0.13185E-03 0.41907E-04 0.21862E-05 0.17350E-03 0.41819E-06-0.10323E-05
   11982  0.14862E-03-0.48560E-04 0.66453E-06-0.19690E-03 0.47144E-06-0.11125E-05
   11983 -0.10821E-03 0.34110E-04 0.18696E-05 0.14360E-03 0.36526E-06-0.89403E-06
   11983  0.12500E-03-0.40386E-04 0.17277E-06-0.16688E-03 0.54509E-06-0.12855E-05
   11984 -0.85081E-04 0.26746E-04 0.15394E-05 0.11309E-03 0.29728E-06-0.72621E-06
   11984  0.10187E-03-0.32680E-04-0.29147E-06-0.13607E-03 0.62408E-06-0.14774E-05
   11985 -0.62163E-04 0.19613E-04 0.12237E-05 0.82030E-04 0.21562E-06-0.53012E-06
   11985  0.78924E-04-0.25246E-04-0.75190E-06-0.10446E-03 0.70627E-06-0.16897E-05
   11986 -0.38960E-04 0.12387E-04 0.91459E-06 0.50572E-04 0.12353E-06-0.30848E-06
   11986  0.55712E-04-0.17770E-04-0.12061E-05-0.72289E-04 0.79043E-06-0.19255E-05
   11987 -0.14913E-04 0.46989E-05 0.60250E-06 0.18930E-04 0.28401E-07-0.72854E-07
   11987  0.31706E-04-0.98698E-05-0.16762E-05-0.39840E-04 0.87395E-06-0.21814E-05
   11988  0.10337E-04-0.37004E-05 0.26173E-06-0.12608E-04-0.63114E-07 0.16489E-06
   11988  0.65193E-05-0.12593E-05-0.21556E-05-0.74437E-05 0.95695E-06-0.24565E-05
   11989  0.36874E-04-0.12887E-04-0.98101E-07-0.43880E-04-0.14119E-06 0.38005E-06
   11989 -0.19957E-04 0.81664E-05-0.26615E-05 0.24679E-04 0.10376E-05-0.27396E-05
   11990  0.64538E-04-0.22752E-04-0.46959E-06-0.74941E-04-0.19634E-06 0.54317E-06
   11990 -0.47575E-04 0.18317E-04-0.31991E-05 0.56515E-04 0.11139E-05-0.30142E-05
   11991  0.92995E-04-0.33034E-04-0.86510E-06-0.10611E-03-0.22258E-06 0.63058E-06
   11991 -0.76006E-04 0.28943E-04-0.37583E-05 0.88336E-04 0.11846E-05-0.32640E-05
   11992  0.12181E-03-0.43403E-04-0.12759E-05-0.13787E-03-0.21759E-06 0.62942E-06
   11992 -0.10481E-03 0.39707E-04-0.43330E-05 0.12059E-03 0.12482E-05-0.34720E-05
   11993  0.15051E-03-0.53544E-04-0.16885E-05-0.17051E-03-0.18642E-06 0.55183E-06
   11993 -0.13351E-03 0.50281E-04-0.49062E-05 0.15358E-03 0.13042E-05-0.36332E-05
   11994  0.17894E-03-0.63415E-04-0.20979E-05-0.20380E-03-0.14256E-06 0.43818E-06
   11994 -0.16194E-03 0.60606E-04-0.55013E-05 0.18715E-03 0.13520E-05-0.37569E-05
   11995  0.20746E-03-0.73368E-04-0.24939E-05-0.23696E-03-0.10679E-06 0.34886E-06
   11995 -0.19041E-03 0.70975E-04-0.60853E-05 0.22055E-03 0.13906E-05-0.38628E-05
   11996  0.23666E-03-0.83908E-04-0.28920E-05-0.26901E-03-0.97870E-07 0.33635E-06
   11996 -0.21950E-03 0.81884E-04-0.66565E-05 0.25290E-03 0.14179E-05-0.39645E-05
   11997  0.26670E-03-0.95138E-04-0.32852E-05-0.29987E-03-0.13055E-06 0.44213E-06
   11997 -0.24943E-03 0.93473E-04-0.72512E-05 0.28417E-03 0.14390E-05-0.40736E-05
   11998  0.29681E-03-0.10629E-03-0.36708E-05-0.33142E-03-0.20558E-06 0.66698E-06
   11998 -0.27941E-03 0.10499E-03-0.78677E-05 0.31604E-03 0.14582E-05-0.41669E-05
   11999  0.32619E-03-0.11661E-03-0.40121E-05-0.36540E-03-0.33467E-06 0.10378E-05
   11999 -0.30859E-03 0.11567E-03-0.84798E-05 0.35009E-03 0.14847E-05-0.42447E-05
   12000  0.35595E-03-0.12732E-03-0.42380E-05-0.39872E-03-0.54315E-06 0.16347E-05
   12000 -0.33819E-03 0.12664E-03-0.90033E-05 0.38350E-03 0.15211E-05-0.43617E-05
   12001  0.38894E-03-0.14102E-03-0.44870E-05-0.42535E-03-0.82424E-06 0.24908E-05
   12001 -0.37106E-03 0.14056E-03-0.94852E-05 0.41062E-03 0.15444E-05-0.45375E-05
   12002  0.42657E-03-0.15904E-03-0.45592E-05-0.44205E-03-0.11333E-05 0.35612E-05
   12002 -0.40856E-03 0.15867E-03-0.10028E-04 0.42815E-03 0.15385E-05-0.47642E-05
   12003  0.46667E-03-0.17890E-03-0.47082E-05-0.45465E-03-0.14088E-05 0.46583E-05
   12003 -0.44846E-03 0.17868E-03-0.10699E-04 0.44165E-03 0.15030E-05-0.49548E-05
   12004  0.50491E-03-0.19619E-03-0.48397E-05-0.47622E-03-0.16157E-05 0.54978E-05
   12004 -0.48655E-03 0.19624E-03-0.11462E-04 0.46378E-03 0.14321E-05-0.49120E-05
   12005  0.53905E-03-0.20904E-03-0.49852E-05-0.51163E-03-0.17656E-05 0.59857E-05
   12005 -0.52057E-03 0.20942E-03-0.12130E-04 0.49926E-03 0.13270E-05-0.45861E-05
   12006  0.57167E-03-0.22051E-03-0.49708E-05-0.55107E-03-0.18557E-05 0.62266E-05
   12006 -0.55309E-03 0.22112E-03-0.12698E-04 0.53857E-03 0.11686E-05-0.40537E-05
   12007  0.60746E-03-0.23521E-03-0.47812E-05-0.58151E-03-0.18826E-05 0.63914E-05
   12007 -0.58895E-03 0.23591E-03-0.13078E-04 0.56922E-03 0.95177E-06-0.34186E-05
   12008  0.64765E-03-0.25403E-03-0.46361E-05-0.60043E-03-0.18539E-05 0.65278E-05
   12008 -0.62930E-03 0.25492E-03-0.13611E-04 0.58879E-03 0.69220E-06-0.27014E-05
   12009  0.68842E-03-0.27310E-03-0.44712E-05-0.61951E-03-0.17918E-05 0.65416E-05
   12009 -0.67006E-03 0.27414E-03-0.14241E-04 0.60835E-03 0.39689E-06-0.18208E-05
   12010  0.72603E-03-0.28856E-03-0.43865E-05-0.65084E-03-0.17168E-05 0.63536E-05
   12010 -0.70736E-03 0.28969E-03-0.14824E-04 0.63959E-03 0.47678E-07-0.68650E-06
   12011  0.76121E-03-0.30148E-03-0.42073E-05-0.69076E-03-0.16310E-05 0.60354E-05
   12011 -0.74240E-03 0.30268E-03-0.15242E-04 0.67931E-03-0.36474E-06 0.66899E-06
   12012  0.79735E-03-0.31544E-03-0.39041E-05-0.72755E-03-0.15425E-05 0.57470E-05
   12012 -0.77866E-03 0.31669E-03-0.15550E-04 0.71615E-03-0.81500E-06 0.21418E-05
   12013  0.83720E-03-0.33290E-03-0.35257E-05-0.75449E-03-0.14725E-05 0.56117E-05
   12013 -0.81853E-03 0.33403E-03-0.15686E-04 0.74318E-03-0.12659E-05 0.36682E-05
   12014  0.88043E-03-0.35342E-03-0.30908E-05-0.77294E-03-0.14347E-05 0.56513E-05
   12014 -0.86164E-03 0.35431E-03-0.15775E-04 0.76173E-03-0.16995E-05 0.52383E-05
   12015  0.92463E-03-0.37467E-03-0.27123E-05-0.78936E-03-0.14330E-05 0.58230E-05
   12015 -0.90593E-03 0.37544E-03-0.15891E-04 0.77847E-03-0.21226E-05 0.68594E-05
   12016  0.96903E-03-0.39582E-03-0.22656E-05-0.80697E-03-0.14579E-05 0.60757E-05
   12016 -0.95061E-03 0.39648E-03-0.15920E-04 0.79647E-03-0.25437E-05 0.85369E-05
   12017  0.10150E-02-0.41808E-03-0.17572E-05-0.82212E-03-0.14862E-05 0.63632E-05
   12017 -0.99672E-03 0.41849E-03-0.15830E-04 0.81190E-03-0.29505E-05 0.10272E-04
   12018  0.10634E-02-0.44240E-03-0.12644E-05-0.83082E-03-0.15005E-05 0.66537E-05
   12018 -0.10454E-02 0.44255E-03-0.15603E-04 0.82098E-03-0.33171E-05 0.12038E-04
   12019  0.11135E-02-0.46797E-03-0.83694E-06-0.83541E-03-0.14930E-05 0.68899E-05
   12019 -0.10960E-02 0.46798E-03-0.15367E-04 0.82619E-03-0.36455E-05 0.13826E-04
   12020  0.11634E-02-0.49292E-03-0.43284E-06-0.84296E-03-0.14659E-05 0.70064E-05
   12020 -0.11465E-02 0.49280E-03-0.15036E-04 0.83430E-03-0.39662E-05 0.15628E-04
   12021  0.12123E-02-0.51654E-03-0.26547E-07-0.85664E-03-0.14209E-05 0.69732E-05
   12021 -0.11960E-02 0.51622E-03-0.14564E-04 0.84839E-03-0.42929E-05 0.17412E-04
   12022  0.12617E-02-0.54028E-03 0.36423E-06-0.87044E-03-0.13507E-05 0.68049E-05
   12022 -0.12461E-02 0.53979E-03-0.13912E-04 0.86265E-03-0.45862E-05 0.19120E-04
   12023  0.13131E-02-0.56582E-03 0.69942E-06-0.87725E-03-0.12531E-05 0.65399E-05
   12023 -0.12985E-02 0.56520E-03-0.13099E-04 0.87013E-03-0.47930E-05 0.20689E-04
   12024  0.13663E-02-0.59254E-03 0.88960E-06-0.87947E-03-0.11439E-05 0.62131E-05
   12024 -0.13526E-02 0.59181E-03-0.12218E-04 0.87301E-03-0.49156E-05 0.22063E-04
   12025  0.14190E-02-0.61847E-03 0.96472E-06-0.88591E-03-0.10457E-05 0.58574E-05
   12025 -0.14062E-02 0.61757E-03-0.11196E-04 0.87993E-03-0.50014E-05 0.23203E-04
   12026  0.14701E-02-0.64247E-03 0.94883E-06-0.90152E-03-0.97734E-06 0.55413E-05
   12026 -0.14583E-02 0.64148E-03-0.10066E-04 0.89604E-03-0.50737E-05 0.24046E-04
   12027  0.15204E-02-0.66543E-03 0.80283E-06-0.92204E-03-0.94540E-06 0.53443E-05
   12027 -0.15096E-02 0.66444E-03-0.88490E-05 0.91710E-03-0.50990E-05 0.24528E-04
   12028  0.15723E-02-0.68984E-03 0.68159E-06-0.93653E-03-0.95140E-06 0.53571E-05
   12028 -0.15624E-02 0.68864E-03-0.74636E-05 0.93197E-03-0.50045E-05 0.24589E-04
   12029  0.16271E-02-0.71698E-03 0.43257E-06-0.93780E-03-0.10033E-05 0.56807E-05
   12029 -0.16181E-02 0.71560E-03-0.60470E-05 0.93364E-03-0.47504E-05 0.24178E-04
   12030  0.16839E-02-0.74583E-03 0.52375E-07-0.92953E-03-0.11098E-05 0.63773E-05
   12030 -0.16759E-02 0.74443E-03-0.47350E-05 0.92591E-03-0.43747E-05 0.23294E-04
   12031  0.17407E-02-0.77461E-03-0.30865E-06-0.92059E-03-0.12729E-05 0.74481E-05
   12031 -0.17335E-02 0.77316E-03-0.34520E-05 0.91743E-03-0.39495E-05 0.22004E-04
   12032  0.17967E-02-0.80261E-03-0.63378E-06-0.91487E-03-0.14863E-05 0.88697E-05
   12032 -0.17902E-02 0.80108E-03-0.23064E-05 0.91205E-03-0.35172E-05 0.20408E-04
   12033  0.18524E-02-0.83042E-03-0.89081E-06-0.90866E-03-0.17327E-05 0.10608E-04
   12033 -0.18467E-02 0.82888E-03-0.13464E-05 0.90618E-03-0.30845E-05 0.18624E-04
   12034  0.17667E-02-0.79486E-03-0.94443E-06-0.83207E-03-0.19214E-05 0.12182E-04
   12034 -0.17879E-02 0.80514E-03-0.57870E-06 0.84200E-03-0.25965E-05 0.16376E-04
   12035  0.10585E-02-0.47773E-03-0.31647E-06-0.48193E-03-0.16098E-05 0.10579E-04
   12035 -0.12891E-02 0.58248E-03-0.59628E-06 0.58403E-03-0.17575E-05 0.11543E-04
   12036  0.26177E-04-0.11680E-04-0.35015E-07-0.13501E-04-0.91567E-06 0.62228E-05
   12036 -0.53412E-03 0.24214E-03-0.64791E-06 0.23433E-03-0.89249E-06 0.60649E-05
   12037 -0.38220E-03 0.17354E-03-0.24749E-06 0.16282E-03-0.39267E-06 0.27236E-05
   12037 -0.22483E-03 0.10221E-03-0.36557E-06 0.95543E-04-0.39070E-06 0.27090E-05
   12038 -0.29425E-03 0.13397E-03-0.46527E-06 0.12214E-03-0.17267E-07 0.10353E-06
   12038 -0.26014E-03 0.11849E-03-0.46304E-06 0.10763E-03-0.15583E-07 0.91957E-07
   12039 -0.19587E-03 0.89485E-04-0.56065E-06 0.78754E-04 0.36383E-06-0.27184E-05
   12039 -0.20943E-03 0.95650E-04-0.54793E-06 0.84256E-04 0.35872E-06-0.26804E-05
   12040 -0.91724E-04 0.42165E-04-0.69752E-06 0.36113E-04 0.88873E-06-0.67909E-05
   12040 -0.11337E-03 0.52045E-04-0.68108E-06 0.44451E-04 0.88170E-06-0.67381E-05
   12041  0.38918E-04-0.17260E-04-0.11500E-05-0.14509E-04 0.16230E-05-0.12624E-04
   12041 -0.34092E-04 0.16072E-04-0.10802E-05 0.13259E-04 0.17113E-05-0.13313E-04
   12042  0.11270E-03-0.50632E-04-0.19286E-05-0.42266E-04 0.20305E-05-0.15948E-04
   12042  0.67708E-05-0.22291E-05-0.18614E-05-0.23216E-05 0.23403E-05-0.18384E-04
   12043  0.11729E-03-0.52352E-04-0.27524E-05-0.43820E-04 0.19506E-05-0.15347E-04
   12043  0.15651E-04-0.58458E-05-0.28135E-05-0.55556E-05 0.25274E-05-0.19889E-04
   12044  0.11143E-03-0.49289E-04-0.35358E-05-0.41750E-04 0.18094E-05-0.14154E-04
   12044  0.22805E-04-0.86268E-05-0.38586E-05-0.81714E-05 0.26635E-05-0.20843E-04
   12045  0.10484E-03-0.45916E-04-0.42651E-05-0.39490E-04 0.16658E-05-0.12922E-04
   12045  0.30611E-04-0.11674E-04-0.49644E-05-0.11085E-04 0.27991E-05-0.21726E-04
   12046  0.97380E-04-0.42166E-04-0.49458E-05-0.36919E-04 0.15187E-05-0.11663E-04
   12046  0.39245E-04-0.15075E-04-0.61099E-05-0.14384E-04 0.29308E-05-0.22527E-04
   12047  0.88972E-04-0.38008E-04-0.55798E-05-0.33939E-04 0.13667E-05-0.10388E-04
   12047  0.48796E-04-0.18880E-04-0.72791E-05-0.18103E-04 0.30539E-05-0.23240E-04
   12048  0.79734E-04-0.33507E-04-0.61569E-05-0.30503E-04 0.12087E-05-0.91141E-05
   12048  0.59158E-04-0.23044E-04-0.84695E-05-0.22153E-04 0.31585E-05-0.23854E-04
   12049  0.69942E-04-0.28791E-04-0.66768E-05-0.26703E-04 0.10461E-05-0.78539E-05
   12049  0.70059E-04-0.27447E-04-0.96786E-05-0.26377E-04 0.32393E-05-0.24365E-04
   12050  0.59883E-04-0.23985E-04-0.71451E-05-0.22697E-04 0.88180E-06-0.66141E-05
   12050  0.81206E-04-0.31966E-04-0.10890E-04-0.30626E-04 0.32966E-05-0.24776E-04
   12051  0.49887E-04-0.19233E-04-0.75682E-05-0.18640E-04 0.71759E-06-0.54005E-05
   12051  0.92276E-04-0.36462E-04-0.12097E-04-0.34700E-04 0.33273E-05-0.25090E-04
   12052  0.40429E-04-0.14753E-04-0.79457E-05-0.14733E-04 0.55529E-06-0.42211E-05
   12052  0.10281E-03-0.40733E-04-0.13302E-04-0.38275E-04 0.33239E-05-0.25309E-04
   12053  0.32031E-04-0.10771E-04-0.82928E-05-0.11249E-04 0.39894E-06-0.30818E-05
   12053  0.11227E-03-0.44537E-04-0.14506E-04-0.41150E-04 0.32912E-05-0.25437E-04
   12054  0.24806E-04-0.73299E-05-0.86100E-05-0.83289E-05 0.25292E-06-0.19856E-05
   12054  0.12051E-03-0.47771E-04-0.15725E-04-0.43576E-04 0.32550E-05-0.25473E-04
   12055  0.18156E-04-0.41588E-05-0.88938E-05-0.57605E-05 0.11646E-06-0.92912E-06
   12055  0.12805E-03-0.50668E-04-0.16924E-04-0.46164E-04 0.32422E-05-0.25424E-04
   12056  0.11104E-04-0.82521E-06-0.91242E-05-0.31008E-05-0.14181E-07 0.83634E-07
   12056  0.13585E-03-0.53656E-04-0.18094E-04-0.49468E-04 0.32607E-05-0.25299E-04
   12057  0.28355E-05 0.30244E-05-0.92773E-05 0.66376E-07-0.14154E-06 0.10420E-05
   12057  0.14474E-03-0.57142E-04-0.19203E-04-0.53614E-04 0.32930E-05-0.25109E-04
   12058 -0.67946E-05 0.74539E-05-0.93532E-05 0.38399E-05-0.26417E-06 0.19385E-05
   12058  0.15494E-03-0.61264E-04-0.20244E-04-0.58152E-04 0.33064E-05-0.24872E-04
   12059 -0.16727E-04 0.12000E-04-0.93724E-05 0.76464E-05-0.37271E-06 0.27605E-05
   12059  0.16552E-03-0.65664E-04-0.21230E-04-0.61688E-04 0.32518E-05-0.24604E-04
   12060 -0.24690E-04 0.15678E-04-0.94035E-05 0.10319E-04-0.45501E-06 0.35011E-05
   12060  0.17434E-03-0.69383E-04-0.22250E-04-0.62477E-04 0.30964E-05-0.24307E-04
   12061 -0.28544E-04 0.17551E-04-0.95503E-05 0.11122E-04-0.51244E-06 0.41747E-05
   12061  0.17919E-03-0.71314E-04-0.23373E-04-0.60478E-04 0.28847E-05-0.23973E-04
   12062 -0.27861E-04 0.17405E-04-0.98376E-05 0.10374E-04-0.55991E-06 0.48012E-05
   12062  0.17947E-03-0.71048E-04-0.24632E-04-0.57371E-04 0.26967E-05-0.23574E-04
   12063 -0.24214E-04 0.15908E-04-0.10198E-04 0.89885E-05-0.61507E-06 0.53939E-05
   12063  0.17666E-03-0.69199E-04-0.25974E-04-0.55073E-04 0.25860E-05-0.23088E-04
   12064 -0.20215E-04 0.14218E-04-0.10532E-04 0.78083E-05-0.68738E-06 0.59649E-05
   12064  0.17328E-03-0.66990E-04-0.27285E-04-0.54521E-04 0.25539E-05-0.22517E-04
   12065 -0.17792E-04 0.13199E-04-0.10761E-04 0.72205E-05-0.76896E-06 0.65184E-05
   12065  0.17128E-03-0.65441E-04-0.28452E-04-0.55159E-04 0.25462E-05-0.21879E-04
   12066 -0.17245E-04 0.12995E-04-0.10882E-04 0.71911E-05-0.84512E-06 0.70350E-05
   12066  0.17109E-03-0.64795E-04-0.29502E-04-0.56075E-04 0.25158E-05-0.21192E-04
   12067 -0.17902E-04 0.13311E-04-0.10922E-04 0.74905E-05-0.90940E-06 0.75056E-05
   12067  0.17209E-03-0.64777E-04-0.30465E-04-0.56825E-04 0.24542E-05-0.20474E-04
   12068 -0.18906E-04 0.13771E-04-0.10919E-04 0.78318E-05-0.95927E-06 0.79238E-05
   12068  0.17348E-03-0.64993E-04-0.31378E-04-0.57143E-04 0.23657E-05-0.19736E-04
   12069 -0.19690E-04 0.14130E-04-0.10913E-04 0.80684E-05-0.99955E-06 0.82890E-05
   12069  0.17467E-03-0.65133E-04-0.32276E-04-0.57190E-04 0.22671E-05-0.18979E-04
   12070 -0.20453E-04 0.14476E-04-0.10907E-04 0.83636E-05-0.10418E-05 0.86048E-05
   12070  0.17574E-03-0.65210E-04-0.33144E-04-0.57668E-04 0.21836E-05-0.18202E-04
   12071 -0.21968E-04 0.15134E-04-0.10844E-04 0.90154E-05-0.10902E-05 0.88732E-05
   12071  0.17743E-03-0.65571E-04-0.33921E-04-0.59005E-04 0.21202E-05-0.17410E-04
   12072 -0.24625E-04 0.16268E-04-0.10679E-04 0.10065E-04-0.11322E-05 0.90897E-05
   12072  0.18019E-03-0.66479E-04-0.34579E-04-0.60678E-04 0.20530E-05-0.16618E-04
   12073 -0.27769E-04 0.17610E-04-0.10463E-04 0.11141E-04-0.11523E-05 0.92533E-05
   12073  0.18347E-03-0.67719E-04-0.35163E-04-0.61666E-04 0.19581E-05-0.15842E-04
   12074 -0.30234E-04 0.18670E-04-0.10288E-04 0.11823E-04-0.11511E-05 0.93645E-05
   12074  0.18615E-03-0.68731E-04-0.35762E-04-0.61616E-04 0.18412E-05-0.15083E-04
   12075 -0.31458E-04 0.19202E-04-0.10201E-04 0.12064E-04-0.11439E-05 0.94283E-05
   12075  0.18763E-03-0.69158E-04-0.36418E-04-0.61131E-04 0.17268E-05-0.14327E-04
   12076 -0.31989E-04 0.19424E-04-0.10152E-04 0.12231E-04-0.11467E-05 0.94488E-05
   12076  0.18835E-03-0.69177E-04-0.37093E-04-0.61242E-04 0.16355E-05-0.13561E-04
   12077 -0.33093E-04 0.19869E-04-0.10046E-04 0.12798E-04-0.11627E-05 0.94292E-05
   12077  0.18949E-03-0.69369E-04-0.37687E-04-0.62515E-04 0.15682E-05-0.12788E-04
   12078 -0.35638E-04 0.20917E-04-0.98247E-05 0.13930E-04-0.11788E-05 0.93693E-05
   12078  0.19196E-03-0.70215E-04-0.38132E-04-0.64535E-04 0.15061E-05-0.12022E-04
   12079 -0.39489E-04 0.22521E-04-0.95021E-05 0.15453E-04-0.11820E-05 0.92633E-05
   12079  0.19569E-03-0.71728E-04-0.38448E-04-0.66610E-04 0.14363E-05-0.11288E-04
   12080 -0.44102E-04 0.24454E-04-0.91313E-05 0.17188E-04-0.11729E-05 0.91063E-05
   12080  0.20018E-03-0.73645E-04-0.38690E-04-0.68625E-04 0.13635E-05-0.10599E-04
   12081 -0.49297E-04 0.26635E-04-0.87246E-05 0.19174E-04-0.11583E-05 0.88947E-05
   12081  0.20521E-03-0.75833E-04-0.38874E-04-0.70938E-04 0.12980E-05-0.99632E-05
   12082 -0.55160E-04 0.29094E-04-0.82650E-05 0.21447E-04-0.11380E-05 0.86276E-05
   12082  0.21088E-03-0.78341E-04-0.38981E-04-0.73598E-04 0.12414E-05-0.93911E-05
   12083 -0.61361E-04 0.31689E-04-0.77422E-05 0.23677E-04-0.11018E-05 0.83008E-05
   12083  0.21694E-03-0.81094E-04-0.39023E-04-0.75833E-04 0.11850E-05-0.88931E-05
   12084 -0.66939E-04 0.34042E-04-0.72572E-05 0.25286E-04-0.10433E-05 0.79182E-05
   12084  0.22247E-03-0.83677E-04-0.39075E-04-0.76671E-04 0.11216E-05-0.84720E-05
   12085 -0.70657E-04 0.35653E-04-0.69491E-05 0.25798E-04-0.96555E-06 0.74878E-05
   12085  0.22621E-03-0.85465E-04-0.39250E-04-0.75639E-04 0.10504E-05-0.81114E-05
   12086 -0.71399E-04 0.36026E-04-0.68830E-05 0.25011E-04-0.87704E-06 0.70172E-05
   12086  0.22713E-03-0.85894E-04-0.39632E-04-0.72863E-04 0.97394E-06-0.77778E-05
   12087 -0.68904E-04 0.35019E-04-0.70695E-05 0.23303E-04-0.79181E-06 0.65181E-05
   12087  0.22495E-03-0.84757E-04-0.40264E-04-0.69417E-04 0.90066E-06-0.74302E-05
   12088 -0.64150E-04 0.33035E-04-0.74538E-05 0.21359E-04-0.71977E-06 0.60018E-05
   12088  0.22056E-03-0.82433E-04-0.41073E-04-0.66572E-04 0.83665E-06-0.70283E-05
   12089 -0.58653E-04 0.30703E-04-0.78856E-05 0.19666E-04-0.66122E-06 0.54763E-05
   12089  0.21539E-03-0.79651E-04-0.41919E-04-0.64938E-04 0.78120E-06-0.65550E-05
   12090 -0.53921E-04 0.28663E-04-0.82293E-05 0.18535E-04-0.61110E-06 0.49389E-05
   12090  0.21089E-03-0.77155E-04-0.42669E-04-0.64658E-04 0.73035E-06-0.60124E-05
   12091 -0.50891E-04 0.27337E-04-0.84293E-05 0.17974E-04-0.56002E-06 0.43877E-05
   12091  0.20796E-03-0.75450E-04-0.43242E-04-0.65118E-04 0.67594E-06-0.54234E-05
   12092 -0.49320E-04 0.26636E-04-0.85044E-05 0.17682E-04-0.50028E-06 0.38161E-05
   12092  0.20642E-03-0.74500E-04-0.43657E-04-0.65389E-04 0.61221E-06-0.48141E-05
   12093 -0.48332E-04 0.26199E-04-0.85432E-05 0.17377E-04-0.43193E-06 0.32174E-05
   12093  0.20549E-03-0.73902E-04-0.44012E-04-0.65135E-04 0.54118E-06-0.41989E-05
   12094 -0.47301E-04 0.25757E-04-0.86062E-05 0.16983E-04-0.35881E-06 0.25917E-05
   12094  0.20455E-03-0.73316E-04-0.44363E-04-0.64585E-04 0.46759E-06-0.35810E-05
   12095 -0.46053E-04 0.25228E-04-0.86949E-05 0.16527E-04-0.28295E-06 0.19395E-05
   12095  0.20339E-03-0.72631E-04-0.44714E-04-0.63993E-04 0.39347E-06-0.29560E-05
   12096 -0.44612E-04 0.24618E-04-0.88027E-05 0.16013E-04-0.20451E-06 0.12627E-05
   12096  0.20205E-03-0.71862E-04-0.45058E-04-0.63352E-04 0.31835E-06-0.23205E-05
   12097 -0.42957E-04 0.23921E-04-0.89337E-05 0.15420E-04-0.12361E-06 0.56328E-06
   12097  0.20051E-03-0.71004E-04-0.45401E-04-0.62600E-04 0.24155E-06-0.16707E-05
   12098 -0.41167E-04 0.23173E-04-0.90950E-05 0.14836E-04-0.40545E-07-0.15723E-06
   12098  0.19882E-03-0.70066E-04-0.45747E-04-0.62004E-04 0.16313E-06-0.10016E-05
   12099 -0.39780E-04 0.22594E-04-0.92399E-05 0.14530E-04 0.45622E-07-0.89669E-06
   12099  0.19744E-03-0.69258E-04-0.46040E-04-0.62137E-04 0.83195E-07-0.31407E-06
   12100 -0.39523E-04 0.22484E-04-0.92908E-05 0.14699E-04 0.13679E-06-0.16588E-05
   12100  0.19707E-03-0.68946E-04-0.46203E-04-0.63066E-04 0.15164E-08 0.38259E-06
   12101 -0.40414E-04 0.22849E-04-0.92173E-05 0.15169E-04 0.23145E-06-0.24460E-05
   12101  0.19784E-03-0.69241E-04-0.46231E-04-0.64046E-04-0.79426E-07 0.10685E-05
   12102 -0.41627E-04 0.23355E-04-0.91012E-05 0.15524E-04 0.32560E-06-0.32605E-05
   12102  0.19902E-03-0.69810E-04-0.46204E-04-0.64239E-04-0.15597E-06 0.17314E-05
   12103 -0.42100E-04 0.23586E-04-0.90983E-05 0.15442E-04 0.41676E-06-0.40998E-05
   12103  0.19958E-03-0.70107E-04-0.46253E-04-0.63414E-04-0.22755E-06 0.23766E-05
   12104 -0.41476E-04 0.23374E-04-0.92380E-05 0.15085E-04 0.51144E-06-0.49592E-05
   12104  0.19909E-03-0.69844E-04-0.46415E-04-0.62574E-04-0.30082E-06 0.30274E-05
   12105 -0.40937E-04 0.23184E-04-0.93895E-05 0.15127E-04 0.62193E-06-0.58333E-05
   12105  0.19854E-03-0.69472E-04-0.46563E-04-0.63245E-04-0.38454E-06 0.36939E-05
   12106 -0.42245E-04 0.23740E-04-0.93594E-05 0.16075E-04 0.75008E-06-0.67266E-05
   12106  0.19961E-03-0.69865E-04-0.46497E-04-0.65641E-04-0.47710E-06 0.43589E-05
   12107 -0.45762E-04 0.25202E-04-0.90857E-05 0.17660E-04 0.87840E-06-0.76489E-05
   12107  0.20277E-03-0.71381E-04-0.46165E-04-0.68238E-04-0.56165E-06 0.49839E-05
   12108 -0.50046E-04 0.27015E-04-0.87526E-05 0.19089E-04 0.98951E-06-0.86082E-05
   12108  0.20683E-03-0.73447E-04-0.45756E-04-0.69465E-04-0.62391E-06 0.55441E-05
   12109 -0.53489E-04 0.28521E-04-0.85536E-05 0.19982E-04 0.10908E-05-0.96024E-05
   12109  0.21019E-03-0.75200E-04-0.45455E-04-0.69567E-04-0.67060E-06 0.60432E-05
   12110 -0.55887E-04 0.29596E-04-0.84791E-05 0.20662E-04 0.12037E-05-0.10628E-04
   12110  0.21252E-03-0.76399E-04-0.45251E-04-0.69856E-04-0.71847E-06 0.65032E-05
   12111 -0.58132E-04 0.30588E-04-0.84136E-05 0.21559E-04 0.13359E-05-0.11679E-04
   12111  0.21462E-03-0.77442E-04-0.45035E-04-0.70991E-04-0.77273E-06 0.69317E-05
   12112 -0.60936E-04 0.31799E-04-0.82773E-05 0.22725E-04 0.14775E-05-0.12760E-04
   12112  0.21722E-03-0.78739E-04-0.44730E-04-0.72547E-04-0.82523E-06 0.73223E-05
   12113 -0.64044E-04 0.33149E-04-0.81093E-05 0.23760E-04 0.16079E-05-0.13876E-04
   12113  0.22015E-03-0.80262E-04-0.44371E-04-0.73475E-04-0.86288E-06 0.76629E-05
   12114 -0.66410E-04 0.34220E-04-0.80243E-05 0.24188E-04 0.17169E-05-0.15026E-04
   12114  0.22248E-03-0.81542E-04-0.44074E-04-0.73112E-04-0.88241E-06 0.79595E-05
   12115 -0.67154E-04 0.34632E-04-0.81021E-05 0.23909E-04 0.18150E-05-0.16205E-04
   12115  0.22332E-03-0.82100E-04-0.43924E-04-0.71769E-04-0.89427E-06 0.82353E-05
   12116 -0.66181E-04 0.34326E-04-0.83461E-05 0.23150E-04 0.19183E-05-0.17407E-04
   12116  0.22252E-03-0.81818E-04-0.43918E-04-0.70124E-04-0.91138E-06 0.85238E-05
   12117 -0.63921E-04 0.33470E-04-0.87013E-05 0.22147E-04 0.20330E-05-0.18620E-04
   12117  0.22046E-03-0.80882E-04-0.44005E-04-0.68553E-04-0.93932E-06 0.88488E-05
   12118 -0.60865E-04 0.32270E-04-0.91244E-05 0.21022E-04 0.21578E-05-0.19844E-04
   12118  0.21761E-03-0.79539E-04-0.44141E-04-0.67103E-04-0.97894E-06 0.92321E-05
   12119 -0.57378E-04 0.30886E-04-0.95878E-05 0.19849E-04 0.22903E-05-0.21075E-04
   12119  0.21434E-03-0.77974E-04-0.44300E-04-0.65775E-04-0.10298E-05 0.96843E-05
   12120 -0.53748E-04 0.29440E-04-0.10070E-04 0.18706E-04 0.24314E-05-0.22313E-04
   12120  0.21093E-03-0.76327E-04-0.44459E-04-0.64635E-04-0.10925E-05 0.10211E-04
   12121 -0.50214E-04 0.28035E-04-0.10548E-04 0.17639E-04 0.25797E-05-0.23558E-04
   12121  0.20758E-03-0.74715E-04-0.44595E-04-0.63679E-04-0.11663E-05 0.10812E-04
   12122 -0.46923E-04 0.26733E-04-0.11013E-04 0.16666E-04 0.27332E-05-0.24813E-04
   12122  0.20446E-03-0.73215E-04-0.44697E-04-0.62878E-04-0.12499E-05 0.11485E-04
   12123 -0.44007E-04 0.25595E-04-0.11460E-04 0.15841E-04 0.28946E-05-0.26078E-04
   12123  0.20168E-03-0.71887E-04-0.44760E-04-0.62312E-04-0.13439E-05 0.12224E-04
   12124 -0.41656E-04 0.24697E-04-0.11870E-04 0.15232E-04 0.30673E-05-0.27355E-04
   12124  0.19943E-03-0.70816E-04-0.44767E-04-0.62090E-04-0.14491E-05 0.13022E-04
   12125 -0.40131E-04 0.24151E-04-0.12226E-04 0.14943E-04 0.32563E-05-0.28645E-04
   12125  0.19796E-03-0.70126E-04-0.44705E-04-0.62370E-04-0.15666E-05 0.13866E-04
   12126 -0.39736E-04 0.24079E-04-0.12493E-04 0.15088E-04 0.34657E-05-0.29953E-04
   12126  0.19758E-03-0.69958E-04-0.44550E-04-0.63300E-04-0.16964E-05 0.14736E-04
   12127 -0.40566E-04 0.24517E-04-0.12644E-04 0.15605E-04 0.36728E-05-0.31285E-04
   12127  0.19835E-03-0.70391E-04-0.44261E-04-0.64475E-04-0.18232E-05 0.15600E-04
   12128 -0.42085E-04 0.25270E-04-0.12767E-04 0.16176E-04 0.38427E-05-0.32650E-04
   12128  0.19978E-03-0.71209E-04-0.43903E-04-0.65119E-04-0.19262E-05 0.16430E-04
   12129 -0.43172E-04 0.25859E-04-0.12932E-04 0.16364E-04 0.39602E-05-0.34047E-04
   12129  0.20084E-03-0.71908E-04-0.43557E-04-0.64694E-04-0.19984E-05 0.17238E-04
   12130 -0.42895E-04 0.25880E-04-0.13209E-04 0.15977E-04 0.40481E-05-0.35466E-04
   12130  0.20064E-03-0.72011E-04-0.43310E-04-0.63365E-04-0.20562E-05 0.18063E-04
   12131 -0.41316E-04 0.25356E-04-0.13616E-04 0.15292E-04 0.41634E-05-0.36891E-04
   12131  0.19917E-03-0.71449E-04-0.43170E-04-0.62091E-04-0.21335E-05 0.18940E-04
   12132 -0.39365E-04 0.24662E-04-0.14058E-04 0.14740E-04 0.43448E-05-0.38308E-04
   12132  0.19730E-03-0.70628E-04-0.43053E-04-0.61709E-04-0.22546E-05 0.19902E-04
   12133 -0.38242E-04 0.24296E-04-0.14416E-04 0.14677E-04 0.45929E-05-0.39714E-04
   12133  0.19620E-03-0.70141E-04-0.42864E-04-0.62523E-04-0.24209E-05 0.20947E-04
   12134 -0.38950E-04 0.24704E-04-0.14648E-04 0.15356E-04 0.48868E-05-0.41121E-04
   12134  0.19682E-03-0.70474E-04-0.42534E-04-0.64474E-04-0.26170E-05 0.22027E-04
   12135 -0.41650E-04 0.25965E-04-0.14741E-04 0.16657E-04 0.51635E-05-0.42542E-04
   12135  0.19933E-03-0.71774E-04-0.42032E-04-0.66774E-04-0.28012E-05 0.23076E-04
   12136 -0.45369E-04 0.27676E-04-0.14762E-04 0.18052E-04 0.53610E-05-0.43990E-04
   12136  0.20289E-03-0.73667E-04-0.41440E-04-0.68341E-04-0.29344E-05 0.24063E-04
   12137 -0.48800E-04 0.29286E-04-0.14815E-04 0.19090E-04 0.54870E-05-0.45458E-04
   12137  0.20625E-03-0.75523E-04-0.40864E-04-0.68878E-04-0.30196E-05 0.24986E-04
   12138 -0.51299E-04 0.30508E-04-0.14947E-04 0.19763E-04 0.56050E-05-0.46938E-04
   12138  0.20872E-03-0.76949E-04-0.40348E-04-0.68990E-04-0.30959E-05 0.25878E-04
   12139 -0.53266E-04 0.31488E-04-0.15114E-04 0.20477E-04 0.57851E-05-0.48403E-04
   12139  0.21061E-03-0.78045E-04-0.39859E-04-0.69702E-04-0.32062E-05 0.26758E-04
   12140 -0.55734E-04 0.32659E-04-0.15233E-04 0.21643E-04 0.60408E-05-0.49854E-04
   12140  0.21289E-03-0.79287E-04-0.39312E-04-0.71485E-04-0.33583E-05 0.27627E-04
   12141 -0.59307E-04 0.34294E-04-0.15268E-04 0.23227E-04 0.63032E-05-0.51299E-04
   12141  0.21620E-03-0.81044E-04-0.38665E-04-0.73700E-04-0.35094E-05 0.28445E-04
   12142 -0.63564E-04 0.36233E-04-0.15250E-04 0.24816E-04 0.65025E-05-0.52750E-04
   12142  0.22020E-03-0.83201E-04-0.37958E-04-0.75390E-04-0.36169E-05 0.29189E-04
   12143 -0.67679E-04 0.38124E-04-0.15241E-04 0.26150E-04 0.66496E-05-0.54200E-04
   12143  0.22412E-03-0.85355E-04-0.37252E-04-0.76426E-04-0.36864E-05 0.29855E-04
   12144 -0.71443E-04 0.39859E-04-0.15253E-04 0.27453E-04 0.68197E-05-0.55638E-04
   12144  0.22766E-03-0.87314E-04-0.36555E-04-0.77611E-04-0.37618E-05 0.30453E-04
   12145 -0.75397E-04 0.41652E-04-0.15241E-04 0.29081E-04 0.70497E-05-0.57050E-04
   12145  0.23130E-03-0.89287E-04-0.35825E-04-0.79557E-04-0.38626E-05 0.30973E-04
   12146 -0.79954E-04 0.43691E-04-0.15165E-04 0.30935E-04 0.72803E-05-0.58443E-04
   12146  0.23549E-03-0.91540E-04-0.35029E-04-0.81724E-04-0.39534E-05 0.31391E-04
   12147 -0.84700E-04 0.45823E-04-0.15059E-04 0.32528E-04 0.74351E-05-0.59825E-04
   12147  0.23990E-03-0.93966E-04-0.34201E-04-0.83107E-04-0.39904E-05 0.31689E-04
   12148 -0.88741E-04 0.47666E-04-0.14974E-04 0.33497E-04 0.75071E-05-0.61184E-04
   12148  0.24366E-03-0.96144E-04-0.33391E-04-0.83340E-04-0.39732E-05 0.31880E-04
   12149 -0.91442E-04 0.48927E-04-0.14936E-04 0.33827E-04 0.75403E-05-0.62503E-04
   12149  0.24610E-03-0.97722E-04-0.32623E-04-0.82739E-04-0.39339E-05 0.32018E-04
   12150 -0.92790E-04 0.49575E-04-0.14935E-04 0.33811E-04 0.75906E-05-0.63740E-04
   12150  0.24717E-03-0.98625E-04-0.31901E-04-0.81992E-04-0.39101E-05 0.32158E-04
   12151 -0.93321E-04 0.49832E-04-0.14938E-04 0.33812E-04 0.76929E-05-0.64874E-04
   12151  0.24735E-03-0.99067E-04-0.31191E-04-0.81676E-04-0.39258E-05 0.32350E-04
   12152 -0.93732E-04 0.50004E-04-0.14914E-04 0.34038E-04 0.78404E-05-0.65888E-04
   12152  0.24732E-03-0.99380E-04-0.30464E-04-0.81943E-04-0.39793E-05 0.32608E-04
   12153 -0.94478E-04 0.50298E-04-0.14836E-04 0.34475E-04 0.79966E-05-0.66776E-04
   12153  0.24756E-03-0.99816E-04-0.29704E-04-0.82549E-04-0.40514E-05 0.32919E-04
   12154 -0.95662E-04 0.50768E-04-0.14700E-04 0.35035E-04 0.81328E-05-0.67531E-04
   12154  0.24818E-03-0.10045E-03-0.28917E-04-0.83231E-04-0.41254E-05 0.33260E-04
   12155 -0.97224E-04 0.51387E-04-0.14506E-04 0.35686E-04 0.82443E-05-0.68139E-04
   12155  0.24912E-03-0.10124E-03-0.28109E-04-0.83938E-04-0.41964E-05 0.33597E-04
   12156 -0.99003E-04 0.52085E-04-0.14251E-04 0.36285E-04 0.83103E-05-0.68587E-04
   12156  0.25022E-03-0.10213E-03-0.27285E-04-0.84416E-04-0.42525E-05 0.33912E-04
   12157 -0.10066E-03 0.52713E-04-0.13940E-04 0.36647E-04 0.83127E-05-0.68848E-04
   12157  0.25117E-03-0.10297E-03-0.26471E-04-0.84403E-04-0.42857E-05 0.34205E-04
   12158 -0.10192E-03 0.53132E-04-0.13571E-04 0.36783E-04 0.82716E-05-0.68882E-04
   12158  0.25166E-03-0.10359E-03-0.25686E-04-0.84059E-04-0.43110E-05 0.34504E-04
   12159 -0.10291E-03 0.53384E-04-0.13132E-04 0.37050E-04 0.82466E-05-0.68631E-04
   12159  0.25178E-03-0.10400E-03-0.24942E-04-0.84112E-04-0.43647E-05 0.34835E-04
   12160 -0.10439E-03 0.53777E-04-0.12576E-04 0.37973E-04 0.82872E-05-0.68046E-04
   12160  0.25222E-03-0.10447E-03-0.24224E-04-0.85397E-04-0.44756E-05 0.35182E-04
   12161 -0.10726E-03 0.54707E-04-0.11861E-04 0.39703E-04 0.83490E-05-0.67084E-04
   12161  0.25387E-03-0.10544E-03-0.23531E-04-0.87836E-04-0.46149E-05 0.35445E-04
   12162 -0.11177E-03 0.56302E-04-0.10946E-04 0.41939E-04 0.83404E-05-0.65727E-04
   12162  0.25705E-03-0.10710E-03-0.22878E-04-0.90631E-04-0.47211E-05 0.35489E-04
   12163 -0.11755E-03 0.58400E-04-0.98231E-05 0.44359E-04 0.82153E-05-0.63915E-04
   12163  0.26144E-03-0.10931E-03-0.22319E-04-0.93244E-04-0.47526E-05 0.35158E-04
   12164 -0.12408E-03 0.60748E-04-0.84706E-05 0.46781E-04 0.79707E-05-0.61551E-04
   12164  0.26650E-03-0.11180E-03-0.21904E-04-0.95534E-04-0.46956E-05 0.34324E-04
   12165 -0.13109E-03 0.63192E-04-0.68635E-05 0.49368E-04 0.76346E-05-0.58484E-04
   12165  0.27188E-03-0.11434E-03-0.21693E-04-0.97937E-04-0.45596E-05 0.32867E-04
   12166 -0.13861E-03 0.65716E-04-0.49368E-05 0.52230E-04 0.71961E-05-0.54521E-04
   12166  0.27762E-03-0.11691E-03-0.21726E-04-0.10066E-03-0.43316E-05 0.30630E-04
   12167 -0.14663E-03 0.68301E-04-0.26333E-05 0.55175E-04 0.65956E-05-0.49416E-04
   12167  0.28372E-03-0.11951E-03-0.22073E-04-0.10334E-03-0.39676E-05 0.27401E-04
   12168 -0.15495E-03 0.70831E-04 0.84028E-07 0.58067E-04 0.57864E-05-0.42829E-04
   12168  0.28996E-03-0.12200E-03-0.22811E-04-0.10581E-03-0.34289E-05 0.22898E-04
   12169 -0.16325E-03 0.73158E-04 0.32347E-05 0.60815E-04 0.47180E-05-0.34314E-04
   12169  0.29604E-03-0.12422E-03-0.24017E-04-0.10799E-03-0.26735E-05 0.16777E-04
   12170 -0.17121E-03 0.75133E-04 0.68015E-05 0.63429E-04 0.33287E-05-0.23311E-04
   12170  0.30165E-03-0.12597E-03-0.25740E-04-0.11002E-03-0.16501E-05 0.86023E-05
   12171 -0.17849E-03 0.76637E-04 0.10691E-04 0.65915E-04 0.15355E-05-0.91873E-05
   12171  0.30647E-03-0.12712E-03-0.27953E-04-0.11197E-03-0.28697E-06-0.21455E-05
   12172 -0.18462E-03 0.77569E-04 0.14653E-04 0.68145E-04-0.75360E-06 0.86393E-05
   12172  0.31010E-03-0.12754E-03-0.30493E-04-0.11374E-03 0.14991E-05-0.16001E-04
   12173 -0.18882E-03 0.77782E-04 0.18243E-04 0.69789E-04-0.35974E-05 0.30470E-04
   12173  0.31182E-03-0.12710E-03-0.33010E-04-0.11494E-03 0.37688E-05-0.33316E-04
   12174 -0.18997E-03 0.77093E-04 0.20791E-04 0.70327E-04-0.69595E-05 0.55995E-04
   12174  0.31066E-03-0.12561E-03-0.34968E-04-0.11498E-03 0.65050E-05-0.53944E-04
   12175 -0.18689E-03 0.75326E-04 0.21503E-04 0.69488E-04-0.10694E-04 0.83978E-04
   12175  0.30553E-03-0.12286E-03-0.35738E-04-0.11367E-03 0.95977E-05-0.76928E-04
   12176 -0.17889E-03 0.72424E-04 0.19794E-04 0.67217E-04-0.14543E-04 0.11214E-03
   12176  0.29576E-03-0.11881E-03-0.34703E-04-0.11108E-03 0.12835E-04-0.10037E-03
   12177 -0.16597E-03 0.68476E-04 0.15504E-04 0.63453E-04-0.18124E-04 0.13742E-03
   12177  0.28132E-03-0.11359E-03-0.31571E-04-0.10713E-03 0.15888E-04-0.12167E-03
   12178 -0.14887E-03 0.63621E-04 0.90849E-05 0.58165E-04-0.20953E-04 0.15666E-03
   12178  0.26288E-03-0.10742E-03-0.26578E-04-0.10163E-03 0.18335E-04-0.13807E-03
   12179 -0.12885E-03 0.58001E-04 0.14918E-05 0.51539E-04-0.22603E-04 0.16745E-03
   12179  0.24160E-03-0.10050E-03-0.20494E-04-0.94629E-04 0.19800E-04-0.14746E-03
   12180 -0.10746E-03 0.51716E-04-0.59642E-05 0.44088E-04-0.22896E-04 0.16876E-03
   12180  0.21890E-03-0.92981E-04-0.14387E-04-0.86629E-04 0.20119E-04-0.14887E-03
   12181 -0.86276E-04 0.44896E-04-0.12049E-04 0.36363E-04-0.21892E-04 0.16110E-03
   12181  0.19620E-03-0.85039E-04-0.92359E-05-0.78178E-04 0.19333E-04-0.14270E-03
   12182 -0.66478E-04 0.37688E-04-0.15929E-04 0.28843E-04-0.19860E-04 0.14623E-03
   12182  0.17461E-03-0.76872E-04-0.56722E-05-0.69809E-04 0.17671E-04-0.13041E-03
   12183 -0.48658E-04 0.30228E-04-0.17330E-04 0.21793E-04-0.17134E-04 0.12639E-03
   12183  0.15467E-03-0.68653E-04-0.38503E-05-0.61827E-04 0.15421E-04-0.11396E-03
   12184 -0.32679E-04 0.22560E-04-0.16483E-04 0.15186E-04-0.13989E-04 0.10367E-03
   12184  0.13627E-03-0.60465E-04-0.34780E-05-0.54162E-04 0.12820E-04-0.95148E-04
   12185 -0.17739E-04 0.14577E-04-0.13945E-04 0.88107E-05-0.10638E-04 0.79512E-04
   12185  0.11862E-03-0.52226E-04-0.39686E-05-0.46587E-04 0.10047E-04-0.75187E-04
   12186 -0.26228E-05 0.60572E-05-0.10443E-04 0.23527E-05-0.71946E-05 0.54453E-04
   12186  0.10051E-03-0.43724E-04-0.45801E-05-0.38797E-04 0.71861E-05-0.54448E-04
   12187  0.13664E-04-0.31080E-05-0.67281E-05-0.44171E-05-0.37330E-05 0.28645E-04
   12187  0.79437E-04-0.34158E-04-0.45414E-05-0.30102E-04 0.42649E-05-0.32764E-04
   12188  0.24799E-04-0.96739E-05-0.35553E-05-0.90460E-05-0.76266E-06 0.59032E-05
   12188  0.51912E-04-0.22147E-04-0.33703E-05-0.19446E-04 0.16038E-05-0.12425E-04
   12189  0.25544E-04-0.10713E-04-0.20521E-05-0.95308E-05 0.52259E-06-0.40404E-05
   12189  0.28041E-04-0.11813E-04-0.21411E-05-0.10469E-04 0.33548E-06-0.25980E-05
   12190  0.19392E-04-0.82676E-05-0.12650E-05-0.73042E-05 0.44527E-06-0.34298E-05
   12190  0.17175E-04-0.72557E-05-0.12630E-05-0.64519E-05 0.29995E-06-0.23101E-05
   12191  0.12625E-04-0.54028E-05-0.78274E-06-0.47432E-05 0.28914E-06-0.22360E-05
   12191  0.12389E-04-0.53021E-05-0.76753E-06-0.46535E-05 0.30560E-06-0.23643E-05
   12192  0.85234E-05-0.36731E-05-0.48106E-06-0.31542E-05 0.22076E-06-0.17362E-05
   12192  0.86183E-05-0.37182E-05-0.47722E-06-0.31910E-05 0.22815E-06-0.17940E-05
   12193  0.59190E-05-0.25698E-05-0.29837E-06-0.21579E-05 0.16713E-06-0.13360E-05
   12193  0.58313E-05-0.25307E-05-0.29621E-06-0.21257E-05 0.16223E-06-0.12968E-05
   12194  0.40641E-05-0.17713E-05-0.19001E-06-0.14852E-05 0.12182E-06-0.97229E-06
   12194  0.39772E-05-0.17329E-05-0.18721E-06-0.14534E-05 0.11953E-06-0.95402E-06
   12195  0.27537E-05-0.12045E-05-0.11652E-06-0.10289E-05 0.89392E-07-0.69892E-06
   12195  0.27220E-05-0.11906E-05-0.11509E-06-0.10172E-05 0.88765E-07-0.69401E-06
   12196  0.18504E-05-0.81078E-06-0.73726E-07-0.70244E-06 0.65091E-07-0.50165E-06
   12196  0.18478E-05-0.81006E-06-0.72693E-07-0.70155E-06 0.64478E-07-0.49692E-06
   12197  0.12265E-05-0.53888E-06-0.46709E-07-0.45924E-06 0.45760E-07-0.35791E-06
   12197  0.12223E-05-0.53721E-06-0.46132E-07-0.45776E-06 0.45107E-07-0.35279E-06
   12198  0.77972E-06-0.34311E-06-0.29754E-07-0.28333E-06 0.31072E-07-0.25032E-06
   12198  0.76528E-06-0.33664E-06-0.29458E-07-0.27808E-06 0.30551E-07-0.24612E-06
   12199  0.43402E-06-0.19032E-06-0.18252E-07-0.15572E-06 0.20026E-07-0.16293E-06
   12199  0.42221E-06-0.18497E-06-0.18114E-07-0.15145E-06 0.19699E-07-0.16027E-06
   12200  0.15975E-06-0.67129E-07-0.12880E-07-0.57360E-07 0.10494E-07-0.83826E-07
   12200  0.15747E-06-0.66172E-07-0.12689E-07-0.56556E-07 0.10267E-07-0.82034E-07
   12201  0.25522E-07-0.75376E-08-0.88484E-08-0.86953E-08 0.51811E-08-0.39824E-07
   12201  0.25813E-07-0.77041E-08-0.87772E-08-0.88107E-08 0.49345E-08-0.37932E-07
   12202  0.10053E-07-0.12612E-08-0.71443E-08-0.30287E-08 0.42964E-08-0.32679E-07
   12202  0.95486E-08-0.10273E-08-0.71526E-08-0.28306E-08 0.40623E-08-0.30899E-07
   12203  0.74256E-08-0.69259E-09-0.57965E-08-0.21328E-08 0.37832E-08-0.29348E-07
   12203  0.74444E-08-0.69568E-09-0.58084E-08-0.21374E-08 0.35644E-08-0.27650E-07
   12204  0.53326E-08-0.89727E-10-0.50438E-08-0.13828E-08 0.31722E-08-0.25318E-07
   12204  0.55053E-08-0.17001E-09-0.50411E-08-0.14472E-08 0.29612E-08-0.23632E-07
   12205  0.38610E-08 0.55271E-09-0.49790E-08-0.83240E-09 0.25444E-08-0.20531E-07
   12205  0.39667E-08 0.50228E-09-0.49746E-08-0.87166E-09 0.23336E-08-0.18830E-07
   12206  0.29903E-08 0.13026E-08-0.57316E-08-0.43021E-09 0.18775E-08-0.14922E-07
   12206  0.30169E-08 0.12936E-08-0.57385E-08-0.43919E-09 0.16598E-08-0.13197E-07
   12207  0.28366E-08 0.22115E-08-0.75305E-08-0.16402E-09 0.10729E-08-0.82923E-08
   12207  0.28408E-08 0.22209E-08-0.75548E-08-0.16263E-09 0.86211E-09-0.66735E-08
