#       Node          x             y             z             dx            dy            dz      
      1.  11651.    0.51907584    0.16562487    0.04500000    0.00000000    0.00000000    0.00000000
      2.  11652.    0.51908048   -0.13454548    0.04500000    0.00000000    0.00000000    0.00000000
      3.  11653.    0.51709499    0.16536949    0.04500000    0.00000000    0.00000000    0.00000000
      4.  11654.    0.51511483    0.16510886    0.04500000    0.00000000    0.00000000    0.00000000
      5.  11655.    0.51313521    0.16484416    0.04500000    0.00000000    0.00000000    0.00000000
      6.  11656.    0.51115566    0.16457892    0.04500000    0.00000000    0.00000000    0.00000000
      7.  11657.    0.50917560    0.16431761    0.04500000    0.00000000    0.00000000    0.00000000
      8.  11658.    0.50719486    0.16406137    0.04500000    0.00000000    0.00000000    0.00000000
      9.  11659.    0.50521391    0.16380682    0.04500000    0.00000000    0.00000000    0.00000000
     10.  11660.    0.50323342    0.16354869    0.04500000    0.00000000    0.00000000    0.00000000
     11.  11661.    0.50125360    0.16328551    0.04500000    0.00000000    0.00000000    0.00000000
     12.  11662.    0.49927390    0.16302140    0.04500000    0.00000000    0.00000000    0.00000000
     13.  11663.    0.49729360    0.16276182    0.04500000    0.00000000    0.00000000    0.00000000
     14.  11664.    0.49531265    0.16250726    0.04500000    0.00000000    0.00000000    0.00000000
     15.  11665.    0.49333183    0.16225174    0.04500000    0.00000000    0.00000000    0.00000000
     16.  11666.    0.49135176    0.16199043    0.04500000    0.00000000    0.00000000    0.00000000
     17.  11667.    0.48937211    0.16172594    0.04500000    0.00000000    0.00000000    0.00000000
     18.  11668.    0.48739220    0.16146343    0.04500000    0.00000000    0.00000000    0.00000000
     19.  11669.    0.48541186    0.16120416    0.04500000    0.00000000    0.00000000    0.00000000
     20.  11670.    0.48343151    0.16094497    0.04500000   -0.00000001    0.00000000    0.00000000
     21.  11671.    0.48145158    0.16068262    0.04500000   -0.00000001    0.00000000    0.00000000
     22.  11672.    0.47947191    0.16041827    0.04500000   -0.00000001    0.00000000    0.00000001
     23.  11673.    0.47749187    0.16015677    0.04500000   -0.00000001   -0.00000002    0.00000001
     24.  11674.    0.47551113    0.15990052    0.04500000   -0.00000001   -0.00000005    0.00000002
     25.  11675.    0.47353018    0.15964602    0.04500000   -0.00000001   -0.00000011    0.00000002
     26.  11676.    0.47154974    0.15938747    0.04500000    0.00000000   -0.00000018    0.00000002
     27.  11677.    0.46957002    0.15912359    0.04500000    0.00000000   -0.00000027    0.00000003
     28.  11678.    0.46759030    0.15885963    0.04500000    0.00000001   -0.00000037    0.00000003
     29.  11679.    0.46560998    0.15860022    0.04500000    0.00000002   -0.00000048    0.00000003
     30.  11680.    0.46362946    0.15834229    0.04500000    0.00000004   -0.00000059    0.00000004
     31.  11681.    0.46164962    0.15807925    0.04500000    0.00000005   -0.00000070    0.00000004
     32.  11682.    0.45967124    0.15780546    0.04500000    0.00000006   -0.00000082    0.00000004
     33.  11683.    0.45769468    0.15751884    0.04500000    0.00000008   -0.00000093    0.00000004
     34.  11684.    0.45571951    0.15722277    0.04500000    0.00000009   -0.00000104    0.00000004
     35.  11685.    0.45374509    0.15692170    0.04500000    0.00000010   -0.00000114    0.00000004
     36.  11686.    0.45177076    0.15662005    0.04500000    0.00000012   -0.00000124    0.00000004
     37.  11687.    0.44979591    0.15632184    0.04500000    0.00000013   -0.00000134    0.00000004
     38.  11688.    0.44782073    0.15602582    0.04500000    0.00000014   -0.00000143    0.00000004
     39.  11689.    0.44584573    0.15572861    0.04500000    0.00000015   -0.00000151    0.00000004
     40.  11690.    0.44387116    0.15542857    0.04500000    0.00000016   -0.00000158    0.00000004
     41.  11691.    0.44189680    0.15512712    0.04500000    0.00000017   -0.00000164    0.00000004
     42.  11692.    0.43992235    0.15482630    0.04500000    0.00000017   -0.00000169    0.00000004
     43.  11693.    0.43794782    0.15452596    0.04500000    0.00000018   -0.00000174    0.00000004
     44.  11694.    0.43597338    0.15422505    0.04500000    0.00000018   -0.00000176    0.00000004
     45.  11695.    0.43399919    0.15392250    0.04500000    0.00000018   -0.00000178    0.00000004
     46.  11696.    0.43202536    0.15361760    0.04500000    0.00000018   -0.00000178    0.00000004
     47.  11697.    0.43005171    0.15331153    0.04500000    0.00000018   -0.00000176    0.00000004
     48.  11698.    0.42807797    0.15300608    0.04500000    0.00000017   -0.00000173    0.00000004
     49.  11699.    0.42610386    0.15270300    0.04500000    0.00000017   -0.00000168    0.00000004
     50.  11700.    0.42412916    0.15240380    0.04500000    0.00000016   -0.00000160    0.00000003
     51.  11701.    0.42215408    0.15210710    0.04500000    0.00000014   -0.00000150    0.00000003
     52.  11702.    0.42017894    0.15181081    0.04500000    0.00000012   -0.00000138    0.00000003
     53.  11703.    0.41820404    0.15151296    0.04500000    0.00000010   -0.00000122    0.00000003
     54.  11704.    0.41622967    0.15121161    0.04500000    0.00000008   -0.00000103    0.00000002
     55.  11705.    0.41425581    0.15090688    0.04500000    0.00000004   -0.00000081    0.00000002
     56.  11706.    0.41228205    0.15060157    0.04500000    0.00000001   -0.00000055    0.00000001
     57.  11707.    0.41030791    0.15029870    0.04500000   -0.00000004   -0.00000024    0.00000001
     58.  11708.    0.40833321    0.14999950    0.04500000   -0.00000009    0.00000012    0.00000000
     59.  11709.    0.40635810    0.14970297    0.04500000   -0.00000015    0.00000053   -0.00000001
     60.  11710.    0.40438293    0.14940689    0.04500000   -0.00000021    0.00000101   -0.00000002
     61.  11711.    0.40240777    0.14911076    0.04500000   -0.00000029    0.00000155   -0.00000003
     62.  11712.    0.40043268    0.14881410    0.04500000   -0.00000038    0.00000218   -0.00000004
     63.  11713.    0.39845775    0.14851647    0.04500000   -0.00000048    0.00000288   -0.00000005
     64.  11714.    0.39648310    0.14821689    0.04500000   -0.00000059    0.00000369   -0.00000006
     65.  11715.    0.39450903    0.14791356    0.04500000   -0.00000073    0.00000460   -0.00000007
     66.  11716.    0.39253543    0.14760723    0.04500000   -0.00000088    0.00000564   -0.00000008
     67.  11717.    0.39056154    0.14730269    0.04500000   -0.00000105    0.00000683   -0.00000009
     68.  11718.    0.38858681    0.14700373    0.04500000   -0.00000125    0.00000818   -0.00000011
     69.  11719.    0.38661206    0.14670486    0.04500000   -0.00000148    0.00000973   -0.00000013
     70.  11720.    0.38463894    0.14639541    0.04500000   -0.00000174    0.00001150   -0.00000014
     71.  11721.    0.38266863    0.14606858    0.04500000   -0.00000207    0.00001353   -0.00000013
     72.  11722.    0.38070109    0.14572548    0.04500000   -0.00000247    0.00001588   -0.00000008
     73.  11723.    0.37873451    0.14537687    0.04500000   -0.00000294    0.00001862   -0.00000002
     74.  11724.    0.37676740    0.14503127    0.04500000   -0.00000349    0.00002184    0.00000003
     75.  11725.    0.37479997    0.14468751    0.04500000   -0.00000413    0.00002565    0.00000007
     76.  11726.    0.37283302    0.14434099    0.04500000   -0.00000491    0.00003018    0.00000012
     77.  11727.    0.37086663    0.14399132    0.04500000   -0.00000584    0.00003560    0.00000018
     78.  11728.    0.36889999    0.14364305    0.04500000   -0.00000696    0.00004210    0.00000023
     79.  11729.    0.36693247    0.14329979    0.04500000   -0.00000828    0.00004991    0.00000026
     80.  11730.    0.36496441    0.14295961    0.04500000   -0.00000985    0.00005924    0.00000027
     81.  11731.    0.36299665    0.14261775    0.04500000   -0.00001172    0.00007034    0.00000029
     82.  11732.    0.36102968    0.14227132    0.04500000   -0.00001395    0.00008338    0.00000032
     83.  11733.    0.35906344    0.14192080    0.04500000   -0.00001656    0.00009852    0.00000037
     84.  11734.    0.35709718    0.14157043    0.04500000   -0.00001955    0.00011586    0.00000041
     85.  11735.    0.35513018    0.14122422    0.04500000   -0.00002287    0.00013544    0.00000042
     86.  11736.    0.35316231    0.14088297    0.04500000   -0.00002650    0.00015724    0.00000037
     87.  11737.    0.35119389    0.14054489    0.04500000   -0.00003043    0.00018116    0.00000030
     88.  11738.    0.34922588    0.14020445    0.04500000   -0.00003472    0.00020709    0.00000023
     89.  11739.    0.34725921    0.13985637    0.04500000   -0.00003941    0.00023488    0.00000020
     90.  11740.    0.34529361    0.13950227    0.04500000   -0.00004447    0.00026437    0.00000020
     91.  11741.    0.34332767    0.13915007    0.04500000   -0.00004976    0.00029543    0.00000019
     92.  11742.    0.34136023    0.13880638    0.04500000   -0.00005514    0.00032793    0.00000010
     93.  11743.    0.33939155    0.13846981    0.04500000   -0.00006059    0.00036169   -0.00000003
     94.  11744.    0.33742285    0.13813342    0.04500000   -0.00006621    0.00039655   -0.00000018
     95.  11745.    0.33545525    0.13779063    0.04500000   -0.00007209    0.00043230   -0.00000029
     96.  11746.    0.33348907    0.13743975    0.04500000   -0.00007824    0.00046880   -0.00000036
     97.  11747.    0.33152346    0.13708573    0.04500000   -0.00008454    0.00050590   -0.00000043
     98.  11748.    0.32955739    0.13673428    0.04500000   -0.00009087    0.00054347   -0.00000051
     99.  11749.    0.32759028    0.13638865    0.04500000   -0.00009713    0.00058135   -0.00000062
    100.  11750.    0.32562208    0.13604933    0.04500000   -0.00010329    0.00061940   -0.00000078
    101.  11751.    0.32365381    0.13571041    0.04500000   -0.00010945    0.00065743   -0.00000094
    102.  11752.    0.32168691    0.13536359    0.04500000   -0.00011573    0.00069527   -0.00000107
    103.  11753.    0.31972246    0.13500324    0.04500000   -0.00012222    0.00073272   -0.00000115
    104.  11754.    0.31776074    0.13462824    0.04500000   -0.00012890    0.00076965   -0.00000117
    105.  11755.    0.31580125    0.13424180    0.04500000   -0.00013569    0.00080590   -0.00000115
    106.  11756.    0.31384296    0.13384931    0.04500000   -0.00014244    0.00084136   -0.00000111
    107.  11757.    0.31188490    0.13345563    0.04500000   -0.00014905    0.00087590   -0.00000108
    108.  11758.    0.30992663    0.13306301    0.04500000   -0.00015545    0.00090938   -0.00000105
    109.  11759.    0.30796821    0.13267114    0.04500000   -0.00016161    0.00094165   -0.00000103
    110.  11760.    0.30601011    0.13227768    0.04500000   -0.00016755    0.00097257   -0.00000100
    111.  11761.    0.30405255    0.13188156    0.04500000   -0.00017325    0.00100199   -0.00000097
    112.  11762.    0.30209508    0.13148499    0.04500000   -0.00017865    0.00102976   -0.00000094
    113.  11763.    0.30013716    0.13109064    0.04500000   -0.00018369    0.00105576   -0.00000091
    114.  11764.    0.29817881    0.13069846    0.04500000   -0.00018833    0.00107984   -0.00000090
    115.  11765.    0.29622048    0.13030610    0.04500000   -0.00019258    0.00110184   -0.00000088
    116.  11766.    0.29426263    0.12991145    0.04500000   -0.00019644    0.00112161   -0.00000086
    117.  11767.    0.29230508    0.12951525    0.04500000   -0.00019986    0.00113902   -0.00000083
    118.  11768.    0.29034766    0.12911843    0.04500000   -0.00020279    0.00115391   -0.00000081
    119.  11769.    0.28839018    0.12872189    0.04500000   -0.00020520    0.00116614   -0.00000079
    120.  11770.    0.28643253    0.12832622    0.04500000   -0.00020705    0.00117557   -0.00000077
    121.  11771.    0.28447480    0.12793090    0.04500000   -0.00020832    0.00118206   -0.00000075
    122.  11772.    0.28251714    0.12753527    0.04500000   -0.00020898    0.00118544   -0.00000073
    123.  11773.    0.28055968    0.12713866    0.04500000   -0.00020898    0.00118559   -0.00000071
    124.  11774.    0.27860237    0.12674127    0.04500000   -0.00020829    0.00118236   -0.00000069
    125.  11775.    0.27664485    0.12634496    0.04500000   -0.00020688    0.00117559   -0.00000067
    126.  11776.    0.27468676    0.12595144    0.04500000   -0.00020472    0.00116514   -0.00000065
    127.  11777.    0.27272830    0.12555978    0.04500000   -0.00020179    0.00115086   -0.00000063
    128.  11778.    0.27077004    0.12516711    0.04500000   -0.00019801    0.00113261   -0.00000061
    129.  11779.    0.26881246    0.12477110    0.04500000   -0.00019332    0.00111025   -0.00000059
    130.  11780.    0.26685547    0.12437214    0.04500000   -0.00018768    0.00108363   -0.00000057
    131.  11781.    0.26489899    0.12397070    0.04500000   -0.00018102    0.00105260   -0.00000055
    132.  11782.    0.26294299    0.12356696    0.04500000   -0.00017331    0.00101702   -0.00000053
    133.  11783.    0.26098834    0.12315671    0.04500000   -0.00016440    0.00097678   -0.00000051
    134.  11784.    0.25903634    0.12273406    0.04500000   -0.00015408    0.00093176   -0.00000049
    135.  11785.    0.25708763    0.12229646    0.04500000   -0.00014218    0.00088187   -0.00000048
    136.  11786.    0.25514145    0.12184778    0.04500000   -0.00012867    0.00082697   -0.00000047
    137.  11787.    0.25319651    0.12139370    0.04500000   -0.00011364    0.00076692   -0.00000047
    138.  11788.    0.25125168    0.12093917    0.04500000   -0.00009716    0.00070155   -0.00000046
    139.  11789.    0.24930620    0.12048743    0.04500000   -0.00007932    0.00063072   -0.00000046
    140.  11790.    0.24736022    0.12003786    0.04500000   -0.00006004    0.00055431   -0.00000045
    141.  11791.    0.24541426    0.11958817    0.04500000   -0.00003919    0.00047221   -0.00000044
    142.  11792.    0.24346872    0.11913669    0.04500000   -0.00001666    0.00038433   -0.00000043
    143.  11793.    0.24152333    0.11868455    0.04500000    0.00000759    0.00029053   -0.00000043
    144.  11794.    0.23957715    0.11823587    0.04500000    0.00003338    0.00019063   -0.00000042
    145.  11795.    0.23762958    0.11779321    0.04500000    0.00006062    0.00008446   -0.00000041
    146.  11796.    0.23568149    0.11735288    0.04500000    0.00008954   -0.00002805   -0.00000040
    147.  11797.    0.23373468    0.11690688    0.04500000    0.00012068   -0.00014691   -0.00000039
    148.  11798.    0.23179012    0.11645124    0.04500000    0.00015438   -0.00027217   -0.00000039
    149.  11799.    0.22984636    0.11599215    0.04500000    0.00019035   -0.00040403   -0.00000039
    150.  11800.    0.22790137    0.11553830    0.04500000    0.00022807   -0.00054278   -0.00000039
    151.  11801.    0.22595481    0.11509122    0.04500000    0.00026744   -0.00068857   -0.00000038
    152.  11802.    0.22400774    0.11464639    0.04500000    0.00030883   -0.00084146   -0.00000037
    153.  11803.    0.22206159    0.11419753    0.04500000    0.00035282   -0.00100143   -0.00000037
    154.  11804.    0.22011669    0.11374331    0.04500000    0.00039961   -0.00116855   -0.00000036
    155.  11805.    0.21817186    0.11328879    0.04500000    0.00044887   -0.00134307   -0.00000035
    156.  11806.    0.21622625    0.11283759    0.04500000    0.00050033   -0.00152519   -0.00000034
    157.  11807.    0.21428085    0.11238553    0.04500000    0.00055444   -0.00171493   -0.00000033
    158.  11808.    0.21233754    0.11192453    0.04500000    0.00061211   -0.00191216   -0.00000032
    159.  11809.    0.21039763    0.11144949    0.04500000    0.00067403   -0.00211681   -0.00000031
    160.  11810.    0.20846099    0.11096124    0.04500000    0.00074029   -0.00232896   -0.00000031
    161.  11811.    0.20652677    0.11046350    0.04500000    0.00081065   -0.00254881   -0.00000030
    162.  11812.    0.20459385    0.10996071    0.04500000    0.00088476   -0.00277658   -0.00000030
    163.  11813.    0.20266148    0.10945584    0.04500000    0.00096237   -0.00301247   -0.00000029
    164.  11814.    0.20072996    0.10894769    0.04500000    0.00104373   -0.00325653   -0.00000028
    165.  11815.    0.19879986    0.10843421    0.04500000    0.00112923   -0.00350875   -0.00000028
    166.  11816.    0.19687174    0.10791334    0.04500000    0.00121926   -0.00376909   -0.00000027
    167.  11817.    0.19494561    0.10738516    0.04500000    0.00131397   -0.00403762   -0.00000026
    168.  11818.    0.19301945    0.10685707    0.04500000    0.00141244   -0.00431477   -0.00000025
    169.  11819.    0.19109123    0.10633658    0.04500000    0.00151364   -0.00460103   -0.00000024
    170.  11820.    0.18916047    0.10582557    0.04500000    0.00161730   -0.00489660   -0.00000022
    171.  11821.    0.18722803    0.10532097    0.04500000    0.00172392   -0.00520143   -0.00000020
    172.  11822.    0.18529522    0.10481773    0.04500000    0.00183434   -0.00551536   -0.00000018
    173.  11823.    0.18336313    0.10431179    0.04500000    0.00194932   -0.00583823   -0.00000016
    174.  11824.    0.18143220    0.10380145    0.04500000    0.00206928   -0.00617002   -0.00000014
    175.  11825.    0.17950204    0.10328816    0.04500000    0.00219410   -0.00651087   -0.00000012
    176.  11826.    0.17757195    0.10277463    0.04500000    0.00232340   -0.00686103   -0.00000010
    177.  11827.    0.17564147    0.10226258    0.04500000    0.00245697   -0.00722069   -0.00000008
    178.  11828.    0.17371075    0.10175142    0.04500000    0.00259498   -0.00758986   -0.00000006
    179.  11829.    0.17178106    0.10123637    0.04500000    0.00273847   -0.00796826   -0.00000004
    180.  11830.    0.16985385    0.10071215    0.04500000    0.00288860   -0.00835550   -0.00000002
    181.  11831.    0.16793006    0.10017551    0.04500000    0.00304621   -0.00875128   -0.00000001
    182.  11832.    0.16601019    0.09962503    0.04500000    0.00321181   -0.00915541    0.00000000
    183.  11833.    0.16409386    0.09906233    0.04500000    0.00338522   -0.00956792    0.00000001
    184.  11834.    0.16218020    0.09849060    0.04500000    0.00356592   -0.00998901    0.00000001
    185.  11835.    0.16026835    0.09791285    0.04500000    0.00375339   -0.01041889    0.00000001
    186.  11836.    0.15835792    0.09733042    0.04500000    0.00394727   -0.01085624    0.00000001
    187.  11837.    0.15644856    0.09674452    0.04500000    0.00414414   -0.01129523    0.00000001
    188.  11838.    0.15453986    0.09615644    0.04500000    0.00434177   -0.01173333    0.00000001
    189.  11839.    0.15263038    0.09557090    0.04500000    0.00453911   -0.01217135    0.00000000
    190.  11840.    0.15071853    0.09499318    0.04500000    0.00473487   -0.01261011    0.00000000
    191.  11841.    0.14880410    0.09442404    0.04500000    0.00492826   -0.01304943    0.00000001
    192.  11842.    0.14688986    0.09385425    0.04500000    0.00512139   -0.01348978    0.00000001
    193.  11843.    0.14497900    0.09327325    0.04500000    0.00531960   -0.01393592    0.00000002
    194.  11844.    0.14307137    0.09268173    0.04500000    0.00552532   -0.01438961    0.00000003
    195.  11845.    0.14116411    0.09208899    0.04500000    0.00573653   -0.01485157    0.00000004
    196.  11846.    0.13925405    0.09150537    0.04500000    0.00595045   -0.01532249    0.00000005
    197.  11847.    0.13734050    0.09093329    0.04500000    0.00616615   -0.01580219    0.00000007
    198.  11848.    0.13542648    0.09036278    0.04500000    0.00638582   -0.01628910    0.00000008
    199.  11849.    0.13351605    0.08978036    0.04500000    0.00661268   -0.01678118    0.00000009
    200.  11850.    0.13161199    0.08917748    0.04500000    0.00684876   -0.01727682    0.00000011
    201.  11851.    0.12971505    0.08855256    0.04500000    0.00709431   -0.01777521    0.00000012
    202.  11852.    0.12782466    0.08790808    0.04500000    0.00734851   -0.01827607    0.00000013
    203.  11853.    0.12593877    0.08725052    0.04500000    0.00760942   -0.01877971    0.00000014
    204.  11854.    0.12405508    0.08658667    0.04500000    0.00787496   -0.01928658    0.00000015
    205.  11855.    0.12217185    0.08592154    0.04500000    0.00814350   -0.01979693    0.00000016
    206.  11856.    0.12028786    0.08525856    0.04500000    0.00841380   -0.02031079    0.00000017
    207.  11857.    0.11840314    0.08459766    0.04500000    0.00868555   -0.02082773    0.00000018
    208.  11858.    0.11651805    0.08393781    0.04500000    0.00895872   -0.02134715    0.00000019
    209.  11859.    0.11463296    0.08327796    0.04500000    0.00923329   -0.02186848    0.00000019
    210.  11860.    0.11274811    0.08261744    0.04500000    0.00950912   -0.02239118    0.00000020
    211.  11861.    0.11086292    0.08195787    0.04500000    0.00978544   -0.02291505    0.00000021
    212.  11862.    0.10897664    0.08130142    0.04500000    0.01006134   -0.02343997    0.00000021
    213.  11863.    0.10708951    0.08064744    0.04500000    0.01033667   -0.02396541    0.00000022
    214.  11864.    0.10520322    0.07999103    0.04500000    0.01061247   -0.02449023    0.00000022
    215.  11865.    0.10332028    0.07932510    0.04500000    0.01089041   -0.02501294    0.00000022
    216.  11866.    0.10144348    0.07864205    0.04500000    0.01117223   -0.02553197    0.00000022
    217.  11867.    0.09957527    0.07793586    0.04500000    0.01145926   -0.02604593    0.00000022
    218.  11868.    0.09771607    0.07720629    0.04500000    0.01175116   -0.02655428    0.00000022
    219.  11869.    0.09586485    0.07645666    0.04500000    0.01204663   -0.02705710    0.00000022
    220.  11870.    0.09401835    0.07569548    0.04500000    0.01234299   -0.02755529    0.00000022
    221.  11871.    0.09217325    0.07493092    0.04500000    0.01263766   -0.02804974    0.00000022
    222.  11872.    0.09032792    0.07416691    0.04500000    0.01292925   -0.02854066    0.00000022
    223.  11873.    0.08848178    0.07340483    0.04500000    0.01321707   -0.02902784    0.00000021
    224.  11874.    0.08663471    0.07264505    0.04500000    0.01350070   -0.02951088    0.00000021
    225.  11875.    0.08478628    0.07188856    0.04500000    0.01377957   -0.02998949    0.00000020
    226.  11876.    0.08293645    0.07113552    0.04500000    0.01405335   -0.03046324    0.00000018
    227.  11877.    0.08108639    0.07038303    0.04500000    0.01432246   -0.03093122    0.00000017
    228.  11878.    0.07923870    0.06962472    0.04500000    0.01458817   -0.03139208    0.00000015
    229.  11879.    0.07739725    0.06885143    0.04500000    0.01485240   -0.03184407    0.00000014
    230.  11880.    0.07556599    0.06805433    0.04500000    0.01511684   -0.03228550    0.00000013
    231.  11881.    0.07374734    0.06722886    0.04500000    0.01538205   -0.03271532    0.00000012
    232.  11882.    0.07194216    0.06637433    0.04500000    0.01564763   -0.03313301    0.00000011
    233.  11883.    0.07014629    0.06550039    0.04500000    0.01591080   -0.03353961    0.00000010
    234.  11884.    0.06835346    0.06462021    0.04500000    0.01616815   -0.03393666    0.00000010
    235.  11885.    0.06655854    0.06374429    0.04500000    0.01641704   -0.03432518    0.00000009
    236.  11886.    0.06475928    0.06287733    0.04500000    0.01665623   -0.03470528    0.00000008
    237.  11887.    0.06295795    0.06201468    0.04500000    0.01688647   -0.03507580    0.00000006
    238.  11888.    0.06115805    0.06114905    0.04500000    0.01710900   -0.03543529    0.00000005
    239.  11889.    0.05936240    0.06027464    0.04500000    0.01732464   -0.03578260    0.00000003
    240.  11890.    0.05757310    0.05938731    0.04500000    0.01753380   -0.03611682    0.00000002
    241.  11891.    0.05579277    0.05848212    0.04500000    0.01773774   -0.03643731    0.00000001
    242.  11892.    0.05402526    0.05755220    0.04500000    0.01794241   -0.03674575    0.00000000
    243.  11893.    0.05227433    0.05659142    0.04500000    0.01815291   -0.03705013    0.00000000
    244.  11894.    0.05053989    0.05560117    0.04500000    0.01836850   -0.03735215    0.00000000
    245.  11895.    0.04881839    0.05458856    0.04500000    0.01858699   -0.03765208    0.00000000
    246.  11896.    0.04710247    0.05356650    0.04500000    0.01880635   -0.03795143    0.00000000
    247.  11897.    0.04538538    0.05254644    0.04500000    0.01902539   -0.03825185    0.00000000
    248.  11898.    0.04366573    0.05153066    0.04500000    0.01924176   -0.03855091    0.00000000
    249.  11899.    0.04194543    0.05051602    0.04500000    0.01944981   -0.03884085    0.00000000
    250.  11900.    0.04023196    0.04948989    0.04500000    0.01964855   -0.03911643    0.00000000
    251.  11901.    0.03853566    0.04843567    0.04500000    0.01983908   -0.03937423    0.00000000
    252.  11902.    0.03686680    0.04733858    0.04500000    0.02002240   -0.03961198    0.00000000
    253.  11903.    0.03522950    0.04619491    0.04500000    0.02019771   -0.03982893    0.00000000
    254.  11904.    0.03361702    0.04501645    0.04500000    0.02036218   -0.04002601    0.00000000
    255.  11905.    0.03201586    0.04382261    0.04500000    0.02051249   -0.04020475    0.00000000
    256.  11906.    0.03041551    0.04262769    0.04500000    0.02064643   -0.04036578    0.00000000
    257.  11907.    0.02881632    0.04143122    0.04500000    0.02076363   -0.04050821    0.00000000
    258.  11908.    0.02722876    0.04021937    0.04500000    0.02086475   -0.04063032    0.00000000
    259.  11909.    0.02566340    0.03897903    0.04500000    0.02094992   -0.04073080    0.00000000
    260.  11910.    0.02412709    0.03770289    0.04500000    0.02101843   -0.04080904    0.00000000
    261.  11911.    0.02261556    0.03639746    0.04500000    0.02106873   -0.04086511    0.00000000
    262.  11912.    0.02112147    0.03507208    0.04500000    0.02109950   -0.04089900    0.00000000
    263.  11913.    0.01964231    0.03373006    0.04500000    0.02110983   -0.04091030    0.00000000
    264.  11914.    0.01818286    0.03236666    0.04500000    0.02109895   -0.04089856    0.00000000
    265.  11915.    0.01675380    0.03097149    0.04500000    0.02106868   -0.04086687    0.00000000
    266.  11916.    0.01536661    0.02953472    0.04500000    0.02103311   -0.04083150    0.00000000
    267.  11917.    0.01402753    0.02805299    0.04500000    0.02099748   -0.04079814    0.00000000
    268.  11918.    0.01273239    0.02653269    0.04500000    0.02096133   -0.04076605    0.00000001
    269.  11919.    0.01147545    0.02498063    0.04500000    0.02092564   -0.04073592    0.00000001
    270.  11920.    0.01025066    0.02340305    0.04500000    0.02088358   -0.04070211    0.00000003
    271.  11921.    0.00905424    0.02180386    0.04500000    0.02081621   -0.04064944    0.00000005
    272.  11922.    0.00789136    0.02018013    0.04500000    0.02072029   -0.04057626    0.00000007
    273.  11923.    0.00677048    0.01852716    0.04500000    0.02059584   -0.04048466    0.00000009
    274.  11924.    0.00570402    0.01683861    0.04500000    0.02044240   -0.04037738    0.00000010
    275.  11925.    0.00470559    0.01510902    0.04500000    0.02025923   -0.04025782    0.00000011
    276.  11926.    0.00378854    0.01333500    0.04500000    0.02004553   -0.04012987    0.00000012
    277.  11927.    0.00296557    0.01151547    0.04500000    0.01980060   -0.03999782    0.00000012
    278.  11928.    0.00224874    0.00965162    0.04500000    0.01952403   -0.03986630    0.00000012
    279.  11929.    0.00164911    0.00774688    0.04500000    0.01921577   -0.03974014    0.00000011
    280.  11930.    0.00117682    0.00580669    0.04500000    0.01887628   -0.03962434    0.00000009
    281.  11931.    0.00084060    0.00383838    0.04500000    0.01850652   -0.03952388    0.00000007
    282.  11932.    0.00064730    0.00185096    0.04500000    0.01810809   -0.03944357    0.00000004
    283.  11933.    0.00060173   -0.00014529    0.04500000    0.01768320   -0.03938787    0.00000001
    284.  11934.    0.00070590   -0.00213934    0.04500000    0.01723457   -0.03936064   -0.00000003
    285.  11935.    0.00095967   -0.00411992    0.04500000    0.01676540   -0.03936517   -0.00000006
    286.  11936.    0.00136016   -0.00607613    0.04500000    0.01627916   -0.03940389   -0.00000010
    287.  11937.    0.00190274   -0.00799780    0.04500000    0.01577946   -0.03947855   -0.00000014
    288.  11938.    0.00258099   -0.00987591    0.04500000    0.01526994   -0.03959011   -0.00000017
    289.  11939.    0.00338714   -0.01170281    0.04500000    0.01475412   -0.03973883   -0.00000021
    290.  11940.    0.00431178   -0.01347274    0.04500000    0.01423521   -0.03992413   -0.00000023
    291.  11941.    0.00534397   -0.01518224    0.04500000    0.01371594   -0.04014456   -0.00000026
    292.  11942.    0.00647050   -0.01683116    0.04500000    0.01319822   -0.04039755   -0.00000028
    293.  11943.    0.00767727   -0.01842238    0.04500000    0.01268310   -0.04067978   -0.00000030
    294.  11944.    0.00895034   -0.01996113    0.04500000    0.01217090   -0.04098750   -0.00000032
    295.  11945.    0.01027729   -0.02145372    0.04500000    0.01166145   -0.04131705   -0.00000033
    296.  11946.    0.01165202   -0.02290241    0.04500000    0.01115541   -0.04166665   -0.00000034
    297.  11947.    0.01307357   -0.02430519    0.04500000    0.01065448   -0.04203615   -0.00000035
    298.  11948.    0.01454437   -0.02565620    0.04500000    0.01016132   -0.04242657   -0.00000036
    299.  11949.    0.01606544   -0.02695036    0.04500000    0.00967841   -0.04283846   -0.00000036
    300.  11950.    0.01763169   -0.02818951    0.04500000    0.00920635   -0.04327002   -0.00000037
    301.  11951.    0.01923003   -0.02938705    0.04500000    0.00874237   -0.04371623   -0.00000037
    302.  11952.    0.02084774   -0.03055834    0.04500000    0.00828297   -0.04417193   -0.00000037
    303.  11953.    0.02247772   -0.03171251    0.04500000    0.00782628   -0.04463399   -0.00000038
    304.  11954.    0.02412369   -0.03284372    0.04500000    0.00737461   -0.04510353   -0.00000038
    305.  11955.    0.02579377   -0.03393897    0.04500000    0.00693232   -0.04558344   -0.00000038
    306.  11956.    0.02749368   -0.03498730    0.04500000    0.00650324   -0.04607575   -0.00000039
    307.  11957.    0.02921801   -0.03599505    0.04500000    0.00608614   -0.04657793   -0.00000040
    308.  11958.    0.03095647   -0.03697825    0.04500000    0.00567689   -0.04708536   -0.00000040
    309.  11959.    0.03270234   -0.03794824    0.04500000    0.00527267   -0.04759482   -0.00000041
    310.  11960.    0.03445855   -0.03889935    0.04500000    0.00487561   -0.04810709   -0.00000042
    311.  11961.    0.03623347   -0.03981501    0.04500000    0.00449097   -0.04862523   -0.00000043
    312.  11962.    0.03803008   -0.04068735    0.04500000    0.00412143   -0.04915006   -0.00000043
    313.  11963.    0.03983957   -0.04153275    0.04500000    0.00376257   -0.04967743   -0.00000044
    314.  11964.    0.04164935   -0.04237753    0.04500000    0.00340707   -0.05020157   -0.00000045
    315.  11965.    0.04345103   -0.04323943    0.04500000    0.00305020   -0.05071855   -0.00000046
    316.  11966.    0.04525303   -0.04410067    0.04500000    0.00269750   -0.05123148   -0.00000047
    317.  11967.    0.04706866   -0.04493269    0.04500000    0.00235740   -0.05174537   -0.00000048
    318.  11968.    0.04890653   -0.04571430    0.04500000    0.00203609   -0.05226322   -0.00000049
    319.  11969.    0.05076235   -0.04645241    0.04500000    0.00173173   -0.05278277   -0.00000050
    320.  11970.    0.05262646   -0.04716937    0.04500000    0.00143818   -0.05329957   -0.00000051
    321.  11971.    0.05449105   -0.04788511    0.04500000    0.00115011   -0.05380997   -0.00000051
    322.  11972.    0.05635347   -0.04860646    0.04500000    0.00086593   -0.05431254   -0.00000052
    323.  11973.    0.05821538   -0.04932914    0.04500000    0.00058707   -0.05480756   -0.00000053
    324.  11974.    0.06007903   -0.05004731    0.04500000    0.00031533   -0.05529550   -0.00000053
    325.  11975.    0.06194662   -0.05075515    0.04500000    0.00005238   -0.05577675   -0.00000054
    326.  11976.    0.06382008   -0.05144730    0.04500000   -0.00020028   -0.05625156   -0.00000054
    327.  11977.    0.06570090   -0.05211921    0.04500000   -0.00044146   -0.05672001   -0.00000054
    328.  11978.    0.06759011   -0.05276710    0.04500000   -0.00067025   -0.05718197   -0.00000054
    329.  11979.    0.06948659   -0.05339344    0.04500000   -0.00088732   -0.05763655   -0.00000054
    330.  11980.    0.07138787   -0.05400507    0.04500000   -0.00109435   -0.05808245   -0.00000054
    331.  11981.    0.07329079   -0.05461160    0.04500000   -0.00129358   -0.05851818   -0.00000054
    332.  11982.    0.07519285   -0.05522078    0.04500000   -0.00148669   -0.05894259   -0.00000053
    333.  11983.    0.07709335   -0.05583485    0.04500000   -0.00167403   -0.05935514   -0.00000053
    334.  11984.    0.07899305   -0.05645136    0.04500000   -0.00185493   -0.05975576   -0.00000052
    335.  11985.    0.08089342   -0.05706583    0.04500000   -0.00202836   -0.06014456   -0.00000052
    336.  11986.    0.08279631   -0.05767242    0.04500000   -0.00219312   -0.06052170   -0.00000051
    337.  11987.    0.08470336   -0.05826579    0.04500000   -0.00234823   -0.06088723   -0.00000050
    338.  11988.    0.08661536   -0.05884303    0.04500000   -0.00249327   -0.06124097   -0.00000049
    339.  11989.    0.08853260   -0.05940262    0.04500000   -0.00262818   -0.06158257   -0.00000048
    340.  11990.    0.09045433   -0.05994657    0.04500000   -0.00275354   -0.06191147   -0.00000047
    341.  11991.    0.09237948   -0.06047831    0.04500000   -0.00287014   -0.06222707   -0.00000046
    342.  11992.    0.09430651   -0.06100320    0.04500000   -0.00297902   -0.06252872   -0.00000045
    343.  11993.    0.09623379   -0.06152720    0.04500000   -0.00308119   -0.06281581   -0.00000044
    344.  11994.    0.09816010   -0.06205475    0.04500000   -0.00317735   -0.06308789   -0.00000043
    345.  11995.    0.10008507   -0.06258714    0.04500000   -0.00326765   -0.06334469   -0.00000042
    346.  11996.    0.10200957   -0.06312125    0.04500000   -0.00335167   -0.06358617   -0.00000040
    347.  11997.    0.10393501   -0.06365192    0.04500000   -0.00342886   -0.06381233   -0.00000039
    348.  11998.    0.10586177   -0.06417782    0.04500000   -0.00349919   -0.06402300   -0.00000037
    349.  11999.    0.10778817   -0.06470501    0.04500000   -0.00356343   -0.06421776   -0.00000036
    350.  12000.    0.10971266   -0.06523914    0.04500000   -0.00362217   -0.06439625   -0.00000034
    351.  12001.    0.11163769   -0.06577132    0.04500000   -0.00367464   -0.06455860   -0.00000033
    352.  12002.    0.11356763   -0.06628537    0.04500000   -0.00371974   -0.06470502   -0.00000031
    353.  12003.    0.11550593   -0.06676688    0.04500000   -0.00375693   -0.06483552   -0.00000030
    354.  12004.    0.11745028   -0.06722342    0.04500000   -0.00378734   -0.06494965   -0.00000029
    355.  12005.    0.11939501   -0.06767840    0.04500000   -0.00381271   -0.06504688   -0.00000028
    356.  12006.    0.12133622   -0.06814813    0.04500000   -0.00383387   -0.06512695   -0.00000027
    357.  12007.    0.12327520   -0.06862698    0.04500000   -0.00385054   -0.06518990   -0.00000026
    358.  12008.    0.12521608   -0.06909808    0.04500000   -0.00386228   -0.06523583   -0.00000024
    359.  12009.    0.12716063   -0.06955381    0.04500000   -0.00386929   -0.06526467   -0.00000023
    360.  12010.    0.12910612   -0.07000551    0.04500000   -0.00387206   -0.06527631   -0.00000022
    361.  12011.    0.13104919   -0.07046746    0.04500000   -0.00387076   -0.06527073   -0.00000021
    362.  12012.    0.13298942   -0.07094126    0.04500000   -0.00386537   -0.06524796   -0.00000019
    363.  12013.    0.13492849   -0.07141977    0.04500000   -0.00385597   -0.06520801   -0.00000018
    364.  12014.    0.13686870   -0.07189362    0.04500000   -0.00384292   -0.06515085   -0.00000017
    365.  12015.    0.13881094   -0.07235909    0.04500000   -0.00382660   -0.06507644   -0.00000015
    366.  12016.    0.14075449   -0.07281904    0.04500000   -0.00380721   -0.06498481   -0.00000014
    367.  12017.    0.14269899   -0.07327498    0.04500000   -0.00378490   -0.06487602   -0.00000013
    368.  12018.    0.14464515   -0.07372381    0.04500000   -0.00376012   -0.06475008   -0.00000012
    369.  12019.    0.14659373   -0.07416195    0.04500000   -0.00373341   -0.06460699   -0.00000011
    370.  12020.    0.14854444   -0.07459056    0.04500000   -0.00370504   -0.06444686   -0.00000011
    371.  12021.    0.15049604   -0.07501508    0.04500000   -0.00367483   -0.06426986   -0.00000010
    372.  12022.    0.15244769   -0.07543934    0.04500000   -0.00364263   -0.06407617   -0.00000010
    373.  12023.    0.15439982   -0.07586144    0.04500000   -0.00360882   -0.06386591   -0.00000009
    374.  12024.    0.15635317   -0.07627785    0.04500000   -0.00357400   -0.06363916   -0.00000009
    375.  12025.    0.15830747   -0.07668974    0.04500000   -0.00353825   -0.06339612   -0.00000009
    376.  12026.    0.16026166   -0.07710218    0.04500000   -0.00350114   -0.06313706   -0.00000008
    377.  12027.    0.16221463   -0.07752035    0.04500000   -0.00346206   -0.06286228   -0.00000008
    378.  12028.    0.16416613   -0.07794531    0.04500000   -0.00342092   -0.06257203   -0.00000008
    379.  12029.    0.16611726   -0.07837202    0.04500000   -0.00337852   -0.06226641   -0.00000007
    380.  12030.    0.16806910   -0.07879543    0.04500000   -0.00333580   -0.06194554   -0.00000007
    381.  12031.    0.17002176   -0.07921506    0.04500000   -0.00329302   -0.06160965   -0.00000006
    382.  12032.    0.17197467   -0.07963349    0.04500000   -0.00324989   -0.06125907   -0.00000006
    383.  12033.    0.17392740   -0.08005278    0.04500000   -0.00320617   -0.06089411   -0.00000005
    384.  12034.    0.17588000   -0.08047269    0.04500000   -0.00316200   -0.06051505   -0.00000004
    385.  12035.    0.17783285   -0.08089142    0.04500000   -0.00311804   -0.06012268   -0.00000003
    386.  12036.    0.17978643   -0.08130676    0.04500000   -0.00307607   -0.05972139   -0.00000002
    387.  12037.    0.18174112   -0.08171681    0.04500000   -0.00303582   -0.05931937   -0.00000001
    388.  12038.    0.18369731   -0.08211962    0.04500000   -0.00299705   -0.05891775   -0.00000001
    389.  12039.    0.18565530   -0.08251365    0.04500000   -0.00295967   -0.05851583   -0.00000002
    390.  12040.    0.18761484   -0.08289986    0.04500000   -0.00292328   -0.05811374   -0.00000003
    391.  12041.    0.18957552   -0.08328026    0.04500000   -0.00288743   -0.05771204   -0.00000005
    392.  12042.    0.19153692   -0.08365688    0.04500000   -0.00285181   -0.05730942   -0.00000008
    393.  12043.    0.19349862   -0.08403199    0.04500000   -0.00281641   -0.05690088   -0.00000010
    394.  12044.    0.19546008   -0.08440835    0.04500000   -0.00278088   -0.05648563   -0.00000013
    395.  12045.    0.19742115   -0.08478670    0.04500000   -0.00274505   -0.05606395   -0.00000015
    396.  12046.    0.19938175   -0.08516752    0.04500000   -0.00270883   -0.05563615   -0.00000017
    397.  12047.    0.20134177   -0.08555129    0.04500000   -0.00267210   -0.05520255   -0.00000019
    398.  12048.    0.20330131   -0.08593751    0.04500000   -0.00263497   -0.05476344   -0.00000021
    399.  12049.    0.20526057   -0.08632514    0.04500000   -0.00259767   -0.05431910   -0.00000022
    400.  12050.    0.20721972   -0.08671333    0.04500000   -0.00256039   -0.05386982   -0.00000023
    401.  12051.    0.20917893   -0.08710122    0.04500000   -0.00252332   -0.05341587   -0.00000025
    402.  12052.    0.21113849   -0.08748737    0.04500000   -0.00248682   -0.05295752   -0.00000026
    403.  12053.    0.21309879   -0.08786972    0.04500000   -0.00245136   -0.05249499   -0.00000027
    404.  12054.    0.21505996   -0.08824755    0.04500000   -0.00241714   -0.05202853   -0.00000028
    405.  12055.    0.21702163   -0.08862281    0.04500000   -0.00238370   -0.05155843   -0.00000029
    406.  12056.    0.21898317   -0.08899873    0.04500000   -0.00235025   -0.05108495   -0.00000030
    407.  12057.    0.22094406   -0.08937806    0.04500000   -0.00231614   -0.05060838   -0.00000030
    408.  12058.    0.22290416   -0.08976140    0.04500000   -0.00228120   -0.05012894   -0.00000030
    409.  12059.    0.22486400   -0.09014609    0.04500000   -0.00224605   -0.04964680   -0.00000030
    410.  12060.    0.22682506   -0.09052452    0.04500000   -0.00221258   -0.04916205   -0.00000030
    411.  12061.    0.22878881   -0.09088872    0.04500000   -0.00218276   -0.04867477   -0.00000031
    412.  12062.    0.23075524   -0.09123815    0.04500000   -0.00215676   -0.04818514   -0.00000032
    413.  12063.    0.23272340   -0.09157768    0.04500000   -0.00213337   -0.04769338   -0.00000034
    414.  12064.    0.23469174   -0.09191623    0.04500000   -0.00211037   -0.04719971   -0.00000035
    415.  12065.    0.23665915   -0.09226009    0.04500000   -0.00208618   -0.04670432   -0.00000036
    416.  12066.    0.23862570   -0.09260889    0.04500000   -0.00206087   -0.04620730   -0.00000037
    417.  12067.    0.24059179   -0.09296022    0.04500000   -0.00203503   -0.04570875   -0.00000037
    418.  12068.    0.24255787   -0.09331167    0.04500000   -0.00200928   -0.04520874   -0.00000037
    419.  12069.    0.24452432   -0.09366100    0.04500000   -0.00198416   -0.04470737   -0.00000038
    420.  12070.    0.24649099   -0.09400909    0.04500000   -0.00195946   -0.04420474   -0.00000038
    421.  12071.    0.24845736   -0.09435886    0.04500000   -0.00193441   -0.04370099   -0.00000038
    422.  12072.    0.25042311   -0.09471212    0.04500000   -0.00190855   -0.04319626   -0.00000038
    423.  12073.    0.25238868   -0.09506637    0.04500000   -0.00188251   -0.04269061   -0.00000037
    424.  12074.    0.25435484   -0.09541732    0.04500000   -0.00185738   -0.04218410   -0.00000037
    425.  12075.    0.25632189   -0.09576328    0.04500000   -0.00183359   -0.04167680   -0.00000038
    426.  12076.    0.25828952   -0.09610591    0.04500000   -0.00181072   -0.04116882   -0.00000039
    427.  12077.    0.26025693   -0.09644980    0.04500000   -0.00178756   -0.04066030   -0.00000040
    428.  12078.    0.26222360   -0.09679788    0.04500000   -0.00176337   -0.04015136   -0.00000040
    429.  12079.    0.26418974   -0.09714898    0.04500000   -0.00173842   -0.03964206   -0.00000040
    430.  12080.    0.26615573   -0.09750088    0.04500000   -0.00171329   -0.03913248   -0.00000039
    431.  12081.    0.26812166   -0.09785318    0.04500000   -0.00168807   -0.03862270   -0.00000039
    432.  12082.    0.27008735   -0.09820678    0.04500000   -0.00166252   -0.03811283   -0.00000038
    433.  12083.    0.27205293   -0.09856096    0.04500000   -0.00163683   -0.03760295   -0.00000037
    434.  12084.    0.27401899   -0.09891247    0.04500000   -0.00161182   -0.03709311   -0.00000036
    435.  12085.    0.27598615   -0.09925779    0.04500000   -0.00158840   -0.03658338   -0.00000037
    436.  12086.    0.27795498   -0.09959343    0.04500000   -0.00156747   -0.03607379   -0.00000040
    437.  12087.    0.27992567   -0.09991800    0.04500000   -0.00154937   -0.03556439   -0.00000045
    438.  12088.    0.28189753   -0.10023536    0.04500000   -0.00153310   -0.03505530   -0.00000051
    439.  12089.    0.28386986   -0.10054982    0.04500000   -0.00151755   -0.03454656   -0.00000058
    440.  12090.    0.28584196   -0.10086568    0.04500000   -0.00150159   -0.03403825   -0.00000065
    441.  12091.    0.28781326   -0.10118654    0.04500000   -0.00148430   -0.03353043   -0.00000071
    442.  12092.    0.28978400   -0.10151081    0.04500000   -0.00146608   -0.03302311   -0.00000075
    443.  12093.    0.29175467   -0.10183549    0.04500000   -0.00144772   -0.03251633   -0.00000080
    444.  12094.    0.29372558   -0.10215874    0.04500000   -0.00142967   -0.03201010   -0.00000085
    445.  12095.    0.29569673   -0.10248046    0.04500000   -0.00141195   -0.03150447   -0.00000090
    446.  12096.    0.29766810   -0.10280092    0.04500000   -0.00139450   -0.03099950   -0.00000096
    447.  12097.    0.29963969   -0.10311994    0.04500000   -0.00137735   -0.03049521   -0.00000102
    448.  12098.    0.30161154   -0.10343740    0.04500000   -0.00136053   -0.02999164   -0.00000109
    449.  12099.    0.30358338   -0.10375491    0.04500000   -0.00134362   -0.02948886   -0.00000115
    450.  12100.    0.30555472   -0.10407546    0.04500000   -0.00132587   -0.02898693   -0.00000121
    451.  12101.    0.30752557   -0.10439905    0.04500000   -0.00130726   -0.02848590   -0.00000126
    452.  12102.    0.30949643   -0.10472262    0.04500000   -0.00128858   -0.02798579   -0.00000130
    453.  12103.    0.31146779   -0.10504308    0.04500000   -0.00127059   -0.02748663   -0.00000136
    454.  12104.    0.31344003   -0.10535812    0.04500000   -0.00125388   -0.02698845   -0.00000144
    455.  12105.    0.31541241   -0.10567225    0.04500000   -0.00123731   -0.02649134   -0.00000152
    456.  12106.    0.31738388   -0.10599200    0.04500000   -0.00121922   -0.02599540   -0.00000158
    457.  12107.    0.31935422   -0.10631872    0.04500000   -0.00119927   -0.02550070   -0.00000162
    458.  12108.    0.32132436   -0.10664660    0.04500000   -0.00117893   -0.02500727   -0.00000165
    459.  12109.    0.32329529   -0.10696971    0.04500000   -0.00115967   -0.02451511   -0.00000170
    460.  12110.    0.32526695   -0.10728832    0.04500000   -0.00114142   -0.02402429   -0.00000176
    461.  12111.    0.32723876   -0.10760598    0.04500000   -0.00112327   -0.02353492   -0.00000183
    462.  12112.    0.32921035   -0.10792508    0.04500000   -0.00110465   -0.02304708   -0.00000190
    463.  12113.    0.33118184   -0.10824473    0.04500000   -0.00108574   -0.02256083   -0.00000196
    464.  12114.    0.33315387   -0.10856103    0.04500000   -0.00106753   -0.02207620   -0.00000203
    465.  12115.    0.33512690   -0.10887107    0.04500000   -0.00105070   -0.02159325   -0.00000213
    466.  12116.    0.33710086   -0.10917511    0.04500000   -0.00103519   -0.02111204   -0.00000226
    467.  12117.    0.33907550   -0.10947471    0.04500000   -0.00102058   -0.02063265   -0.00000240
    468.  12118.    0.34105059   -0.10977134    0.04500000   -0.00100652   -0.02015513   -0.00000256
    469.  12119.    0.34302599   -0.11006590    0.04500000   -0.00099278   -0.01967956   -0.00000273
    470.  12120.    0.34500158   -0.11035917    0.04500000   -0.00097917   -0.01920598   -0.00000290
    471.  12121.    0.34697724   -0.11065194    0.04500000   -0.00096549   -0.01873445   -0.00000307
    472.  12122.    0.34895293   -0.11094453    0.04500000   -0.00095166   -0.01826505   -0.00000324
    473.  12123.    0.35092860   -0.11123726    0.04500000   -0.00093761   -0.01779783   -0.00000341
    474.  12124.    0.35290416   -0.11153072    0.04500000   -0.00092318   -0.01733285   -0.00000357
    475.  12125.    0.35487953   -0.11182550    0.04500000   -0.00090825   -0.01687021   -0.00000372
    476.  12126.    0.35685454   -0.11212265    0.04500000   -0.00089257   -0.01640998   -0.00000386
    477.  12127.    0.35882907   -0.11242296    0.04500000   -0.00087595   -0.01595225   -0.00000397
    478.  12128.    0.36080334   -0.11272497    0.04500000   -0.00085873   -0.01549713   -0.00000408
    479.  12129.    0.36277794   -0.11302487    0.04500000   -0.00084180   -0.01504467   -0.00000419
    480.  12130.    0.36475335   -0.11331930    0.04500000   -0.00082589   -0.01459495   -0.00000432
    481.  12131.    0.36672953   -0.11360858    0.04500000   -0.00081093   -0.01414808   -0.00000448
    482.  12132.    0.36870598   -0.11389601    0.04500000   -0.00079614   -0.01370420   -0.00000465
    483.  12133.    0.37068221   -0.11418493    0.04500000   -0.00078079   -0.01326343   -0.00000479
    484.  12134.    0.37265773   -0.11447868    0.04500000   -0.00076411   -0.01282592   -0.00000491
    485.  12135.    0.37463236   -0.11477831    0.04500000   -0.00074591   -0.01239181   -0.00000498
    486.  12136.    0.37660667   -0.11508013    0.04500000   -0.00072700   -0.01196122   -0.00000503
    487.  12137.    0.37858132   -0.11537962    0.04500000   -0.00070835   -0.01153425   -0.00000509
    488.  12138.    0.38055662   -0.11567483    0.04500000   -0.00069039   -0.01111106   -0.00000515
    489.  12139.    0.38253236   -0.11596710    0.04500000   -0.00067280   -0.01069181   -0.00000523
    490.  12140.    0.38450795   -0.11626037    0.04500000   -0.00065473   -0.01027671   -0.00000528
    491.  12141.    0.38648307   -0.11655681    0.04500000   -0.00063575   -0.00986595   -0.00000530
    492.  12142.    0.38845800   -0.11685443    0.04500000   -0.00061628   -0.00945970   -0.00000530
    493.  12143.    0.39043326   -0.11714995    0.04500000   -0.00059698   -0.00905814   -0.00000530
    494.  12144.    0.39240892   -0.11744276    0.04500000   -0.00057798   -0.00866146   -0.00000529
    495.  12145.    0.39438462   -0.11773528    0.04500000   -0.00055877   -0.00826990   -0.00000526
    496.  12146.    0.39636010   -0.11802930    0.04500000   -0.00053901   -0.00788369   -0.00000521
    497.  12147.    0.39833563   -0.11832295    0.04500000   -0.00051907   -0.00750306   -0.00000513
    498.  12148.    0.40031169   -0.11861301    0.04500000   -0.00049957   -0.00712821   -0.00000505
    499.  12149.    0.40228855   -0.11889764    0.04500000   -0.00048084   -0.00675938   -0.00000497
    500.  12150.    0.40426618   -0.11917681    0.04500000   -0.00046286   -0.00639681   -0.00000488
    501.  12151.    0.40624430   -0.11945251    0.04500000   -0.00044524   -0.00604079   -0.00000479
    502.  12152.    0.40822260   -0.11972690    0.04500000   -0.00042759   -0.00569159   -0.00000467
    503.  12153.    0.41020089   -0.12000138    0.04500000   -0.00040967   -0.00534951   -0.00000452
    504.  12154.    0.41217918   -0.12027582    0.04500000   -0.00039153   -0.00501482   -0.00000435
    505.  12155.    0.41415751   -0.12055002    0.04500000   -0.00037321   -0.00468782   -0.00000415
    506.  12156.    0.41613590   -0.12082374    0.04500000   -0.00035478   -0.00436883   -0.00000393
    507.  12157.    0.41811455   -0.12109562    0.04500000   -0.00033648   -0.00405814   -0.00000368
    508.  12158.    0.42009359   -0.12136462    0.04500000   -0.00031847   -0.00375609   -0.00000341
    509.  12159.    0.42207300   -0.12163088    0.04500000   -0.00030074   -0.00346302   -0.00000311
    510.  12160.    0.42405241   -0.12189710    0.04500000   -0.00028293   -0.00317932   -0.00000280
    511.  12161.    0.42603139   -0.12216661    0.04500000   -0.00026460   -0.00290537   -0.00000247
    512.  12162.    0.42800985   -0.12243984    0.04500000   -0.00024579   -0.00264158   -0.00000213
    513.  12163.    0.42998803   -0.12271507    0.04500000   -0.00022682   -0.00238833   -0.00000178
    514.  12164.    0.43196617   -0.12299060    0.04500000   -0.00020797   -0.00214603   -0.00000143
    515.  12165.    0.43394444   -0.12326521    0.04500000   -0.00018946   -0.00191511   -0.00000107
    516.  12166.    0.43592268   -0.12354005    0.04500000   -0.00017123   -0.00169603   -0.00000072
    517.  12167.    0.43790093   -0.12381481    0.04500000   -0.00015341   -0.00148923   -0.00000038
    518.  12168.    0.43987927   -0.12408893    0.04500000   -0.00013614   -0.00129520   -0.00000006
    519.  12169.    0.44185777   -0.12436184    0.04500000   -0.00011958   -0.00111438    0.00000024
    520.  12170.    0.44383648   -0.12463326    0.04500000   -0.00010384   -0.00094724    0.00000052
    521.  12171.    0.44581533   -0.12490368    0.04500000   -0.00008898   -0.00079422    0.00000076
    522.  12172.    0.44779423   -0.12517375    0.04500000   -0.00007507   -0.00065569    0.00000095
    523.  12173.    0.44977308   -0.12544412    0.04500000   -0.00006218   -0.00053196    0.00000108
    524.  12174.    0.45175190   -0.12571470    0.04500000   -0.00005045   -0.00042313    0.00000114
    525.  12175.    0.45373077   -0.12598501    0.04500000   -0.00004000   -0.00032912    0.00000115
    526.  12176.    0.45570956   -0.12625582    0.04500000   -0.00003087   -0.00024958    0.00000109
    527.  12177.    0.45768818   -0.12652792    0.04500000   -0.00002307   -0.00018381    0.00000097
    528.  12178.    0.45966653   -0.12680194    0.04500000   -0.00001658   -0.00013082    0.00000080
    529.  12179.    0.46164473   -0.12707705    0.04500000   -0.00001136   -0.00008933    0.00000060
    530.  12180.    0.46362290   -0.12735236    0.04500000   -0.00000735   -0.00005787    0.00000041
    531.  12181.    0.46560116   -0.12762709    0.04500000   -0.00000439   -0.00003493    0.00000024
    532.  12182.    0.46757959   -0.12790049    0.04500000   -0.00000234   -0.00001900    0.00000009
    533.  12183.    0.46955822   -0.12817252    0.04500000   -0.00000102   -0.00000868   -0.00000002
    534.  12184.    0.47153709   -0.12844280    0.04500000   -0.00000027   -0.00000270   -0.00000009
    535.  12185.    0.47351631   -0.12871046    0.04500000    0.00000006    0.00000009   -0.00000014
    536.  12186.    0.47549600   -0.12897466    0.04500000    0.00000010    0.00000078   -0.00000015
    537.  12187.    0.47747627   -0.12923441    0.04500000    0.00000001    0.00000041   -0.00000013
    538.  12188.    0.47945703   -0.12949046    0.04500000   -0.00000008   -0.00000001   -0.00000008
    539.  12189.    0.48143789   -0.12974571    0.04500000   -0.00000008    0.00000000   -0.00000005
    540.  12190.    0.48341855   -0.13000254    0.04500000   -0.00000007    0.00000002   -0.00000003
    541.  12191.    0.48539912   -0.13026004    0.04500000   -0.00000006    0.00000001   -0.00000001
    542.  12192.    0.48738010   -0.13051430    0.04500000   -0.00000004    0.00000001   -0.00000001
    543.  12193.    0.48936177   -0.13076318    0.04500000   -0.00000003    0.00000001    0.00000000
    544.  12194.    0.49134373   -0.13100977    0.04500000   -0.00000002    0.00000000    0.00000000
    545.  12195.    0.49332517   -0.13126046    0.04500000   -0.00000002    0.00000000    0.00000000
    546.  12196.    0.49530578   -0.13151766    0.04500000   -0.00000001    0.00000000    0.00000000
    547.  12197.    0.49728645   -0.13177438    0.04500000   -0.00000001    0.00000000    0.00000000
    548.  12198.    0.49926818   -0.13202281    0.04500000   -0.00000001    0.00000000    0.00000000
    549.  12199.    0.50125064   -0.13226532    0.04500000   -0.00000001    0.00000000    0.00000000
    550.  12200.    0.50323272   -0.13251092    0.04500000    0.00000000    0.00000000    0.00000000
    551.  12201.    0.50521363   -0.13276578    0.04500000    0.00000000    0.00000000    0.00000000
    552.  12202.    0.50719368   -0.13302722    0.04500000    0.00000000    0.00000000    0.00000000
    553.  12203.    0.50917404   -0.13328635    0.04500000    0.00000000    0.00000000    0.00000000
    554.  12204.    0.51115543   -0.13353740    0.04500000    0.00000000    0.00000000    0.00000000
    555.  12205.    0.51313759   -0.13378243    0.04500000    0.00000000    0.00000000    0.00000000
    556.  12206.    0.51511956   -0.13402888    0.04500000    0.00000000    0.00000000    0.00000000
    557.  12207.    0.51710062   -0.13428258    0.04500000    0.00000000    0.00000000    0.00000000
