#       Node          x             y             z             dx            dy            dz      
      1.  11651.    0.51907584    0.16562487    0.04500000    0.00000000    0.00000000    0.00000000
      2.  11652.    0.51908048   -0.13454548    0.04500000    0.00000000    0.00000000    0.00000000
      3.  11653.    0.51709499    0.16536949    0.04500000    0.00000000    0.00000000    0.00000000
      4.  11654.    0.51511483    0.16510886    0.04500000    0.00000000    0.00000000    0.00000000
      5.  11655.    0.51313521    0.16484416    0.04500000    0.00000000    0.00000000    0.00000000
      6.  11656.    0.51115566    0.16457892    0.04500000    0.00000000    0.00000000    0.00000000
      7.  11657.    0.50917560    0.16431761    0.04500000    0.00000000    0.00000000    0.00000000
      8.  11658.    0.50719486    0.16406137    0.04500000    0.00000000    0.00000000    0.00000000
      9.  11659.    0.50521391    0.16380682    0.04500000    0.00000000    0.00000000    0.00000000
     10.  11660.    0.50323342    0.16354869    0.04500000    0.00000000    0.00000000    0.00000000
     11.  11661.    0.50125360    0.16328551    0.04500000    0.00000000    0.00000000    0.00000000
     12.  11662.    0.49927390    0.16302140    0.04500000    0.00000000    0.00000000    0.00000000
     13.  11663.    0.49729360    0.16276182    0.04500000    0.00000000    0.00000000    0.00000000
     14.  11664.    0.49531265    0.16250726    0.04500000    0.00000000    0.00000000    0.00000000
     15.  11665.    0.49333183    0.16225174    0.04500000    0.00000000    0.00000000    0.00000000
     16.  11666.    0.49135176    0.16199043    0.04500000    0.00000000    0.00000000    0.00000000
     17.  11667.    0.48937211    0.16172594    0.04500000    0.00000000    0.00000000    0.00000000
     18.  11668.    0.48739220    0.16146343    0.04500000    0.00000000    0.00000000    0.00000000
     19.  11669.    0.48541186    0.16120416    0.04500000    0.00000000    0.00000000    0.00000000
     20.  11670.    0.48343151    0.16094497    0.04500000    0.00000000    0.00000000    0.00000000
     21.  11671.    0.48145158    0.16068262    0.04500000    0.00000000    0.00000000    0.00000000
     22.  11672.    0.47947191    0.16041827    0.04500000    0.00000000    0.00000000    0.00000000
     23.  11673.    0.47749187    0.16015677    0.04500000    0.00000000   -0.00000001    0.00000000
     24.  11674.    0.47551113    0.15990052    0.04500000    0.00000001   -0.00000004    0.00000001
     25.  11675.    0.47353018    0.15964602    0.04500000    0.00000001   -0.00000008    0.00000001
     26.  11676.    0.47154974    0.15938747    0.04500000    0.00000002   -0.00000012    0.00000001
     27.  11677.    0.46957002    0.15912359    0.04500000    0.00000003   -0.00000017    0.00000001
     28.  11678.    0.46759030    0.15885963    0.04500000    0.00000004   -0.00000022    0.00000001
     29.  11679.    0.46560998    0.15860022    0.04500000    0.00000005   -0.00000026    0.00000001
     30.  11680.    0.46362946    0.15834229    0.04500000    0.00000005   -0.00000030    0.00000002
     31.  11681.    0.46164962    0.15807925    0.04500000    0.00000006   -0.00000033    0.00000002
     32.  11682.    0.45967124    0.15780546    0.04500000    0.00000007   -0.00000035    0.00000002
     33.  11683.    0.45769468    0.15751884    0.04500000    0.00000007   -0.00000036    0.00000002
     34.  11684.    0.45571951    0.15722277    0.04500000    0.00000007   -0.00000036    0.00000002
     35.  11685.    0.45374509    0.15692170    0.04500000    0.00000008   -0.00000034    0.00000002
     36.  11686.    0.45177076    0.15662005    0.04500000    0.00000007   -0.00000031    0.00000002
     37.  11687.    0.44979591    0.15632184    0.04500000    0.00000007   -0.00000027    0.00000002
     38.  11688.    0.44782073    0.15602582    0.04500000    0.00000007   -0.00000020    0.00000002
     39.  11689.    0.44584573    0.15572861    0.04500000    0.00000006   -0.00000012    0.00000002
     40.  11690.    0.44387116    0.15542857    0.04500000    0.00000005   -0.00000001    0.00000002
     41.  11691.    0.44189680    0.15512712    0.04500000    0.00000004    0.00000012    0.00000003
     42.  11692.    0.43992235    0.15482630    0.04500000    0.00000002    0.00000027    0.00000003
     43.  11693.    0.43794782    0.15452596    0.04500000    0.00000000    0.00000044    0.00000002
     44.  11694.    0.43597338    0.15422505    0.04500000   -0.00000002    0.00000065    0.00000002
     45.  11695.    0.43399919    0.15392250    0.04500000   -0.00000005    0.00000088    0.00000002
     46.  11696.    0.43202536    0.15361760    0.04500000   -0.00000008    0.00000114    0.00000002
     47.  11697.    0.43005171    0.15331153    0.04500000   -0.00000012    0.00000144    0.00000002
     48.  11698.    0.42807797    0.15300608    0.04500000   -0.00000016    0.00000177    0.00000002
     49.  11699.    0.42610386    0.15270300    0.04500000   -0.00000020    0.00000214    0.00000002
     50.  11700.    0.42412916    0.15240380    0.04500000   -0.00000025    0.00000255    0.00000001
     51.  11701.    0.42215408    0.15210710    0.04500000   -0.00000031    0.00000301    0.00000001
     52.  11702.    0.42017894    0.15181081    0.04500000   -0.00000037    0.00000352    0.00000000
     53.  11703.    0.41820404    0.15151296    0.04500000   -0.00000044    0.00000408   -0.00000001
     54.  11704.    0.41622967    0.15121161    0.04500000   -0.00000052    0.00000469   -0.00000002
     55.  11705.    0.41425581    0.15090688    0.04500000   -0.00000061    0.00000537   -0.00000002
     56.  11706.    0.41228205    0.15060157    0.04500000   -0.00000071    0.00000612   -0.00000003
     57.  11707.    0.41030791    0.15029870    0.04500000   -0.00000081    0.00000694   -0.00000004
     58.  11708.    0.40833321    0.14999950    0.04500000   -0.00000093    0.00000784   -0.00000005
     59.  11709.    0.40635810    0.14970297    0.04500000   -0.00000106    0.00000884   -0.00000007
     60.  11710.    0.40438293    0.14940689    0.04500000   -0.00000120    0.00000994   -0.00000009
     61.  11711.    0.40240777    0.14911076    0.04500000   -0.00000136    0.00001115   -0.00000011
     62.  11712.    0.40043268    0.14881410    0.04500000   -0.00000154    0.00001247   -0.00000013
     63.  11713.    0.39845775    0.14851647    0.04500000   -0.00000173    0.00001393   -0.00000016
     64.  11714.    0.39648310    0.14821689    0.04500000   -0.00000195    0.00001554   -0.00000018
     65.  11715.    0.39450903    0.14791356    0.04500000   -0.00000219    0.00001731   -0.00000020
     66.  11716.    0.39253543    0.14760723    0.04500000   -0.00000246    0.00001928   -0.00000021
     67.  11717.    0.39056154    0.14730269    0.04500000   -0.00000277    0.00002145   -0.00000023
     68.  11718.    0.38858681    0.14700373    0.04500000   -0.00000310    0.00002388   -0.00000027
     69.  11719.    0.38661206    0.14670486    0.04500000   -0.00000347    0.00002659   -0.00000031
     70.  11720.    0.38463894    0.14639541    0.04500000   -0.00000391    0.00002963   -0.00000032
     71.  11721.    0.38266863    0.14606858    0.04500000   -0.00000444    0.00003305   -0.00000027
     72.  11722.    0.38070109    0.14572548    0.04500000   -0.00000507    0.00003694   -0.00000016
     73.  11723.    0.37873451    0.14537687    0.04500000   -0.00000581    0.00004141   -0.00000002
     74.  11724.    0.37676740    0.14503127    0.04500000   -0.00000667    0.00004662    0.00000010
     75.  11725.    0.37479997    0.14468751    0.04500000   -0.00000767    0.00005274    0.00000021
     76.  11726.    0.37283302    0.14434099    0.04500000   -0.00000887    0.00005998    0.00000034
     77.  11727.    0.37086663    0.14399132    0.04500000   -0.00001031    0.00006859    0.00000048
     78.  11728.    0.36889999    0.14364305    0.04500000   -0.00001203    0.00007888    0.00000061
     79.  11729.    0.36693247    0.14329979    0.04500000   -0.00001406    0.00009120    0.00000069
     80.  11730.    0.36496441    0.14295961    0.04500000   -0.00001646    0.00010588    0.00000074
     81.  11731.    0.36299665    0.14261775    0.04500000   -0.00001932    0.00012326    0.00000079
     82.  11732.    0.36102968    0.14227132    0.04500000   -0.00002271    0.00014362    0.00000087
     83.  11733.    0.35906344    0.14192080    0.04500000   -0.00002668    0.00016716    0.00000097
     84.  11734.    0.35709718    0.14157043    0.04500000   -0.00003119    0.00019401    0.00000105
     85.  11735.    0.35513018    0.14122422    0.04500000   -0.00003617    0.00022419    0.00000105
     86.  11736.    0.35316231    0.14088297    0.04500000   -0.00004159    0.00025761    0.00000097
     87.  11737.    0.35119389    0.14054489    0.04500000   -0.00004743    0.00029408    0.00000082
     88.  11738.    0.34922588    0.14020445    0.04500000   -0.00005374    0.00033336    0.00000068
     89.  11739.    0.34725921    0.13985637    0.04500000   -0.00006060    0.00037516    0.00000060
     90.  11740.    0.34529361    0.13950227    0.04500000   -0.00006794    0.00041917    0.00000057
     91.  11741.    0.34332767    0.13915007    0.04500000   -0.00007555    0.00046515    0.00000051
     92.  11742.    0.34136023    0.13880638    0.04500000   -0.00008321    0.00051281    0.00000033
     93.  11743.    0.33939155    0.13846981    0.04500000   -0.00009089    0.00056184    0.00000007
     94.  11744.    0.33742285    0.13813342    0.04500000   -0.00009872    0.00061189   -0.00000021
     95.  11745.    0.33545525    0.13779063    0.04500000   -0.00010682    0.00066261   -0.00000043
     96.  11746.    0.33348907    0.13743975    0.04500000   -0.00011519    0.00071370   -0.00000058
     97.  11747.    0.33152346    0.13708573    0.04500000   -0.00012365    0.00076487   -0.00000071
     98.  11748.    0.32955739    0.13673428    0.04500000   -0.00013202    0.00081584   -0.00000086
     99.  11749.    0.32759028    0.13638865    0.04500000   -0.00014016    0.00086632   -0.00000107
    100.  11750.    0.32562208    0.13604933    0.04500000   -0.00014802    0.00091600   -0.00000132
    101.  11751.    0.32365381    0.13571041    0.04500000   -0.00015570    0.00096455   -0.00000158
    102.  11752.    0.32168691    0.13536359    0.04500000   -0.00016337    0.00101162   -0.00000179
    103.  11753.    0.31972246    0.13500324    0.04500000   -0.00017108    0.00105688   -0.00000191
    104.  11754.    0.31776074    0.13462824    0.04500000   -0.00017878    0.00110004   -0.00000194
    105.  11755.    0.31580125    0.13424180    0.04500000   -0.00018633    0.00114084   -0.00000191
    106.  11756.    0.31384296    0.13384931    0.04500000   -0.00019354    0.00117903   -0.00000185
    107.  11757.    0.31188490    0.13345563    0.04500000   -0.00020026    0.00121439   -0.00000178
    108.  11758.    0.30992663    0.13306301    0.04500000   -0.00020639    0.00124667   -0.00000171
    109.  11759.    0.30796821    0.13267114    0.04500000   -0.00021190    0.00127562   -0.00000164
    110.  11760.    0.30601011    0.13227768    0.04500000   -0.00021676    0.00130098   -0.00000156
    111.  11761.    0.30405255    0.13188156    0.04500000   -0.00022093    0.00132249   -0.00000148
    112.  11762.    0.30209508    0.13148499    0.04500000   -0.00022432    0.00133994   -0.00000138
    113.  11763.    0.30013716    0.13109064    0.04500000   -0.00022686    0.00135307   -0.00000129
    114.  11764.    0.29817881    0.13069846    0.04500000   -0.00022849    0.00136165   -0.00000121
    115.  11765.    0.29622048    0.13030610    0.04500000   -0.00022918    0.00136544   -0.00000112
    116.  11766.    0.29426263    0.12991145    0.04500000   -0.00022886    0.00136420   -0.00000102
    117.  11767.    0.29230508    0.12951525    0.04500000   -0.00022746    0.00135770   -0.00000092
    118.  11768.    0.29034766    0.12911843    0.04500000   -0.00022493    0.00134571   -0.00000082
    119.  11769.    0.28839018    0.12872189    0.04500000   -0.00022119    0.00132803   -0.00000072
    120.  11770.    0.28643253    0.12832622    0.04500000   -0.00021620    0.00130442   -0.00000062
    121.  11771.    0.28447480    0.12793090    0.04500000   -0.00020989    0.00127469   -0.00000051
    122.  11772.    0.28251714    0.12753527    0.04500000   -0.00020219    0.00123861   -0.00000041
    123.  11773.    0.28055968    0.12713866    0.04500000   -0.00019300    0.00119600   -0.00000031
    124.  11774.    0.27860237    0.12674127    0.04500000   -0.00018226    0.00114665   -0.00000021
    125.  11775.    0.27664485    0.12634496    0.04500000   -0.00016994    0.00109036   -0.00000012
    126.  11776.    0.27468676    0.12595144    0.04500000   -0.00015605    0.00102692   -0.00000002
    127.  11777.    0.27272830    0.12555978    0.04500000   -0.00014049    0.00095615    0.00000007
    128.  11778.    0.27077004    0.12516711    0.04500000   -0.00012308    0.00087789    0.00000017
    129.  11779.    0.26881246    0.12477110    0.04500000   -0.00010366    0.00079198    0.00000025
    130.  11780.    0.26685547    0.12437214    0.04500000   -0.00008212    0.00069826    0.00000034
    131.  11781.    0.26489899    0.12397070    0.04500000   -0.00005840    0.00059656    0.00000041
    132.  11782.    0.26294299    0.12356696    0.04500000   -0.00003240    0.00048674    0.00000049
    133.  11783.    0.26098834    0.12315671    0.04500000   -0.00000379    0.00036871    0.00000055
    134.  11784.    0.25903634    0.12273406    0.04500000    0.00002795    0.00024245    0.00000059
    135.  11785.    0.25708763    0.12229646    0.04500000    0.00006319    0.00010794    0.00000062
    136.  11786.    0.25514145    0.12184778    0.04500000    0.00010183   -0.00003496    0.00000063
    137.  11787.    0.25319651    0.12139370    0.04500000    0.00014360   -0.00018640    0.00000063
    138.  11788.    0.25125168    0.12093917    0.04500000    0.00018821   -0.00034657    0.00000063
    139.  11789.    0.24930620    0.12048743    0.04500000    0.00023543   -0.00051559    0.00000063
    140.  11790.    0.24736022    0.12003786    0.04500000    0.00028538   -0.00069352    0.00000062
    141.  11791.    0.24541426    0.11958817    0.04500000    0.00033831   -0.00088036    0.00000062
    142.  11792.    0.24346872    0.11913669    0.04500000    0.00039446   -0.00107611    0.00000061
    143.  11793.    0.24152333    0.11868455    0.04500000    0.00045378   -0.00128084    0.00000059
    144.  11794.    0.23957715    0.11823587    0.04500000    0.00051590   -0.00149472    0.00000057
    145.  11795.    0.23762958    0.11779321    0.04500000    0.00058054   -0.00171789    0.00000056
    146.  11796.    0.23568149    0.11735288    0.04500000    0.00064816   -0.00195027    0.00000055
    147.  11797.    0.23373468    0.11690688    0.04500000    0.00071979   -0.00219161    0.00000053
    148.  11798.    0.23179012    0.11645124    0.04500000    0.00079605   -0.00244175    0.00000050
    149.  11799.    0.22984636    0.11599215    0.04500000    0.00087625   -0.00270093    0.00000046
    150.  11800.    0.22790137    0.11553830    0.04500000    0.00095929   -0.00296949    0.00000043
    151.  11801.    0.22595481    0.11509122    0.04500000    0.00104495   -0.00324753    0.00000040
    152.  11802.    0.22400774    0.11464639    0.04500000    0.00113388   -0.00353487    0.00000038
    153.  11803.    0.22206159    0.11419753    0.04500000    0.00122708   -0.00383120    0.00000035
    154.  11804.    0.22011669    0.11374331    0.04500000    0.00132483   -0.00413644    0.00000032
    155.  11805.    0.21817186    0.11328879    0.04500000    0.00142641   -0.00445081    0.00000029
    156.  11806.    0.21622625    0.11283759    0.04500000    0.00153127   -0.00477447    0.00000027
    157.  11807.    0.21428085    0.11238553    0.04500000    0.00164013   -0.00510717    0.00000024
    158.  11808.    0.21233754    0.11192453    0.04500000    0.00175445   -0.00544840    0.00000022
    159.  11809.    0.21039763    0.11144949    0.04500000    0.00187527   -0.00579776    0.00000020
    160.  11810.    0.20846099    0.11096124    0.04500000    0.00200259   -0.00615515    0.00000017
    161.  11811.    0.20652677    0.11046350    0.04500000    0.00213584   -0.00652069    0.00000015
    162.  11812.    0.20459385    0.10996071    0.04500000    0.00227425   -0.00689454    0.00000012
    163.  11813.    0.20266148    0.10945584    0.04500000    0.00241728   -0.00727682    0.00000010
    164.  11814.    0.20072996    0.10894769    0.04500000    0.00256520   -0.00766730    0.00000008
    165.  11815.    0.19879986    0.10843421    0.04500000    0.00271845   -0.00806571    0.00000007
    166.  11816.    0.19687174    0.10791334    0.04500000    0.00287750   -0.00847172    0.00000005
    167.  11817.    0.19494561    0.10738516    0.04500000    0.00304237   -0.00888518    0.00000004
    168.  11818.    0.19301945    0.10685707    0.04500000    0.00321147   -0.00930656    0.00000003
    169.  11819.    0.19109123    0.10633658    0.04500000    0.00338310   -0.00973639    0.00000002
    170.  11820.    0.18916047    0.10582557    0.04500000    0.00355674   -0.01017472    0.00000002
    171.  11821.    0.18722803    0.10532097    0.04500000    0.00373299   -0.01062118    0.00000002
    172.  11822.    0.18529522    0.10481773    0.04500000    0.00391295   -0.01107517    0.00000002
    173.  11823.    0.18336313    0.10431179    0.04500000    0.00409755   -0.01153618    0.00000002
    174.  11824.    0.18143220    0.10380145    0.04500000    0.00428718   -0.01200388    0.00000002
    175.  11825.    0.17950204    0.10328816    0.04500000    0.00448147   -0.01247825    0.00000002
    176.  11826.    0.17757195    0.10277463    0.04500000    0.00467971   -0.01295940    0.00000002
    177.  11827.    0.17564147    0.10226258    0.04500000    0.00488139   -0.01344734    0.00000003
    178.  11828.    0.17371075    0.10175142    0.04500000    0.00508662   -0.01394186    0.00000003
    179.  11829.    0.17178106    0.10123637    0.04500000    0.00529654   -0.01444225    0.00000003
    180.  11830.    0.16985385    0.10071215    0.04500000    0.00551249   -0.01494774    0.00000003
    181.  11831.    0.16793006    0.10017551    0.04500000    0.00573530   -0.01545772    0.00000003
    182.  11832.    0.16601019    0.09962503    0.04500000    0.00596533   -0.01597172    0.00000003
    183.  11833.    0.16409386    0.09906233    0.04500000    0.00620208   -0.01648966    0.00000002
    184.  11834.    0.16218020    0.09849060    0.04500000    0.00644463   -0.01701162    0.00000002
    185.  11835.    0.16026835    0.09791285    0.04500000    0.00669206   -0.01753772    0.00000001
    186.  11836.    0.15835792    0.09733042    0.04500000    0.00694408   -0.01806699    0.00000001
    187.  11837.    0.15644856    0.09674452    0.04500000    0.00719865   -0.01859646    0.00000000
    188.  11838.    0.15453986    0.09615644    0.04500000    0.00745422   -0.01912511    0.00000000
    189.  11839.    0.15263038    0.09557090    0.04500000    0.00770945   -0.01965377    0.00000000
    190.  11840.    0.15071853    0.09499318    0.04500000    0.00796278   -0.02018335    0.00000000
    191.  11841.    0.14880410    0.09442404    0.04500000    0.00821356   -0.02071415    0.00000001
    192.  11842.    0.14688986    0.09385425    0.04500000    0.00846380   -0.02124562    0.00000001
    193.  11843.    0.14497900    0.09327325    0.04500000    0.00871650   -0.02177751    0.00000002
    194.  11844.    0.14307137    0.09268173    0.04500000    0.00897286   -0.02230945    0.00000004
    195.  11845.    0.14116411    0.09208899    0.04500000    0.00923047   -0.02284257    0.00000005
    196.  11846.    0.13925405    0.09150537    0.04500000    0.00948642   -0.02337823    0.00000007
    197.  11847.    0.13734050    0.09093329    0.04500000    0.00974002   -0.02391673    0.00000008
    198.  11848.    0.13542648    0.09036278    0.04500000    0.00999402   -0.02445674    0.00000010
    199.  11849.    0.13351605    0.08978036    0.04500000    0.01025225   -0.02499641    0.00000011
    200.  11850.    0.13161199    0.08917748    0.04500000    0.01051712   -0.02553452    0.00000013
    201.  11851.    0.12971505    0.08855256    0.04500000    0.01078906   -0.02607072    0.00000014
    202.  11852.    0.12782466    0.08790808    0.04500000    0.01106737   -0.02660524    0.00000015
    203.  11853.    0.12593877    0.08725052    0.04500000    0.01135020   -0.02713893    0.00000016
    204.  11854.    0.12405508    0.08658667    0.04500000    0.01163561   -0.02767275    0.00000017
    205.  11855.    0.12217185    0.08592154    0.04500000    0.01192215   -0.02820739    0.00000018
    206.  11856.    0.12028786    0.08525856    0.04500000    0.01220882   -0.02874333    0.00000019
    207.  11857.    0.11840314    0.08459766    0.04500000    0.01249558   -0.02928053    0.00000019
    208.  11858.    0.11651805    0.08393781    0.04500000    0.01278272   -0.02981878    0.00000020
    209.  11859.    0.11463296    0.08327796    0.04500000    0.01307050   -0.03035787    0.00000021
    210.  11860.    0.11274811    0.08261744    0.04500000    0.01335907   -0.03089766    0.00000022
    211.  11861.    0.11086292    0.08195787    0.04500000    0.01364793   -0.03143836    0.00000023
    212.  11862.    0.10897664    0.08130142    0.04500000    0.01393644   -0.03198025    0.00000024
    213.  11863.    0.10708951    0.08064744    0.04500000    0.01422474   -0.03252319    0.00000025
    214.  11864.    0.10520322    0.07999103    0.04500000    0.01451422   -0.03306639    0.00000026
    215.  11865.    0.10332028    0.07932510    0.04500000    0.01480688   -0.03360871    0.00000026
    216.  11866.    0.10144348    0.07864205    0.04500000    0.01510489   -0.03414888    0.00000027
    217.  11867.    0.09957527    0.07793586    0.04500000    0.01540993   -0.03468580    0.00000027
    218.  11868.    0.09771607    0.07720629    0.04500000    0.01572203   -0.03521928    0.00000027
    219.  11869.    0.09586485    0.07645666    0.04500000    0.01604017   -0.03574972    0.00000026
    220.  11870.    0.09401835    0.07569548    0.04500000    0.01636187   -0.03627845    0.00000026
    221.  11871.    0.09217325    0.07493092    0.04500000    0.01668473   -0.03680681    0.00000025
    222.  11872.    0.09032792    0.07416691    0.04500000    0.01700757   -0.03733543    0.00000025
    223.  11873.    0.08848178    0.07340483    0.04500000    0.01732992   -0.03786447    0.00000024
    224.  11874.    0.08663471    0.07264505    0.04500000    0.01765162   -0.03839392    0.00000024
    225.  11875.    0.08478628    0.07188856    0.04500000    0.01797234   -0.03892390    0.00000023
    226.  11876.    0.08293645    0.07113552    0.04500000    0.01829197   -0.03945435    0.00000022
    227.  11877.    0.08108639    0.07038303    0.04500000    0.01861129   -0.03998471    0.00000022
    228.  11878.    0.07923870    0.06962472    0.04500000    0.01893205   -0.04051381    0.00000021
    229.  11879.    0.07739725    0.06885143    0.04500000    0.01925683   -0.04103997    0.00000020
    230.  11880.    0.07556599    0.06805433    0.04500000    0.01958805   -0.04156147    0.00000019
    231.  11881.    0.07374734    0.06722886    0.04500000    0.01992693   -0.04207731    0.00000017
    232.  11882.    0.07194216    0.06637433    0.04500000    0.02027353   -0.04258711    0.00000016
    233.  11883.    0.07014629    0.06550039    0.04500000    0.02062503   -0.04309255    0.00000014
    234.  11884.    0.06835346    0.06462021    0.04500000    0.02097761   -0.04359606    0.00000013
    235.  11885.    0.06655854    0.06374429    0.04500000    0.02132824   -0.04409963    0.00000011
    236.  11886.    0.06475928    0.06287733    0.04500000    0.02167553   -0.04460407    0.00000009
    237.  11887.    0.06295795    0.06201468    0.04500000    0.02202070   -0.04510837    0.00000007
    238.  11888.    0.06115805    0.06114905    0.04500000    0.02236571   -0.04561106    0.00000006
    239.  11889.    0.05936240    0.06027464    0.04500000    0.02271211   -0.04611093    0.00000004
    240.  11890.    0.05757310    0.05938731    0.04500000    0.02306094   -0.04660710    0.00000002
    241.  11891.    0.05579277    0.05848212    0.04500000    0.02341417   -0.04709812    0.00000001
    242.  11892.    0.05402526    0.05755220    0.04500000    0.02377725   -0.04758054    0.00000000
    243.  11893.    0.05227433    0.05659142    0.04500000    0.02414999   -0.04805626    0.00000000
    244.  11894.    0.05053989    0.05560117    0.04500000    0.02453011   -0.04852695    0.00000000
    245.  11895.    0.04881839    0.05458856    0.04500000    0.02491488   -0.04899422    0.00000000
    246.  11896.    0.04710247    0.05356650    0.04500000    0.02530097   -0.04946049    0.00000000
    247.  11897.    0.04538538    0.05254644    0.04500000    0.02568624   -0.04992814   -0.00000001
    248.  11898.    0.04366573    0.05153066    0.04500000    0.02606932   -0.05039625   -0.00000001
    249.  11899.    0.04194543    0.05051602    0.04500000    0.02644481   -0.05085815   -0.00000003
    250.  11900.    0.04023196    0.04948989    0.04500000    0.02681191   -0.05130714   -0.00000004
    251.  11901.    0.03853566    0.04843567    0.04500000    0.02717241   -0.05173760   -0.00000005
    252.  11902.    0.03686680    0.04733858    0.04500000    0.02752747   -0.05214466   -0.00000006
    253.  11903.    0.03522950    0.04619491    0.04500000    0.02787520   -0.05252598   -0.00000006
    254.  11904.    0.03361702    0.04501645    0.04500000    0.02821008   -0.05288260   -0.00000005
    255.  11905.    0.03201586    0.04382261    0.04500000    0.02852534   -0.05321692   -0.00000005
    256.  11906.    0.03041551    0.04262769    0.04500000    0.02881596   -0.05352980   -0.00000004
    257.  11907.    0.02881632    0.04143122    0.04500000    0.02908030   -0.05381893   -0.00000004
    258.  11908.    0.02722876    0.04021937    0.04500000    0.02931900   -0.05407996   -0.00000004
    259.  11909.    0.02566340    0.03897903    0.04500000    0.02953197   -0.05430922   -0.00000003
    260.  11910.    0.02412709    0.03770289    0.04500000    0.02971767   -0.05450432   -0.00000003
    261.  11911.    0.02261556    0.03639746    0.04500000    0.02987265   -0.05466468   -0.00000002
    262.  11912.    0.02112147    0.03507208    0.04500000    0.02999363   -0.05478961   -0.00000002
    263.  11913.    0.01964231    0.03373006    0.04500000    0.03007843   -0.05487747   -0.00000001
    264.  11914.    0.01818286    0.03236666    0.04500000    0.03012551   -0.05492613    0.00000000
    265.  11915.    0.01675380    0.03097149    0.04500000    0.03013957   -0.05493948    0.00000000
    266.  11916.    0.01536661    0.02953472    0.04500000    0.03014911   -0.05494717    0.00000000
    267.  11917.    0.01402753    0.02805299    0.04500000    0.03016045   -0.05495643    0.00000000
    268.  11918.    0.01273239    0.02653269    0.04500000    0.03017139   -0.05496554    0.00000001
    269.  11919.    0.01147545    0.02498063    0.04500000    0.03018414   -0.05497621    0.00000002
    270.  11920.    0.01025066    0.02340305    0.04500000    0.03019080   -0.05498180    0.00000005
    271.  11921.    0.00905424    0.02180386    0.04500000    0.03015639   -0.05495547    0.00000009
    272.  11922.    0.00789136    0.02018013    0.04500000    0.03007500   -0.05489398    0.00000014
    273.  11923.    0.00677048    0.01852716    0.04500000    0.02994755   -0.05479997    0.00000017
    274.  11924.    0.00570402    0.01683861    0.04500000    0.02977420   -0.05467712    0.00000021
    275.  11925.    0.00470559    0.01510902    0.04500000    0.02955449   -0.05453008    0.00000024
    276.  11926.    0.00378854    0.01333500    0.04500000    0.02928767   -0.05436434    0.00000026
    277.  11927.    0.00296557    0.01151547    0.04500000    0.02897302   -0.05418608    0.00000027
    278.  11928.    0.00224874    0.00965162    0.04500000    0.02861002   -0.05400203    0.00000027
    279.  11929.    0.00164911    0.00774688    0.04500000    0.02819861   -0.05381931    0.00000027
    280.  11930.    0.00117682    0.00580669    0.04500000    0.02773930   -0.05364533    0.00000025
    281.  11931.    0.00084060    0.00383838    0.04500000    0.02723334   -0.05348753    0.00000022
    282.  11932.    0.00064730    0.00185096    0.04500000    0.02668280   -0.05335317    0.00000017
    283.  11933.    0.00060173   -0.00014529    0.04500000    0.02609063   -0.05324909    0.00000012
    284.  11934.    0.00070590   -0.00213934    0.04500000    0.02546057   -0.05318129    0.00000006
    285.  11935.    0.00095967   -0.00411992    0.04500000    0.02479706   -0.05315497   -0.00000001
    286.  11936.    0.00136016   -0.00607613    0.04500000    0.02410501   -0.05317412   -0.00000009
    287.  11937.    0.00190274   -0.00799780    0.04500000    0.02338960   -0.05324172   -0.00000017
    288.  11938.    0.00258099   -0.00987591    0.04500000    0.02265610   -0.05335964   -0.00000025
    289.  11939.    0.00338714   -0.01170281    0.04500000    0.02190971   -0.05352867   -0.00000033
    290.  11940.    0.00431178   -0.01347274    0.04500000    0.02115526   -0.05374835   -0.00000041
    291.  11941.    0.00534397   -0.01518224    0.04500000    0.02039696   -0.05401689   -0.00000049
    292.  11942.    0.00647050   -0.01683116    0.04500000    0.01963796   -0.05433081   -0.00000056
    293.  11943.    0.00767727   -0.01842238    0.04500000    0.01888029   -0.05468546   -0.00000062
    294.  11944.    0.00895034   -0.01996113    0.04500000    0.01812496   -0.05507550   -0.00000068
    295.  11945.    0.01027729   -0.02145372    0.04500000    0.01737231   -0.05549566   -0.00000074
    296.  11946.    0.01165202   -0.02290241    0.04500000    0.01662369   -0.05594339   -0.00000079
    297.  11947.    0.01307357   -0.02430519    0.04500000    0.01588172   -0.05641852   -0.00000084
    298.  11948.    0.01454437   -0.02565620    0.04500000    0.01515031   -0.05692267   -0.00000088
    299.  11949.    0.01606544   -0.02695036    0.04500000    0.01443311   -0.05745664   -0.00000091
    300.  11950.    0.01763169   -0.02818951    0.04500000    0.01373130   -0.05801782   -0.00000094
    301.  11951.    0.01923003   -0.02938705    0.04500000    0.01304166   -0.05859871   -0.00000097
    302.  11952.    0.02084774   -0.03055834    0.04500000    0.01235997   -0.05919166   -0.00000099
    303.  11953.    0.02247772   -0.03171251    0.04500000    0.01168413   -0.05979202   -0.00000102
    304.  11954.    0.02412369   -0.03284372    0.04500000    0.01101745   -0.06040139   -0.00000104
    305.  11955.    0.02579377   -0.03393897    0.04500000    0.01036590   -0.06102401   -0.00000106
    306.  11956.    0.02749368   -0.03498730    0.04500000    0.00973471   -0.06166278   -0.00000108
    307.  11957.    0.02921801   -0.03599505    0.04500000    0.00912253   -0.06231387   -0.00000109
    308.  11958.    0.03095647   -0.03697825    0.04500000    0.00852422   -0.06297041   -0.00000110
    309.  11959.    0.03270234   -0.03794824    0.04500000    0.00793636   -0.06362760   -0.00000111
    310.  11960.    0.03445855   -0.03889935    0.04500000    0.00736189   -0.06428650   -0.00000112
    311.  11961.    0.03623347   -0.03981501    0.04500000    0.00680775   -0.06495142   -0.00000113
    312.  11962.    0.03803008   -0.04068735    0.04500000    0.00627751   -0.06562338   -0.00000114
    313.  11963.    0.03983957   -0.04153275    0.04500000    0.00576557   -0.06629623   -0.00000114
    314.  11964.    0.04164935   -0.04237753    0.04500000    0.00526273   -0.06696163   -0.00000114
    315.  11965.    0.04345103   -0.04323943    0.04500000    0.00476317   -0.06761405   -0.00000114
    316.  11966.    0.04525303   -0.04410067    0.04500000    0.00427406   -0.06825782   -0.00000115
    317.  11967.    0.04706866   -0.04493269    0.04500000    0.00380607   -0.06889971   -0.00000115
    318.  11968.    0.04890653   -0.04571430    0.04500000    0.00336688   -0.06954363   -0.00000114
    319.  11969.    0.05076235   -0.04645241    0.04500000    0.00295410   -0.07018620   -0.00000113
    320.  11970.    0.05262646   -0.04716937    0.04500000    0.00256004   -0.07082115   -0.00000112
    321.  11971.    0.05449105   -0.04788511    0.04500000    0.00217812   -0.07144347   -0.00000111
    322.  11972.    0.05635347   -0.04860646    0.04500000    0.00180644   -0.07205119   -0.00000109
    323.  11973.    0.05821538   -0.04932914    0.04500000    0.00144674   -0.07264460   -0.00000108
    324.  11974.    0.06007903   -0.05004731    0.04500000    0.00110114   -0.07322422   -0.00000106
    325.  11975.    0.06194662   -0.05075515    0.04500000    0.00077158   -0.07379041   -0.00000104
    326.  11976.    0.06382008   -0.05144730    0.04500000    0.00045968   -0.07434334   -0.00000102
    327.  11977.    0.06570090   -0.05211921    0.04500000    0.00016664   -0.07488290   -0.00000100
    328.  11978.    0.06759011   -0.05276710    0.04500000   -0.00010671   -0.07540874   -0.00000097
    329.  11979.    0.06948659   -0.05339344    0.04500000   -0.00036141   -0.07591962   -0.00000094
    330.  11980.    0.07138787   -0.05400507    0.04500000   -0.00059962   -0.07641384   -0.00000091
    331.  11981.    0.07329079   -0.05461160    0.04500000   -0.00082403   -0.07688960   -0.00000088
    332.  11982.    0.07519285   -0.05522078    0.04500000   -0.00103664   -0.07734554   -0.00000084
    333.  11983.    0.07709335   -0.05583485    0.04500000   -0.00123799   -0.07778104   -0.00000081
    334.  11984.    0.07899305   -0.05645136    0.04500000   -0.00142750   -0.07819602   -0.00000078
    335.  11985.    0.08089342   -0.05706583    0.04500000   -0.00160431   -0.07859055   -0.00000074
    336.  11986.    0.08279631   -0.05767242    0.04500000   -0.00176745   -0.07896474   -0.00000071
    337.  11987.    0.08470336   -0.05826579    0.04500000   -0.00191624   -0.07931859   -0.00000067
    338.  11988.    0.08661536   -0.05884303    0.04500000   -0.00205067   -0.07965183   -0.00000064
    339.  11989.    0.08853260   -0.05940262    0.04500000   -0.00217108   -0.07996408   -0.00000060
    340.  11990.    0.09045433   -0.05994657    0.04500000   -0.00227843   -0.08025481   -0.00000056
    341.  11991.    0.09237948   -0.06047831    0.04500000   -0.00237381   -0.08052349   -0.00000053
    342.  11992.    0.09430651   -0.06100320    0.04500000   -0.00245849   -0.08076961   -0.00000049
    343.  11993.    0.09623379   -0.06152720    0.04500000   -0.00253361   -0.08099280   -0.00000046
    344.  11994.    0.09816010   -0.06205475    0.04500000   -0.00259998   -0.08119283   -0.00000042
    345.  11995.    0.10008507   -0.06258714    0.04500000   -0.00265795   -0.08136967   -0.00000039
    346.  11996.    0.10200957   -0.06312125    0.04500000   -0.00270746   -0.08152342   -0.00000036
    347.  11997.    0.10393501   -0.06365192    0.04500000   -0.00274845   -0.08165425   -0.00000033
    348.  11998.    0.10586177   -0.06417782    0.04500000   -0.00278127   -0.08176219   -0.00000029
    349.  11999.    0.10778817   -0.06470501    0.04500000   -0.00280665   -0.08184722   -0.00000026
    350.  12000.    0.10971266   -0.06523914    0.04500000   -0.00282505   -0.08190940   -0.00000024
    351.  12001.    0.11163769   -0.06577132    0.04500000   -0.00283650   -0.08194900   -0.00000021
    352.  12002.    0.11356763   -0.06628537    0.04500000   -0.00284122   -0.08196620   -0.00000018
    353.  12003.    0.11550593   -0.06676688    0.04500000   -0.00284002   -0.08196111   -0.00000016
    354.  12004.    0.11745028   -0.06722342    0.04500000   -0.00283387   -0.08193386   -0.00000014
    355.  12005.    0.11939501   -0.06767840    0.04500000   -0.00282310   -0.08188479   -0.00000012
    356.  12006.    0.12133622   -0.06814813    0.04500000   -0.00280746   -0.08181441   -0.00000010
    357.  12007.    0.12327520   -0.06862698    0.04500000   -0.00278722   -0.08172311   -0.00000008
    358.  12008.    0.12521608   -0.06909808    0.04500000   -0.00276347   -0.08161114   -0.00000007
    359.  12009.    0.12716063   -0.06955381    0.04500000   -0.00273720   -0.08147881   -0.00000005
    360.  12010.    0.12910612   -0.07000551    0.04500000   -0.00270810   -0.08132672   -0.00000004
    361.  12011.    0.13104919   -0.07046746    0.04500000   -0.00267529   -0.08115560   -0.00000003
    362.  12012.    0.13298942   -0.07094126    0.04500000   -0.00263866   -0.08096605   -0.00000001
    363.  12013.    0.13492849   -0.07141977    0.04500000   -0.00259901   -0.08075850    0.00000000
    364.  12014.    0.13686870   -0.07189362    0.04500000   -0.00255758   -0.08053330    0.00000002
    365.  12015.    0.13881094   -0.07235909    0.04500000   -0.00251514   -0.08029094    0.00000003
    366.  12016.    0.14075449   -0.07281904    0.04500000   -0.00247167   -0.08003208    0.00000004
    367.  12017.    0.14269899   -0.07327498    0.04500000   -0.00242723   -0.07975738    0.00000004
    368.  12018.    0.14464515   -0.07372381    0.04500000   -0.00238253   -0.07946741    0.00000005
    369.  12019.    0.14659373   -0.07416195    0.04500000   -0.00233841   -0.07916277    0.00000005
    370.  12020.    0.14854444   -0.07459056    0.04500000   -0.00229497   -0.07884420    0.00000005
    371.  12021.    0.15049604   -0.07501508    0.04500000   -0.00225156   -0.07851253    0.00000005
    372.  12022.    0.15244769   -0.07543934    0.04500000   -0.00220766   -0.07816861    0.00000005
    373.  12023.    0.15439982   -0.07586144    0.04500000   -0.00216372   -0.07781315    0.00000005
    374.  12024.    0.15635317   -0.07627785    0.04500000   -0.00212053   -0.07744687    0.00000004
    375.  12025.    0.15830747   -0.07668974    0.04500000   -0.00207798   -0.07707058    0.00000004
    376.  12026.    0.16026166   -0.07710218    0.04500000   -0.00203518   -0.07668522    0.00000003
    377.  12027.    0.16221463   -0.07752035    0.04500000   -0.00199113   -0.07629170    0.00000002
    378.  12028.    0.16416613   -0.07794531    0.04500000   -0.00194562   -0.07589090    0.00000002
    379.  12029.    0.16611726   -0.07837202    0.04500000   -0.00189966   -0.07548351    0.00000001
    380.  12030.    0.16806910   -0.07879543    0.04500000   -0.00185436   -0.07507025    0.00000001
    381.  12031.    0.17002176   -0.07921506    0.04500000   -0.00180986   -0.07465196    0.00000000
    382.  12032.    0.17197467   -0.07963349    0.04500000   -0.00176561   -0.07422954    0.00000000
    383.  12033.    0.17392740   -0.08005278    0.04500000   -0.00172118   -0.07380390   -0.00000001
    384.  12034.    0.17588000   -0.08047269    0.04500000   -0.00167663   -0.07337589   -0.00000001
    385.  12035.    0.17783285   -0.08089142    0.04500000   -0.00163256   -0.07294636   -0.00000001
    386.  12036.    0.17978643   -0.08130676    0.04500000   -0.00159067   -0.07251607   -0.00000001
    387.  12037.    0.18174112   -0.08171681    0.04500000   -0.00155058   -0.07208557   -0.00000001
    388.  12038.    0.18369731   -0.08211962    0.04500000   -0.00151207   -0.07165487   -0.00000001
    389.  12039.    0.18565530   -0.08251365    0.04500000   -0.00147506   -0.07122387   -0.00000001
    390.  12040.    0.18761484   -0.08289986    0.04500000   -0.00143915   -0.07079282   -0.00000002
    391.  12041.    0.18957552   -0.08328026    0.04500000   -0.00140386   -0.07036227   -0.00000003
    392.  12042.    0.19153692   -0.08365688    0.04500000   -0.00136892   -0.06992993   -0.00000005
    393.  12043.    0.19349862   -0.08403199    0.04500000   -0.00133444   -0.06948933   -0.00000005
    394.  12044.    0.19546008   -0.08440835    0.04500000   -0.00130000   -0.06903931   -0.00000006
    395.  12045.    0.19742115   -0.08478670    0.04500000   -0.00126546   -0.06858005   -0.00000006
    396.  12046.    0.19938175   -0.08516752    0.04500000   -0.00123072   -0.06811174   -0.00000006
    397.  12047.    0.20134177   -0.08555129    0.04500000   -0.00119567   -0.06763457   -0.00000005
    398.  12048.    0.20330131   -0.08593751    0.04500000   -0.00116045   -0.06714875   -0.00000005
    399.  12049.    0.20526057   -0.08632514    0.04500000   -0.00112531   -0.06665446   -0.00000004
    400.  12050.    0.20721972   -0.08671333    0.04500000   -0.00109050   -0.06615190   -0.00000003
    401.  12051.    0.20917893   -0.08710122    0.04500000   -0.00105624   -0.06564127   -0.00000002
    402.  12052.    0.21113849   -0.08748737    0.04500000   -0.00102294   -0.06512275   -0.00000001
    403.  12053.    0.21309879   -0.08786972    0.04500000   -0.00099119   -0.06459654    0.00000000
    404.  12054.    0.21505996   -0.08824755    0.04500000   -0.00096121   -0.06406282    0.00000002
    405.  12055.    0.21702163   -0.08862281    0.04500000   -0.00093253   -0.06352185    0.00000003
    406.  12056.    0.21898317   -0.08899873    0.04500000   -0.00090425   -0.06297388    0.00000005
    407.  12057.    0.22094406   -0.08937806    0.04500000   -0.00087561   -0.06241915    0.00000007
    408.  12058.    0.22290416   -0.08976140    0.04500000   -0.00084642   -0.06185788    0.00000009
    409.  12059.    0.22486400   -0.09014609    0.04500000   -0.00081742   -0.06129022    0.00000012
    410.  12060.    0.22682506   -0.09052452    0.04500000   -0.00079083   -0.06071628    0.00000014
    411.  12061.    0.22878881   -0.09088872    0.04500000   -0.00076905   -0.06013615    0.00000016
    412.  12062.    0.23075524   -0.09123815    0.04500000   -0.00075231   -0.05955008    0.00000018
    413.  12063.    0.23272340   -0.09157768    0.04500000   -0.00073924   -0.05895832    0.00000020
    414.  12064.    0.23469174   -0.09191623    0.04500000   -0.00072715   -0.05836114    0.00000021
    415.  12065.    0.23665915   -0.09226009    0.04500000   -0.00071413   -0.05775878    0.00000023
    416.  12066.    0.23862570   -0.09260889    0.04500000   -0.00070025   -0.05715141    0.00000025
    417.  12067.    0.24059179   -0.09296022    0.04500000   -0.00068622   -0.05653922    0.00000028
    418.  12068.    0.24255787   -0.09331167    0.04500000   -0.00067277   -0.05592236    0.00000031
    419.  12069.    0.24452432   -0.09366100    0.04500000   -0.00066060   -0.05530100    0.00000033
    420.  12070.    0.24649099   -0.09400909    0.04500000   -0.00064942   -0.05467534    0.00000036
    421.  12071.    0.24845736   -0.09435886    0.04500000   -0.00063829   -0.05404558    0.00000039
    422.  12072.    0.25042311   -0.09471212    0.04500000   -0.00062659   -0.05341191    0.00000041
    423.  12073.    0.25238868   -0.09506637    0.04500000   -0.00061511   -0.05277449    0.00000044
    424.  12074.    0.25435484   -0.09541732    0.04500000   -0.00060522   -0.05213348    0.00000047
    425.  12075.    0.25632189   -0.09576328    0.04500000   -0.00059747   -0.05148905    0.00000049
    426.  12076.    0.25828952   -0.09610591    0.04500000   -0.00059130   -0.05084139    0.00000051
    427.  12077.    0.26025693   -0.09644980    0.04500000   -0.00058519   -0.05019070    0.00000052
    428.  12078.    0.26222360   -0.09679788    0.04500000   -0.00057813   -0.04953717    0.00000054
    429.  12079.    0.26418974   -0.09714898    0.04500000   -0.00057049   -0.04888097    0.00000056
    430.  12080.    0.26615573   -0.09750088    0.04500000   -0.00056296   -0.04822226    0.00000059
    431.  12081.    0.26812166   -0.09785318    0.04500000   -0.00055567   -0.04756121    0.00000060
    432.  12082.    0.27008735   -0.09820678    0.04500000   -0.00054828   -0.04689801    0.00000062
    433.  12083.    0.27205293   -0.09856096    0.04500000   -0.00054100   -0.04623282    0.00000064
    434.  12084.    0.27401899   -0.09891247    0.04500000   -0.00053492   -0.04556581    0.00000066
    435.  12085.    0.27598615   -0.09925779    0.04500000   -0.00053121   -0.04489714    0.00000066
    436.  12086.    0.27795498   -0.09959343    0.04500000   -0.00053103   -0.04422699    0.00000066
    437.  12087.    0.27992567   -0.09991800    0.04500000   -0.00053485   -0.04355556    0.00000064
    438.  12088.    0.28189753   -0.10023536    0.04500000   -0.00054133   -0.04288302    0.00000062
    439.  12089.    0.28386986   -0.10054982    0.04500000   -0.00054897   -0.04220955    0.00000059
    440.  12090.    0.28584196   -0.10086568    0.04500000   -0.00055627   -0.04153531    0.00000056
    441.  12091.    0.28781326   -0.10118654    0.04500000   -0.00056198   -0.04086045    0.00000054
    442.  12092.    0.28978400   -0.10151081    0.04500000   -0.00056658   -0.04018517    0.00000051
    443.  12093.    0.29175467   -0.10183549    0.04500000   -0.00057109   -0.03950964    0.00000049
    444.  12094.    0.29372558   -0.10215874    0.04500000   -0.00057611   -0.03883404    0.00000046
    445.  12095.    0.29569673   -0.10248046    0.04500000   -0.00058163   -0.03815853    0.00000042
    446.  12096.    0.29766810   -0.10280092    0.04500000   -0.00058754   -0.03748331    0.00000039
    447.  12097.    0.29963969   -0.10311994    0.04500000   -0.00059386   -0.03680852    0.00000035
    448.  12098.    0.30161154   -0.10343740    0.04500000   -0.00060060   -0.03613436    0.00000030
    449.  12099.    0.30358338   -0.10375491    0.04500000   -0.00060718   -0.03546098    0.00000025
    450.  12100.    0.30555472   -0.10407546    0.04500000   -0.00061255   -0.03478856    0.00000021
    451.  12101.    0.30752557   -0.10439905    0.04500000   -0.00061669   -0.03411726    0.00000016
    452.  12102.    0.30949643   -0.10472262    0.04500000   -0.00062060   -0.03344727    0.00000011
    453.  12103.    0.31146779   -0.10504308    0.04500000   -0.00062531   -0.03277876    0.00000006
    454.  12104.    0.31344003   -0.10535812    0.04500000   -0.00063155   -0.03211192    0.00000000
    455.  12105.    0.31541241   -0.10567225    0.04500000   -0.00063778   -0.03144690   -0.00000006
    456.  12106.    0.31738388   -0.10599200    0.04500000   -0.00064177   -0.03078387   -0.00000013
    457.  12107.    0.31935422   -0.10631872    0.04500000   -0.00064304   -0.03012300   -0.00000019
    458.  12108.    0.32132436   -0.10664660    0.04500000   -0.00064353   -0.02946447   -0.00000025
    459.  12109.    0.32329529   -0.10696971    0.04500000   -0.00064518   -0.02880846   -0.00000031
    460.  12110.    0.32526695   -0.10728832    0.04500000   -0.00064787   -0.02815514   -0.00000039
    461.  12111.    0.32723876   -0.10760598    0.04500000   -0.00065040   -0.02750467   -0.00000047
    462.  12112.    0.32921035   -0.10792508    0.04500000   -0.00065194   -0.02685723   -0.00000055
    463.  12113.    0.33118184   -0.10824473    0.04500000   -0.00065277   -0.02621299   -0.00000063
    464.  12114.    0.33315387   -0.10856103    0.04500000   -0.00065414   -0.02557213   -0.00000072
    465.  12115.    0.33512690   -0.10887107    0.04500000   -0.00065694   -0.02493482   -0.00000081
    466.  12116.    0.33710086   -0.10917511    0.04500000   -0.00066106   -0.02430125   -0.00000092
    467.  12117.    0.33907550   -0.10947471    0.04500000   -0.00066595   -0.02367158   -0.00000103
    468.  12118.    0.34105059   -0.10977134    0.04500000   -0.00067109   -0.02304599   -0.00000115
    469.  12119.    0.34302599   -0.11006590    0.04500000   -0.00067618   -0.02242467   -0.00000127
    470.  12120.    0.34500158   -0.11035917    0.04500000   -0.00068094   -0.02180779   -0.00000140
    471.  12121.    0.34697724   -0.11065194    0.04500000   -0.00068510   -0.02119553   -0.00000153
    472.  12122.    0.34895293   -0.11094453    0.04500000   -0.00068854   -0.02058807   -0.00000166
    473.  12123.    0.35092860   -0.11123726    0.04500000   -0.00069114   -0.01998561   -0.00000178
    474.  12124.    0.35290416   -0.11153072    0.04500000   -0.00069272   -0.01938831   -0.00000191
    475.  12125.    0.35487953   -0.11182550    0.04500000   -0.00069309   -0.01879637   -0.00000204
    476.  12126.    0.35685454   -0.11212265    0.04500000   -0.00069192   -0.01820996   -0.00000216
    477.  12127.    0.35882907   -0.11242296    0.04500000   -0.00068899   -0.01762928   -0.00000227
    478.  12128.    0.36080334   -0.11272497    0.04500000   -0.00068474   -0.01705450   -0.00000238
    479.  12129.    0.36277794   -0.11302487    0.04500000   -0.00068027   -0.01648580   -0.00000249
    480.  12130.    0.36475335   -0.11331930    0.04500000   -0.00067652   -0.01592336   -0.00000261
    481.  12131.    0.36672953   -0.11360858    0.04500000   -0.00067334   -0.01536735   -0.00000273
    482.  12132.    0.36870598   -0.11389601    0.04500000   -0.00066980   -0.01481796   -0.00000285
    483.  12133.    0.37068221   -0.11418493    0.04500000   -0.00066496   -0.01427540   -0.00000296
    484.  12134.    0.37265773   -0.11447868    0.04500000   -0.00065793   -0.01373986   -0.00000306
    485.  12135.    0.37463236   -0.11477831    0.04500000   -0.00064845   -0.01321155   -0.00000313
    486.  12136.    0.37660667   -0.11508013    0.04500000   -0.00063756   -0.01269063   -0.00000320
    487.  12137.    0.37858132   -0.11537962    0.04500000   -0.00062645   -0.01217728   -0.00000326
    488.  12138.    0.38055662   -0.11567483    0.04500000   -0.00061562   -0.01167166   -0.00000332
    489.  12139.    0.38253236   -0.11596710    0.04500000   -0.00060470   -0.01117397   -0.00000337
    490.  12140.    0.38450795   -0.11626037    0.04500000   -0.00059271   -0.01068443   -0.00000342
    491.  12141.    0.38648307   -0.11655681    0.04500000   -0.00057914   -0.01020325   -0.00000344
    492.  12142.    0.38845800   -0.11685443    0.04500000   -0.00056451   -0.00973060   -0.00000344
    493.  12143.    0.39043326   -0.11714995    0.04500000   -0.00054963   -0.00926666   -0.00000343
    494.  12144.    0.39240892   -0.11744276    0.04500000   -0.00053464   -0.00881162   -0.00000342
    495.  12145.    0.39438462   -0.11773528    0.04500000   -0.00051900   -0.00836569   -0.00000339
    496.  12146.    0.39636010   -0.11802930    0.04500000   -0.00050233   -0.00792910   -0.00000334
    497.  12147.    0.39833563   -0.11832295    0.04500000   -0.00048508   -0.00750201   -0.00000327
    498.  12148.    0.40031169   -0.11861301    0.04500000   -0.00046796   -0.00708462   -0.00000319
    499.  12149.    0.40228855   -0.11889764    0.04500000   -0.00045135   -0.00667710   -0.00000310
    500.  12150.    0.40426618   -0.11917681    0.04500000   -0.00043525   -0.00627966   -0.00000301
    501.  12151.    0.40624430   -0.11945251    0.04500000   -0.00041924   -0.00589254   -0.00000290
    502.  12152.    0.40822260   -0.11972690    0.04500000   -0.00040292   -0.00551595   -0.00000277
    503.  12153.    0.41020089   -0.12000138    0.04500000   -0.00038607   -0.00515013   -0.00000262
    504.  12154.    0.41217918   -0.12027582    0.04500000   -0.00036875   -0.00479529   -0.00000245
    505.  12155.    0.41415751   -0.12055002    0.04500000   -0.00035106   -0.00445165   -0.00000227
    506.  12156.    0.41613590   -0.12082374    0.04500000   -0.00033308   -0.00411942   -0.00000206
    507.  12157.    0.41811455   -0.12109562    0.04500000   -0.00031511   -0.00379881   -0.00000184
    508.  12158.    0.42009359   -0.12136462    0.04500000   -0.00029733   -0.00349002   -0.00000160
    509.  12159.    0.42207300   -0.12163088    0.04500000   -0.00027976   -0.00319328   -0.00000135
    510.  12160.    0.42405241   -0.12189710    0.04500000   -0.00026206   -0.00290882   -0.00000109
    511.  12161.    0.42603139   -0.12216661    0.04500000   -0.00024383   -0.00263691   -0.00000082
    512.  12162.    0.42800985   -0.12243984    0.04500000   -0.00022515   -0.00237776   -0.00000055
    513.  12163.    0.42998803   -0.12271507    0.04500000   -0.00020636   -0.00213157   -0.00000029
    514.  12164.    0.43196617   -0.12299060    0.04500000   -0.00018778   -0.00189853   -0.00000004
    515.  12165.    0.43394444   -0.12326521    0.04500000   -0.00016963   -0.00167884    0.00000022
    516.  12166.    0.43592268   -0.12354005    0.04500000   -0.00015189   -0.00147271    0.00000045
    517.  12167.    0.43790093   -0.12381481    0.04500000   -0.00013469   -0.00128033    0.00000067
    518.  12168.    0.43987927   -0.12408893    0.04500000   -0.00011818   -0.00110188    0.00000087
    519.  12169.    0.44185777   -0.12436184    0.04500000   -0.00010251   -0.00093751    0.00000104
    520.  12170.    0.44383648   -0.12463326    0.04500000   -0.00008778   -0.00078738    0.00000118
    521.  12171.    0.44581533   -0.12490368    0.04500000   -0.00007406   -0.00065159    0.00000129
    522.  12172.    0.44779423   -0.12517375    0.04500000   -0.00006139   -0.00053018    0.00000136
    523.  12173.    0.44977308   -0.12544412    0.04500000   -0.00004984   -0.00042311    0.00000137
    524.  12174.    0.45175190   -0.12571470    0.04500000   -0.00003949   -0.00033021    0.00000134
    525.  12175.    0.45373077   -0.12598501    0.04500000   -0.00003044   -0.00025108    0.00000126
    526.  12176.    0.45570956   -0.12625582    0.04500000   -0.00002268   -0.00018516    0.00000114
    527.  12177.    0.45768818   -0.12652792    0.04500000   -0.00001620   -0.00013161    0.00000099
    528.  12178.    0.45966653   -0.12680194    0.04500000   -0.00001095   -0.00008934    0.00000080
    529.  12179.    0.46164473   -0.12707705    0.04500000   -0.00000687   -0.00005709    0.00000061
    530.  12180.    0.46362290   -0.12735236    0.04500000   -0.00000386   -0.00003346    0.00000043
    531.  12181.    0.46560116   -0.12762709    0.04500000   -0.00000176   -0.00001701    0.00000026
    532.  12182.    0.46757959   -0.12790049    0.04500000   -0.00000044   -0.00000638    0.00000013
    533.  12183.    0.46955822   -0.12817252    0.04500000    0.00000029   -0.00000029    0.00000003
    534.  12184.    0.47153709   -0.12844280    0.04500000    0.00000057    0.00000244   -0.00000005
    535.  12185.    0.47351631   -0.12871046    0.04500000    0.00000054    0.00000285   -0.00000009
    536.  12186.    0.47549600   -0.12897466    0.04500000    0.00000034    0.00000194   -0.00000011
    537.  12187.    0.47747627   -0.12923441    0.04500000    0.00000010    0.00000067   -0.00000010
    538.  12188.    0.47945703   -0.12949046    0.04500000   -0.00000005   -0.00000005   -0.00000007
    539.  12189.    0.48143789   -0.12974571    0.04500000   -0.00000007   -0.00000001   -0.00000004
    540.  12190.    0.48341855   -0.13000254    0.04500000   -0.00000006    0.00000002   -0.00000002
    541.  12191.    0.48539912   -0.13026004    0.04500000   -0.00000005    0.00000001   -0.00000001
    542.  12192.    0.48738010   -0.13051430    0.04500000   -0.00000004    0.00000001   -0.00000001
    543.  12193.    0.48936177   -0.13076318    0.04500000   -0.00000003    0.00000001    0.00000000
    544.  12194.    0.49134373   -0.13100977    0.04500000   -0.00000002    0.00000000    0.00000000
    545.  12195.    0.49332517   -0.13126046    0.04500000   -0.00000002    0.00000000    0.00000000
    546.  12196.    0.49530578   -0.13151766    0.04500000   -0.00000001    0.00000000    0.00000000
    547.  12197.    0.49728645   -0.13177438    0.04500000   -0.00000001    0.00000000    0.00000000
    548.  12198.    0.49926818   -0.13202281    0.04500000   -0.00000001    0.00000000    0.00000000
    549.  12199.    0.50125064   -0.13226532    0.04500000   -0.00000001    0.00000000    0.00000000
    550.  12200.    0.50323272   -0.13251092    0.04500000    0.00000000    0.00000000    0.00000000
    551.  12201.    0.50521363   -0.13276578    0.04500000    0.00000000    0.00000000    0.00000000
    552.  12202.    0.50719368   -0.13302722    0.04500000    0.00000000    0.00000000    0.00000000
    553.  12203.    0.50917404   -0.13328635    0.04500000    0.00000000    0.00000000    0.00000000
    554.  12204.    0.51115543   -0.13353740    0.04500000    0.00000000    0.00000000    0.00000000
    555.  12205.    0.51313759   -0.13378243    0.04500000    0.00000000    0.00000000    0.00000000
    556.  12206.    0.51511956   -0.13402888    0.04500000    0.00000000    0.00000000    0.00000000
    557.  12207.    0.51710062   -0.13428258    0.04500000    0.00000000    0.00000000    0.00000000
