#       Node          x             y             z             dx            dy            dz      
      1.  11651.    0.51907584    0.16562487    0.04500000    0.00000000    0.00000000    0.00000000
      2.  11652.    0.51908048   -0.13454548    0.04500000    0.00000000    0.00000000    0.00000000
      3.  11653.    0.51709499    0.16536949    0.04500000    0.00000000    0.00000000    0.00000000
      4.  11654.    0.51511483    0.16510886    0.04500000    0.00000000    0.00000000    0.00000000
      5.  11655.    0.51313521    0.16484416    0.04500000    0.00000000    0.00000000    0.00000000
      6.  11656.    0.51115566    0.16457892    0.04500000    0.00000000    0.00000000    0.00000000
      7.  11657.    0.50917560    0.16431761    0.04500000    0.00000000    0.00000000    0.00000000
      8.  11658.    0.50719486    0.16406137    0.04500000    0.00000000    0.00000000    0.00000000
      9.  11659.    0.50521391    0.16380682    0.04500000    0.00000000    0.00000000    0.00000000
     10.  11660.    0.50323342    0.16354869    0.04500000    0.00000000    0.00000000    0.00000000
     11.  11661.    0.50125360    0.16328551    0.04500000    0.00000000    0.00000000    0.00000000
     12.  11662.    0.49927390    0.16302140    0.04500000    0.00000000    0.00000000    0.00000000
     13.  11663.    0.49729360    0.16276182    0.04500000    0.00000000    0.00000000    0.00000000
     14.  11664.    0.49531265    0.16250726    0.04500000    0.00000000    0.00000000    0.00000000
     15.  11665.    0.49333183    0.16225174    0.04500000    0.00000000    0.00000000    0.00000000
     16.  11666.    0.49135176    0.16199043    0.04500000    0.00000000    0.00000000    0.00000000
     17.  11667.    0.48937211    0.16172594    0.04500000    0.00000000    0.00000000    0.00000000
     18.  11668.    0.48739220    0.16146343    0.04500000    0.00000000    0.00000000    0.00000000
     19.  11669.    0.48541186    0.16120416    0.04500000    0.00000000    0.00000000    0.00000000
     20.  11670.    0.48343151    0.16094497    0.04500000   -0.00000001    0.00000000    0.00000000
     21.  11671.    0.48145158    0.16068262    0.04500000   -0.00000001    0.00000000    0.00000000
     22.  11672.    0.47947191    0.16041827    0.04500000   -0.00000001    0.00000000    0.00000001
     23.  11673.    0.47749187    0.16015677    0.04500000   -0.00000002   -0.00000002    0.00000001
     24.  11674.    0.47551113    0.15990052    0.04500000   -0.00000002   -0.00000005    0.00000002
     25.  11675.    0.47353018    0.15964602    0.04500000   -0.00000002   -0.00000011    0.00000002
     26.  11676.    0.47154974    0.15938747    0.04500000   -0.00000002   -0.00000019    0.00000002
     27.  11677.    0.46957002    0.15912359    0.04500000   -0.00000001   -0.00000029    0.00000003
     28.  11678.    0.46759030    0.15885963    0.04500000    0.00000000   -0.00000041    0.00000003
     29.  11679.    0.46560998    0.15860022    0.04500000    0.00000001   -0.00000055    0.00000003
     30.  11680.    0.46362946    0.15834229    0.04500000    0.00000003   -0.00000071    0.00000004
     31.  11681.    0.46164962    0.15807925    0.04500000    0.00000005   -0.00000089    0.00000004
     32.  11682.    0.45967124    0.15780546    0.04500000    0.00000007   -0.00000108    0.00000004
     33.  11683.    0.45769468    0.15751884    0.04500000    0.00000009   -0.00000128    0.00000004
     34.  11684.    0.45571951    0.15722277    0.04500000    0.00000011   -0.00000148    0.00000004
     35.  11685.    0.45374509    0.15692170    0.04500000    0.00000014   -0.00000170    0.00000004
     36.  11686.    0.45177076    0.15662005    0.04500000    0.00000017   -0.00000193    0.00000004
     37.  11687.    0.44979591    0.15632184    0.04500000    0.00000020   -0.00000216    0.00000003
     38.  11688.    0.44782073    0.15602582    0.04500000    0.00000023   -0.00000241    0.00000003
     39.  11689.    0.44584573    0.15572861    0.04500000    0.00000026   -0.00000266    0.00000003
     40.  11690.    0.44387116    0.15542857    0.04500000    0.00000029   -0.00000293    0.00000003
     41.  11691.    0.44189680    0.15512712    0.04500000    0.00000032   -0.00000320    0.00000003
     42.  11692.    0.43992235    0.15482630    0.04500000    0.00000036   -0.00000347    0.00000003
     43.  11693.    0.43794782    0.15452596    0.04500000    0.00000039   -0.00000376    0.00000003
     44.  11694.    0.43597338    0.15422505    0.04500000    0.00000043   -0.00000405    0.00000003
     45.  11695.    0.43399919    0.15392250    0.04500000    0.00000047   -0.00000435    0.00000003
     46.  11696.    0.43202536    0.15361760    0.04500000    0.00000050   -0.00000465    0.00000002
     47.  11697.    0.43005171    0.15331153    0.04500000    0.00000054   -0.00000495    0.00000002
     48.  11698.    0.42807797    0.15300608    0.04500000    0.00000058   -0.00000527    0.00000002
     49.  11699.    0.42610386    0.15270300    0.04500000    0.00000062   -0.00000558    0.00000002
     50.  11700.    0.42412916    0.15240380    0.04500000    0.00000066   -0.00000590    0.00000002
     51.  11701.    0.42215408    0.15210710    0.04500000    0.00000069   -0.00000623    0.00000002
     52.  11702.    0.42017894    0.15181081    0.04500000    0.00000073   -0.00000656    0.00000003
     53.  11703.    0.41820404    0.15151296    0.04500000    0.00000077   -0.00000688    0.00000003
     54.  11704.    0.41622967    0.15121161    0.04500000    0.00000081   -0.00000721    0.00000003
     55.  11705.    0.41425581    0.15090688    0.04500000    0.00000085   -0.00000753    0.00000003
     56.  11706.    0.41228205    0.15060157    0.04500000    0.00000088   -0.00000785    0.00000002
     57.  11707.    0.41030791    0.15029870    0.04500000    0.00000092   -0.00000817    0.00000002
     58.  11708.    0.40833321    0.14999950    0.04500000    0.00000095   -0.00000848    0.00000002
     59.  11709.    0.40635810    0.14970297    0.04500000    0.00000098   -0.00000878    0.00000003
     60.  11710.    0.40438293    0.14940689    0.04500000    0.00000101   -0.00000908    0.00000003
     61.  11711.    0.40240777    0.14911076    0.04500000    0.00000104   -0.00000935    0.00000004
     62.  11712.    0.40043268    0.14881410    0.04500000    0.00000106   -0.00000961    0.00000005
     63.  11713.    0.39845775    0.14851647    0.04500000    0.00000108   -0.00000985    0.00000005
     64.  11714.    0.39648310    0.14821689    0.04500000    0.00000109   -0.00001005    0.00000006
     65.  11715.    0.39450903    0.14791356    0.04500000    0.00000110   -0.00001022    0.00000006
     66.  11716.    0.39253543    0.14760723    0.04500000    0.00000110   -0.00001035    0.00000005
     67.  11717.    0.39056154    0.14730269    0.04500000    0.00000109   -0.00001042    0.00000005
     68.  11718.    0.38858681    0.14700373    0.04500000    0.00000107   -0.00001043    0.00000006
     69.  11719.    0.38661206    0.14670486    0.04500000    0.00000104   -0.00001037    0.00000007
     70.  11720.    0.38463894    0.14639541    0.04500000    0.00000099   -0.00001021    0.00000007
     71.  11721.    0.38266863    0.14606858    0.04500000    0.00000092   -0.00000994    0.00000005
     72.  11722.    0.38070109    0.14572548    0.04500000    0.00000082   -0.00000954    0.00000002
     73.  11723.    0.37873451    0.14537687    0.04500000    0.00000069   -0.00000899   -0.00000001
     74.  11724.    0.37676740    0.14503127    0.04500000    0.00000054   -0.00000828   -0.00000004
     75.  11725.    0.37479997    0.14468751    0.04500000    0.00000034   -0.00000737   -0.00000007
     76.  11726.    0.37283302    0.14434099    0.04500000    0.00000010   -0.00000622   -0.00000010
     77.  11727.    0.37086663    0.14399132    0.04500000   -0.00000019   -0.00000478   -0.00000014
     78.  11728.    0.36889999    0.14364305    0.04500000   -0.00000055   -0.00000299   -0.00000017
     79.  11729.    0.36693247    0.14329979    0.04500000   -0.00000097   -0.00000078   -0.00000020
     80.  11730.    0.36496441    0.14295961    0.04500000   -0.00000149    0.00000195   -0.00000024
     81.  11731.    0.36299665    0.14261775    0.04500000   -0.00000211    0.00000528   -0.00000027
     82.  11732.    0.36102968    0.14227132    0.04500000   -0.00000286    0.00000930   -0.00000030
     83.  11733.    0.35906344    0.14192080    0.04500000   -0.00000375    0.00001409   -0.00000032
     84.  11734.    0.35709718    0.14157043    0.04500000   -0.00000479    0.00001970   -0.00000035
     85.  11735.    0.35513018    0.14122422    0.04500000   -0.00000596    0.00002618   -0.00000037
     86.  11736.    0.35316231    0.14088297    0.04500000   -0.00000728    0.00003359   -0.00000040
     87.  11737.    0.35119389    0.14054489    0.04500000   -0.00000874    0.00004192   -0.00000042
     88.  11738.    0.34922588    0.14020445    0.04500000   -0.00001038    0.00005121   -0.00000045
     89.  11739.    0.34725921    0.13985637    0.04500000   -0.00001221    0.00006144   -0.00000046
     90.  11740.    0.34529361    0.13950227    0.04500000   -0.00001424    0.00007262   -0.00000047
     91.  11741.    0.34332767    0.13915007    0.04500000   -0.00001643    0.00008474   -0.00000048
     92.  11742.    0.34136023    0.13880638    0.04500000   -0.00001872    0.00009781   -0.00000049
     93.  11743.    0.33939155    0.13846981    0.04500000   -0.00002112    0.00011181   -0.00000051
     94.  11744.    0.33742285    0.13813342    0.04500000   -0.00002367    0.00012675   -0.00000053
     95.  11745.    0.33545525    0.13779063    0.04500000   -0.00002642    0.00014261   -0.00000054
     96.  11746.    0.33348907    0.13743975    0.04500000   -0.00002940    0.00015940   -0.00000055
     97.  11747.    0.33152346    0.13708573    0.04500000   -0.00003256    0.00017711   -0.00000055
     98.  11748.    0.32955739    0.13673428    0.04500000   -0.00003586    0.00019573   -0.00000056
     99.  11749.    0.32759028    0.13638865    0.04500000   -0.00003925    0.00021529   -0.00000057
    100.  11750.    0.32562208    0.13604933    0.04500000   -0.00004273    0.00023576   -0.00000059
    101.  11751.    0.32365381    0.13571041    0.04500000   -0.00004635    0.00025716   -0.00000061
    102.  11752.    0.32168691    0.13536359    0.04500000   -0.00005021    0.00027948   -0.00000063
    103.  11753.    0.31972246    0.13500324    0.04500000   -0.00005438    0.00030269   -0.00000063
    104.  11754.    0.31776074    0.13462824    0.04500000   -0.00005889    0.00032678   -0.00000063
    105.  11755.    0.31580125    0.13424180    0.04500000   -0.00006371    0.00035175   -0.00000062
    106.  11756.    0.31384296    0.13384931    0.04500000   -0.00006877    0.00037758   -0.00000060
    107.  11757.    0.31188490    0.13345563    0.04500000   -0.00007399    0.00040423   -0.00000059
    108.  11758.    0.30992663    0.13306301    0.04500000   -0.00007936    0.00043169   -0.00000058
    109.  11759.    0.30796821    0.13267114    0.04500000   -0.00008485    0.00045993   -0.00000057
    110.  11760.    0.30601011    0.13227768    0.04500000   -0.00009051    0.00048891   -0.00000056
    111.  11761.    0.30405255    0.13188156    0.04500000   -0.00009634    0.00051859   -0.00000055
    112.  11762.    0.30209508    0.13148499    0.04500000   -0.00010231    0.00054895   -0.00000054
    113.  11763.    0.30013716    0.13109064    0.04500000   -0.00010836    0.00057996   -0.00000053
    114.  11764.    0.29817881    0.13069846    0.04500000   -0.00011448    0.00061161   -0.00000053
    115.  11765.    0.29622048    0.13030610    0.04500000   -0.00012072    0.00064384   -0.00000052
    116.  11766.    0.29426263    0.12991145    0.04500000   -0.00012711    0.00067663   -0.00000052
    117.  11767.    0.29230508    0.12951525    0.04500000   -0.00013361    0.00070996   -0.00000051
    118.  11768.    0.29034766    0.12911843    0.04500000   -0.00014023    0.00074379   -0.00000051
    119.  11769.    0.28839018    0.12872189    0.04500000   -0.00014692    0.00077811   -0.00000050
    120.  11770.    0.28643253    0.12832622    0.04500000   -0.00015368    0.00081288   -0.00000050
    121.  11771.    0.28447480    0.12793090    0.04500000   -0.00016052    0.00084808   -0.00000049
    122.  11772.    0.28251714    0.12753527    0.04500000   -0.00016743    0.00088367   -0.00000049
    123.  11773.    0.28055968    0.12713866    0.04500000   -0.00017443    0.00091964   -0.00000049
    124.  11774.    0.27860237    0.12674127    0.04500000   -0.00018151    0.00095595   -0.00000048
    125.  11775.    0.27664485    0.12634496    0.04500000   -0.00018862    0.00099258   -0.00000048
    126.  11776.    0.27468676    0.12595144    0.04500000   -0.00019574    0.00102952   -0.00000048
    127.  11777.    0.27272830    0.12555978    0.04500000   -0.00020287    0.00106673   -0.00000048
    128.  11778.    0.27077004    0.12516711    0.04500000   -0.00021006    0.00110419   -0.00000048
    129.  11779.    0.26881246    0.12477110    0.04500000   -0.00021736    0.00114187   -0.00000048
    130.  11780.    0.26685547    0.12437214    0.04500000   -0.00022475    0.00117973   -0.00000048
    131.  11781.    0.26489899    0.12397070    0.04500000   -0.00023223    0.00121775   -0.00000048
    132.  11782.    0.26294299    0.12356696    0.04500000   -0.00023977    0.00125591   -0.00000048
    133.  11783.    0.26098834    0.12315671    0.04500000   -0.00024746    0.00129416   -0.00000048
    134.  11784.    0.25903634    0.12273406    0.04500000   -0.00025541    0.00133243   -0.00000048
    135.  11785.    0.25708763    0.12229646    0.04500000   -0.00026365    0.00137067   -0.00000047
    136.  11786.    0.25514145    0.12184778    0.04500000   -0.00027211    0.00140884   -0.00000047
    137.  11787.    0.25319651    0.12139370    0.04500000   -0.00028066    0.00144690   -0.00000046
    138.  11788.    0.25125168    0.12093917    0.04500000   -0.00028918    0.00148479   -0.00000045
    139.  11789.    0.24930620    0.12048743    0.04500000   -0.00029759    0.00152247   -0.00000045
    140.  11790.    0.24736022    0.12003786    0.04500000   -0.00030591    0.00155987   -0.00000044
    141.  11791.    0.24541426    0.11958817    0.04500000   -0.00031414    0.00159690   -0.00000044
    142.  11792.    0.24346872    0.11913669    0.04500000   -0.00032233    0.00163350   -0.00000044
    143.  11793.    0.24152333    0.11868455    0.04500000   -0.00033041    0.00166960   -0.00000043
    144.  11794.    0.23957715    0.11823587    0.04500000   -0.00033832    0.00170515   -0.00000043
    145.  11795.    0.23762958    0.11779321    0.04500000   -0.00034598    0.00174008   -0.00000043
    146.  11796.    0.23568149    0.11735288    0.04500000   -0.00035345    0.00177433   -0.00000043
    147.  11797.    0.23373468    0.11690688    0.04500000   -0.00036087    0.00180779   -0.00000043
    148.  11798.    0.23179012    0.11645124    0.04500000   -0.00036827    0.00184039   -0.00000042
    149.  11799.    0.22984636    0.11599215    0.04500000   -0.00037552    0.00187207   -0.00000042
    150.  11800.    0.22790137    0.11553830    0.04500000   -0.00038249    0.00190278   -0.00000042
    151.  11801.    0.22595481    0.11509122    0.04500000   -0.00038911    0.00193246   -0.00000042
    152.  11802.    0.22400774    0.11464639    0.04500000   -0.00039547    0.00196102   -0.00000042
    153.  11803.    0.22206159    0.11419753    0.04500000   -0.00040162    0.00198836   -0.00000042
    154.  11804.    0.22011669    0.11374331    0.04500000   -0.00040757    0.00201441   -0.00000041
    155.  11805.    0.21817186    0.11328879    0.04500000   -0.00041322    0.00203910   -0.00000041
    156.  11806.    0.21622625    0.11283759    0.04500000   -0.00041852    0.00206235   -0.00000040
    157.  11807.    0.21428085    0.11238553    0.04500000   -0.00042349    0.00208408   -0.00000040
    158.  11808.    0.21233754    0.11192453    0.04500000   -0.00042820    0.00210419   -0.00000039
    159.  11809.    0.21039763    0.11144949    0.04500000   -0.00043266    0.00212256   -0.00000038
    160.  11810.    0.20846099    0.11096124    0.04500000   -0.00043680    0.00213911   -0.00000038
    161.  11811.    0.20652677    0.11046350    0.04500000   -0.00044056    0.00215374   -0.00000037
    162.  11812.    0.20459385    0.10996071    0.04500000   -0.00044384    0.00216634   -0.00000036
    163.  11813.    0.20266148    0.10945584    0.04500000   -0.00044659    0.00217678   -0.00000035
    164.  11814.    0.20072996    0.10894769    0.04500000   -0.00044876    0.00218494   -0.00000034
    165.  11815.    0.19879986    0.10843421    0.04500000   -0.00045033    0.00219068   -0.00000033
    166.  11816.    0.19687174    0.10791334    0.04500000   -0.00045123    0.00219386   -0.00000031
    167.  11817.    0.19494561    0.10738516    0.04500000   -0.00045142    0.00219435   -0.00000030
    168.  11818.    0.19301945    0.10685707    0.04500000   -0.00045081    0.00219198   -0.00000029
    169.  11819.    0.19109123    0.10633658    0.04500000   -0.00044940    0.00218660   -0.00000028
    170.  11820.    0.18916047    0.10582557    0.04500000   -0.00044716    0.00217804   -0.00000026
    171.  11821.    0.18722803    0.10532097    0.04500000   -0.00044406    0.00216615   -0.00000024
    172.  11822.    0.18529522    0.10481773    0.04500000   -0.00044004    0.00215077   -0.00000023
    173.  11823.    0.18336313    0.10431179    0.04500000   -0.00043500    0.00213175   -0.00000021
    174.  11824.    0.18143220    0.10380145    0.04500000   -0.00042888    0.00210896   -0.00000019
    175.  11825.    0.17950204    0.10328816    0.04500000   -0.00042161    0.00208222   -0.00000018
    176.  11826.    0.17757195    0.10277463    0.04500000   -0.00041318    0.00205134   -0.00000016
    177.  11827.    0.17564147    0.10226258    0.04500000   -0.00040354    0.00201615   -0.00000014
    178.  11828.    0.17371075    0.10175142    0.04500000   -0.00039264    0.00197647   -0.00000013
    179.  11829.    0.17178106    0.10123637    0.04500000   -0.00038030    0.00193214   -0.00000011
    180.  11830.    0.16985385    0.10071215    0.04500000   -0.00036631    0.00188302   -0.00000010
    181.  11831.    0.16793006    0.10017551    0.04500000   -0.00035044    0.00182896   -0.00000008
    182.  11832.    0.16601019    0.09962503    0.04500000   -0.00033252    0.00176977   -0.00000006
    183.  11833.    0.16409386    0.09906233    0.04500000   -0.00031242    0.00170524   -0.00000005
    184.  11834.    0.16218020    0.09849060    0.04500000   -0.00029010    0.00163513   -0.00000003
    185.  11835.    0.16026835    0.09791285    0.04500000   -0.00026559    0.00155941   -0.00000002
    186.  11836.    0.15835792    0.09733042    0.04500000   -0.00023937    0.00147974   -0.00000001
    187.  11837.    0.15644856    0.09674452    0.04500000   -0.00021282    0.00139979   -0.00000001
    188.  11838.    0.15453986    0.09615644    0.04500000   -0.00018622    0.00132019    0.00000000
    189.  11839.    0.15263038    0.09557090    0.04500000   -0.00015968    0.00124055    0.00000000
    190.  11840.    0.15071853    0.09499318    0.04500000   -0.00013342    0.00116079    0.00000000
    191.  11841.    0.14880410    0.09442404    0.04500000   -0.00010771    0.00108141   -0.00000001
    192.  11842.    0.14688986    0.09385425    0.04500000   -0.00008187    0.00100142   -0.00000001
    193.  11843.    0.14497900    0.09327325    0.04500000   -0.00005342    0.00091497   -0.00000002
    194.  11844.    0.14307137    0.09268173    0.04500000   -0.00002121    0.00081958   -0.00000003
    195.  11845.    0.14116411    0.09208899    0.04500000    0.00001436    0.00071527   -0.00000003
    196.  11846.    0.13925405    0.09150537    0.04500000    0.00005255    0.00060238   -0.00000004
    197.  11847.    0.13734050    0.09093329    0.04500000    0.00009294    0.00048138   -0.00000004
    198.  11848.    0.13542648    0.09036278    0.04500000    0.00013596    0.00035301   -0.00000005
    199.  11849.    0.13351605    0.08978036    0.04500000    0.00018238    0.00021813   -0.00000005
    200.  11850.    0.13161199    0.08917748    0.04500000    0.00023273    0.00007751   -0.00000005
    201.  11851.    0.12971505    0.08855256    0.04500000    0.00028708   -0.00006820   -0.00000005
    202.  11852.    0.12782466    0.08790808    0.04500000    0.00034516   -0.00021851   -0.00000006
    203.  11853.    0.12593877    0.08725052    0.04500000    0.00040635   -0.00037309   -0.00000006
    204.  11854.    0.12405508    0.08658667    0.04500000    0.00046995   -0.00053166   -0.00000005
    205.  11855.    0.12217185    0.08592154    0.04500000    0.00053535   -0.00069391   -0.00000005
    206.  11856.    0.12028786    0.08525856    0.04500000    0.00060205   -0.00085950   -0.00000005
    207.  11857.    0.11840314    0.08459766    0.04500000    0.00066984   -0.00102798   -0.00000005
    208.  11858.    0.11651805    0.08393781    0.04500000    0.00073861   -0.00119884   -0.00000005
    209.  11859.    0.11463296    0.08327796    0.04500000    0.00080825   -0.00137160   -0.00000004
    210.  11860.    0.11274811    0.08261744    0.04500000    0.00087862   -0.00154576   -0.00000004
    211.  11861.    0.11086292    0.08195787    0.04500000    0.00094934   -0.00172095   -0.00000004
    212.  11862.    0.10897664    0.08130142    0.04500000    0.00102002   -0.00189678   -0.00000004
    213.  11863.    0.10708951    0.08064744    0.04500000    0.00109051   -0.00207277   -0.00000003
    214.  11864.    0.10520322    0.07999103    0.04500000    0.00116104   -0.00224829   -0.00000003
    215.  11865.    0.10332028    0.07932510    0.04500000    0.00123207   -0.00242262   -0.00000003
    216.  11866.    0.10144348    0.07864205    0.04500000    0.00130408   -0.00259500   -0.00000003
    217.  11867.    0.09957527    0.07793586    0.04500000    0.00137737   -0.00276477   -0.00000003
    218.  11868.    0.09771607    0.07720629    0.04500000    0.00145172   -0.00293148   -0.00000003
    219.  11869.    0.09586485    0.07645666    0.04500000    0.00152655   -0.00309483   -0.00000002
    220.  11870.    0.09401835    0.07569548    0.04500000    0.00160087   -0.00325477   -0.00000001
    221.  11871.    0.09217325    0.07493092    0.04500000    0.00167374   -0.00341122   -0.00000001
    222.  11872.    0.09032792    0.07416691    0.04500000    0.00174462   -0.00356394    0.00000000
    223.  11873.    0.08848178    0.07340483    0.04500000    0.00181319   -0.00371255    0.00000000
    224.  11874.    0.08663471    0.07264505    0.04500000    0.00187923   -0.00385665    0.00000000
    225.  11875.    0.08478628    0.07188856    0.04500000    0.00194249   -0.00399584    0.00000000
    226.  11876.    0.08293645    0.07113552    0.04500000    0.00200276   -0.00412967   -0.00000001
    227.  11877.    0.08108639    0.07038303    0.04500000    0.00206008   -0.00425762   -0.00000001
    228.  11878.    0.07923870    0.06962472    0.04500000    0.00211467   -0.00437903   -0.00000002
    229.  11879.    0.07739725    0.06885143    0.04500000    0.00216688   -0.00449322   -0.00000002
    230.  11880.    0.07556599    0.06805433    0.04500000    0.00221690   -0.00459955   -0.00000002
    231.  11881.    0.07374734    0.06722886    0.04500000    0.00226460   -0.00469753   -0.00000002
    232.  11882.    0.07194216    0.06637433    0.04500000    0.00230960   -0.00478681   -0.00000002
    233.  11883.    0.07014629    0.06550039    0.04500000    0.00235101   -0.00486729   -0.00000001
    234.  11884.    0.06835346    0.06462021    0.04500000    0.00238795   -0.00493891    0.00000000
    235.  11885.    0.06655854    0.06374429    0.04500000    0.00241982   -0.00500147    0.00000000
    236.  11886.    0.06475928    0.06287733    0.04500000    0.00244635   -0.00505456    0.00000000
    237.  11887.    0.06295795    0.06201468    0.04500000    0.00246758   -0.00509763    0.00000000
    238.  11888.    0.06115805    0.06114905    0.04500000    0.00248354   -0.00513013    0.00000000
    239.  11889.    0.05936240    0.06027464    0.04500000    0.00249411   -0.00515157    0.00000000
    240.  11890.    0.05757310    0.05938731    0.04500000    0.00249905   -0.00516154    0.00000000
    241.  11891.    0.05579277    0.05848212    0.04500000    0.00249830   -0.00516012    0.00000000
    242.  11892.    0.05402526    0.05755220    0.04500000    0.00249332   -0.00515071    0.00000000
    243.  11893.    0.05227433    0.05659142    0.04500000    0.00248780   -0.00514064    0.00000000
    244.  11894.    0.05053989    0.05560117    0.04500000    0.00248245   -0.00513122    0.00000000
    245.  11895.    0.04881839    0.05458856    0.04500000    0.00247699   -0.00512185    0.00000000
    246.  11896.    0.04710247    0.05356650    0.04500000    0.00247158   -0.00511266    0.00000000
    247.  11897.    0.04538538    0.05254644    0.04500000    0.00246641   -0.00510387    0.00000000
    248.  11898.    0.04366573    0.05153066    0.04500000    0.00245972   -0.00509251   -0.00000001
    249.  11899.    0.04194543    0.05051602    0.04500000    0.00244819   -0.00507282   -0.00000001
    250.  11900.    0.04023196    0.04948989    0.04500000    0.00243144   -0.00504443    0.00000000
    251.  11901.    0.03853566    0.04843567    0.04500000    0.00240949   -0.00500838    0.00000000
    252.  11902.    0.03686680    0.04733858    0.04500000    0.00238220   -0.00496579    0.00000000
    253.  11903.    0.03522950    0.04619491    0.04500000    0.00234961   -0.00491776   -0.00000001
    254.  11904.    0.03361702    0.04501645    0.04500000    0.00231231   -0.00486505   -0.00000001
    255.  11905.    0.03201586    0.04382261    0.04500000    0.00227135   -0.00480814   -0.00000001
    256.  11906.    0.03041551    0.04262769    0.04500000    0.00222778   -0.00474754   -0.00000001
    257.  11907.    0.02881632    0.04143122    0.04500000    0.00218214   -0.00468408   -0.00000001
    258.  11908.    0.02722876    0.04021937    0.04500000    0.00213444   -0.00461900   -0.00000001
    259.  11909.    0.02566340    0.03897903    0.04500000    0.00208469   -0.00455358   -0.00000001
    260.  11910.    0.02412709    0.03770289    0.04500000    0.00203318   -0.00448898   -0.00000002
    261.  11911.    0.02261556    0.03639746    0.04500000    0.00198085   -0.00442589   -0.00000002
    262.  11912.    0.02112147    0.03507208    0.04500000    0.00192881   -0.00436487   -0.00000002
    263.  11913.    0.01964231    0.03373006    0.04500000    0.00187797   -0.00430668   -0.00000001
    264.  11914.    0.01818286    0.03236666    0.04500000    0.00182894   -0.00425230   -0.00000001
    265.  11915.    0.01675380    0.03097149    0.04500000    0.00178161   -0.00420244   -0.00000001
    266.  11916.    0.01536661    0.02953472    0.04500000    0.00173383   -0.00415508   -0.00000001
    267.  11917.    0.01402753    0.02805299    0.04500000    0.00168456   -0.00410899   -0.00000001
    268.  11918.    0.01273239    0.02653269    0.04500000    0.00163394   -0.00406391   -0.00000001
    269.  11919.    0.01147545    0.02498063    0.04500000    0.00158206   -0.00401977   -0.00000001
    270.  11920.    0.01025066    0.02340305    0.04500000    0.00153141   -0.00397874   -0.00000002
    271.  11921.    0.00905424    0.02180386    0.04500000    0.00148712   -0.00394464   -0.00000003
    272.  11922.    0.00789136    0.02018013    0.04500000    0.00144989   -0.00391733   -0.00000004
    273.  11923.    0.00677048    0.01852716    0.04500000    0.00141921   -0.00389611   -0.00000005
    274.  11924.    0.00570402    0.01683861    0.04500000    0.00139455   -0.00388029   -0.00000005
    275.  11925.    0.00470559    0.01510902    0.04500000    0.00137545   -0.00386913   -0.00000006
    276.  11926.    0.00378854    0.01333500    0.04500000    0.00136148   -0.00386185   -0.00000007
    277.  11927.    0.00296557    0.01151547    0.04500000    0.00135217   -0.00385762   -0.00000007
    278.  11928.    0.00224874    0.00965162    0.04500000    0.00134704   -0.00385565   -0.00000007
    279.  11929.    0.00164911    0.00774688    0.04500000    0.00134556   -0.00385520   -0.00000007
    280.  11930.    0.00117682    0.00580669    0.04500000    0.00134713   -0.00385559   -0.00000007
    281.  11931.    0.00084060    0.00383838    0.04500000    0.00135110   -0.00385628   -0.00000007
    282.  11932.    0.00064730    0.00185096    0.04500000    0.00135680   -0.00385684   -0.00000007
    283.  11933.    0.00060173   -0.00014529    0.04500000    0.00136353   -0.00385700   -0.00000007
    284.  11934.    0.00070590   -0.00213934    0.04500000    0.00137059   -0.00385664   -0.00000006
    285.  11935.    0.00095967   -0.00411992    0.04500000    0.00137732   -0.00385579   -0.00000005
    286.  11936.    0.00136016   -0.00607613    0.04500000    0.00138310   -0.00385462   -0.00000005
    287.  11937.    0.00190274   -0.00799780    0.04500000    0.00138742   -0.00385342   -0.00000004
    288.  11938.    0.00258099   -0.00987591    0.04500000    0.00138985   -0.00385256   -0.00000002
    289.  11939.    0.00338714   -0.01170281    0.04500000    0.00139005   -0.00385250   -0.00000001
    290.  11940.    0.00431178   -0.01347274    0.04500000    0.00138780   -0.00385371    0.00000000
    291.  11941.    0.00534397   -0.01518224    0.04500000    0.00138293   -0.00385666    0.00000002
    292.  11942.    0.00647050   -0.01683116    0.04500000    0.00137539   -0.00386182    0.00000004
    293.  11943.    0.00767727   -0.01842238    0.04500000    0.00136514   -0.00386958    0.00000006
    294.  11944.    0.00895034   -0.01996113    0.04500000    0.00135216   -0.00388026    0.00000008
    295.  11945.    0.01027729   -0.02145372    0.04500000    0.00133643   -0.00389413    0.00000010
    296.  11946.    0.01165202   -0.02290241    0.04500000    0.00131797   -0.00391146    0.00000012
    297.  11947.    0.01307357   -0.02430519    0.04500000    0.00129689   -0.00393254    0.00000014
    298.  11948.    0.01454437   -0.02565620    0.04500000    0.00127339   -0.00395772    0.00000016
    299.  11949.    0.01606544   -0.02695036    0.04500000    0.00124774   -0.00398732    0.00000018
    300.  11950.    0.01763169   -0.02818951    0.04500000    0.00122010   -0.00402151    0.00000020
    301.  11951.    0.01923003   -0.02938705    0.04500000    0.00119038   -0.00406023    0.00000022
    302.  11952.    0.02084774   -0.03055834    0.04500000    0.00115833   -0.00410331    0.00000024
    303.  11953.    0.02247772   -0.03171251    0.04500000    0.00112379   -0.00415064    0.00000026
    304.  11954.    0.02412369   -0.03284372    0.04500000    0.00108703   -0.00420239    0.00000028
    305.  11955.    0.02579377   -0.03393897    0.04500000    0.00104858   -0.00425893    0.00000030
    306.  11956.    0.02749368   -0.03498730    0.04500000    0.00100901   -0.00432057    0.00000032
    307.  11957.    0.02921801   -0.03599505    0.04500000    0.00096832   -0.00438722    0.00000033
    308.  11958.    0.03095647   -0.03697825    0.04500000    0.00092605   -0.00445851    0.00000034
    309.  11959.    0.03270234   -0.03794824    0.04500000    0.00088186   -0.00453414    0.00000035
    310.  11960.    0.03445855   -0.03889935    0.04500000    0.00083610   -0.00461422    0.00000036
    311.  11961.    0.03623347   -0.03981501    0.04500000    0.00078966   -0.00469915    0.00000037
    312.  11962.    0.03803008   -0.04068735    0.04500000    0.00074315   -0.00478912    0.00000037
    313.  11963.    0.03983957   -0.04153275    0.04500000    0.00069594   -0.00488362    0.00000037
    314.  11964.    0.04164935   -0.04237753    0.04500000    0.00064675   -0.00498188    0.00000038
    315.  11965.    0.04345103   -0.04323943    0.04500000    0.00059465   -0.00508330    0.00000038
    316.  11966.    0.04525303   -0.04410067    0.04500000    0.00054065   -0.00518825    0.00000038
    317.  11967.    0.04706866   -0.04493269    0.04500000    0.00048651   -0.00529750    0.00000038
    318.  11968.    0.04890653   -0.04571430    0.04500000    0.00043372   -0.00541159    0.00000037
    319.  11969.    0.05076235   -0.04645241    0.04500000    0.00038206   -0.00553019    0.00000036
    320.  11970.    0.05262646   -0.04716937    0.04500000    0.00033029   -0.00565253    0.00000035
    321.  11971.    0.05449105   -0.04788511    0.04500000    0.00027721   -0.00577793    0.00000033
    322.  11972.    0.05635347   -0.04860646    0.04500000    0.00022241   -0.00590602    0.00000032
    323.  11973.    0.05821538   -0.04932914    0.04500000    0.00016624   -0.00603678    0.00000031
    324.  11974.    0.06007903   -0.05004731    0.04500000    0.00010918   -0.00617024    0.00000029
    325.  11975.    0.06194662   -0.05075515    0.04500000    0.00005173   -0.00630644    0.00000028
    326.  11976.    0.06382008   -0.05144730    0.04500000   -0.00000561   -0.00644540    0.00000026
    327.  11977.    0.06570090   -0.05211921    0.04500000   -0.00006241   -0.00658711    0.00000024
    328.  11978.    0.06759011   -0.05276710    0.04500000   -0.00011826   -0.00673151    0.00000022
    329.  11979.    0.06948659   -0.05339344    0.04500000   -0.00017322   -0.00687837    0.00000020
    330.  11980.    0.07138787   -0.05400507    0.04500000   -0.00022772   -0.00702730    0.00000018
    331.  11981.    0.07329079   -0.05461160    0.04500000   -0.00028242   -0.00717785    0.00000015
    332.  11982.    0.07519285   -0.05522078    0.04500000   -0.00033786   -0.00732960    0.00000013
    333.  11983.    0.07709335   -0.05583485    0.04500000   -0.00039415   -0.00748230    0.00000011
    334.  11984.    0.07899305   -0.05645136    0.04500000   -0.00045101   -0.00763585    0.00000009
    335.  11985.    0.08089342   -0.05706583    0.04500000   -0.00050802   -0.00779019    0.00000006
    336.  11986.    0.08279631   -0.05767242    0.04500000   -0.00056461   -0.00794531    0.00000004
    337.  11987.    0.08470336   -0.05826579    0.04500000   -0.00062027   -0.00810120    0.00000002
    338.  11988.    0.08661536   -0.05884303    0.04500000   -0.00067469   -0.00825773   -0.00000001
    339.  11989.    0.08853260   -0.05940262    0.04500000   -0.00072766   -0.00841474   -0.00000003
    340.  11990.    0.09045433   -0.05994657    0.04500000   -0.00077926   -0.00857196   -0.00000006
    341.  11991.    0.09237948   -0.06047831    0.04500000   -0.00082971   -0.00872908   -0.00000008
    342.  11992.    0.09430651   -0.06100320    0.04500000   -0.00087937   -0.00888574   -0.00000011
    343.  11993.    0.09623379   -0.06152720    0.04500000   -0.00092865   -0.00904157   -0.00000013
    344.  11994.    0.09816010   -0.06205475    0.04500000   -0.00097782   -0.00919624   -0.00000016
    345.  11995.    0.10008507   -0.06258714    0.04500000   -0.00102691   -0.00934949   -0.00000018
    346.  11996.    0.10200957   -0.06312125    0.04500000   -0.00107559   -0.00950120   -0.00000020
    347.  11997.    0.10393501   -0.06365192    0.04500000   -0.00112337   -0.00965128   -0.00000022
    348.  11998.    0.10586177   -0.06417782    0.04500000   -0.00117009   -0.00979953   -0.00000024
    349.  11999.    0.10778817   -0.06470501    0.04500000   -0.00121612   -0.00994558   -0.00000026
    350.  12000.    0.10971266   -0.06523914    0.04500000   -0.00126182   -0.01008907   -0.00000028
    351.  12001.    0.11163769   -0.06577132    0.04500000   -0.00130644   -0.01023001   -0.00000029
    352.  12002.    0.11356763   -0.06628537    0.04500000   -0.00134874   -0.01036850   -0.00000031
    353.  12003.    0.11550593   -0.06676688    0.04500000   -0.00138769   -0.01050459   -0.00000032
    354.  12004.    0.11745028   -0.06722342    0.04500000   -0.00142385   -0.01063782   -0.00000034
    355.  12005.    0.11939501   -0.06767840    0.04500000   -0.00145880   -0.01076746   -0.00000036
    356.  12006.    0.12133622   -0.06814813    0.04500000   -0.00149352   -0.01089298   -0.00000037
    357.  12007.    0.12327520   -0.06862698    0.04500000   -0.00152753   -0.01101422   -0.00000037
    358.  12008.    0.12521608   -0.06909808    0.04500000   -0.00155970   -0.01113124   -0.00000038
    359.  12009.    0.12716063   -0.06955381    0.04500000   -0.00158957   -0.01124386   -0.00000039
    360.  12010.    0.12910612   -0.07000551    0.04500000   -0.00161776   -0.01135164   -0.00000039
    361.  12011.    0.13104919   -0.07046746    0.04500000   -0.00164499   -0.01145409   -0.00000040
    362.  12012.    0.13298942   -0.07094126    0.04500000   -0.00167121   -0.01155094   -0.00000039
    363.  12013.    0.13492849   -0.07141977    0.04500000   -0.00169597   -0.01164203   -0.00000039
    364.  12014.    0.13686870   -0.07189362    0.04500000   -0.00171875   -0.01172719   -0.00000038
    365.  12015.    0.13881094   -0.07235909    0.04500000   -0.00173937   -0.01180617   -0.00000037
    366.  12016.    0.14075449   -0.07281904    0.04500000   -0.00175794   -0.01187865   -0.00000036
    367.  12017.    0.14269899   -0.07327498    0.04500000   -0.00177450   -0.01194430   -0.00000035
    368.  12018.    0.14464515   -0.07372381    0.04500000   -0.00178891   -0.01200285   -0.00000034
    369.  12019.    0.14659373   -0.07416195    0.04500000   -0.00180110   -0.01205400   -0.00000033
    370.  12020.    0.14854444   -0.07459056    0.04500000   -0.00181113   -0.01209741   -0.00000032
    371.  12021.    0.15049604   -0.07501508    0.04500000   -0.00181913   -0.01213273   -0.00000031
    372.  12022.    0.15244769   -0.07543934    0.04500000   -0.00182515   -0.01215960   -0.00000030
    373.  12023.    0.15439982   -0.07586144    0.04500000   -0.00182914   -0.01217772   -0.00000028
    374.  12024.    0.15635317   -0.07627785    0.04500000   -0.00183107   -0.01218673   -0.00000027
    375.  12025.    0.15830747   -0.07668974    0.04500000   -0.00183096   -0.01218630   -0.00000025
    376.  12026.    0.16026166   -0.07710218    0.04500000   -0.00182882   -0.01217608   -0.00000023
    377.  12027.    0.16221463   -0.07752035    0.04500000   -0.00182456   -0.01215573   -0.00000021
    378.  12028.    0.16416613   -0.07794531    0.04500000   -0.00181810   -0.01212493   -0.00000019
    379.  12029.    0.16611726   -0.07837202    0.04500000   -0.00180945   -0.01208330   -0.00000017
    380.  12030.    0.16806910   -0.07879543    0.04500000   -0.00179872   -0.01203048   -0.00000015
    381.  12031.    0.17002176   -0.07921506    0.04500000   -0.00178598   -0.01196609   -0.00000013
    382.  12032.    0.17197467   -0.07963349    0.04500000   -0.00177117   -0.01188979   -0.00000011
    383.  12033.    0.17392740   -0.08005278    0.04500000   -0.00175423   -0.01180123   -0.00000009
    384.  12034.    0.17588000   -0.08047269    0.04500000   -0.00173518   -0.01170005   -0.00000006
    385.  12035.    0.17783285   -0.08089142    0.04500000   -0.00171428   -0.01158637   -0.00000004
    386.  12036.    0.17978643   -0.08130676    0.04500000   -0.00169262   -0.01146383   -0.00000002
    387.  12037.    0.18174112   -0.08171681    0.04500000   -0.00167138   -0.01134043   -0.00000001
    388.  12038.    0.18369731   -0.08211962    0.04500000   -0.00165069   -0.01121757   -0.00000001
    389.  12039.    0.18565530   -0.08251365    0.04500000   -0.00163044   -0.01109465   -0.00000002
    390.  12040.    0.18761484   -0.08289986    0.04500000   -0.00161048   -0.01097163   -0.00000002
    391.  12041.    0.18957552   -0.08328026    0.04500000   -0.00159067   -0.01084856   -0.00000004
    392.  12042.    0.19153692   -0.08365688    0.04500000   -0.00157085   -0.01072519   -0.00000008
    393.  12043.    0.19349862   -0.08403199    0.04500000   -0.00155105   -0.01060145   -0.00000011
    394.  12044.    0.19546008   -0.08440835    0.04500000   -0.00153113   -0.01047737   -0.00000015
    395.  12045.    0.19742115   -0.08478670    0.04500000   -0.00151105   -0.01035302   -0.00000019
    396.  12046.    0.19938175   -0.08516752    0.04500000   -0.00149077   -0.01022843   -0.00000022
    397.  12047.    0.20134177   -0.08555129    0.04500000   -0.00147028   -0.01010369   -0.00000026
    398.  12048.    0.20330131   -0.08593751    0.04500000   -0.00144961   -0.00997883   -0.00000029
    399.  12049.    0.20526057   -0.08632514    0.04500000   -0.00142884   -0.00985392   -0.00000032
    400.  12050.    0.20721972   -0.08671333    0.04500000   -0.00140804   -0.00972901   -0.00000036
    401.  12051.    0.20917893   -0.08710122    0.04500000   -0.00138726   -0.00960417   -0.00000039
    402.  12052.    0.21113849   -0.08748737    0.04500000   -0.00136662   -0.00947946   -0.00000042
    403.  12053.    0.21309879   -0.08786972    0.04500000   -0.00134624   -0.00935492   -0.00000046
    404.  12054.    0.21505996   -0.08824755    0.04500000   -0.00132618   -0.00923060   -0.00000049
    405.  12055.    0.21702163   -0.08862281    0.04500000   -0.00130632   -0.00910659   -0.00000052
    406.  12056.    0.21898317   -0.08899873    0.04500000   -0.00128647   -0.00898295   -0.00000055
    407.  12057.    0.22094406   -0.08937806    0.04500000   -0.00126646   -0.00885976   -0.00000058
    408.  12058.    0.22290416   -0.08976140    0.04500000   -0.00124626   -0.00873709   -0.00000060
    409.  12059.    0.22486400   -0.09014609    0.04500000   -0.00122605   -0.00861499   -0.00000063
    410.  12060.    0.22682506   -0.09052452    0.04500000   -0.00120630   -0.00849344   -0.00000065
    411.  12061.    0.22878881   -0.09088872    0.04500000   -0.00118752   -0.00837242   -0.00000068
    412.  12062.    0.23075524   -0.09123815    0.04500000   -0.00116973   -0.00825197   -0.00000072
    413.  12063.    0.23272340   -0.09157768    0.04500000   -0.00115262   -0.00813213   -0.00000075
    414.  12064.    0.23469174   -0.09191623    0.04500000   -0.00113565   -0.00801296   -0.00000078
    415.  12065.    0.23665915   -0.09226009    0.04500000   -0.00111843   -0.00789448   -0.00000081
    416.  12066.    0.23862570   -0.09260889    0.04500000   -0.00110098   -0.00777669   -0.00000084
    417.  12067.    0.24059179   -0.09296022    0.04500000   -0.00108346   -0.00765955   -0.00000086
    418.  12068.    0.24255787   -0.09331167    0.04500000   -0.00106600   -0.00754304   -0.00000089
    419.  12069.    0.24452432   -0.09366100    0.04500000   -0.00104875   -0.00742717   -0.00000091
    420.  12070.    0.24649099   -0.09400909    0.04500000   -0.00103164   -0.00731195   -0.00000093
    421.  12071.    0.24845736   -0.09435886    0.04500000   -0.00101451   -0.00719739   -0.00000095
    422.  12072.    0.25042311   -0.09471212    0.04500000   -0.00099727   -0.00708354   -0.00000097
    423.  12073.    0.25238868   -0.09506637    0.04500000   -0.00098004   -0.00697039   -0.00000098
    424.  12074.    0.25435484   -0.09541732    0.04500000   -0.00096310   -0.00685792   -0.00000099
    425.  12075.    0.25632189   -0.09576328    0.04500000   -0.00094652   -0.00674614   -0.00000101
    426.  12076.    0.25828952   -0.09610591    0.04500000   -0.00093022   -0.00663506   -0.00000103
    427.  12077.    0.26025693   -0.09644980    0.04500000   -0.00091394   -0.00652474   -0.00000104
    428.  12078.    0.26222360   -0.09679788    0.04500000   -0.00089751   -0.00641521   -0.00000105
    429.  12079.    0.26418974   -0.09714898    0.04500000   -0.00088101   -0.00630646   -0.00000106
    430.  12080.    0.26615573   -0.09750088    0.04500000   -0.00086455   -0.00619851   -0.00000106
    431.  12081.    0.26812166   -0.09785318    0.04500000   -0.00084818   -0.00609139   -0.00000106
    432.  12082.    0.27008735   -0.09820678    0.04500000   -0.00083185   -0.00598514   -0.00000107
    433.  12083.    0.27205293   -0.09856096    0.04500000   -0.00081559   -0.00587979   -0.00000106
    434.  12084.    0.27401899   -0.09891247    0.04500000   -0.00079960   -0.00577536   -0.00000106
    435.  12085.    0.27598615   -0.09925779    0.04500000   -0.00078405   -0.00567185   -0.00000107
    436.  12086.    0.27795498   -0.09959343    0.04500000   -0.00076913   -0.00556927   -0.00000108
    437.  12087.    0.27992567   -0.09991800    0.04500000   -0.00075490   -0.00546762   -0.00000110
    438.  12088.    0.28189753   -0.10023536    0.04500000   -0.00074115   -0.00536691   -0.00000112
    439.  12089.    0.28386986   -0.10054982    0.04500000   -0.00072766   -0.00526713   -0.00000115
    440.  12090.    0.28584196   -0.10086568    0.04500000   -0.00071419   -0.00516828   -0.00000117
    441.  12091.    0.28781326   -0.10118654    0.04500000   -0.00070057   -0.00507036   -0.00000118
    442.  12092.    0.28978400   -0.10151081    0.04500000   -0.00068687   -0.00497332   -0.00000120
    443.  12093.    0.29175467   -0.10183549    0.04500000   -0.00067326   -0.00487715   -0.00000121
    444.  12094.    0.29372558   -0.10215874    0.04500000   -0.00065982   -0.00478183   -0.00000122
    445.  12095.    0.29569673   -0.10248046    0.04500000   -0.00064654   -0.00468734   -0.00000123
    446.  12096.    0.29766810   -0.10280092    0.04500000   -0.00063342   -0.00459369   -0.00000124
    447.  12097.    0.29963969   -0.10311994    0.04500000   -0.00062047   -0.00450085   -0.00000125
    448.  12098.    0.30161154   -0.10343740    0.04500000   -0.00060768   -0.00440882   -0.00000127
    449.  12099.    0.30358338   -0.10375491    0.04500000   -0.00059498   -0.00431760   -0.00000128
    450.  12100.    0.30555472   -0.10407546    0.04500000   -0.00058223   -0.00422720   -0.00000128
    451.  12101.    0.30752557   -0.10439905    0.04500000   -0.00056944   -0.00413761   -0.00000129
    452.  12102.    0.30949643   -0.10472262    0.04500000   -0.00055674   -0.00404882   -0.00000129
    453.  12103.    0.31146779   -0.10504308    0.04500000   -0.00054428   -0.00396083   -0.00000129
    454.  12104.    0.31344003   -0.10535812    0.04500000   -0.00053215   -0.00387361   -0.00000130
    455.  12105.    0.31541241   -0.10567225    0.04500000   -0.00052015   -0.00378720   -0.00000131
    456.  12106.    0.31738388   -0.10599200    0.04500000   -0.00050801   -0.00370163   -0.00000131
    457.  12107.    0.31935422   -0.10631872    0.04500000   -0.00049566   -0.00361691   -0.00000130
    458.  12108.    0.32132436   -0.10664660    0.04500000   -0.00048336   -0.00353304   -0.00000130
    459.  12109.    0.32329529   -0.10696971    0.04500000   -0.00047137   -0.00345000   -0.00000129
    460.  12110.    0.32526695   -0.10728832    0.04500000   -0.00045968   -0.00336783   -0.00000129
    461.  12111.    0.32723876   -0.10760598    0.04500000   -0.00044813   -0.00328655   -0.00000129
    462.  12112.    0.32921035   -0.10792508    0.04500000   -0.00043664   -0.00320620   -0.00000128
    463.  12113.    0.33118184   -0.10824473    0.04500000   -0.00042523   -0.00312679   -0.00000128
    464.  12114.    0.33315387   -0.10856103    0.04500000   -0.00041408   -0.00304832   -0.00000128
    465.  12115.    0.33512690   -0.10887107    0.04500000   -0.00040329   -0.00297079   -0.00000128
    466.  12116.    0.33710086   -0.10917511    0.04500000   -0.00039284   -0.00289421   -0.00000128
    467.  12117.    0.33907550   -0.10947471    0.04500000   -0.00038268   -0.00281857   -0.00000129
    468.  12118.    0.34105059   -0.10977134    0.04500000   -0.00037274   -0.00274388   -0.00000130
    469.  12119.    0.34302599   -0.11006590    0.04500000   -0.00036298   -0.00267011   -0.00000131
    470.  12120.    0.34500158   -0.11035917    0.04500000   -0.00035337   -0.00259725   -0.00000132
    471.  12121.    0.34697724   -0.11065194    0.04500000   -0.00034388   -0.00252528   -0.00000133
    472.  12122.    0.34895293   -0.11094453    0.04500000   -0.00033449   -0.00245417   -0.00000134
    473.  12123.    0.35092860   -0.11123726    0.04500000   -0.00032519   -0.00238391   -0.00000135
    474.  12124.    0.35290416   -0.11153072    0.04500000   -0.00031595   -0.00231447   -0.00000136
    475.  12125.    0.35487953   -0.11182550    0.04500000   -0.00030676   -0.00224586   -0.00000137
    476.  12126.    0.35685454   -0.11212265    0.04500000   -0.00029759   -0.00217805   -0.00000137
    477.  12127.    0.35882907   -0.11242296    0.04500000   -0.00028839   -0.00211106   -0.00000137
    478.  12128.    0.36080334   -0.11272497    0.04500000   -0.00027924   -0.00204488   -0.00000137
    479.  12129.    0.36277794   -0.11302487    0.04500000   -0.00027025   -0.00197950   -0.00000137
    480.  12130.    0.36475335   -0.11331930    0.04500000   -0.00026154   -0.00191492   -0.00000138
    481.  12131.    0.36672953   -0.11360858    0.04500000   -0.00025308   -0.00185115   -0.00000138
    482.  12132.    0.36870598   -0.11389601    0.04500000   -0.00024478   -0.00178817   -0.00000138
    483.  12133.    0.37068221   -0.11418493    0.04500000   -0.00023653   -0.00172599   -0.00000138
    484.  12134.    0.37265773   -0.11447868    0.04500000   -0.00022821   -0.00166462   -0.00000138
    485.  12135.    0.37463236   -0.11477831    0.04500000   -0.00021981   -0.00160407   -0.00000138
    486.  12136.    0.37660667   -0.11508013    0.04500000   -0.00021143   -0.00154434   -0.00000138
    487.  12137.    0.37858132   -0.11537962    0.04500000   -0.00020323   -0.00148543   -0.00000138
    488.  12138.    0.38055662   -0.11567483    0.04500000   -0.00019526   -0.00142737   -0.00000138
    489.  12139.    0.38253236   -0.11596710    0.04500000   -0.00018748   -0.00137018   -0.00000137
    490.  12140.    0.38450795   -0.11626037    0.04500000   -0.00017978   -0.00131387   -0.00000137
    491.  12141.    0.38648307   -0.11655681    0.04500000   -0.00017210   -0.00125848   -0.00000136
    492.  12142.    0.38845800   -0.11685443    0.04500000   -0.00016450   -0.00120403   -0.00000136
    493.  12143.    0.39043326   -0.11714995    0.04500000   -0.00015707   -0.00115052   -0.00000135
    494.  12144.    0.39240892   -0.11744276    0.04500000   -0.00014983   -0.00109799   -0.00000135
    495.  12145.    0.39438462   -0.11773528    0.04500000   -0.00014273   -0.00104646   -0.00000134
    496.  12146.    0.39636010   -0.11802930    0.04500000   -0.00013571   -0.00099598   -0.00000133
    497.  12147.    0.39833563   -0.11832295    0.04500000   -0.00012883   -0.00094655   -0.00000133
    498.  12148.    0.40031169   -0.11861301    0.04500000   -0.00012218   -0.00089821   -0.00000132
    499.  12149.    0.40228855   -0.11889764    0.04500000   -0.00011580   -0.00085097   -0.00000131
    500.  12150.    0.40426618   -0.11917681    0.04500000   -0.00010967   -0.00080486   -0.00000129
    501.  12151.    0.40624430   -0.11945251    0.04500000   -0.00010377   -0.00075987   -0.00000127
    502.  12152.    0.40822260   -0.11972690    0.04500000   -0.00009802   -0.00071603   -0.00000124
    503.  12153.    0.41020089   -0.12000138    0.04500000   -0.00009241   -0.00067334   -0.00000122
    504.  12154.    0.41217918   -0.12027582    0.04500000   -0.00008693   -0.00063180   -0.00000120
    505.  12155.    0.41415751   -0.12055002    0.04500000   -0.00008160   -0.00059142   -0.00000118
    506.  12156.    0.41613590   -0.12082374    0.04500000   -0.00007641   -0.00055221   -0.00000115
    507.  12157.    0.41811455   -0.12109562    0.04500000   -0.00007140   -0.00051416   -0.00000113
    508.  12158.    0.42009359   -0.12136462    0.04500000   -0.00006659   -0.00047730   -0.00000110
    509.  12159.    0.42207300   -0.12163088    0.04500000   -0.00006196   -0.00044162   -0.00000106
    510.  12160.    0.42405241   -0.12189710    0.04500000   -0.00005748   -0.00040713   -0.00000102
    511.  12161.    0.42603139   -0.12216661    0.04500000   -0.00005308   -0.00037385   -0.00000099
    512.  12162.    0.42800985   -0.12243984    0.04500000   -0.00004877   -0.00034179   -0.00000096
    513.  12163.    0.42998803   -0.12271507    0.04500000   -0.00004458   -0.00031099   -0.00000094
    514.  12164.    0.43196617   -0.12299060    0.04500000   -0.00004054   -0.00028146   -0.00000091
    515.  12165.    0.43394444   -0.12326521    0.04500000   -0.00003668   -0.00025324   -0.00000088
    516.  12166.    0.43592268   -0.12354005    0.04500000   -0.00003299   -0.00022639   -0.00000085
    517.  12167.    0.43790093   -0.12381481    0.04500000   -0.00002948   -0.00020094   -0.00000082
    518.  12168.    0.43987927   -0.12408893    0.04500000   -0.00002617   -0.00017694   -0.00000079
    519.  12169.    0.44185777   -0.12436184    0.04500000   -0.00002305   -0.00015444   -0.00000075
    520.  12170.    0.44383648   -0.12463326    0.04500000   -0.00002016   -0.00013349   -0.00000071
    521.  12171.    0.44581533   -0.12490368    0.04500000   -0.00001748   -0.00011414   -0.00000066
    522.  12172.    0.44779423   -0.12517375    0.04500000   -0.00001501   -0.00009642   -0.00000061
    523.  12173.    0.44977308   -0.12544412    0.04500000   -0.00001275   -0.00008037   -0.00000056
    524.  12174.    0.45175190   -0.12571470    0.04500000   -0.00001072   -0.00006601   -0.00000051
    525.  12175.    0.45373077   -0.12598501    0.04500000   -0.00000891   -0.00005335   -0.00000046
    526.  12176.    0.45570956   -0.12625582    0.04500000   -0.00000731   -0.00004235   -0.00000040
    527.  12177.    0.45768818   -0.12652792    0.04500000   -0.00000592   -0.00003296   -0.00000035
    528.  12178.    0.45966653   -0.12680194    0.04500000   -0.00000473   -0.00002508   -0.00000030
    529.  12179.    0.46164473   -0.12707705    0.04500000   -0.00000372   -0.00001859   -0.00000025
    530.  12180.    0.46362290   -0.12735236    0.04500000   -0.00000288   -0.00001336   -0.00000020
    531.  12181.    0.46560116   -0.12762709    0.04500000   -0.00000220   -0.00000923   -0.00000016
    532.  12182.    0.46757959   -0.12790049    0.04500000   -0.00000165   -0.00000606   -0.00000012
    533.  12183.    0.46955822   -0.12817252    0.04500000   -0.00000122   -0.00000370   -0.00000008
    534.  12184.    0.47153709   -0.12844280    0.04500000   -0.00000088   -0.00000203   -0.00000005
    535.  12185.    0.47351631   -0.12871046    0.04500000   -0.00000063   -0.00000094   -0.00000003
    536.  12186.    0.47549600   -0.12897466    0.04500000   -0.00000044   -0.00000030   -0.00000001
    537.  12187.    0.47747627   -0.12923441    0.04500000   -0.00000030   -0.00000001    0.00000000
    538.  12188.    0.47945703   -0.12949046    0.04500000   -0.00000020    0.00000005    0.00000001
    539.  12189.    0.48143789   -0.12974571    0.04500000   -0.00000014    0.00000003    0.00000001
    540.  12190.    0.48341855   -0.13000254    0.04500000   -0.00000010    0.00000002    0.00000001
    541.  12191.    0.48539912   -0.13026004    0.04500000   -0.00000007    0.00000001    0.00000001
    542.  12192.    0.48738010   -0.13051430    0.04500000   -0.00000005    0.00000001    0.00000000
    543.  12193.    0.48936177   -0.13076318    0.04500000   -0.00000003    0.00000001    0.00000000
    544.  12194.    0.49134373   -0.13100977    0.04500000   -0.00000002    0.00000000    0.00000000
    545.  12195.    0.49332517   -0.13126046    0.04500000   -0.00000002    0.00000000    0.00000000
    546.  12196.    0.49530578   -0.13151766    0.04500000   -0.00000001    0.00000000    0.00000000
    547.  12197.    0.49728645   -0.13177438    0.04500000   -0.00000001    0.00000000    0.00000000
    548.  12198.    0.49926818   -0.13202281    0.04500000   -0.00000001    0.00000000    0.00000000
    549.  12199.    0.50125064   -0.13226532    0.04500000    0.00000000    0.00000000    0.00000000
    550.  12200.    0.50323272   -0.13251092    0.04500000    0.00000000    0.00000000    0.00000000
    551.  12201.    0.50521363   -0.13276578    0.04500000    0.00000000    0.00000000    0.00000000
    552.  12202.    0.50719368   -0.13302722    0.04500000    0.00000000    0.00000000    0.00000000
    553.  12203.    0.50917404   -0.13328635    0.04500000    0.00000000    0.00000000    0.00000000
    554.  12204.    0.51115543   -0.13353740    0.04500000    0.00000000    0.00000000    0.00000000
    555.  12205.    0.51313759   -0.13378243    0.04500000    0.00000000    0.00000000    0.00000000
    556.  12206.    0.51511956   -0.13402888    0.04500000    0.00000000    0.00000000    0.00000000
    557.  12207.    0.51710062   -0.13428258    0.04500000    0.00000000    0.00000000    0.00000000
