   11651 -0.11204E-09-0.11602E-09 0.35899E-09 0.10431E-11-0.48338E-10-0.37494E-09
   11651 -0.11177E-09-0.11595E-09 0.35858E-09 0.10954E-11-0.23566E-10-0.18279E-09
   11652  0.14034E-07 0.13405E-07-0.42546E-07-0.17010E-09-0.23127E-09 0.17434E-08
   11652  0.14160E-07 0.13605E-07-0.43098E-07-0.15024E-09-0.26804E-09 0.20204E-08
   11653 -0.10901E-09-0.11944E-09 0.36336E-09 0.27828E-11-0.83599E-10-0.63899E-09
   11653 -0.10870E-09-0.11929E-09 0.36274E-09 0.28247E-11-0.56606E-10-0.43195E-09
   11654 -0.91334E-10-0.11988E-09 0.34700E-09 0.77345E-11-0.14962E-09-0.11260E-08
   11654 -0.91267E-10-0.11946E-09 0.34603E-09 0.76385E-11-0.12045E-09-0.90609E-09
   11655 -0.61330E-10-0.11882E-09 0.31535E-09 0.15675E-10-0.20652E-09-0.15427E-08
   11655 -0.62288E-10-0.11778E-09 0.31406E-09 0.15131E-10-0.17716E-09-0.13233E-08
   11656 -0.21338E-10-0.11669E-09 0.27158E-09 0.25774E-10-0.25269E-09-0.19014E-08
   11656 -0.23566E-10-0.11502E-09 0.27017E-09 0.24719E-10-0.22296E-09-0.16778E-08
   11657  0.27091E-10-0.11425E-09 0.21877E-09 0.37509E-10-0.28768E-09-0.22030E-08
   11657  0.25068E-10-0.11280E-09 0.21764E-09 0.36583E-10-0.25790E-09-0.19751E-08
   11658  0.83343E-10-0.11238E-09 0.15953E-09 0.51297E-10-0.31543E-09-0.24469E-08
   11658  0.85178E-10-0.11305E-09 0.15915E-09 0.51947E-10-0.28546E-09-0.22145E-08
   11659  0.87497E-09-0.44394E-09 0.95350E-10 0.34932E-09-0.39232E-09-0.30280E-08
   11659  0.98845E-09-0.49560E-09 0.95002E-10 0.39310E-09-0.36216E-09-0.27949E-08
   11660  0.83612E-08-0.38387E-08 0.53643E-10 0.32951E-08-0.90045E-09-0.68082E-08
   11660  0.86218E-08-0.39561E-08 0.50484E-10 0.33965E-08-0.87303E-09-0.65998E-08
   11661  0.23708E-07-0.10809E-07-0.25153E-11 0.93647E-08-0.18350E-08-0.13774E-07
   11661  0.23860E-07-0.10876E-07-0.86297E-11 0.94239E-08-0.18116E-08-0.13598E-07
   11662  0.43193E-07-0.19701E-07-0.12866E-10 0.16892E-07-0.29078E-08-0.22028E-07
   11662  0.42870E-07-0.19556E-07-0.92304E-11 0.16767E-07-0.28826E-08-0.21838E-07
   11663  0.68647E-07-0.31359E-07 0.64221E-11 0.26349E-07-0.43095E-08-0.33267E-07
   11663  0.67461E-07-0.30819E-07 0.97996E-11 0.25896E-07-0.42716E-08-0.32974E-07
   11664  0.10308E-06-0.47156E-07 0.12431E-09 0.39351E-07-0.64441E-08-0.50033E-07
   11664  0.10111E-06-0.46261E-07 0.13550E-09 0.38601E-07-0.63850E-08-0.49574E-07
   11665  0.15009E-06-0.68742E-07 0.47801E-09 0.58216E-07-0.99471E-08-0.76060E-07
   11665  0.14890E-06-0.68203E-07 0.49244E-09 0.57760E-07-0.98529E-08-0.75338E-07
   11666  0.21562E-06-0.99020E-07 0.14697E-08 0.85156E-07-0.15579E-07-0.11717E-06
   11666  0.21714E-06-0.99714E-07 0.14673E-08 0.85760E-07-0.15507E-07-0.11663E-06
   11667  0.31514E-06-0.14523E-06 0.32421E-08 0.12467E-06-0.24448E-07-0.18384E-06
   11667  0.30816E-06-0.14205E-06 0.32556E-08 0.12193E-06-0.24457E-07-0.18390E-06
   11668  0.46472E-06-0.21549E-06 0.73370E-08 0.18217E-06-0.39189E-07-0.29790E-06
   11668  0.42979E-06-0.19957E-06 0.73850E-08 0.16858E-06-0.38343E-07-0.29146E-06
   11669  0.60992E-06-0.28567E-06 0.15574E-07 0.23853E-06-0.63792E-07-0.48739E-06
   11669  0.66944E-06-0.31280E-06 0.15477E-07 0.26160E-06-0.62186E-07-0.47512E-06
   11670  0.77082E-06-0.36652E-06 0.31789E-07 0.30515E-06-0.10163E-06-0.77042E-06
   11670  0.10517E-05-0.49481E-06 0.32048E-07 0.41511E-06-0.10969E-06-0.83152E-06
   11671  0.17921E-05-0.84590E-06 0.61702E-07 0.71591E-06-0.17598E-06-0.13213E-05
   11671  0.79346E-06-0.39275E-06 0.66276E-07 0.32058E-06-0.18582E-06-0.13957E-05
   11672  0.38277E-05-0.18070E-05 0.13121E-06 0.15207E-05-0.36802E-06-0.27758E-05
   11672 -0.26805E-06 0.65743E-07 0.12159E-06-0.88931E-07-0.22470E-06-0.16937E-05
   11673  0.50203E-05-0.24160E-05 0.26648E-06 0.19777E-05-0.59210E-06-0.45326E-05
   11673 -0.93426E-06 0.33197E-06 0.20305E-06-0.33661E-06-0.13727E-06-0.10473E-05
   11674  0.48621E-05-0.24258E-05 0.43889E-06 0.19120E-05-0.74033E-06-0.57409E-05
   11674 -0.85300E-06 0.26073E-06 0.27691E-06-0.29237E-06 0.18765E-07 0.14653E-06
   11675  0.43768E-05-0.22956E-05 0.63637E-06 0.17576E-05-0.86715E-06-0.66916E-05
   11675 -0.53166E-06 0.85185E-07 0.33860E-06-0.16198E-06 0.15126E-06 0.11659E-05
   11676  0.38859E-05-0.21685E-05 0.84930E-06 0.16252E-05-0.98678E-06-0.74760E-05
   11676 -0.21182E-06-0.85680E-07 0.39172E-06-0.33176E-07 0.25623E-06 0.19405E-05
   11677  0.34129E-05-0.20528E-05 0.10670E-05 0.14845E-05-0.10840E-05-0.81268E-05
   11677  0.90270E-07-0.24639E-06 0.44090E-06 0.91368E-07 0.33360E-06 0.25017E-05
   11678  0.29336E-05-0.19348E-05 0.12814E-05 0.13116E-05-0.11457E-05-0.86635E-05
   11678  0.40311E-06-0.41285E-06 0.49166E-06 0.21886E-06 0.37899E-06 0.28669E-05
   11679  0.24215E-05-0.17998E-05 0.14911E-05 0.11231E-05-0.11885E-05-0.90933E-05
   11679  0.74877E-06-0.59819E-06 0.55046E-06 0.35773E-06 0.39718E-06 0.30404E-05
   11680  0.18974E-05-0.16513E-05 0.16870E-05 0.95002E-06-0.12395E-05-0.94153E-05
   11680  0.11055E-05-0.79156E-06 0.61665E-06 0.50868E-06 0.39734E-06 0.30216E-05
   11681  0.14166E-05-0.15100E-05 0.18584E-05 0.80809E-06-0.13079E-05-0.96334E-05
   11681  0.14215E-05-0.96658E-06 0.68601E-06 0.66141E-06 0.38240E-06 0.28224E-05
   11682  0.10303E-05-0.13951E-05 0.19944E-05 0.70116E-06-0.13837E-05-0.97543E-05
   11682  0.16515E-05-0.11008E-05 0.75467E-06 0.79733E-06 0.34959E-06 0.24718E-05
   11683  0.75291E-06-0.13122E-05 0.20912E-05 0.62332E-06-0.14451E-05-0.97867E-05
   11683  0.17841E-05-0.11903E-05 0.82350E-06 0.89784E-06 0.29615E-06 0.20128E-05
   11684  0.55814E-06-0.12484E-05 0.21462E-05 0.56041E-06-0.14732E-05-0.97306E-05
   11684  0.18449E-05-0.12505E-05 0.89787E-06 0.95894E-06 0.22315E-06 0.14805E-05
   11685  0.40248E-06-0.11872E-05 0.21666E-05 0.49788E-06-0.14641E-05-0.95910E-05
   11685  0.18709E-05-0.13032E-05 0.98753E-06 0.99186E-06 0.13731E-06 0.90509E-06
   11686  0.24407E-06-0.11112E-05 0.21567E-05 0.42258E-06-0.14234E-05-0.93710E-05
   11686  0.18970E-05-0.13684E-05 0.11017E-05 0.10149E-05 0.43889E-07 0.29291E-06
   11687  0.55725E-07-0.10061E-05 0.21130E-05 0.32828E-06-0.13657E-05-0.90706E-05
   11687  0.19437E-05-0.14594E-05 0.12507E-05 0.10479E-05-0.56610E-07-0.37221E-06
   11688 -0.15924E-06-0.87061E-06 0.20305E-05 0.21975E-06-0.13066E-05-0.86928E-05
   11688  0.20053E-05-0.15737E-05 0.14367E-05 0.11003E-05-0.16664E-06-0.11034E-05
   11689 -0.38191E-06-0.71012E-06 0.19018E-05 0.10255E-06-0.12471E-05-0.82406E-05
   11689  0.20640E-05-0.17042E-05 0.16618E-05 0.11669E-05-0.28882E-06-0.19021E-05
   11690 -0.60372E-06-0.52615E-06 0.17214E-05-0.23173E-07-0.11752E-05-0.77092E-05
   11690  0.21132E-05-0.18494E-05 0.19285E-05 0.12366E-05-0.42257E-06-0.27658E-05
   11691 -0.83267E-06-0.31299E-06 0.14849E-05-0.16123E-06-0.10826E-05-0.70919E-05
   11691  0.21604E-05-0.20164E-05 0.22428E-05 0.13055E-05-0.56445E-06-0.36912E-05
   11692 -0.10797E-05-0.62687E-07 0.11860E-05-0.31607E-06-0.97206E-06-0.63815E-05
   11692  0.22157E-05-0.22115E-05 0.26090E-05 0.13811E-05-0.71485E-06-0.46840E-05
   11693 -0.13477E-05 0.22868E-06 0.81907E-06-0.49070E-06-0.84869E-06-0.55739E-05
   11693  0.22812E-05-0.24369E-05 0.30307E-05 0.14720E-05-0.87784E-06-0.57524E-05
   11694 -0.16338E-05 0.56227E-06 0.37820E-06-0.68671E-06-0.71218E-06-0.46626E-05
   11694  0.23537E-05-0.26935E-05 0.35142E-05 0.15806E-05-0.10572E-05-0.69037E-05
   11695 -0.19358E-05 0.93948E-06-0.14187E-06-0.90583E-06-0.55897E-06-0.36372E-05
   11695  0.24292E-05-0.29842E-05 0.40692E-05 0.17072E-05-0.12544E-05-0.81387E-05
   11696 -0.22577E-05 0.13625E-05-0.74179E-06-0.11476E-05-0.38312E-06-0.24800E-05
   11696  0.25085E-05-0.33131E-05 0.47028E-05 0.18472E-05-0.14653E-05-0.94550E-05
   11697 -0.26076E-05 0.18406E-05-0.14323E-05-0.14114E-05-0.18109E-06-0.11733E-05
   11697  0.25994E-05-0.36874E-05 0.54216E-05 0.19965E-05-0.16827E-05-0.10851E-04
   11698 -0.29949E-05 0.23851E-05-0.22279E-05-0.16982E-05 0.46805E-07 0.29975E-06
   11698  0.27124E-05-0.41124E-05 0.62260E-05 0.21562E-05-0.19033E-05-0.12337E-04
   11699 -0.34262E-05 0.30080E-05-0.31472E-05-0.20089E-05 0.29816E-06 0.19504E-05
   11699  0.28575E-05-0.45910E-05 0.71120E-05 0.23275E-05-0.21273E-05-0.13935E-04
   11700 -0.38986E-05 0.37189E-05-0.42148E-05-0.23504E-05 0.57143E-06 0.37837E-05
   11700  0.30438E-05-0.51207E-05 0.80670E-05 0.25207E-05-0.23666E-05-0.15682E-04
   11701 -0.44090E-05 0.45228E-05-0.54470E-05-0.27408E-05 0.87027E-06 0.57973E-05
   11701  0.32702E-05-0.57078E-05 0.91085E-05 0.27558E-05-0.26431E-05-0.17614E-04
   11702 -0.49657E-05 0.54157E-05-0.68294E-05-0.31952E-05 0.12054E-05 0.80105E-05
   11702  0.35286E-05-0.63613E-05 0.10266E-04 0.30441E-05-0.29727E-05-0.19761E-04
   11703 -0.55834E-05 0.63970E-05-0.83476E-05-0.37226E-05 0.15876E-05 0.10457E-04
   11703  0.38147E-05-0.70972E-05 0.11578E-04 0.33904E-05-0.33592E-05-0.22130E-04
   11704 -0.62769E-05 0.74692E-05-0.99907E-05-0.43208E-05 0.20215E-05 0.13172E-04
   11704  0.41336E-05-0.79344E-05 0.13078E-04 0.37929E-05-0.37934E-05-0.24721E-04
   11705 -0.70626E-05 0.86453E-05-0.11767E-04-0.49688E-05 0.25006E-05 0.16204E-04
   11705  0.44968E-05-0.88887E-05 0.14786E-04 0.42336E-05-0.42498E-05-0.27534E-04
   11706 -0.79409E-05 0.99535E-05-0.13729E-04-0.56394E-05 0.30132E-05 0.19605E-04
   11706  0.49228E-05-0.99551E-05 0.16667E-04 0.46880E-05-0.47032E-05-0.30587E-04
   11707 -0.88932E-05 0.11427E-04-0.15966E-04-0.63313E-05 0.35578E-05 0.23415E-04
   11707  0.54323E-05-0.11118E-04 0.18669E-04 0.51554E-05-0.51572E-05-0.33919E-04
   11708 -0.99050E-05 0.13086E-04-0.18541E-04-0.70780E-05 0.41521E-05 0.27656E-04
   11708  0.60414E-05-0.12368E-04 0.20757E-04 0.56651E-05-0.56473E-05-0.37588E-04
   11709 -0.10993E-04 0.14933E-04-0.21453E-04-0.79342E-05 0.48274E-05 0.32357E-04
   11709  0.67582E-05-0.13719E-04 0.22962E-04 0.62626E-05-0.62200E-05-0.41658E-04
   11710 -0.12208E-04 0.16970E-04-0.24654E-04-0.89214E-05 0.55965E-05 0.37568E-04
   11710  0.75878E-05-0.15213E-04 0.25371E-04 0.69660E-05-0.68877E-05-0.46192E-04
   11711 -0.13586E-04 0.19217E-04-0.28154E-04-0.10037E-04 0.64593E-05 0.43361E-04
   11711  0.85590E-05-0.16879E-04 0.28013E-04 0.77759E-05-0.76436E-05-0.51254E-04
   11712 -0.15153E-04 0.21701E-04-0.31979E-04-0.11297E-04 0.74285E-05 0.49813E-04
   11712  0.97078E-05-0.18745E-04 0.30915E-04 0.87130E-05-0.84983E-05-0.56914E-04
   11713 -0.16949E-04 0.24439E-04-0.36136E-04-0.12744E-04 0.85314E-05 0.57011E-04
   11713  0.11078E-04-0.20838E-04 0.34095E-04 0.98162E-05-0.94782E-05-0.63247E-04
   11714 -0.19048E-04 0.27443E-04-0.40586E-04-0.14449E-04 0.98133E-05 0.65054E-04
   11714  0.12720E-04-0.23207E-04 0.37616E-04 0.11151E-04-0.10627E-04-0.70338E-04
   11715 -0.21565E-04 0.30729E-04-0.45244E-04-0.16428E-04 0.11278E-04 0.74061E-04
   11715  0.14690E-04-0.25936E-04 0.41601E-04 0.12745E-04-0.11944E-04-0.78304E-04
   11716 -0.24601E-04 0.34361E-04-0.50122E-04-0.18540E-04 0.12820E-04 0.84191E-04
   11716  0.17087E-04-0.29063E-04 0.46010E-04 0.14490E-04-0.13316E-04-0.87291E-04
   11717 -0.28102E-04 0.38474E-04-0.55529E-04-0.20633E-04 0.14345E-04 0.95624E-04
   11717  0.20087E-04-0.32483E-04 0.50421E-04 0.16267E-04-0.14647E-04-0.97435E-04
   11718 -0.31952E-04 0.43238E-04-0.61998E-04-0.23030E-04 0.16087E-04 0.10860E-03
   11718  0.23897E-04-0.36125E-04 0.54520E-04 0.18355E-04-0.16171E-04-0.10891E-03
   11719 -0.36455E-04 0.48486E-04-0.68993E-04-0.26480E-04 0.18533E-04 0.12320E-03
   11719  0.28651E-04-0.40124E-04 0.58566E-04 0.21409E-04-0.18365E-04-0.12176E-03
   11720 -0.42400E-04 0.53967E-04-0.75275E-04-0.31538E-04 0.21965E-04 0.13955E-03
   11720  0.34456E-04-0.44953E-04 0.63534E-04 0.25956E-04-0.21482E-04-0.13613E-03
   11721 -0.50611E-04 0.59595E-04-0.79811E-04-0.38085E-04 0.26122E-04 0.15770E-03
   11721  0.41583E-04-0.51079E-04 0.70137E-04 0.31988E-04-0.25291E-04-0.15237E-03
   11722 -0.61629E-04 0.65611E-04-0.82413E-04-0.45376E-04 0.30299E-04 0.17756E-03
   11722  0.50623E-04-0.58687E-04 0.78052E-04 0.38941E-04-0.29193E-04-0.17092E-03
   11723 -0.75584E-04 0.72497E-04-0.83849E-04-0.52885E-04 0.33976E-04 0.19891E-03
   11723  0.62374E-04-0.67437E-04 0.85646E-04 0.46311E-04-0.32747E-04-0.19177E-03
   11724 -0.92575E-04 0.80472E-04-0.84586E-04-0.61193E-04 0.37403E-04 0.22133E-03
   11724  0.77489E-04-0.76889E-04 0.91398E-04 0.54537E-04-0.36182E-04-0.21438E-03
   11725 -0.11309E-03 0.89298E-04-0.83838E-04-0.71463E-04 0.41033E-04 0.24362E-03
   11725  0.96463E-04-0.86895E-04 0.94690E-04 0.64688E-04-0.39924E-04-0.23751E-03
   11726 -0.13786E-03 0.98626E-04-0.80176E-04-0.84041E-04 0.44625E-04 0.26383E-03
   11726  0.11960E-03-0.97569E-04 0.95512E-04 0.77109E-04-0.43755E-04-0.25942E-03
   11727 -0.16723E-03 0.10837E-03-0.72876E-04-0.97863E-04 0.47111E-04 0.27924E-03
   11727  0.14705E-03-0.10885E-03 0.93391E-04 0.90789E-04-0.46661E-04-0.27764E-03
   11728 -0.20025E-03 0.11850E-03-0.62612E-04-0.11155E-03 0.47519E-04 0.28646E-03
   11728  0.17838E-03-0.12027E-03 0.87537E-04 0.10440E-03-0.47680E-04-0.28883E-03
   11729 -0.23470E-03 0.12840E-03-0.50294E-04-0.12487E-03 0.45842E-04 0.28245E-03
   11729  0.21176E-03-0.13091E-03 0.77888E-04 0.11772E-03-0.46720E-04-0.28945E-03
   11730 -0.26788E-03 0.13722E-03-0.37078E-04-0.13845E-03 0.42432E-04 0.26507E-03
   11730  0.24435E-03-0.14016E-03 0.66193E-04 0.13126E-03-0.44044E-04-0.27677E-03
   11731 -0.29705E-03 0.14429E-03-0.24297E-04-0.15175E-03 0.37291E-04 0.23417E-03
   11731  0.27297E-03-0.14765E-03 0.54823E-04 0.14446E-03-0.39641E-04-0.25048E-03
   11732 -0.31958E-03 0.14934E-03-0.13680E-04-0.16272E-03 0.30301E-04 0.19185E-03
   11732  0.29492E-03-0.15318E-03 0.45793E-04 0.15529E-03-0.33437E-04-0.21298E-03
   11733 -0.33368E-03 0.15238E-03-0.66369E-05-0.16885E-03 0.21791E-04 0.14211E-03
   11733  0.30856E-03-0.15669E-03 0.40211E-04 0.16139E-03-0.25784E-04-0.16861E-03
   11734 -0.33866E-03 0.15347E-03-0.38112E-05-0.16893E-03 0.12712E-04 0.90015E-04
   11734  0.31333E-03-0.15804E-03 0.38147E-04 0.16154E-03-0.17591E-04-0.12236E-03
   11735 -0.33481E-03 0.15250E-03-0.48144E-05-0.16387E-03 0.41899E-05 0.40198E-04
   11735  0.30969E-03-0.15699E-03 0.38814E-04 0.15664E-03-0.99120E-05-0.78426E-04
   11736 -0.32339E-03 0.14934E-03-0.85366E-05-0.15596E-03-0.30448E-05-0.38647E-05
   11736  0.29892E-03-0.15345E-03 0.41088E-04 0.14891E-03-0.34101E-05-0.39553E-04
   11737 -0.30622E-03 0.14407E-03-0.13658E-04-0.14762E-03-0.88730E-05-0.40433E-04
   11737  0.28262E-03-0.14749E-03 0.43869E-04 0.14067E-03 0.18082E-05-0.68465E-05
   11738 -0.28533E-03 0.13696E-03-0.18869E-04-0.14002E-03-0.13561E-04-0.69442E-04
   11738  0.26259E-03-0.13960E-03 0.46567E-04 0.13301E-03 0.59815E-05 0.19728E-04
   11739 -0.26272E-03 0.12859E-03-0.23155E-04-0.13214E-03-0.17342E-04-0.92069E-04
   11739  0.24058E-03-0.13064E-03 0.48978E-04 0.12501E-03 0.93380E-05 0.40791E-04
   11740 -0.23981E-03 0.11976E-03-0.26363E-04-0.12193E-03-0.20153E-04-0.10989E-03
   11740  0.21792E-03-0.12132E-03 0.50883E-04 0.11469E-03 0.11849E-04 0.57069E-04
   11741 -0.21686E-03 0.11082E-03-0.28893E-04-0.10884E-03-0.21906E-04-0.12420E-03
   11741  0.19516E-03-0.11166E-03 0.51703E-04 0.10159E-03 0.13447E-04 0.69498E-04
   11742 -0.19339E-03 0.10167E-03-0.31381E-04-0.95061E-04-0.22916E-04-0.13556E-03
   11742  0.17232E-03-0.10132E-03 0.51046E-04 0.87847E-04 0.14390E-04 0.79145E-04
   11743 -0.16928E-03 0.92061E-04-0.33857E-04-0.82883E-04-0.23745E-04-0.14417E-03
   11743  0.14922E-03-0.90124E-04 0.49139E-04 0.75607E-04 0.15155E-04 0.86981E-04
   11744 -0.14504E-03 0.82015E-04-0.35879E-04-0.72644E-04-0.24698E-04-0.15030E-03
   11744  0.12595E-03-0.78419E-04 0.46630E-04 0.65112E-04 0.16043E-04 0.93642E-04
   11745 -0.12124E-03 0.71761E-04-0.37154E-04-0.63236E-04-0.25676E-04-0.15442E-03
   11745  0.10285E-03-0.66724E-04 0.44101E-04 0.55322E-04 0.17024E-04 0.99378E-04
   11746 -0.98018E-04 0.61444E-04-0.37622E-04-0.53304E-04-0.26337E-04-0.15717E-03
   11746  0.79967E-04-0.55292E-04 0.41809E-04 0.45034E-04 0.17851E-04 0.10432E-03
   11747 -0.75173E-04 0.51223E-04-0.37739E-04-0.42446E-04-0.26439E-04-0.15892E-03
   11747  0.57318E-04-0.44034E-04 0.39503E-04 0.33931E-04 0.18292E-04 0.10842E-03
   11748 -0.52331E-04 0.41061E-04-0.37890E-04-0.31114E-04-0.26036E-04-0.15984E-03
   11748  0.34768E-04-0.32679E-04 0.36826E-04 0.22468E-04 0.18359E-04 0.11179E-03
   11749 -0.29091E-04 0.30855E-04-0.38369E-04-0.19846E-04-0.25363E-04-0.15978E-03
   11749  0.12088E-04-0.21004E-04 0.33632E-04 0.11121E-04 0.18236E-04 0.11460E-03
   11750 -0.53930E-05 0.20553E-04-0.39176E-04-0.89067E-05-0.24770E-04-0.15857E-03
   11750 -0.10807E-04-0.89906E-05 0.29990E-04 0.25384E-07 0.18216E-04 0.11696E-03
   11751  0.18378E-04 0.10216E-04-0.40007E-04 0.19093E-05-0.24558E-04-0.15605E-03
   11751 -0.33737E-04 0.30698E-05 0.26275E-04-0.11154E-04 0.18586E-04 0.11899E-03
   11752  0.41622E-04-0.25813E-07-0.40429E-04 0.13131E-04-0.24737E-04-0.15232E-03
   11752 -0.56374E-04 0.14740E-04 0.22967E-04-0.22969E-04 0.19405E-04 0.12075E-03
   11753  0.63909E-04-0.10090E-04-0.40113E-04 0.25048E-04-0.25009E-04-0.14770E-03
   11753 -0.78512E-04 0.25733E-04 0.20417E-04-0.35609E-04 0.20445E-04 0.12220E-03
   11754  0.85185E-04-0.19946E-04-0.39090E-04 0.37454E-04-0.25055E-04-0.14257E-03
   11754 -0.10010E-03 0.36046E-04 0.18627E-04-0.48729E-04 0.21412E-04 0.12336E-03
   11755  0.10574E-03-0.29694E-04-0.37540E-04 0.49885E-04-0.24714E-04-0.13725E-03
   11755 -0.12133E-03 0.45901E-04 0.17431E-04-0.61761E-04 0.22099E-04 0.12420E-03
   11756  0.12605E-03-0.39468E-04-0.35744E-04 0.61937E-04-0.23979E-04-0.13192E-03
   11756 -0.14250E-03 0.55620E-04 0.16556E-04-0.74255E-04 0.22423E-04 0.12475E-03
   11757  0.14642E-03-0.49316E-04-0.33934E-04 0.73580E-04-0.22999E-04-0.12661E-03
   11757 -0.16377E-03 0.65401E-04 0.15755E-04-0.86230E-04 0.22477E-04 0.12501E-03
   11758  0.16694E-03-0.59202E-04-0.32210E-04 0.85229E-04-0.21983E-04-0.12130E-03
   11758 -0.18512E-03 0.75247E-04 0.14910E-04-0.98174E-04 0.22449E-04 0.12498E-03
   11759  0.18753E-03-0.69065E-04-0.30507E-04 0.97347E-04-0.21053E-04-0.11594E-03
   11759 -0.20646E-03 0.85038E-04 0.14073E-04-0.11061E-03 0.22472E-04 0.12467E-03
   11760  0.20800E-03-0.78816E-04-0.28788E-04 0.11003E-03-0.20202E-04-0.11050E-03
   11760 -0.22770E-03 0.94689E-04 0.13291E-04-0.12367E-03 0.22564E-04 0.12412E-03
   11761  0.22836E-03-0.88538E-04-0.27014E-04 0.12277E-03-0.19319E-04-0.10502E-03
   11761 -0.24892E-03 0.10428E-03 0.12607E-04-0.13681E-03 0.22612E-04 0.12340E-03
   11762  0.24890E-03-0.98401E-04-0.25236E-04 0.13497E-03-0.18315E-04-0.99535E-04
   11762 -0.27029E-03 0.11400E-03 0.11936E-04-0.14932E-03 0.22494E-04 0.12250E-03
   11763  0.26971E-03-0.10840E-03-0.23524E-04 0.14684E-03-0.17250E-04-0.94059E-04
   11763 -0.29184E-03 0.12388E-03 0.11196E-04-0.16141E-03 0.22265E-04 0.12142E-03
   11764  0.29058E-03-0.11833E-03-0.21904E-04 0.15928E-03-0.16241E-04-0.88536E-04
   11764 -0.31344E-03 0.13376E-03 0.10370E-04-0.17414E-03 0.22082E-04 0.12014E-03
   11765  0.31124E-03-0.12804E-03-0.20300E-04 0.17287E-03-0.15328E-04-0.82935E-04
   11765 -0.33489E-03 0.14343E-03 0.95451E-05-0.18818E-03 0.22020E-04 0.11866E-03
   11766  0.33170E-03-0.13759E-03-0.18670E-04 0.18711E-03-0.14439E-04-0.77296E-04
   11766 -0.35610E-03 0.15291E-03 0.87497E-05-0.20289E-03 0.21986E-04 0.11698E-03
   11767  0.35219E-03-0.14716E-03-0.17011E-04 0.20131E-03-0.13511E-04-0.71671E-04
   11767 -0.37714E-03 0.16232E-03 0.79670E-05-0.21742E-03 0.21880E-04 0.11514E-03
   11768  0.37281E-03-0.15682E-03-0.15371E-04 0.21531E-03-0.12541E-04-0.66071E-04
   11768 -0.39809E-03 0.17172E-03 0.71561E-05-0.23159E-03 0.21688E-04 0.11313E-03
   11769  0.39358E-03-0.16655E-03-0.13768E-04 0.22912E-03-0.11541E-04-0.60495E-04
   11769 -0.41907E-03 0.18119E-03 0.63089E-05-0.24548E-03 0.21421E-04 0.11098E-03
   11770  0.41442E-03-0.17625E-03-0.12227E-04 0.24322E-03-0.10544E-04-0.54948E-04
   11770 -0.44004E-03 0.19064E-03 0.54082E-05-0.25965E-03 0.21130E-04 0.10865E-03
   11771  0.43521E-03-0.18585E-03-0.10707E-04 0.25800E-03-0.95699E-05-0.49457E-04
   11771 -0.46091E-03 0.19998E-03 0.44972E-05-0.27451E-03 0.20844E-04 0.10614E-03
   11772  0.45585E-03-0.19531E-03-0.92004E-05 0.27340E-03-0.86109E-05-0.44032E-04
   11772 -0.48168E-03 0.20920E-03 0.35844E-05-0.29003E-03 0.20554E-04 0.10345E-03
   11773  0.47630E-03-0.20460E-03-0.77262E-05 0.28923E-03-0.76579E-05-0.38682E-04
   11773 -0.50238E-03 0.21832E-03 0.26686E-05-0.30611E-03 0.20241E-04 0.10058E-03
   11774  0.49683E-03-0.21394E-03-0.62751E-05 0.30479E-03-0.66963E-05-0.33447E-04
   11774 -0.52319E-03 0.22752E-03 0.17626E-05-0.32189E-03 0.19846E-04 0.97547E-04
   11775  0.51778E-03-0.22356E-03-0.48851E-05 0.31951E-03-0.57299E-05-0.28380E-04
   11775 -0.54423E-03 0.23696E-03 0.83344E-06-0.33666E-03 0.19331E-04 0.94347E-04
   11776  0.53903E-03-0.23331E-03-0.35283E-05 0.33421E-03-0.47951E-05-0.23532E-04
   11776 -0.56543E-03 0.24648E-03-0.93610E-07-0.35132E-03 0.18757E-04 0.90982E-04
   11777  0.56006E-03-0.24273E-03-0.22361E-05 0.35068E-03-0.39229E-05-0.18923E-04
   11777 -0.58644E-03 0.25570E-03-0.10115E-05-0.36786E-03 0.18229E-04 0.87424E-04
   11778  0.58048E-03-0.25153E-03-0.97814E-06 0.36982E-03-0.31167E-05-0.14592E-04
   11778 -0.60684E-03 0.26429E-03-0.19017E-05-0.38721E-03 0.17779E-04 0.83680E-04
   11779  0.60051E-03-0.25995E-03 0.25794E-06 0.39045E-03-0.23595E-05-0.10582E-04
   11779 -0.62661E-03 0.27238E-03-0.27531E-05-0.40794E-03 0.17330E-04 0.79793E-04
   11780  0.62044E-03-0.26833E-03 0.15320E-05 0.41097E-03-0.16412E-05-0.69045E-05
   11780 -0.64621E-03 0.28034E-03-0.34983E-05-0.42845E-03 0.16806E-04 0.75813E-04
   11781  0.64011E-03-0.27653E-03 0.27444E-05 0.43154E-03-0.96522E-06-0.35446E-05
   11781 -0.66573E-03 0.28821E-03-0.42010E-05-0.44912E-03 0.16224E-04 0.71757E-04
   11782  0.65887E-03-0.28397E-03 0.40098E-05 0.45475E-03-0.34592E-06-0.54242E-06
   11782 -0.68446E-03 0.29527E-03-0.47721E-05-0.47256E-03 0.15692E-04 0.67667E-04
   11783  0.67588E-03-0.28982E-03 0.52699E-05 0.48333E-03 0.22956E-06 0.21155E-05
   11783 -0.70130E-03 0.30062E-03-0.52367E-05-0.50148E-03 0.15292E-04 0.63566E-04
   11784  0.69069E-03-0.29393E-03 0.65110E-05 0.51632E-03 0.80165E-06 0.45448E-05
   11784 -0.71603E-03 0.30423E-03-0.56841E-05-0.53503E-03 0.14970E-04 0.59487E-04
   11785  0.70426E-03-0.29726E-03 0.76250E-05 0.54912E-03 0.14053E-05 0.69050E-05
   11785 -0.72961E-03 0.30718E-03-0.61865E-05-0.56848E-03 0.14578E-04 0.55478E-04
   11786  0.71824E-03-0.30128E-03 0.86955E-05 0.57752E-03 0.20484E-05 0.93146E-05
   11786 -0.74352E-03 0.31082E-03-0.66534E-05-0.59728E-03 0.14010E-04 0.51590E-04
   11787  0.73335E-03-0.30653E-03 0.96873E-05 0.60051E-03 0.27342E-05 0.11868E-04
   11787 -0.75860E-03 0.31575E-03-0.70807E-05-0.62046E-03 0.13275E-04 0.47837E-04
   11788  0.74949E-03-0.31281E-03 0.10618E-04 0.61969E-03 0.34575E-05 0.14574E-04
   11788 -0.77476E-03 0.32178E-03-0.75065E-05-0.63972E-03 0.12450E-04 0.44231E-04
   11789  0.76613E-03-0.31950E-03 0.11622E-04 0.63798E-03 0.42075E-05 0.17359E-04
   11789 -0.79141E-03 0.32813E-03-0.77750E-05-0.65795E-03 0.11625E-04 0.40799E-04
   11790  0.78241E-03-0.32569E-03 0.12552E-04 0.65817E-03 0.49912E-05 0.20161E-04
   11790 -0.80772E-03 0.33400E-03-0.80251E-05-0.67817E-03 0.10860E-04 0.37538E-04
   11791  0.79791E-03-0.33099E-03 0.13381E-04 0.68133E-03 0.58100E-05 0.22919E-04
   11791 -0.82316E-03 0.33898E-03-0.82912E-05-0.70143E-03 0.10170E-04 0.34461E-04
   11792  0.81327E-03-0.33604E-03 0.14127E-04 0.70537E-03 0.66388E-05 0.25605E-04
   11792 -0.83818E-03 0.34363E-03-0.85696E-05-0.72536E-03 0.95154E-05 0.31580E-04
   11793  0.82959E-03-0.34195E-03 0.14760E-04 0.72648E-03 0.74320E-05 0.28226E-04
   11793 -0.85416E-03 0.34924E-03-0.88932E-05-0.74628E-03 0.88437E-05 0.28884E-04
   11794  0.84717E-03-0.34899E-03 0.15333E-04 0.74415E-03 0.81527E-05 0.30717E-04
   11794 -0.87155E-03 0.35608E-03-0.92079E-05-0.76377E-03 0.81654E-05 0.26386E-04
   11795  0.86476E-03-0.35581E-03 0.15944E-04 0.76346E-03 0.88179E-05 0.32925E-04
   11795 -0.88874E-03 0.36255E-03-0.94292E-05-0.78271E-03 0.75590E-05 0.24128E-04
   11796  0.88020E-03-0.36031E-03 0.16529E-04 0.79061E-03 0.94911E-05 0.34735E-04
   11796 -0.90342E-03 0.36652E-03-0.96217E-05-0.80941E-03 0.70868E-05 0.22119E-04
   11797  0.89274E-03-0.36200E-03 0.16956E-04 0.82534E-03 0.10193E-04 0.36179E-04
   11797 -0.91530E-03 0.36781E-03-0.99180E-05-0.84404E-03 0.67171E-05 0.20302E-04
   11798  0.90489E-03-0.36339E-03 0.17041E-04 0.85917E-03 0.10838E-04 0.37401E-04
   11798 -0.92686E-03 0.36911E-03-0.10507E-04-0.87797E-03 0.63467E-05 0.18604E-04
   11799  0.91998E-03-0.36760E-03 0.17035E-04 0.88439E-03 0.11312E-04 0.38481E-04
   11799 -0.94092E-03 0.37318E-03-0.11167E-04-0.90264E-03 0.59164E-05 0.17021E-04
   11800  0.93773E-03-0.37440E-03 0.17187E-04 0.90279E-03 0.11612E-04 0.39363E-04
   11800 -0.95761E-03 0.37968E-03-0.11606E-04-0.92015E-03 0.54640E-05 0.15571E-04
   11801  0.95474E-03-0.38043E-03 0.17326E-04 0.92345E-03 0.11847E-04 0.39911E-04
   11801 -0.97413E-03 0.38561E-03-0.11978E-04-0.94049E-03 0.50645E-05 0.14266E-04
   11802  0.96885E-03-0.38349E-03 0.17532E-04 0.95296E-03 0.12070E-04 0.39968E-04
   11802 -0.98767E-03 0.38843E-03-0.12216E-04-0.96973E-03 0.47744E-05 0.13181E-04
   11803  0.98108E-03-0.38458E-03 0.17738E-04 0.98810E-03 0.12215E-04 0.39521E-04
   11803 -0.99880E-03 0.38903E-03-0.12418E-04-0.10042E-02 0.45758E-05 0.12336E-04
   11804  0.99384E-03-0.38629E-03 0.17769E-04 0.10204E-02 0.12181E-04 0.38679E-04
   11804 -0.10107E-02 0.39050E-03-0.12743E-04-0.10360E-02 0.44079E-05 0.11663E-04
   11805  0.10081E-02-0.38971E-03 0.17843E-04 0.10474E-02 0.11925E-04 0.37446E-04
   11805 -0.10247E-02 0.39382E-03-0.12986E-04-0.10628E-02 0.42733E-05 0.11188E-04
   11806  0.10221E-02-0.39282E-03 0.18188E-04 0.10757E-02 0.11509E-04 0.35731E-04
   11806 -0.10381E-02 0.39654E-03-0.12921E-04-0.10907E-02 0.42325E-05 0.10992E-04
   11807  0.10324E-02-0.39238E-03 0.18626E-04 0.11129E-02 0.11014E-04 0.33500E-04
   11807 -0.10480E-02 0.39557E-03-0.12744E-04-0.11276E-02 0.43319E-05 0.11097E-04
   11808  0.10379E-02-0.38736E-03 0.19003E-04 0.11599E-02 0.10455E-04 0.30839E-04
   11808 -0.10532E-02 0.39018E-03-0.12614E-04-0.11747E-02 0.45700E-05 0.11455E-04
   11809  0.10406E-02-0.37990E-03 0.19239E-04 0.12102E-02 0.97886E-05 0.27932E-04
   11809 -0.10559E-02 0.38252E-03-0.12639E-04-0.12255E-02 0.48954E-05 0.11971E-04
   11810  0.10435E-02-0.37292E-03 0.19396E-04 0.12572E-02 0.90052E-05 0.24996E-04
   11810 -0.10587E-02 0.37536E-03-0.12744E-04-0.12729E-02 0.52348E-05 0.12519E-04
   11811  0.10479E-02-0.36781E-03 0.19493E-04 0.12979E-02 0.81557E-05 0.22204E-04
   11811 -0.10633E-02 0.37024E-03-0.12905E-04-0.13142E-02 0.55302E-05 0.12993E-04
   11812  0.10540E-02-0.36448E-03 0.19607E-04 0.13335E-02 0.73051E-05 0.19645E-04
   11812 -0.10697E-02 0.36696E-03-0.12971E-04-0.13506E-02 0.57621E-05 0.13344E-04
   11813  0.10600E-02-0.36149E-03 0.19972E-04 0.13676E-02 0.65132E-05 0.17357E-04
   11813 -0.10766E-02 0.36391E-03-0.12709E-04-0.13860E-02 0.59417E-05 0.13565E-04
   11814  0.10642E-02-0.35677E-03 0.20229E-04 0.14040E-02 0.58324E-05 0.15381E-04
   11814 -0.10820E-02 0.35929E-03-0.12414E-04-0.14242E-02 0.60819E-05 0.13641E-04
   11815  0.10659E-02-0.34957E-03 0.20357E-04 0.14445E-02 0.52868E-05 0.13752E-04
   11815 -0.10845E-02 0.35207E-03-0.12110E-04-0.14662E-02 0.61780E-05 0.13547E-04
   11816  0.10665E-02-0.34136E-03 0.20470E-04 0.14862E-02 0.48956E-05 0.12542E-04
   11816 -0.10855E-02 0.34358E-03-0.11632E-04-0.15087E-02 0.61749E-05 0.13206E-04
   11817  0.10695E-02-0.33553E-03 0.20137E-04 0.15215E-02 0.46798E-05 0.11847E-04
   11817 -0.10892E-02 0.33788E-03-0.11332E-04-0.15454E-02 0.59787E-05 0.12509E-04
   11818  0.10774E-02-0.33481E-03 0.19770E-04 0.15467E-02 0.46317E-05 0.11662E-04
   11818 -0.10984E-02 0.33743E-03-0.10792E-04-0.15725E-02 0.55540E-05 0.11434E-04
   11819  0.10893E-02-0.33786E-03 0.19548E-04 0.15656E-02 0.47375E-05 0.11898E-04
   11819 -0.11115E-02 0.34053E-03-0.97641E-05-0.15930E-02 0.49432E-05 0.10027E-04
   11820  0.11010E-02-0.34054E-03 0.19273E-04 0.15857E-02 0.49785E-05 0.12426E-04
   11820 -0.11247E-02 0.34320E-03-0.84333E-05-0.16147E-02 0.42207E-05 0.83735E-05
   11821  0.11092E-02-0.33960E-03 0.18906E-04 0.16124E-02 0.53307E-05 0.13116E-04
   11821 -0.11346E-02 0.34218E-03-0.67844E-05-0.16436E-02 0.34366E-05 0.65555E-05
   11822  0.11132E-02-0.33441E-03 0.18309E-04 0.16462E-02 0.57701E-05 0.13891E-04
   11822 -0.11403E-02 0.33683E-03-0.49519E-05-0.16798E-02 0.25886E-05 0.46008E-05
   11823  0.11142E-02-0.32622E-03 0.17394E-04 0.16840E-02 0.62805E-05 0.14730E-04
   11823 -0.11427E-02 0.32850E-03-0.30718E-05-0.17200E-02 0.16324E-05 0.24638E-05
   11824  0.11141E-02-0.31708E-03 0.16028E-04 0.17213E-02 0.68523E-05 0.15650E-04
   11824 -0.11439E-02 0.31937E-03-0.12755E-05-0.17600E-02 0.50879E-06 0.55026E-07
   11825  0.11149E-02-0.30906E-03 0.14402E-04 0.17552E-02 0.74659E-05 0.16652E-04
   11825 -0.11458E-02 0.31144E-03 0.47907E-06-0.17963E-02-0.81583E-06-0.26836E-05
   11826  0.11170E-02-0.30277E-03 0.12624E-04 0.17844E-02 0.81127E-05 0.17732E-04
   11826 -0.11493E-02 0.30537E-03 0.21965E-05-0.18283E-02-0.23432E-05-0.57611E-05
   11827  0.11185E-02-0.29620E-03 0.10473E-04 0.18122E-02 0.87950E-05 0.18848E-04
   11827 -0.11520E-02 0.29933E-03 0.34237E-05-0.18591E-02-0.40292E-05-0.90746E-05
   11828  0.11164E-02-0.28633E-03 0.83657E-05 0.18438E-02 0.95138E-05 0.19913E-04
   11828 -0.11501E-02 0.28980E-03 0.42911E-05-0.18927E-02-0.57874E-05-0.12387E-04
   11829  0.11085E-02-0.27134E-03 0.62698E-05 0.18808E-02 0.10219E-04 0.20783E-04
   11829 -0.11413E-02 0.27504E-03 0.44173E-05-0.19305E-02-0.74721E-05-0.15352E-04
   11830  0.10944E-02-0.25129E-03 0.42334E-05 0.19209E-02 0.10791E-04 0.21225E-04
   11830 -0.11255E-02 0.25533E-03 0.35733E-05-0.19711E-02-0.88569E-05-0.17504E-04
   11831  0.10753E-02-0.22803E-03 0.27568E-05 0.19607E-02 0.11019E-04 0.20917E-04
   11831 -0.11045E-02 0.23233E-03 0.20520E-05-0.20111E-02-0.96000E-05-0.18271E-04
   11832  0.10541E-02-0.20415E-03 0.17083E-05 0.19965E-02 0.10645E-04 0.19535E-04
   11832 -0.10811E-02 0.20877E-03-0.15948E-06-0.20466E-02-0.93079E-05-0.17119E-04
   11833  0.10336E-02-0.18218E-03 0.12427E-05 0.20265E-02 0.94609E-05 0.16851E-04
   11833 -0.10581E-02 0.18699E-03-0.25502E-05-0.20754E-02-0.76607E-05-0.13683E-04
   11834  0.10166E-02-0.16339E-03 0.10559E-05 0.20531E-02 0.73999E-05 0.12855E-04
   11834 -0.10386E-02 0.16811E-03-0.42899E-05-0.20994E-02-0.45656E-05-0.79693E-05
   11835  0.70593E-03-0.10590E-03 0.10912E-05 0.14547E-02 0.43921E-05 0.74799E-05
   11835 -0.90880E-03 0.13530E-03-0.31823E-05-0.18802E-02-0.80347E-06-0.13905E-05
   11836 -0.31629E-05-0.91069E-06 0.28283E-06-0.11054E-04 0.19063E-05 0.32010E-05
   11836 -0.64299E-03 0.88897E-04-0.29837E-06-0.13517E-02 0.13502E-05 0.22634E-05
   11837 -0.54208E-03 0.71869E-04 0.90453E-06-0.11486E-02 0.11371E-05 0.18981E-05
   11837 -0.53880E-03 0.71477E-04 0.10183E-05-0.11413E-02 0.13997E-05 0.23363E-05
   11838 -0.71261E-03 0.95151E-04 0.77455E-06-0.15083E-02 0.10048E-05 0.16774E-05
   11838 -0.67255E-03 0.89891E-04 0.70147E-06-0.14232E-02 0.10158E-05 0.16957E-05
   11839 -0.80206E-03 0.11183E-03-0.12169E-06-0.16821E-02 0.78539E-06 0.13190E-05
   11839 -0.79104E-03 0.11025E-03-0.28344E-06-0.16595E-02 0.75699E-06 0.12712E-05
   11840 -0.84322E-03 0.12398E-03-0.52329E-06-0.17454E-02 0.48589E-06 0.82331E-06
   11840 -0.77327E-03 0.11339E-03 0.67348E-08-0.16008E-02 0.43108E-06 0.72991E-06
   11841 -0.48621E-03 0.72841E-04 0.90821E-06-0.99895E-03-0.42049E-07-0.71171E-07
   11841 -0.79452E-03 0.11877E-03 0.11699E-05-0.16340E-02-0.10719E-06-0.18220E-06
   11842  0.32885E-03-0.42371E-04-0.83906E-06 0.70075E-03-0.10848E-05-0.18176E-05
   11842 -0.88428E-03 0.12490E-03-0.33810E-06-0.18489E-02-0.92589E-06-0.15518E-05
   11843  0.85440E-03-0.10388E-03-0.15111E-05 0.18444E-02-0.20073E-05-0.33033E-05
   11843 -0.91116E-03 0.11237E-03-0.10764E-05-0.19666E-02-0.14388E-05-0.23714E-05
   11844  0.88266E-03-0.94068E-04-0.14724E-05 0.19537E-02-0.24467E-05-0.39518E-05
   11844 -0.88274E-03 0.94853E-04-0.71781E-06-0.19555E-02-0.13448E-05-0.21810E-05
   11845  0.83010E-03-0.84051E-04-0.11460E-05 0.18538E-02-0.27968E-05-0.44879E-05
   11845 -0.83003E-03 0.84671E-04-0.63707E-06-0.18549E-02-0.11184E-05-0.18085E-05
   11846  0.78408E-03-0.80934E-04-0.10213E-05 0.17456E-02-0.30792E-05-0.49466E-05
   11846 -0.78415E-03 0.81526E-04-0.63637E-06-0.17469E-02-0.90630E-06-0.14769E-05
   11847  0.73499E-03-0.74702E-04-0.64444E-06 0.16411E-02-0.33411E-05-0.53491E-05
   11847 -0.73531E-03 0.75195E-04-0.66098E-06-0.16427E-02-0.71187E-06-0.11692E-05
   11848  0.67738E-03-0.59725E-04-0.31106E-06 0.15455E-02-0.35697E-05-0.56237E-05
   11848 -0.67758E-03 0.60049E-04-0.56552E-06-0.15466E-02-0.59121E-06-0.96762E-06
   11849  0.61301E-03-0.38323E-04 0.20260E-06 0.14548E-02-0.37230E-05-0.57058E-05
   11849 -0.61306E-03 0.38482E-04-0.66004E-06-0.14552E-02-0.59428E-06-0.95260E-06
   11850  0.54737E-03-0.15820E-04 0.69859E-06 0.13634E-02-0.37762E-05-0.56005E-05
   11850 -0.54733E-03 0.15883E-04-0.88894E-06-0.13635E-02-0.73686E-06-0.11409E-05
   11851  0.48522E-03 0.31654E-05 0.12885E-05 0.12680E-02-0.37022E-05-0.53216E-05
   11851 -0.48512E-03-0.32685E-05-0.95295E-06-0.12675E-02-0.10383E-05-0.15461E-05
   11852  0.42916E-03 0.16150E-04 0.17772E-05 0.11671E-02-0.35018E-05-0.49081E-05
   11852 -0.42898E-03-0.16329E-04-0.11666E-05-0.11661E-02-0.14924E-05-0.21518E-05
   11853  0.37932E-03 0.22772E-04 0.22680E-05 0.10608E-02-0.32112E-05-0.44238E-05
   11853 -0.37912E-03-0.23040E-04-0.13290E-05-0.10594E-02-0.20593E-05-0.29043E-05
   11854  0.33450E-03 0.24304E-04 0.28236E-05 0.95071E-03-0.28564E-05-0.38974E-05
   11854 -0.33431E-03-0.24680E-04-0.15002E-05-0.94896E-03-0.27055E-05-0.37656E-05
   11855  0.29280E-03 0.22796E-04 0.32735E-05 0.83863E-03-0.24501E-05-0.33291E-05
   11855 -0.29266E-03-0.23268E-04-0.16243E-05-0.83670E-03-0.34040E-05-0.47047E-05
   11856  0.25239E-03 0.19971E-04 0.37950E-05 0.72573E-03-0.20012E-05-0.27148E-05
   11856 -0.25236E-03-0.20609E-04-0.16125E-05-0.72366E-03-0.41257E-05-0.56800E-05
   11857  0.21220E-03 0.16911E-04 0.42950E-05 0.61260E-03-0.15149E-05-0.20523E-05
   11857 -0.21234E-03-0.17725E-04-0.15537E-05-0.61049E-03-0.48417E-05-0.66446E-05
   11858  0.17195E-03 0.13874E-04 0.47949E-05 0.49940E-03-0.99029E-06-0.13385E-05
   11858 -0.17232E-03-0.14889E-04-0.14222E-05-0.49737E-03-0.55272E-05-0.75588E-05
   11859  0.13185E-03 0.10691E-04 0.52912E-05 0.38612E-03-0.42578E-06-0.57253E-06
   11859 -0.13247E-03-0.11930E-04-0.12146E-05-0.38413E-03-0.61588E-05-0.83927E-05
   11860  0.92197E-04 0.71070E-05 0.57455E-05 0.27260E-03 0.17586E-06 0.24171E-06
   11860 -0.93053E-04-0.85720E-05-0.96303E-06-0.27066E-03-0.67077E-05-0.91228E-05
   11861  0.52923E-04 0.31961E-05 0.61348E-05 0.15891E-03 0.80676E-06 0.10982E-05
   11861 -0.54053E-04-0.49009E-05-0.61720E-06-0.15707E-03-0.71403E-05-0.97205E-05
   11862  0.13493E-04-0.67284E-06 0.65778E-05 0.45042E-04 0.14854E-05 0.20268E-05
   11862 -0.14916E-04-0.12878E-05-0.27965E-06-0.43339E-04-0.74540E-05-0.10173E-04
   11863 -0.26123E-04-0.43823E-05 0.69343E-05-0.68957E-04 0.22361E-05 0.30536E-05
   11863  0.24432E-04 0.21740E-05 0.13131E-06 0.70591E-04-0.76600E-05-0.10459E-04
   11864 -0.65032E-04-0.86180E-05 0.72309E-05-0.18292E-03 0.30559E-05 0.41527E-05
   11864  0.63128E-04 0.61911E-05 0.53821E-06 0.18461E-03-0.77522E-05-0.10530E-04
   11865 -0.10208E-03-0.14556E-04 0.73337E-05-0.29785E-03 0.39315E-05 0.52762E-05
   11865  0.10005E-03 0.11978E-04 0.95921E-06 0.29969E-03-0.77283E-05-0.10366E-04
   11866 -0.13632E-03-0.23270E-04 0.72773E-05-0.41450E-03 0.48313E-05 0.63628E-05
   11866  0.13432E-03 0.20677E-04 0.11776E-05 0.41669E-03-0.75971E-05-0.10001E-04
   11867 -0.16751E-03-0.34982E-04 0.70906E-05-0.53269E-03 0.56671E-05 0.73051E-05
   11867  0.16566E-03 0.32468E-04 0.12798E-05 0.53535E-03-0.73486E-05-0.94711E-05
   11868 -0.19664E-03-0.48506E-04 0.65713E-05-0.65153E-03 0.63287E-05 0.80064E-05
   11868  0.19506E-03 0.46227E-04 0.12362E-05 0.65459E-03-0.69808E-05-0.88339E-05
   11869 -0.22607E-03-0.61599E-04 0.59352E-05-0.76986E-03 0.67067E-05 0.83934E-05
   11869  0.22485E-03 0.59623E-04 0.11016E-05 0.77339E-03-0.65007E-05-0.81449E-05
   11870 -0.25809E-03-0.72184E-04 0.52162E-05-0.88740E-03 0.67128E-05 0.83961E-05
   11870  0.25727E-03 0.70529E-04 0.95709E-06 0.89141E-03-0.58963E-05-0.73952E-05
   11871 -0.29321E-03-0.79793E-04 0.44862E-05-0.10040E-02 0.63480E-05 0.80039E-05
   11871  0.29277E-03 0.78449E-04 0.75884E-06 0.10083E-02-0.51820E-05-0.65682E-05
   11872 -0.33067E-03-0.85147E-04 0.37588E-05-0.11199E-02 0.56707E-05 0.72504E-05
   11872  0.33056E-03 0.84058E-04 0.68459E-06 0.11243E-02-0.43759E-05-0.56454E-05
   11873 -0.36984E-03-0.88920E-04 0.30741E-05-0.12352E-02 0.47417E-05 0.61818E-05
   11873  0.37004E-03 0.88055E-04 0.67444E-06 0.12399E-02-0.34671E-05-0.45892E-05
   11874 -0.41093E-03-0.91004E-04 0.24806E-05-0.13502E-02 0.36307E-05 0.48713E-05
   11874  0.41140E-03 0.90313E-04 0.70554E-06 0.13551E-02-0.24424E-05-0.33728E-05
   11875 -0.45408E-03-0.91294E-04 0.19634E-05-0.14647E-02 0.24166E-05 0.34060E-05
   11875  0.45471E-03 0.90709E-04 0.82277E-06 0.14696E-02-0.12969E-05-0.19792E-05
   11876 -0.49781E-03-0.91074E-04 0.14539E-05-0.15790E-02 0.11642E-05 0.18556E-05
   11876  0.49865E-03 0.90609E-04 0.90405E-06 0.15840E-02-0.18181E-07-0.38021E-06
   11877 -0.53889E-03-0.93716E-04 0.10738E-05-0.16949E-02-0.64798E-07 0.29972E-06
   11877  0.53993E-03 0.93326E-04 0.10887E-05 0.17004E-02 0.13915E-05 0.14173E-05
   11878 -0.57349E-03-0.10315E-03 0.78690E-06-0.18151E-02-0.12407E-05-0.11983E-05
   11878  0.57477E-03 0.10291E-03 0.10048E-05 0.18210E-02 0.29305E-05 0.33779E-05
   11879 -0.59889E-03-0.12165E-03 0.37681E-06-0.19396E-02-0.23326E-05-0.25619E-05
   11879  0.60053E-03 0.12165E-03 0.92779E-06 0.19463E-02 0.45604E-05 0.53992E-05
   11880 -0.61530E-03-0.14913E-03 0.29743E-06-0.20674E-02-0.33367E-05-0.37619E-05
   11880  0.61722E-03 0.14931E-03 0.88561E-06 0.20751E-02 0.62376E-05 0.73837E-05
   11881 -0.62701E-03-0.18131E-03-0.12038E-06-0.21970E-02-0.42645E-05-0.48193E-05
   11881  0.62944E-03 0.18197E-03 0.33581E-06 0.22057E-02 0.79120E-05 0.92759E-05
   11882 -0.64276E-03-0.20974E-03 0.24840E-07-0.23241E-02-0.50579E-05-0.57131E-05
   11882  0.64576E-03 0.21076E-03-0.18181E-06 0.23348E-02 0.94514E-05 0.10998E-04
   11883 -0.67186E-03-0.22458E-03-0.38682E-07-0.24455E-02-0.56238E-05-0.64010E-05
   11883  0.67555E-03 0.22601E-03-0.88187E-06 0.24579E-02 0.10687E-04 0.12474E-04
   11884 -0.71854E-03-0.22172E-03-0.27703E-06-0.25602E-02-0.58915E-05-0.68358E-05
   11884  0.72297E-03 0.22353E-03-0.17252E-05 0.25737E-02 0.11498E-04 0.13636E-04
   11885 -0.77861E-03-0.20580E-03-0.42383E-07-0.26691E-02-0.57947E-05-0.69043E-05
   11885  0.78401E-03 0.20783E-03-0.25299E-05 0.26848E-02 0.11803E-04 0.14339E-04
   11886 -0.84120E-03-0.18756E-03-0.21454E-07-0.27770E-02-0.53239E-05-0.65077E-05
   11886  0.84781E-03 0.18987E-03-0.33584E-05 0.27952E-02 0.11601E-04 0.14433E-04
   11887 -0.89732E-03-0.17560E-03 0.21756E-08-0.28865E-02-0.45111E-05-0.56194E-05
   11887  0.90510E-03 0.17819E-03-0.41461E-05 0.29073E-02 0.10939E-04 0.13852E-04
   11888 -0.94483E-03-0.17162E-03-0.10210E-06-0.29982E-02-0.33282E-05-0.41927E-05
   11888  0.95397E-03 0.17449E-03-0.45538E-05 0.30225E-02 0.97965E-05 0.12540E-04
   11889 -0.98409E-03-0.17457E-03-0.48248E-06-0.31104E-02-0.16561E-05-0.20882E-05
   11889  0.99470E-03 0.17767E-03-0.41141E-05 0.31393E-02 0.80578E-05 0.10369E-04
   11890 -0.98019E-03-0.17882E-03-0.17426E-05-0.31158E-02 0.27434E-06 0.37238E-06
   11890  0.89285E-03 0.16378E-03-0.39550E-05 0.28308E-02 0.57315E-05 0.73752E-05
   11891 -0.97144E-03-0.20173E-03 0.37477E-05-0.31541E-02 0.10923E-05 0.14018E-05
   11891  0.17906E-03 0.25752E-04 0.22667E-05 0.55135E-03 0.27271E-05 0.34847E-05
   11892 -0.83866E-03-0.21437E-03 0.11226E-05-0.28503E-02 0.52157E-06 0.65411E-06
   11892 -0.64198E-03-0.17616E-03-0.14152E-05-0.22228E-02 0.48958E-06 0.61997E-06
   11893 -0.62696E-03-0.21159E-03 0.62815E-07-0.22876E-02-0.11261E-06-0.13084E-06
   11893 -0.73474E-03-0.24563E-03 0.83250E-06-0.26725E-02-0.78676E-07-0.92249E-07
   11894 -0.44917E-03-0.18546E-03 0.97269E-06-0.17382E-02-0.31541E-06-0.36924E-06
   11894 -0.45335E-03-0.18583E-03-0.86070E-07-0.17523E-02-0.97097E-07-0.11064E-06
   11895 -0.22839E-03-0.10574E-03-0.18754E-05-0.92180E-03 0.52299E-06 0.59386E-06
   11895 -0.23881E-03-0.11138E-03-0.13346E-05-0.96511E-03-0.72622E-06-0.82573E-06
   11896 -0.81343E-04-0.38308E-04-0.79064E-05-0.34315E-03 0.15682E-05 0.17771E-05
   11896 -0.10864E-03-0.52843E-04-0.48884E-06-0.44522E-03-0.10026E-05-0.11335E-05
   11897 -0.23472E-03-0.10980E-03 0.58798E-05-0.93669E-03-0.26740E-04-0.30546E-04
   11897  0.17239E-03 0.81499E-04-0.15180E-04 0.67104E-03 0.28718E-04 0.32797E-04
   11898 -0.66802E-03-0.30814E-03 0.99103E-04-0.25056E-02-0.25153E-04-0.29081E-04
   11898  0.64954E-03 0.30081E-03-0.10499E-03 0.24244E-02 0.28515E-04 0.32947E-04
   11899 -0.98739E-03-0.43488E-03 0.12815E-03-0.36757E-02 0.16758E-04 0.19118E-04
   11899  0.97696E-03 0.42931E-03-0.12162E-03 0.36433E-02-0.13356E-04-0.15170E-04
   11900 -0.10907E-02-0.48785E-03 0.97069E-04-0.41621E-02 0.23063E-04 0.26421E-04
   11900  0.10812E-02 0.48177E-03-0.86089E-04 0.41385E-02-0.21244E-04-0.24310E-04
   11901 -0.11027E-02-0.55733E-03 0.66584E-04-0.44517E-02 0.15205E-04 0.17139E-04
   11901  0.10955E-02 0.55213E-03-0.56106E-04 0.44361E-02-0.15306E-04-0.17239E-04
   11902 -0.10723E-02-0.65457E-03 0.47431E-04-0.46856E-02 0.11219E-04 0.12322E-04
   11902  0.10670E-02 0.65023E-03-0.38264E-04 0.46752E-02-0.12757E-04-0.13994E-04
   11903 -0.10474E-02-0.74641E-03 0.33456E-04-0.49057E-02 0.90746E-05 0.98297E-05
   11903  0.10443E-02 0.74385E-03-0.29082E-04 0.48979E-02-0.11481E-04-0.12386E-04
   11904 -0.10683E-02-0.79418E-03 0.24199E-04-0.51147E-02 0.71585E-05 0.78620E-05
   11904  0.10666E-02 0.79283E-03-0.22698E-04 0.51090E-02-0.99286E-05-0.10785E-04
   11905 -0.11444E-02-0.78736E-03 0.17261E-04-0.53141E-02 0.49781E-05 0.57231E-05
   11905  0.11438E-02 0.78708E-03-0.18308E-04 0.53100E-02-0.76824E-05-0.86123E-05
   11906 -0.12495E-02-0.75236E-03 0.12565E-04-0.55064E-02 0.27103E-05 0.34555E-05
   11906  0.12492E-02 0.75245E-03-0.14356E-04 0.55029E-02-0.50723E-05-0.60364E-05
   11907 -0.13360E-02-0.73589E-03 0.90514E-05-0.56981E-02 0.22315E-06 0.80395E-06
   11907  0.13363E-02 0.73639E-03-0.11302E-04 0.56965E-02-0.22424E-05-0.30453E-05
   11908 -0.13769E-02-0.76625E-03 0.73637E-05-0.58986E-02-0.25368E-05-0.22288E-05
   11908  0.13769E-02 0.76639E-03-0.80130E-05 0.58981E-02 0.69897E-06 0.19072E-06
   11909 -0.13804E-02-0.83463E-03 0.55352E-05-0.61083E-02-0.53572E-05-0.52955E-05
   11909  0.13804E-02 0.83482E-03-0.70336E-05 0.61062E-02 0.35564E-05 0.33271E-05
   11910 -0.13830E-02-0.90484E-03 0.55439E-05-0.63166E-02-0.77628E-05-0.78800E-05
   11910  0.13828E-02 0.90486E-03-0.64953E-05 0.63146E-02 0.59906E-05 0.59687E-05
   11911 -0.14161E-02-0.94444E-03 0.64204E-05-0.65177E-02-0.87679E-05-0.90269E-05
   11911  0.14162E-02 0.94460E-03-0.71260E-05 0.65173E-02 0.71308E-05 0.72675E-05
   11912 -0.14773E-02-0.95487E-03 0.79541E-05-0.67103E-02-0.74307E-05-0.77270E-05
   11912  0.14771E-02 0.95487E-03-0.87411E-05 0.67086E-02 0.60454E-05 0.62307E-05
   11913 -0.15374E-02-0.96368E-03 0.89562E-05-0.68964E-02-0.35694E-05-0.36637E-05
   11913  0.15369E-02 0.96344E-03-0.97297E-05 0.68929E-02 0.24957E-05 0.24975E-05
   11914 -0.11968E-02-0.77008E-03 0.55573E-05-0.54278E-02-0.70618E-05-0.74908E-05
   11914  0.11965E-02 0.76988E-03-0.56424E-05 0.54262E-02 0.62210E-05 0.65828E-05
   11915 -0.42608E-03-0.29371E-03 0.34823E-06-0.19910E-02-0.73125E-05-0.76308E-05
   11915  0.41186E-03 0.28060E-03-0.49606E-06 0.19150E-02 0.63575E-05 0.66403E-05
   11916 -0.76700E-05-0.57752E-05 0.20658E-06-0.36940E-04-0.94028E-06-0.92268E-06
   11916 -0.36498E-04-0.47172E-04 0.13771E-06-0.23151E-03-0.67004E-06-0.64384E-06
   11917  0.26419E-05 0.33222E-05 0.27814E-06 0.17026E-04-0.13389E-05-0.12258E-05
   11917 -0.69429E-04-0.11289E-03 0.60800E-06-0.50243E-03-0.15009E-05-0.13714E-05
   11918 -0.17964E-04-0.46371E-04 0.13008E-05-0.17380E-03-0.27585E-05-0.23834E-05
   11918 -0.49467E-04-0.10339E-03 0.42959E-07-0.42026E-03-0.23117E-05-0.20028E-05
   11919 -0.20651E-03-0.67719E-03 0.20753E-05-0.24012E-02-0.49527E-05-0.41169E-05
   11919  0.16491E-03 0.56070E-03-0.48202E-06 0.19722E-02-0.46732E-05-0.38779E-05
   11920 -0.50619E-03-0.17383E-02-0.43903E-05-0.61092E-02-0.83699E-05-0.68596E-05
   11920  0.49523E-03 0.17034E-02 0.65793E-05 0.59882E-02-0.69107E-05-0.56502E-05
   11921 -0.61119E-03-0.21842E-02-0.11839E-04-0.76123E-02-0.10884E-04-0.88958E-05
   11921  0.61171E-03 0.21873E-02 0.13464E-04 0.76251E-02-0.64477E-05-0.52212E-05
   11922 -0.54711E-03-0.21495E-02-0.11049E-04-0.73243E-02-0.11377E-04-0.92165E-05
   11922  0.54732E-03 0.21522E-02 0.13086E-04 0.73358E-02-0.48226E-05-0.38245E-05
   11923 -0.44129E-03-0.21613E-02-0.10075E-04-0.70269E-02-0.10990E-04-0.87319E-05
   11923  0.44156E-03 0.21643E-02 0.11446E-04 0.70381E-02-0.38772E-05-0.29420E-05
   11924 -0.29114E-03-0.22194E-02-0.84075E-05-0.67032E-02-0.10020E-04-0.77089E-05
   11924  0.29122E-03 0.22224E-02 0.95832E-05 0.67136E-02-0.33258E-05-0.23512E-05
   11925 -0.10425E-03-0.23156E-02-0.61832E-05-0.63440E-02-0.87502E-05-0.64046E-05
   11925  0.10386E-03 0.23187E-02 0.78939E-05 0.63540E-02-0.29521E-05-0.19263E-05
   11926  0.10623E-03-0.24351E-02-0.38404E-05-0.59397E-02-0.71566E-05-0.49319E-05
   11926 -0.10718E-03 0.24382E-02 0.62719E-05 0.59492E-02-0.28340E-05-0.16811E-05
   11927  0.32758E-03-0.25646E-02-0.20416E-05-0.54857E-02-0.53774E-05-0.34608E-05
   11927 -0.32918E-03 0.25674E-02 0.55055E-05 0.54941E-02-0.28968E-05-0.15531E-05
   11928  0.54828E-03-0.26935E-02 0.70929E-07-0.49797E-02-0.36379E-05-0.21642E-05
   11928 -0.55060E-03 0.26956E-02 0.48610E-05 0.49865E-02-0.30141E-05-0.14647E-05
   11929  0.75749E-03-0.28106E-02 0.18224E-05-0.44224E-02-0.19361E-05-0.11141E-05
   11929 -0.76031E-03 0.28116E-02 0.44513E-05 0.44272E-02-0.32652E-05-0.13918E-05
   11930  0.94500E-03-0.29062E-02 0.36707E-05-0.38186E-02-0.53687E-06-0.38787E-06
   11930 -0.94825E-03 0.29057E-02 0.44629E-05 0.38213E-02-0.34554E-05-0.12711E-05
   11931  0.11004E-02-0.29695E-02 0.51175E-05-0.31798E-02 0.66113E-06 0.76488E-07
   11931 -0.11037E-02 0.29674E-02 0.41037E-05 0.31808E-02-0.37657E-05-0.11547E-05
   11932  0.12154E-02-0.29919E-02 0.63834E-05-0.25225E-02 0.14451E-05 0.27047E-06
   11932 -0.12185E-02 0.29879E-02 0.42746E-05 0.25221E-02-0.40293E-05-0.98900E-06
   11933  0.12863E-02-0.29700E-02 0.69762E-05-0.18664E-02 0.18277E-05 0.30100E-06
   11933 -0.12889E-02 0.29638E-02 0.46673E-05 0.18649E-02-0.42597E-05-0.80785E-06
   11934  0.13114E-02-0.29027E-02 0.74548E-05-0.12316E-02 0.21177E-05 0.26182E-06
   11934 -0.13133E-02 0.28942E-02 0.47451E-05 0.12298E-02-0.47788E-05-0.63326E-06
   11935  0.12942E-02-0.27941E-02 0.74856E-05-0.63472E-03 0.24017E-05-0.13479E-07
   11935 -0.12950E-02 0.27832E-02 0.49739E-05 0.63329E-03-0.55662E-05-0.21649E-06
   11936  0.12390E-02-0.26496E-02 0.77877E-05-0.91894E-04 0.15765E-05-0.80800E-07
   11936 -0.12390E-02 0.26366E-02 0.52075E-05 0.91685E-04-0.53960E-05 0.51782E-07
   11937  0.11512E-02-0.24733E-02 0.83836E-05 0.37920E-03 0.97562E-06 0.10564E-06
   11937 -0.11506E-02 0.24586E-02 0.49594E-05-0.37747E-03-0.56667E-05 0.15842E-06
   11938  0.10400E-02-0.22743E-02 0.79225E-05 0.76983E-03 0.49542E-06 0.30400E-07
   11938 -0.10388E-02 0.22578E-02 0.57802E-05-0.76564E-03-0.62183E-05 0.64776E-06
   11939  0.91384E-03-0.20623E-02 0.78188E-05 0.10789E-02-0.38218E-06 0.12787E-06
   11939 -0.91238E-03 0.20446E-02 0.60362E-05-0.10719E-02-0.63758E-05 0.10828E-05
   11940  0.78165E-03-0.18465E-02 0.75167E-05 0.13070E-02-0.11612E-05 0.33102E-06
   11940 -0.78007E-03 0.18280E-02 0.62724E-05-0.12969E-02-0.65421E-05 0.15009E-05
   11941  0.65164E-03-0.16357E-02 0.75462E-05 0.14574E-02-0.20343E-05 0.65896E-06
   11941 -0.65029E-03 0.16165E-02 0.66013E-05-0.14442E-02-0.64299E-05 0.18277E-05
   11942  0.53144E-03-0.14370E-02 0.75440E-05 0.15338E-02-0.27598E-05 0.10135E-05
   11942 -0.53031E-03 0.14172E-02 0.66130E-05-0.15174E-02-0.62460E-05 0.20966E-05
   11943  0.42630E-03-0.12548E-02 0.74987E-05 0.15443E-02-0.34158E-05 0.13946E-05
   11943 -0.42568E-03 0.12347E-02 0.70491E-05-0.15253E-02-0.58787E-05 0.22379E-05
   11944  0.33765E-03-0.10911E-02 0.76901E-05 0.15046E-02-0.38548E-05 0.17226E-05
   11944 -0.33780E-03 0.10709E-02 0.76909E-05-0.14834E-02-0.54673E-05 0.22883E-05
   11945  0.26314E-03-0.94349E-03 0.77897E-05 0.14315E-02-0.42130E-05 0.20340E-05
   11945 -0.26389E-03 0.92319E-03 0.79692E-05-0.14082E-02-0.48860E-05 0.22015E-05
   11946  0.19751E-03-0.80677E-03 0.82402E-05 0.13396E-02-0.44339E-05 0.22899E-05
   11946 -0.19913E-03 0.78651E-03 0.83915E-05-0.13146E-02-0.41926E-05 0.20281E-05
   11947  0.13703E-03-0.67696E-03 0.86120E-05 0.12376E-02-0.44369E-05 0.24304E-05
   11947 -0.13961E-03 0.65694E-03 0.87518E-05-0.12109E-02-0.34798E-05 0.18410E-05
   11948  0.82149E-04-0.55459E-03 0.89585E-05 0.11259E-02-0.43888E-05 0.25879E-05
   11948 -0.85785E-04 0.53477E-03 0.90686E-05-0.10971E-02-0.26139E-05 0.14976E-05
   11949  0.36773E-04-0.44390E-03 0.92844E-05 0.10027E-02-0.40502E-05 0.25825E-05
   11949 -0.41603E-04 0.42446E-03 0.94844E-05-0.97201E-03-0.19027E-05 0.11639E-05
   11950  0.56566E-05-0.34988E-03 0.97293E-05 0.86701E-03-0.36423E-05 0.24708E-05
   11950 -0.11598E-04 0.33092E-03 0.97455E-05-0.83505E-03-0.11879E-05 0.76601E-06
   11951 -0.10205E-04-0.27288E-03 0.10139E-04 0.72062E-03-0.32460E-05 0.22925E-05
   11951  0.34818E-05 0.25426E-03 0.98149E-05-0.68781E-03-0.43890E-06 0.28333E-06
   11952 -0.15545E-04-0.20710E-03 0.10455E-04 0.56742E-03-0.27965E-05 0.20256E-05
   11952  0.82600E-05 0.18864E-03 0.10026E-04-0.53415E-03 0.25734E-06-0.20597E-06
   11953 -0.16575E-04-0.14637E-03 0.10641E-04 0.41306E-03-0.21568E-05 0.15946E-05
   11953  0.87801E-05 0.12808E-03 0.10245E-04-0.37935E-03 0.77788E-06-0.58690E-06
   11954 -0.15703E-04-0.89003E-04 0.10879E-04 0.26092E-03-0.15002E-05 0.11420E-05
   11954  0.72021E-05 0.71019E-04 0.10297E-04-0.22631E-03 0.12797E-05-0.98425E-06
   11955 -0.10675E-04-0.37422E-04 0.11153E-04 0.11039E-03-0.86620E-06 0.68751E-06
   11955  0.12156E-05 0.19997E-04 0.10170E-04-0.74532E-04 0.17614E-05-0.14189E-05
   11956  0.10160E-05 0.56956E-05 0.11291E-04-0.38380E-04-0.15118E-06 0.12096E-06
   11956 -0.11465E-04-0.22396E-04 0.99916E-05 0.75396E-04 0.20754E-05-0.17584E-05
   11957  0.18544E-04 0.41403E-04 0.11281E-04-0.18482E-03 0.46315E-06-0.41406E-06
   11957 -0.29686E-04-0.57434E-04 0.97466E-05 0.22257E-03 0.23731E-05-0.20851E-05
   11958  0.38921E-04 0.73396E-04 0.11177E-04-0.32949E-03 0.10940E-05-0.98961E-06
   11958 -0.50424E-04-0.88958E-04 0.95157E-05 0.36764E-03 0.25381E-05-0.22799E-05
   11959  0.62061E-04 0.10184E-03 0.10971E-04-0.47227E-03 0.15745E-05-0.14554E-05
   11959 -0.73823E-04-0.11691E-03 0.92127E-05 0.51075E-03 0.27405E-05-0.25087E-05
   11960  0.91809E-04 0.12235E-03 0.10778E-04-0.61211E-03 0.20667E-05-0.19755E-05
   11960 -0.10408E-03-0.13665E-03 0.88411E-05 0.65095E-03 0.27932E-05-0.26433E-05
   11961  0.13049E-03 0.13233E-03 0.10580E-04-0.74736E-03 0.24966E-05-0.24973E-05
   11961 -0.14348E-03-0.14551E-03 0.82437E-05 0.78656E-03 0.27418E-05-0.27220E-05
   11962  0.17228E-03 0.13752E-03 0.10235E-04-0.87645E-03 0.27574E-05-0.28775E-05
   11962 -0.18580E-03-0.14953E-03 0.75692E-05 0.91567E-03 0.26940E-05-0.27897E-05
   11963  0.20682E-03 0.14874E-03 0.98879E-05-0.10019E-02 0.29863E-05-0.31761E-05
   11963 -0.22040E-03-0.16007E-03 0.70225E-05 0.10409E-02 0.25479E-05-0.26877E-05
   11964  0.23081E-03 0.17067E-03 0.92953E-05-0.11282E-02 0.31034E-05-0.32886E-05
   11964 -0.24385E-03-0.18164E-03 0.63359E-05 0.11671E-02 0.24290E-05-0.25492E-05
   11965  0.25509E-03 0.19209E-03 0.91282E-05-0.12547E-02 0.31427E-05-0.33207E-05
   11965 -0.26786E-03-0.20293E-03 0.60702E-05 0.12932E-02 0.23395E-05-0.24432E-05
   11966  0.29639E-03 0.19564E-03 0.88209E-05-0.13762E-02 0.31813E-05-0.34409E-05
   11966 -0.30945E-03-0.20586E-03 0.55207E-05 0.14152E-02 0.22362E-05-0.23835E-05
   11967  0.36027E-03 0.17507E-03 0.86566E-05-0.14878E-02 0.32185E-05-0.36662E-05
   11967 -0.37440E-03-0.18424E-03 0.49931E-05 0.15278E-02 0.21247E-05-0.23780E-05
   11968  0.43450E-03 0.14243E-03 0.81687E-05-0.15872E-02 0.32247E-05-0.38992E-05
   11968 -0.44960E-03-0.15013E-03 0.43182E-05 0.16276E-02 0.20015E-05-0.23711E-05
   11969  0.49951E-03 0.11687E-03 0.77901E-05-0.16799E-02 0.31749E-05-0.40126E-05
   11969 -0.51523E-03-0.12339E-03 0.35899E-05 0.17204E-02 0.18480E-05-0.22785E-05
   11970  0.54806E-03 0.10655E-03 0.71616E-05-0.17739E-02 0.30450E-05-0.39367E-05
   11970 -0.56379E-03-0.11216E-03 0.25663E-05 0.18146E-02 0.16509E-05-0.20689E-05
   11971  0.58536E-03 0.10683E-03 0.68732E-05-0.18716E-02 0.28345E-05-0.36988E-05
   11971 -0.60081E-03-0.11197E-03 0.18751E-05 0.19118E-02 0.14079E-05-0.17641E-05
   11972  0.62195E-03 0.10762E-03 0.64831E-05-0.19686E-02 0.25712E-05-0.33838E-05
   11972 -0.63701E-03-0.11229E-03 0.11636E-05 0.20084E-02 0.11384E-05-0.14173E-05
   11973  0.66486E-03 0.10153E-03 0.62132E-05-0.20607E-02 0.22810E-05-0.30499E-05
   11973 -0.67992E-03-0.10572E-03 0.63400E-06 0.21005E-02 0.89764E-06-0.11108E-05
   11974  0.71546E-03 0.87031E-04 0.60372E-05-0.21459E-02 0.19975E-05-0.27359E-05
   11974 -0.73071E-03-0.90673E-04 0.19683E-06 0.21856E-02 0.72831E-06-0.89862E-06
   11975  0.77387E-03 0.63738E-04 0.58882E-05-0.22224E-02 0.17495E-05-0.24738E-05
   11975 -0.78943E-03-0.66713E-04-0.24018E-06 0.22618E-02 0.63995E-06-0.79426E-06
   11976  0.83976E-03 0.31804E-04 0.57276E-05-0.22884E-02 0.15379E-05-0.22614E-05
   11976 -0.85570E-03-0.33975E-04-0.75337E-06 0.23274E-02 0.62942E-06-0.79897E-06
   11977  0.91199E-03-0.78722E-05 0.56172E-05-0.23427E-02 0.13507E-05-0.20787E-05
   11977 -0.92849E-03 0.65668E-05-0.12329E-05 0.23814E-02 0.66908E-06-0.88138E-06
   11978  0.98639E-03-0.51071E-04 0.52692E-05-0.23871E-02 0.11764E-05-0.19002E-05
   11978 -0.10033E-02 0.50811E-04-0.19868E-05 0.24255E-02 0.70588E-06-0.96668E-06
   11979  0.10559E-02-0.90814E-04 0.50892E-05-0.24279E-02 0.99067E-06-0.16779E-05
   11979 -0.10730E-02 0.91428E-04-0.27095E-05 0.24655E-02 0.69704E-06-0.98124E-06
   11980  0.11151E-02-0.12147E-03 0.47928E-05-0.24720E-02 0.77424E-06-0.13750E-05
   11980 -0.11323E-02 0.12285E-03-0.34791E-05 0.25091E-02 0.61829E-06-0.87410E-06
   11981  0.11639E-02-0.14247E-03 0.44597E-05-0.25223E-02 0.52114E-06-0.98564E-06
   11981 -0.11812E-02 0.14449E-03-0.42629E-05 0.25595E-02 0.47457E-06-0.64730E-06
   11982  0.12063E-02-0.15789E-03 0.44752E-05-0.25764E-02 0.25887E-06-0.56412E-06
   11982 -0.12238E-02 0.16021E-03-0.46096E-05 0.26140E-02 0.28466E-06-0.33496E-06
   11983  0.12489E-02-0.17425E-03 0.44444E-05-0.26274E-02 0.29703E-08-0.14414E-06
   11983 -0.12671E-02 0.17697E-03-0.50000E-05 0.26660E-02 0.11480E-06-0.49204E-07
   11984  0.12974E-02-0.19694E-03 0.44759E-05-0.26698E-02-0.22200E-06 0.23402E-06
   11984 -0.13162E-02 0.20004E-03-0.51866E-05 0.27089E-02 0.26412E-07 0.10389E-06
   11985  0.13536E-02-0.22794E-03 0.45875E-05-0.27007E-02-0.39574E-06 0.54185E-06
   11985 -0.13724E-02 0.23134E-03-0.52991E-05 0.27386E-02 0.55983E-07 0.53646E-07
   11986  0.14177E-02-0.26761E-03 0.46021E-05-0.27170E-02-0.50982E-06 0.76401E-06
   11986 -0.14363E-02 0.27144E-03-0.55004E-05 0.27531E-02 0.20816E-06-0.22162E-06
   11987  0.14873E-02-0.31415E-03 0.45527E-05-0.27183E-02-0.56759E-06 0.90275E-06
   11987 -0.15060E-02 0.31856E-03-0.58088E-05 0.27532E-02 0.45530E-06-0.69588E-06
   11988  0.15592E-02-0.36452E-03 0.45617E-05-0.27068E-02-0.58425E-06 0.97853E-06
   11988 -0.15783E-02 0.36957E-03-0.61073E-05 0.27407E-02 0.74879E-06-0.13012E-05
   11989  0.16298E-02-0.41491E-03 0.44145E-05-0.26870E-02-0.57886E-06 0.10190E-05
   11989 -0.16492E-02 0.42072E-03-0.66496E-05 0.27201E-02 0.10313E-05-0.19353E-05
   11990  0.16953E-02-0.46171E-03 0.43120E-05-0.26648E-02-0.56915E-06 0.10536E-05
   11990 -0.17149E-02 0.46822E-03-0.72425E-05 0.26971E-02 0.12512E-05-0.24848E-05
   11991  0.17536E-02-0.50236E-03 0.40742E-05-0.26456E-02-0.56988E-06 0.11091E-05
   11991 -0.17732E-02 0.50958E-03-0.79916E-05 0.26771E-02 0.13761E-05-0.28553E-05
   11992  0.18032E-02-0.53541E-03 0.38152E-05-0.26342E-02-0.58965E-06 0.12036E-05
   11992 -0.18227E-02 0.54322E-03-0.87426E-05 0.26649E-02 0.13965E-05-0.29962E-05
   11993  0.18449E-02-0.56136E-03 0.36660E-05-0.26316E-02-0.62790E-06 0.13356E-05
   11993 -0.18642E-02 0.56959E-03-0.93167E-05 0.26618E-02 0.13243E-05-0.29129E-05
   11994  0.18821E-02-0.58357E-03 0.34379E-05-0.26328E-02-0.67752E-06 0.14933E-05
   11994 -0.19014E-02 0.59224E-03-0.98690E-05 0.26626E-02 0.11924E-05-0.26777E-05
   11995  0.19203E-02-0.60742E-03 0.33817E-05-0.26286E-02-0.72881E-06 0.16634E-05
   11995 -0.19395E-02 0.61631E-03-0.10127E-04 0.26578E-02 0.10423E-05-0.23965E-05
   11996  0.19632E-02-0.63671E-03 0.33561E-05-0.26107E-02-0.77769E-06 0.18449E-05
   11996 -0.19823E-02 0.64578E-03-0.10216E-04 0.26389E-02 0.91128E-06-0.21632E-05
   11997  0.20093E-02-0.67007E-03 0.32673E-05-0.25798E-02-0.83636E-06 0.20696E-05
   11997 -0.20286E-02 0.67951E-03-0.10271E-04 0.26075E-02 0.82509E-06-0.20391E-05
   11998  0.20512E-02-0.70022E-03 0.31585E-05-0.25508E-02-0.91915E-06 0.23627E-05
   11998 -0.20708E-02 0.70996E-03-0.10280E-04 0.25781E-02 0.79083E-06-0.20343E-05
   11999  0.20847E-02-0.72262E-03 0.30963E-05-0.25354E-02-0.10307E-05 0.27268E-05
   11999 -0.21039E-02 0.73233E-03-0.10218E-04 0.25615E-02 0.82453E-06-0.21914E-05
   12000  0.21188E-02-0.74658E-03 0.34039E-05-0.25132E-02-0.11410E-05 0.31135E-05
   12000 -0.21378E-02 0.75601E-03-0.98329E-05 0.25381E-02 0.94615E-06-0.25986E-05
   12001  0.21671E-02-0.78576E-03 0.34511E-05-0.24490E-02-0.12007E-05 0.34531E-05
   12001 -0.21865E-02 0.79548E-03-0.96680E-05 0.24731E-02 0.11414E-05-0.32986E-05
   12002  0.22311E-02-0.84244E-03 0.38075E-05-0.23294E-02-0.12000E-05 0.37544E-05
   12002 -0.22511E-02 0.85251E-03-0.95670E-05 0.23522E-02 0.13487E-05-0.42140E-05
   12003  0.22939E-02-0.89960E-03 0.36983E-05-0.21901E-02-0.11769E-05 0.40618E-05
   12003 -0.23141E-02 0.91033E-03-0.10088E-04 0.22113E-02 0.14835E-05-0.50627E-05
   12004  0.23343E-02-0.93588E-03 0.33409E-05-0.20952E-02-0.12093E-05 0.44826E-05
   12004 -0.23543E-02 0.94729E-03-0.10934E-04 0.21153E-02 0.15271E-05-0.55719E-05
   12005  0.23505E-02-0.94905E-03 0.30644E-05-0.20641E-02-0.13132E-05 0.50149E-05
   12005 -0.23699E-02 0.96085E-03-0.11915E-04 0.20836E-02 0.14746E-05-0.55847E-05
   12006  0.23602E-02-0.95628E-03 0.30561E-05-0.20495E-02-0.14303E-05 0.55655E-05
   12006 -0.23789E-02 0.96817E-03-0.12620E-04 0.20684E-02 0.13223E-05-0.51914E-05
   12007  0.23796E-02-0.97439E-03 0.35832E-05-0.19958E-02-0.14805E-05 0.60193E-05
   12007 -0.23987E-02 0.98634E-03-0.12792E-04 0.20143E-02 0.10772E-05-0.45515E-05
   12008  0.24086E-02-0.10032E-02 0.37175E-05-0.18965E-02-0.14463E-05 0.63394E-05
   12008 -0.24288E-02 0.10159E-02-0.13331E-04 0.19148E-02 0.76720E-06-0.37142E-05
   12009  0.24332E-02-0.10287E-02 0.38683E-05-0.17992E-02-0.13893E-05 0.65751E-05
   12009 -0.24541E-02 0.10421E-02-0.13839E-04 0.18170E-02 0.41496E-06-0.25871E-05
   12010  0.24438E-02-0.10408E-02 0.39324E-05-0.17463E-02-0.13768E-05 0.68119E-05
   12010 -0.24643E-02 0.10543E-02-0.14344E-04 0.17633E-02 0.28340E-07-0.11246E-05
   12011  0.24454E-02-0.10447E-02 0.41851E-05-0.17222E-02-0.13914E-05 0.70334E-05
   12011 -0.24660E-02 0.10582E-02-0.14536E-04 0.17390E-02-0.39471E-06 0.60602E-06
   12012  0.24481E-02-0.10504E-02 0.45658E-05-0.16870E-02-0.13822E-05 0.71910E-05
   12012 -0.24699E-02 0.10643E-02-0.14435E-04 0.17042E-02-0.81671E-06 0.24228E-05
   12013  0.24567E-02-0.10627E-02 0.51509E-05-0.16209E-02-0.13204E-05 0.72484E-05
   12013 -0.24795E-02 0.10766E-02-0.14005E-04 0.16378E-02-0.11844E-05 0.41767E-05
   12014  0.24682E-02-0.10788E-02 0.57531E-05-0.15305E-02-0.12183E-05 0.72154E-05
   12014 -0.24917E-02 0.10926E-02-0.13473E-04 0.15466E-02-0.14699E-05 0.57991E-05
   12015  0.24768E-02-0.10930E-02 0.61056E-05-0.14372E-02-0.11055E-05 0.71057E-05
   12015 -0.25016E-02 0.11071E-02-0.13098E-04 0.14529E-02-0.16861E-05 0.72977E-05
   12016  0.24807E-02-0.11036E-02 0.64900E-05-0.13501E-02-0.99723E-06 0.69415E-05
   12016 -0.25070E-02 0.11181E-02-0.12609E-04 0.13655E-02-0.18473E-05 0.86713E-05
   12017  0.24822E-02-0.11128E-02 0.68866E-05-0.12598E-02-0.88199E-06 0.67087E-05
   12017 -0.25097E-02 0.11275E-02-0.12065E-04 0.12746E-02-0.19495E-05 0.99255E-05
   12018  0.24823E-02-0.11218E-02 0.72320E-05-0.11574E-02-0.75356E-06 0.63998E-05
   12018 -0.25109E-02 0.11367E-02-0.11531E-04 0.11714E-02-0.19820E-05 0.11058E-04
   12019  0.24791E-02-0.11287E-02 0.73424E-05-0.10502E-02-0.62407E-06 0.60252E-05
   12019 -0.25093E-02 0.11442E-02-0.11135E-04 0.10635E-02-0.19590E-05 0.12080E-04
   12020  0.24707E-02-0.11315E-02 0.73708E-05-0.95492E-03-0.51112E-06 0.56015E-05
   12020 -0.25023E-02 0.11475E-02-0.10718E-04 0.96753E-03-0.19165E-05 0.13014E-04
   12021  0.24571E-02-0.11301E-02 0.73303E-05-0.87770E-03-0.41955E-06 0.51408E-05
   12021 -0.24898E-02 0.11464E-02-0.10227E-04 0.88969E-03-0.18728E-05 0.13853E-04
   12022  0.24404E-02-0.11264E-02 0.72093E-05-0.80526E-03-0.33909E-06 0.46506E-05
   12022 -0.24743E-02 0.11431E-02-0.96376E-05 0.81669E-03-0.18037E-05 0.14550E-04
   12023  0.24219E-02-0.11220E-02 0.69881E-05-0.72391E-03-0.26364E-06 0.41548E-05
   12023 -0.24574E-02 0.11393E-02-0.89441E-05 0.73469E-03-0.16795E-05 0.15043E-04
   12024  0.24012E-02-0.11162E-02 0.65472E-05-0.63934E-03-0.20120E-06 0.37013E-05
   12024 -0.24380E-02 0.11340E-02-0.82497E-05 0.64928E-03-0.15144E-05 0.15302E-04
   12025  0.23767E-02-0.11075E-02 0.60001E-05-0.56775E-03-0.16267E-06 0.33501E-05
   12025 -0.24146E-02 0.11258E-02-0.74660E-05 0.57689E-03-0.13511E-05 0.15325E-04
   12026  0.23485E-02-0.10959E-02 0.53134E-05-0.51652E-03-0.15112E-06 0.31624E-05
   12026 -0.23875E-02 0.11147E-02-0.65950E-05 0.52518E-03-0.12120E-05 0.15095E-04
   12027  0.23178E-02-0.10825E-02 0.44707E-05-0.47721E-03-0.16049E-06 0.31844E-05
   12027 -0.23583E-02 0.11019E-02-0.56844E-05 0.48561E-03-0.10807E-05 0.14568E-04
   12028  0.22864E-02-0.10688E-02 0.37032E-05-0.43232E-03-0.18038E-06 0.34589E-05
   12028 -0.23279E-02 0.10886E-02-0.45655E-05 0.44021E-03-0.92184E-06 0.13698E-04
   12029  0.22540E-02-0.10550E-02 0.28711E-05-0.37260E-03-0.20068E-06 0.40128E-05
   12029 -0.22964E-02 0.10751E-02-0.34957E-05 0.37963E-03-0.72718E-06 0.12495E-04
   12030  0.22193E-02-0.10400E-02 0.19451E-05-0.30549E-03-0.21437E-06 0.48299E-05
   12030 -0.22629E-02 0.10607E-02-0.25540E-05 0.31150E-03-0.52971E-06 0.11063E-04
   12031  0.21815E-02-0.10232E-02 0.11466E-05-0.24398E-03-0.21894E-06 0.58339E-05
   12031 -0.22262E-02 0.10444E-02-0.16408E-05 0.24899E-03-0.36737E-06 0.95850E-05
   12032  0.21408E-02-0.10047E-02 0.46738E-06-0.19290E-03-0.21275E-06 0.68914E-05
   12032 -0.21865E-02 0.10263E-02-0.86167E-06 0.19702E-03-0.25204E-06 0.82941E-05
   12033  0.20974E-02-0.98470E-03-0.38614E-07-0.14730E-03-0.18913E-06 0.78174E-05
   12033 -0.21442E-02 0.10068E-02-0.26049E-06 0.15058E-03-0.17430E-06 0.74446E-05
   12034  0.18613E-02-0.87414E-03-0.26286E-06-0.94423E-04-0.14093E-06 0.82378E-05
   12034 -0.20148E-02 0.94627E-03 0.20118E-06 0.10089E-03-0.11681E-06 0.70612E-05
   12035  0.74369E-03-0.34949E-03 0.22083E-06-0.30348E-04-0.73833E-07 0.67907E-05
   12035 -0.16967E-02 0.79723E-03-0.50623E-07 0.52361E-04-0.62998E-07 0.60063E-05
   12036 -0.71144E-03 0.33404E-03 0.61648E-06 0.90673E-05-0.23905E-07 0.39818E-05
   12036 -0.12532E-02 0.58894E-03-0.60033E-07 0.21317E-04-0.23542E-07 0.39567E-05
   12037 -0.12135E-02 0.56991E-03 0.78591E-06 0.84802E-05-0.54249E-08 0.15969E-05
   12037 -0.10663E-02 0.50083E-03 0.61623E-06 0.70073E-05-0.58428E-08 0.16908E-05
   12038 -0.10320E-02 0.48462E-03 0.80240E-06-0.40790E-05-0.36795E-08-0.63297E-06
   12038 -0.10360E-02 0.48647E-03 0.81479E-06-0.44663E-05-0.36936E-08-0.66944E-06
   12039 -0.78377E-03 0.36760E-03 0.15037E-05-0.12945E-04-0.23255E-07-0.33943E-05
   12039 -0.76882E-03 0.36066E-03 0.13254E-05-0.12240E-04-0.23226E-07-0.33970E-05
   12040 -0.51402E-03 0.24057E-03 0.20254E-05-0.13461E-04-0.72257E-07-0.74060E-05
   12040 -0.40876E-03 0.19131E-03 0.16225E-05-0.10515E-04-0.69765E-07-0.71466E-05
   12041  0.67947E-04-0.31619E-04-0.62805E-06 0.38340E-05-0.14972E-06-0.12364E-04
   12041 -0.38709E-03 0.18064E-03 0.26150E-05-0.13984E-04-0.15401E-06-0.12667E-04
   12042  0.79573E-03-0.36945E-03-0.92466E-05 0.36373E-04-0.18768E-06-0.12865E-04
   12042 -0.74900E-03 0.34859E-03 0.69466E-05-0.33894E-04-0.25589E-06-0.17037E-04
   12043  0.10776E-02-0.50000E-03-0.13103E-04 0.57147E-04-0.15518E-06-0.90538E-05
   12043 -0.94478E-03 0.44115E-03 0.55406E-05-0.50194E-04-0.35509E-06-0.19189E-04
   12044  0.10380E-02-0.48053E-03-0.14733E-04 0.62436E-04-0.98753E-07-0.56808E-05
   12044 -0.90417E-03 0.42345E-03 0.24685E-05-0.54581E-04-0.45332E-06-0.21265E-04
   12045  0.99297E-03-0.45921E-03-0.14984E-04 0.65531E-04-0.33049E-07-0.28037E-05
   12045 -0.85965E-03 0.40372E-03-0.16656E-06-0.57006E-04-0.54772E-06-0.23065E-04
   12046  0.94688E-03-0.43777E-03-0.14422E-04 0.67120E-04 0.34138E-07-0.41732E-06
   12046 -0.81480E-03 0.38357E-03-0.21986E-05-0.58087E-04-0.63503E-06-0.24546E-04
   12047  0.90041E-03-0.41639E-03-0.13394E-04 0.67792E-04 0.10050E-06 0.15982E-05
   12047 -0.76965E-03 0.36317E-03-0.40016E-05-0.58317E-04-0.71618E-06-0.25732E-04
   12048  0.85412E-03-0.39515E-03-0.12208E-04 0.68536E-04 0.16706E-06 0.33632E-05
   12048 -0.72456E-03 0.34275E-03-0.56870E-05-0.58548E-04-0.79867E-06-0.26646E-04
   12049  0.80850E-03-0.37424E-03-0.10980E-04 0.69718E-04 0.23740E-06 0.50009E-05
   12049 -0.68003E-03 0.32253E-03-0.72722E-05-0.59091E-04-0.88692E-06-0.27336E-04
   12050  0.76399E-03-0.35382E-03-0.98220E-05 0.71187E-04 0.31526E-06 0.66148E-05
   12050 -0.63638E-03 0.30267E-03-0.87511E-05-0.59795E-04-0.98056E-06-0.27842E-04
   12051  0.72096E-03-0.33402E-03-0.87790E-05 0.73103E-04 0.40537E-06 0.82788E-05
   12051 -0.59390E-03 0.28330E-03-0.10119E-04-0.60773E-04-0.10829E-05-0.28198E-04
   12052  0.67981E-03-0.31499E-03-0.78909E-05 0.75983E-04 0.51494E-06 0.10035E-04
   12052 -0.55308E-03 0.26464E-03-0.11399E-04-0.62442E-04-0.12026E-05-0.28431E-04
   12053  0.64099E-03-0.29697E-03-0.71694E-05 0.79370E-04 0.64668E-06 0.11890E-04
   12053 -0.51450E-03 0.24696E-03-0.12548E-04-0.64419E-04-0.13347E-05-0.28557E-04
   12054  0.60465E-03-0.28005E-03-0.66091E-05 0.81435E-04 0.79071E-06 0.13837E-04
   12054 -0.47834E-03 0.23040E-03-0.13620E-04-0.65227E-04-0.14507E-05-0.28589E-04
   12055  0.57027E-03-0.26406E-03-0.61878E-05 0.80641E-04 0.92945E-06 0.15867E-04
   12055 -0.44406E-03 0.21471E-03-0.14565E-04-0.63670E-04-0.15217E-05-0.28541E-04
   12056  0.53698E-03-0.24861E-03-0.58432E-05 0.76892E-04 0.10503E-05 0.17982E-04
   12056 -0.41082E-03 0.19952E-03-0.15392E-04-0.59744E-04-0.15402E-05-0.28424E-04
   12057  0.50398E-03-0.23331E-03-0.55659E-05 0.71641E-04 0.11583E-05 0.20193E-04
   12057 -0.37787E-03 0.18443E-03-0.16075E-04-0.54647E-04-0.15268E-05-0.28239E-04
   12058  0.47093E-03-0.21797E-03-0.52705E-05 0.67014E-04 0.12792E-05 0.22526E-04
   12058 -0.34493E-03 0.16926E-03-0.16604E-04-0.50018E-04-0.15201E-05-0.27987E-04
   12059  0.43860E-03-0.20289E-03-0.49882E-05 0.65600E-04 0.14683E-05 0.24986E-04
   12059 -0.31278E-03 0.15434E-03-0.17009E-04-0.47745E-04-0.15759E-05-0.27660E-04
   12060  0.40879E-03-0.18883E-03-0.47393E-05 0.68801E-04 0.17824E-05 0.27546E-04
   12060 -0.28326E-03 0.14055E-03-0.17399E-04-0.48747E-04-0.17326E-05-0.27277E-04
   12061  0.38331E-03-0.17667E-03-0.46076E-05 0.74198E-04 0.21943E-05 0.30138E-04
   12061 -0.25809E-03 0.12878E-03-0.17856E-04-0.51221E-04-0.19419E-05-0.26869E-04
   12062  0.36266E-03-0.16677E-03-0.45639E-05 0.78105E-04 0.26058E-05 0.32675E-04
   12062 -0.23769E-03 0.11933E-03-0.18415E-04-0.52648E-04-0.21155E-05-0.26483E-04
   12063  0.34564E-03-0.15867E-03-0.45895E-05 0.78274E-04 0.29163E-05 0.35077E-04
   12063 -0.22087E-03 0.11169E-03-0.19034E-04-0.51612E-04-0.21945E-05-0.26154E-04
   12064  0.32998E-03-0.15141E-03-0.45462E-05 0.74617E-04 0.30883E-05 0.37318E-04
   12064 -0.20538E-03 0.10477E-03-0.19652E-04-0.48083E-04-0.21759E-05-0.25895E-04
   12065  0.31387E-03-0.14406E-03-0.43810E-05 0.69405E-04 0.31860E-05 0.39399E-04
   12065 -0.18945E-03 0.97637E-04-0.20166E-04-0.43519E-04-0.21186E-05-0.25680E-04
   12066  0.29696E-03-0.13636E-03-0.40867E-05 0.64700E-04 0.32921E-05 0.41368E-04
   12066 -0.17277E-03 0.90114E-04-0.20628E-04-0.39254E-04-0.20790E-05-0.25515E-04
   12067  0.27969E-03-0.12850E-03-0.37029E-05 0.60984E-04 0.34354E-05 0.43239E-04
   12067 -0.15586E-03 0.82432E-04-0.21042E-04-0.35597E-04-0.20697E-05-0.25379E-04
   12068  0.26269E-03-0.12077E-03-0.32356E-05 0.58191E-04 0.36221E-05 0.45028E-04
   12068 -0.13932E-03 0.74916E-04-0.21476E-04-0.32502E-04-0.20894E-05-0.25268E-04
   12069  0.24647E-03-0.11340E-03-0.27411E-05 0.55734E-04 0.38225E-05 0.46739E-04
   12069 -0.12360E-03 0.67801E-04-0.21965E-04-0.29635E-04-0.21196E-05-0.25184E-04
   12070  0.23094E-03-0.10641E-03-0.22098E-05 0.52637E-04 0.39737E-05 0.48377E-04
   12070 -0.10849E-03 0.61016E-04-0.22500E-04-0.26451E-04-0.21261E-05-0.25123E-04
   12071  0.21543E-03-0.99492E-04-0.16109E-05 0.48669E-04 0.40551E-05 0.49944E-04
   12071 -0.93373E-04 0.54242E-04-0.23038E-04-0.22822E-04-0.20991E-05-0.25072E-04
   12072  0.19954E-03-0.92451E-04-0.89332E-06 0.44722E-04 0.41341E-05 0.51457E-04
   12072 -0.77911E-04 0.47295E-04-0.23552E-04-0.19181E-04-0.20724E-05-0.25019E-04
   12073  0.18370E-03-0.85423E-04-0.10834E-06 0.41765E-04 0.42961E-05 0.52917E-04
   12073 -0.62557E-04 0.40388E-04-0.24079E-04-0.15967E-04-0.20853E-05-0.24948E-04
   12074  0.16883E-03-0.78814E-04 0.66058E-06 0.39716E-04 0.45384E-05 0.54320E-04
   12074 -0.48168E-04 0.33972E-04-0.24712E-04-0.13162E-04-0.21349E-05-0.24863E-04
   12075  0.15544E-03-0.72866E-04 0.13672E-05 0.37786E-04 0.47785E-05 0.55659E-04
   12075 -0.35171E-04 0.28276E-04-0.25484E-04-0.10501E-04-0.21842E-05-0.24786E-04
   12076  0.14307E-03-0.67422E-04 0.20463E-05 0.35214E-04 0.49235E-05 0.56927E-04
   12076 -0.23125E-04 0.23087E-04-0.26367E-04-0.77516E-05-0.21947E-05-0.24737E-04
   12077  0.13070E-03-0.62043E-04 0.27986E-05 0.31834E-04 0.49527E-05 0.58120E-04
   12077 -0.11046E-04 0.17894E-04-0.27255E-04-0.48190E-05-0.21582E-05-0.24708E-04
   12078  0.11756E-03-0.56379E-04 0.36867E-05 0.28172E-04 0.49426E-05 0.59240E-04
   12078  0.17488E-05 0.12330E-04-0.28069E-04-0.17605E-05-0.21060E-05-0.24667E-04
   12079  0.10372E-03-0.50424E-04 0.46901E-05 0.24713E-04 0.49688E-05 0.60290E-04
   12079  0.15182E-04 0.64426E-05-0.28833E-04 0.13507E-05-0.20684E-05-0.24601E-04
   12080  0.89588E-04-0.44352E-04 0.57496E-05 0.21440E-04 0.50258E-05 0.61280E-04
   12080  0.28864E-04 0.43823E-06-0.29599E-04 0.44830E-05-0.20423E-05-0.24502E-04
   12081  0.75308E-04-0.38231E-04 0.68555E-05 0.18124E-04 0.50672E-05 0.62213E-04
   12081  0.42687E-04-0.56263E-05-0.30379E-04 0.76100E-05-0.20073E-05-0.24356E-04
   12082  0.60787E-04-0.32030E-04 0.80260E-05 0.14748E-04 0.50920E-05 0.63088E-04
   12082  0.56723E-04-0.11803E-04-0.31135E-04 0.10746E-04-0.19618E-05-0.24150E-04
   12083  0.46286E-04-0.25864E-04 0.92681E-05 0.11545E-04 0.51714E-05 0.63907E-04
   12083  0.70690E-04-0.17946E-04-0.31883E-04 0.14012E-04-0.19330E-05-0.23887E-04
   12084  0.32584E-04-0.20032E-04 0.10444E-04 0.86853E-05 0.53662E-05 0.64659E-04
   12084  0.83853E-04-0.23654E-04-0.32720E-04 0.17523E-04-0.19427E-05-0.23556E-04
   12085  0.20665E-04-0.14918E-04 0.11382E-04 0.62023E-05 0.56745E-05 0.65336E-04
   12085  0.95305E-04-0.28431E-04-0.33788E-04 0.21209E-04-0.19903E-05-0.23166E-04
   12086  0.11365E-04-0.10863E-04 0.11968E-04 0.41583E-05 0.60512E-05 0.65939E-04
   12086  0.10430E-03-0.31876E-04-0.35214E-04 0.24759E-04-0.20658E-05-0.22793E-04
   12087  0.48182E-05-0.79125E-05 0.12164E-04 0.25712E-05 0.63883E-05 0.66477E-04
   12087  0.11080E-03-0.33960E-04-0.37058E-04 0.27634E-04-0.21407E-05-0.22519E-04
   12088  0.20258E-06-0.57300E-05 0.12071E-04 0.13187E-05 0.65868E-05 0.66947E-04
   12088  0.11559E-03-0.35136E-04-0.39208E-04 0.29514E-04-0.21860E-05-0.22379E-04
   12089 -0.37084E-05-0.38340E-05 0.11887E-04 0.19345E-06 0.66234E-05 0.67352E-04
   12089  0.11981E-03-0.36032E-04-0.41465E-04 0.30533E-04-0.21974E-05-0.22409E-04
   12090 -0.80876E-05-0.17730E-05 0.11815E-04-0.10338E-05 0.65218E-05 0.67693E-04
   12090  0.12450E-03-0.37216E-04-0.43639E-04 0.31057E-04-0.21807E-05-0.22615E-04
   12091 -0.13645E-04 0.73184E-06 0.11966E-04-0.25119E-05 0.63779E-05 0.67945E-04
   12091  0.13021E-03-0.38990E-04-0.45585E-04 0.31689E-04-0.21602E-05-0.22941E-04
   12092 -0.20184E-04 0.36094E-05 0.12294E-04-0.42199E-05 0.62950E-05 0.68097E-04
   12092  0.13674E-03-0.41211E-04-0.47346E-04 0.32879E-04-0.21690E-05-0.23368E-04
   12093 -0.27035E-04 0.66146E-05 0.12657E-04-0.60434E-05 0.62848E-05 0.68142E-04
   12093  0.14351E-03-0.43538E-04-0.49075E-04 0.34559E-04-0.22142E-05-0.23895E-04
   12094 -0.33749E-04 0.95873E-05 0.12949E-04-0.78723E-05 0.62963E-05 0.68083E-04
   12094  0.15015E-03-0.45770E-04-0.50864E-04 0.36384E-04-0.22806E-05-0.24520E-04
   12095 -0.40223E-04 0.12483E-04 0.13165E-04-0.96519E-05 0.62925E-05 0.67921E-04
   12095  0.15658E-03-0.47874E-04-0.52717E-04 0.38131E-04-0.23564E-05-0.25250E-04
   12096 -0.46489E-04 0.15314E-04 0.13315E-04-0.11391E-04 0.62747E-05 0.67654E-04
   12096  0.16283E-03-0.49871E-04-0.54622E-04 0.39817E-04-0.24427E-05-0.26092E-04
   12097 -0.52545E-04 0.18083E-04 0.13387E-04-0.13100E-04 0.62496E-05 0.67281E-04
   12097  0.16890E-03-0.51756E-04-0.56585E-04 0.41484E-04-0.25435E-05-0.27056E-04
   12098 -0.58480E-04 0.20840E-04 0.13370E-04-0.14730E-04 0.61871E-05 0.66803E-04
   12098  0.17489E-03-0.53580E-04-0.58618E-04 0.42951E-04-0.26474E-05-0.28153E-04
   12099 -0.64739E-04 0.23757E-04 0.13353E-04-0.16240E-04 0.60368E-05 0.66218E-04
   12099  0.18119E-03-0.55591E-04-0.60614E-04 0.43948E-04-0.27281E-05-0.29380E-04
   12100 -0.71874E-04 0.27011E-04 0.13504E-04-0.17767E-04 0.58199E-05 0.65513E-04
   12100  0.18824E-03-0.58065E-04-0.62415E-04 0.44712E-04-0.27863E-05-0.30715E-04
   12101 -0.79879E-04 0.30567E-04 0.13865E-04-0.19571E-04 0.56315E-05 0.64664E-04
   12101  0.19603E-03-0.60979E-04-0.63975E-04 0.45950E-04-0.28643E-05-0.32153E-04
   12102 -0.88113E-04 0.34197E-04 0.14258E-04-0.21790E-04 0.55360E-05 0.63650E-04
   12102  0.20401E-03-0.63973E-04-0.65466E-04 0.48099E-04-0.30014E-05-0.33684E-04
   12103 -0.95787E-04 0.37671E-04 0.14391E-04-0.24271E-04 0.55103E-05 0.62468E-04
   12103  0.21152E-03-0.66615E-04-0.67165E-04 0.50905E-04-0.31994E-05-0.35303E-04
   12104 -0.10270E-03 0.40971E-04 0.14160E-04-0.26442E-04 0.54241E-05 0.61136E-04
   12104  0.21849E-03-0.68876E-04-0.69172E-04 0.53198E-04-0.33939E-05-0.37055E-04
   12105 -0.10985E-03 0.44449E-04 0.13858E-04-0.27849E-04 0.51541E-05 0.59659E-04
   12105  0.22576E-03-0.71355E-04-0.71189E-04 0.53931E-04-0.34964E-05-0.38954E-04
   12106 -0.11854E-03 0.48501E-04 0.13937E-04-0.28865E-04 0.47515E-05 0.58016E-04
   12106  0.23435E-03-0.74708E-04-0.72767E-04 0.53686E-04-0.35092E-05-0.40965E-04
   12107 -0.12895E-03 0.53100E-04 0.14529E-04-0.30489E-04 0.44001E-05 0.56165E-04
   12107  0.24428E-03-0.78932E-04-0.73758E-04 0.54358E-04-0.35483E-05-0.43050E-04
   12108 -0.13991E-03 0.57872E-04 0.15200E-04-0.33281E-04 0.41974E-05 0.54065E-04
   12108  0.25463E-03-0.83341E-04-0.74590E-04 0.57045E-04-0.37108E-05-0.45185E-04
   12109 -0.15028E-03 0.62523E-04 0.15482E-04-0.36567E-04 0.40443E-05 0.51716E-04
   12109  0.26456E-03-0.87378E-04-0.75707E-04 0.60620E-04-0.39497E-05-0.47387E-04
   12110 -0.16004E-03 0.67080E-04 0.15389E-04-0.39348E-04 0.38095E-05 0.49124E-04
   12110  0.27411E-03-0.91135E-04-0.77100E-04 0.63400E-04-0.41561E-05-0.49680E-04
   12111 -0.16989E-03 0.71766E-04 0.15193E-04-0.41437E-04 0.34736E-05 0.46284E-04
   12111  0.28384E-03-0.95038E-04-0.78476E-04 0.65058E-04-0.42914E-05-0.52073E-04
   12112 -0.18034E-03 0.76690E-04 0.15090E-04-0.43418E-04 0.30998E-05 0.43188E-04
   12112  0.29408E-03-0.99298E-04-0.79636E-04 0.66506E-04-0.44045E-05-0.54564E-04
   12113 -0.19109E-03 0.81735E-04 0.14985E-04-0.46077E-04 0.27553E-05 0.39821E-04
   12113  0.30458E-03-0.10370E-03-0.80660E-04 0.68961E-04-0.45843E-05-0.57143E-04
   12114 -0.20137E-03 0.86662E-04 0.14566E-04-0.49609E-04 0.24438E-05 0.36167E-04
   12114  0.31475E-03-0.10780E-03-0.81850E-04 0.72739E-04-0.48732E-05-0.59817E-04
   12115 -0.21059E-03 0.91335E-04 0.13598E-04-0.53400E-04 0.21121E-05 0.32214E-04
   12115  0.32419E-03-0.11136E-03-0.83419E-04 0.76952E-04-0.52273E-05-0.62608E-04
   12116 -0.21880E-03 0.95800E-04 0.12075E-04-0.56791E-04 0.17186E-05 0.27961E-04
   12116  0.33296E-03-0.11444E-03-0.85381E-04 0.80639E-04-0.55829E-05-0.65543E-04
   12117 -0.22638E-03 0.10019E-03 0.10147E-04-0.59599E-04 0.12583E-05 0.23397E-04
   12117  0.34135E-03-0.11726E-03-0.87572E-04 0.83528E-04-0.59121E-05-0.68641E-04
   12118 -0.23370E-03 0.10460E-03 0.79350E-05-0.61975E-04 0.74310E-06 0.18507E-04
   12118  0.34968E-03-0.12003E-03-0.89880E-04 0.85824E-04-0.62194E-05-0.71911E-04
   12119 -0.24103E-03 0.10914E-03 0.55148E-05-0.64066E-04 0.18244E-06 0.13267E-04
   12119  0.35814E-03-0.12287E-03-0.92216E-04 0.87728E-04-0.65103E-05-0.75352E-04
   12120 -0.24860E-03 0.11386E-03 0.29600E-05-0.65917E-04-0.41835E-06 0.76536E-05
   12120  0.36694E-03-0.12590E-03-0.94510E-04 0.89288E-04-0.67796E-05-0.78961E-04
   12121 -0.25663E-03 0.11884E-03 0.34346E-06-0.67630E-04-0.10536E-05 0.16438E-05
   12121  0.37621E-03-0.12922E-03-0.96689E-04 0.90636E-04-0.70293E-05-0.82725E-04
   12122 -0.26524E-03 0.12410E-03-0.22961E-05-0.69307E-04-0.17196E-05-0.47909E-05
   12122  0.38605E-03-0.13289E-03-0.98712E-04 0.91906E-04-0.72633E-05-0.86629E-04
   12123 -0.27458E-03 0.12972E-03-0.49331E-05-0.70895E-04-0.24127E-05-0.11677E-04
   12123  0.39660E-03-0.13699E-03-0.10055E-03 0.93024E-04-0.74692E-05-0.90654E-04
   12124 -0.28480E-03 0.13573E-03-0.75114E-05-0.72325E-04-0.31267E-05-0.19046E-04
   12124  0.40799E-03-0.14161E-03-0.10215E-03 0.93903E-04-0.76314E-05-0.94778E-04
   12125 -0.29612E-03 0.14223E-03-0.99807E-05-0.73481E-04-0.38500E-05-0.26928E-04
   12125  0.42045E-03-0.14690E-03-0.10345E-03 0.94406E-04-0.77278E-05-0.98971E-04
   12126 -0.30879E-03 0.14928E-03-0.12243E-04-0.74287E-04-0.45679E-05-0.35346E-04
   12126  0.43421E-03-0.15301E-03-0.10435E-03 0.94448E-04-0.77404E-05-0.10320E-03
   12127 -0.32292E-03 0.15686E-03-0.14204E-04-0.75463E-04-0.52986E-05-0.44284E-04
   12127  0.44918E-03-0.15992E-03-0.10474E-03 0.94927E-04-0.77462E-05-0.10744E-03
   12128 -0.33808E-03 0.16483E-03-0.16069E-04-0.78033E-04-0.60983E-05-0.53678E-04
   12128  0.46488E-03-0.16722E-03-0.10486E-03 0.97103E-04-0.78745E-05-0.11171E-03
   12129 -0.35351E-03 0.17292E-03-0.18067E-04-0.82292E-04-0.70258E-05-0.63615E-04
   12129  0.48073E-03-0.17456E-03-0.10490E-03 0.10136E-03-0.81732E-05-0.11594E-03
   12130 -0.36863E-03 0.18100E-03-0.20414E-04-0.87385E-04-0.80745E-05-0.74241E-04
   12130  0.49646E-03-0.18172E-03-0.10506E-03 0.10665E-03-0.85562E-05-0.12004E-03
   12131 -0.38367E-03 0.18925E-03-0.23140E-04-0.91512E-04-0.91328E-05-0.85649E-04
   12131  0.51228E-03-0.18892E-03-0.10538E-03 0.11073E-03-0.88210E-05-0.12397E-03
   12132 -0.39938E-03 0.19797E-03-0.25983E-04-0.93543E-04-0.10087E-04-0.97972E-04
   12132  0.52897E-03-0.19667E-03-0.10559E-03 0.11226E-03-0.88230E-05-0.12768E-03
   12133 -0.41660E-03 0.20738E-03-0.28633E-04-0.93550E-04-0.10887E-04-0.11130E-03
   12133  0.54729E-03-0.20551E-03-0.10535E-03 0.11139E-03-0.85478E-05-0.13105E-03
   12134 -0.43599E-03 0.21770E-03-0.30928E-04-0.92307E-04-0.11536E-04-0.12548E-03
   12134  0.56759E-03-0.21562E-03-0.10451E-03 0.10901E-03-0.80789E-05-0.13415E-03
   12135 -0.45766E-03 0.22887E-03-0.32801E-04-0.91818E-04-0.12197E-04-0.14034E-03
   12135  0.58969E-03-0.22684E-03-0.10302E-03 0.10751E-03-0.76347E-05-0.13706E-03
   12136 -0.48086E-03 0.24054E-03-0.34432E-04-0.93971E-04-0.13093E-04-0.15584E-03
   12136  0.61299E-03-0.23873E-03-0.10106E-03 0.10914E-03-0.74144E-05-0.13971E-03
   12137 -0.50470E-03 0.25246E-03-0.36112E-04-0.98409E-04-0.14247E-04-0.17205E-03
   12137  0.63684E-03-0.25089E-03-0.98894E-04 0.11346E-03-0.73834E-05-0.14201E-03
   12138 -0.52894E-03 0.26464E-03-0.37955E-04-0.10297E-03-0.15453E-04-0.18915E-03
   12138  0.66107E-03-0.26326E-03-0.96641E-04 0.11793E-03-0.73304E-05-0.14384E-03
   12139 -0.55408E-03 0.27735E-03-0.39848E-04-0.10524E-03-0.16412E-04-0.20730E-03
   12139  0.68618E-03-0.27623E-03-0.94195E-04 0.11972E-03-0.70281E-05-0.14510E-03
   12140 -0.58091E-03 0.29087E-03-0.41586E-04-0.10476E-03-0.17009E-04-0.22652E-03
   12140  0.71281E-03-0.29020E-03-0.91362E-04 0.11833E-03-0.64490E-05-0.14575E-03
   12141 -0.60969E-03 0.30521E-03-0.43094E-04-0.10387E-03-0.17501E-04-0.24663E-03
   12141  0.74108E-03-0.30516E-03-0.88059E-04 0.11651E-03-0.58147E-05-0.14586E-03
   12142 -0.64004E-03 0.32014E-03-0.44431E-04-0.10501E-03-0.18219E-04-0.26755E-03
   12142  0.77067E-03-0.32086E-03-0.84377E-04 0.11703E-03-0.53269E-05-0.14539E-03
   12143 -0.67144E-03 0.33550E-03-0.45723E-04-0.10771E-03-0.19133E-04-0.28934E-03
   12143  0.80118E-03-0.33706E-03-0.80421E-04 0.11934E-03-0.49399E-05-0.14422E-03
   12144 -0.70396E-03 0.35141E-03-0.46986E-04-0.10914E-03-0.19848E-04-0.31213E-03
   12144  0.83265E-03-0.35387E-03-0.76213E-04 0.12025E-03-0.44467E-05-0.14224E-03
   12145 -0.73813E-03 0.36810E-03-0.48136E-04-0.10782E-03-0.20112E-04-0.33590E-03
   12145  0.86554E-03-0.37156E-03-0.71709E-04 0.11809E-03-0.37688E-05-0.13942E-03
   12146 -0.77409E-03 0.38558E-03-0.49115E-04-0.10594E-03-0.20220E-04-0.36049E-03
   12146  0.89999E-03-0.39014E-03-0.66884E-04 0.11537E-03-0.30769E-05-0.13581E-03
   12147 -0.81148E-03 0.40359E-03-0.49949E-04-0.10646E-03-0.20635E-04-0.38577E-03
   12147  0.93565E-03-0.40934E-03-0.61812E-04 0.11536E-03-0.25511E-05-0.13136E-03
   12148 -0.84974E-03 0.42190E-03-0.50684E-04-0.10961E-03-0.21429E-04-0.41180E-03
   12148  0.97198E-03-0.42888E-03-0.56540E-04 0.11830E-03-0.21801E-05-0.12594E-03
   12149 -0.88862E-03 0.44042E-03-0.51288E-04-0.11354E-03-0.22332E-04-0.43885E-03
   12149  0.10087E-02-0.44866E-03-0.51081E-04 0.12212E-03-0.18441E-05-0.11924E-03
   12150 -0.92837E-03 0.45930E-03-0.51697E-04-0.11569E-03-0.22922E-04-0.46718E-03
   12150  0.10460E-02-0.46885E-03-0.45469E-04 0.12401E-03-0.14236E-05-0.11094E-03
   12151 -0.96948E-03 0.47876E-03-0.51831E-04-0.11433E-03-0.22879E-04-0.49699E-03
   12151  0.10844E-02-0.48967E-03-0.39709E-04 0.12212E-03-0.88181E-06-0.10079E-03
   12152 -0.10124E-02 0.49898E-03-0.51664E-04-0.10946E-03-0.22152E-04-0.52826E-03
   12152  0.11241E-02-0.51127E-03-0.33816E-04 0.11646E-03-0.28207E-06-0.88680E-04
   12153 -0.10572E-02 0.51998E-03-0.51121E-04-0.10244E-03-0.20937E-04-0.56084E-03
   12153  0.11655E-02-0.53369E-03-0.27839E-04 0.10859E-03 0.26872E-06-0.74592E-04
   12154 -0.11042E-02 0.54175E-03-0.50111E-04-0.94404E-04-0.19404E-04-0.59445E-03
   12154  0.12085E-02-0.55691E-03-0.21836E-04 0.99738E-04 0.69216E-06-0.58555E-04
   12155 -0.11533E-02 0.56426E-03-0.48550E-04-0.85362E-04-0.17540E-04-0.62879E-03
   12155  0.12531E-02-0.58086E-03-0.15864E-04 0.89931E-04 0.94856E-06-0.40661E-04
   12156 -0.12046E-02 0.58741E-03-0.46317E-04-0.76188E-04-0.15495E-04-0.66358E-03
   12156  0.12992E-02-0.60543E-03-0.99811E-05 0.80110E-04 0.99743E-06-0.20980E-04
   12157 -0.12578E-02 0.61108E-03-0.43257E-04-0.67612E-04-0.13409E-04-0.69859E-03
   12157  0.13466E-02-0.63050E-03-0.42428E-05 0.71057E-04 0.82221E-06 0.54374E-06
   12158 -0.13129E-02 0.63518E-03-0.39183E-04-0.58306E-04-0.11042E-04-0.73367E-03
   12158  0.13952E-02-0.65602E-03 0.12574E-05 0.61370E-04 0.41440E-06 0.24109E-04
   12159 -0.13702E-02 0.65975E-03-0.33931E-04-0.44360E-04-0.76543E-05-0.76864E-03
   12159  0.14452E-02-0.68200E-03 0.63971E-05 0.46965E-04-0.30099E-06 0.49881E-04
   12160 -0.14303E-02 0.68494E-03-0.27322E-04-0.21930E-04-0.25107E-05-0.80299E-03
   12160  0.14968E-02-0.70849E-03 0.10909E-04 0.23898E-04-0.14912E-05 0.77669E-04
   12161 -0.14933E-02 0.71082E-03-0.19302E-04 0.74811E-05 0.40901E-05-0.83563E-03
   12161  0.15505E-02-0.73541E-03 0.14433E-04-0.61421E-05-0.32726E-05 0.10668E-03
   12162 -0.15593E-02 0.73713E-03-0.95002E-05 0.38895E-04 0.11133E-04-0.86527E-03
   12162  0.16063E-02-0.76263E-03 0.16748E-04-0.37903E-04-0.55942E-05 0.13589E-03
   12163 -0.16280E-02 0.76366E-03 0.23845E-05 0.69779E-04 0.18031E-04-0.89037E-03
   12163  0.16639E-02-0.78994E-03 0.17593E-04-0.68756E-04-0.83426E-05 0.16411E-03
   12164 -0.16993E-02 0.79015E-03 0.16788E-04 0.10042E-03 0.24707E-04-0.90932E-03
   12164  0.17231E-02-0.81707E-03 0.16648E-04-0.99007E-04-0.11431E-04 0.19019E-03
   12165 -0.17731E-02 0.81628E-03 0.34088E-04 0.13441E-03 0.31636E-04-0.92029E-03
   12165  0.17835E-02-0.84359E-03 0.13474E-04-0.13231E-03-0.14888E-04 0.21285E-03
   12166 -0.18488E-02 0.84163E-03 0.54713E-04 0.17317E-03 0.38817E-04-0.92098E-03
   12166  0.18448E-02-0.86906E-03 0.75784E-05-0.17007E-03-0.18631E-04 0.23041E-03
   12167 -0.19260E-02 0.86572E-03 0.79117E-04 0.21447E-03 0.45498E-04-0.90852E-03
   12167  0.19064E-02-0.89302E-03-0.16057E-05-0.20999E-03-0.22343E-04 0.24063E-03
   12168 -0.20036E-02 0.88796E-03 0.10755E-03 0.25765E-03 0.51136E-04-0.87928E-03
   12168  0.19675E-02-0.91476E-03-0.14676E-04-0.25139E-03-0.25660E-04 0.24059E-03
   12169 -0.20799E-02 0.90753E-03 0.14005E-03 0.30276E-03 0.55194E-04-0.82883E-03
   12169  0.20266E-02-0.93334E-03-0.32179E-04-0.29435E-03-0.28128E-04 0.22664E-03
   12170 -0.21519E-02 0.92317E-03 0.17616E-03 0.35081E-03 0.57101E-04-0.75204E-03
   12170  0.20813E-02-0.94744E-03-0.54359E-04-0.33987E-03-0.29169E-04 0.19436E-03
   12171 -0.22150E-02 0.93322E-03 0.21469E-03 0.40199E-03 0.55974E-04-0.64332E-03
   12171  0.21276E-02-0.95541E-03-0.80687E-04-0.38821E-03-0.27970E-04 0.13857E-03
   12172 -0.22626E-02 0.93580E-03 0.25299E-03 0.45458E-03 0.50588E-04-0.49788E-03
   12172  0.21597E-02-0.95541E-03-0.10929E-03-0.43771E-03-0.23486E-04 0.54174E-04
   12173 -0.22858E-02 0.92891E-03 0.28678E-03 0.50455E-03 0.39703E-04-0.31387E-03
   12173  0.21699E-02-0.94555E-03-0.13655E-03-0.48455E-03-0.14681E-04-0.61909E-04
   12174 -0.22747E-02 0.91094E-03 0.30997E-03 0.54610E-03 0.22684E-04-0.95415E-04
   12174  0.21493E-02-0.92439E-03-0.15718E-03-0.52324E-03-0.10066E-05-0.20777E-03
   12175 -0.22200E-02 0.88075E-03 0.31579E-03 0.57598E-03 0.87379E-07 0.14497E-03
   12175  0.20894E-02-0.89076E-03-0.16536E-03-0.55077E-03 0.17222E-04-0.37396E-03
   12176 -0.21156E-02 0.83777E-03 0.29969E-03 0.59198E-03-0.26358E-04 0.38607E-03
   12176  0.19845E-02-0.84444E-03-0.15599E-03-0.56505E-03 0.38618E-04-0.54290E-03
   12177 -0.19619E-02 0.78260E-03 0.26105E-03 0.59065E-03-0.53735E-04 0.60130E-03
   12177  0.18345E-02-0.78631E-03-0.12753E-03-0.56278E-03 0.60580E-04-0.69156E-03
   12178 -0.17666E-02 0.71700E-03 0.20452E-03 0.56891E-03-0.78053E-04 0.76500E-03
   12178  0.16465E-02-0.71826E-03-0.83593E-04-0.54103E-03 0.79519E-04-0.79735E-03
   12179 -0.15437E-02 0.64373E-03 0.13859E-03 0.52717E-03-0.95441E-04 0.85959E-03
   12179  0.14338E-02-0.64275E-03-0.32518E-04-0.50018E-03 0.92049E-04-0.84490E-03
   12180 -0.13101E-02 0.56541E-03 0.74148E-04 0.47046E-03-0.10371E-03 0.88027E-03
   12180  0.12119E-02-0.56219E-03 0.15409E-04-0.44501E-03 0.96394E-04-0.83036E-03
   12181 -0.10810E-02 0.48459E-03 0.20757E-04 0.40481E-03-0.10273E-03 0.83543E-03
   12181  0.99509E-03-0.47901E-03 0.51579E-04-0.38127E-03 0.92633E-04-0.76184E-03
   12182 -0.86723E-03 0.40335E-03-0.15704E-04 0.33601E-03-0.94260E-04 0.74270E-03
   12182  0.79308E-03-0.39533E-03 0.71208E-04-0.31440E-03 0.82504E-04-0.65552E-03
   12183 -0.67342E-03 0.32309E-03-0.34036E-04 0.26780E-03-0.80929E-04 0.62299E-03
   12183  0.60972E-03-0.31263E-03 0.73993E-04-0.24798E-03 0.68442E-04-0.53002E-03
   12184 -0.49826E-03 0.24440E-03-0.36924E-04 0.20131E-03-0.65207E-04 0.49477E-03
   12184  0.44329E-03-0.23159E-03 0.63256E-04-0.18301E-03 0.52657E-04-0.40115E-03
   12185 -0.33582E-03 0.16678E-03-0.29316E-04 0.13632E-03-0.49103E-04 0.37066E-03
   12185  0.28771E-03-0.15185E-03 0.44371E-04-0.11927E-03 0.36831E-04-0.27869E-03
   12186 -0.17731E-03 0.88933E-04-0.17287E-04 0.71761E-04-0.33799E-04 0.25621E-03
   12186  0.13432E-03-0.72181E-04 0.23442E-04-0.55714E-04 0.21787E-04-0.16530E-03
   12187 -0.33452E-04 0.18535E-04-0.70276E-05 0.13956E-04-0.19680E-04 0.15082E-03
   12187 -0.37067E-05-0.12531E-05 0.63492E-05 0.48541E-06 0.78750E-05-0.60268E-04
   12188  0.33697E-04-0.14052E-04-0.28807E-05-0.12543E-04-0.79613E-05 0.61581E-04
   12188 -0.51741E-04 0.24815E-04-0.25303E-05 0.20124E-04-0.17216E-05 0.13355E-04
   12189  0.16113E-04-0.61705E-05-0.25597E-05-0.58333E-05-0.26288E-05 0.20361E-04
   12189 -0.12313E-04 0.69736E-05-0.28915E-05 0.50365E-05-0.34749E-05 0.26899E-04
   12190  0.13704E-05 0.35340E-06-0.21023E-05-0.27160E-06-0.18047E-05 0.13904E-04
   12190  0.10837E-04-0.39893E-05-0.20619E-05-0.39142E-05-0.17313E-05 0.13340E-04
   12191  0.69220E-05-0.24835E-05-0.14574E-05-0.24707E-05-0.10116E-05 0.78164E-05
   12191  0.64681E-05-0.22903E-05-0.14266E-05-0.23024E-05-0.95443E-06 0.73741E-05
   12192  0.61293E-05-0.23551E-05-0.96060E-06-0.21934E-05-0.52627E-06 0.41309E-05
   12192  0.57278E-05-0.21713E-05-0.96139E-06-0.20393E-05-0.52811E-06 0.41462E-05
   12193  0.47105E-05-0.18620E-05-0.63064E-06-0.16701E-05-0.27947E-06 0.22325E-05
   12193  0.48533E-05-0.19307E-05-0.62334E-06-0.17242E-05-0.27383E-06 0.21873E-05
   12194  0.36790E-05-0.14913E-05-0.41262E-06-0.13165E-05-0.14605E-06 0.11672E-05
   12194  0.36382E-05-0.14754E-05-0.40664E-06-0.13020E-05-0.14252E-06 0.11391E-05
   12195  0.27049E-05-0.11138E-05-0.26324E-06-0.99308E-06-0.74890E-07 0.58690E-06
   12195  0.26909E-05-0.11087E-05-0.26051E-06-0.98826E-06-0.73642E-07 0.57713E-06
   12196  0.19260E-05-0.80085E-06-0.16924E-06-0.71977E-06-0.36776E-07 0.28338E-06
   12196  0.19350E-05-0.80599E-06-0.16700E-06-0.72350E-06-0.35944E-07 0.27697E-06
   12197  0.13356E-05-0.56000E-06-0.10841E-06-0.49295E-06-0.16307E-07 0.12705E-06
   12197  0.13323E-05-0.55904E-06-0.10723E-06-0.49191E-06-0.15886E-07 0.12375E-06
   12198  0.87698E-06-0.36905E-06-0.69647E-07-0.31436E-06-0.63897E-08 0.51306E-07
   12198  0.86114E-06-0.36213E-06-0.68942E-07-0.30865E-06-0.62329E-08 0.50046E-07
   12199  0.50085E-06-0.20877E-06-0.44346E-07-0.17700E-06-0.25633E-08 0.20866E-07
   12199  0.49108E-06-0.20444E-06-0.44033E-07-0.17350E-06-0.24717E-08 0.20123E-07
   12200  0.19437E-06-0.74067E-07-0.31991E-07-0.67926E-07-0.19638E-08 0.15525E-07
   12200  0.19764E-06-0.75726E-07-0.31631E-07-0.69218E-07-0.18462E-08 0.14590E-07
   12201  0.44775E-07-0.81500E-08-0.26412E-07-0.13957E-07-0.20702E-08 0.15894E-07
   12201  0.47096E-07-0.92227E-08-0.26388E-07-0.14832E-07-0.20532E-08 0.15762E-07
   12202  0.26351E-07-0.68826E-09-0.24350E-07-0.72386E-08-0.18061E-08 0.13735E-07
   12202  0.24664E-07 0.18185E-09-0.24565E-07-0.65528E-08-0.18479E-08 0.14054E-07
   12203  0.20628E-07 0.13607E-08-0.23155E-07-0.50618E-08-0.14928E-08 0.11577E-07
   12203  0.20298E-07 0.16342E-08-0.23418E-07-0.49008E-08-0.15471E-08 0.11998E-07
   12204  0.16250E-07 0.33704E-08-0.23189E-07-0.32845E-08-0.12212E-08 0.97458E-08
   12204  0.16401E-07 0.34287E-08-0.23463E-07-0.33079E-08-0.12702E-08 0.10137E-07
   12205  0.13311E-07 0.54307E-08-0.24729E-07-0.19828E-08-0.98330E-09 0.79343E-08
   12205  0.13421E-07 0.55278E-08-0.25045E-07-0.19861E-08-0.10266E-08 0.82834E-08
   12206  0.11759E-07 0.77130E-08-0.28099E-07-0.10313E-08-0.73720E-09 0.58576E-08
   12206  0.11793E-07 0.78801E-08-0.28491E-07-0.99714E-09-0.77952E-09 0.61929E-08
   12207  0.11851E-07 0.10337E-07-0.33820E-07-0.39729E-09-0.41684E-09 0.32227E-08
   12207  0.11929E-07 0.10529E-07-0.34307E-07-0.36756E-09-0.45723E-09 0.35328E-08
