   11651  0.61254E-09 0.58849E-09-0.18643E-08 0.63043E-11-0.10536E-09-0.81721E-09
   11651  0.62432E-09 0.60591E-09-0.19133E-08 0.48261E-11-0.63799E-10-0.49485E-09
   11652  0.13882E-07 0.13280E-07-0.42128E-07-0.16274E-09 0.23274E-10-0.17355E-09
   11652  0.13933E-07 0.13370E-07-0.42371E-07-0.15221E-09-0.10061E-09 0.75947E-09
   11653  0.51810E-09 0.45938E-09-0.14945E-08 0.15664E-10-0.18639E-09-0.14245E-08
   11653  0.52513E-09 0.47732E-09-0.15399E-08 0.12755E-10-0.14128E-09-0.10785E-08
   11654  0.50328E-09 0.34483E-09-0.12338E-08 0.42936E-10-0.33808E-09-0.25443E-08
   11654  0.49878E-09 0.36589E-09-0.12746E-08 0.36012E-10-0.28938E-09-0.21772E-08
   11655  0.55359E-09 0.24094E-09-0.10599E-08 0.85250E-10-0.46853E-09-0.34999E-08
   11655  0.53324E-09 0.26701E-09-0.10959E-08 0.72595E-10-0.41922E-09-0.31315E-08
   11656  0.65788E-09 0.14530E-09-0.95669E-09 0.13855E-09-0.57484E-09-0.43256E-08
   11656  0.62087E-09 0.17616E-09-0.98673E-09 0.12020E-09-0.52422E-09-0.39448E-08
   11657  0.80312E-09 0.56309E-10-0.90836E-09 0.19821E-09-0.65726E-09-0.50333E-08
   11657  0.75809E-09 0.87210E-10-0.93057E-09 0.17803E-09-0.60554E-09-0.46374E-08
   11658  0.98301E-09-0.28408E-10-0.90330E-09 0.26509E-09-0.72526E-09-0.56261E-08
   11658  0.94688E-09-0.59401E-11-0.91609E-09 0.24971E-09-0.67228E-09-0.52152E-08
   11659  0.26097E-08-0.75780E-09-0.93185E-09 0.89079E-09-0.87098E-09-0.67240E-08
   11659  0.28080E-08-0.84601E-09-0.93681E-09 0.96684E-09-0.81691E-09-0.63062E-08
   11660  0.17355E-07-0.74638E-08-0.97123E-09 0.67014E-08-0.16996E-08-0.12859E-07
   11660  0.17855E-07-0.76904E-08-0.97484E-09 0.68964E-08-0.16498E-08-0.12481E-07
   11661  0.47738E-07-0.21130E-07-0.13712E-08 0.18684E-07-0.32218E-08-0.24184E-07
   11661  0.48007E-07-0.21251E-07-0.13747E-08 0.18790E-07-0.31785E-08-0.23860E-07
   11662  0.86694E-07-0.38609E-07-0.20332E-08 0.33655E-07-0.50052E-08-0.37915E-07
   11662  0.85974E-07-0.38291E-07-0.20090E-08 0.33377E-07-0.49580E-08-0.37558E-07
   11663  0.13800E-06-0.61602E-07-0.30732E-08 0.52590E-07-0.73644E-08-0.56847E-07
   11663  0.13554E-06-0.60494E-07-0.30391E-08 0.51652E-07-0.72925E-08-0.56293E-07
   11664  0.20787E-06-0.92853E-07-0.45616E-08 0.78769E-07-0.10962E-07-0.85108E-07
   11664  0.20394E-06-0.91089E-07-0.44951E-08 0.77278E-07-0.10852E-07-0.84256E-07
   11665  0.30433E-06-0.13586E-06-0.66002E-08 0.11711E-06-0.16841E-07-0.12878E-06
   11665  0.30149E-06-0.13461E-06-0.65062E-08 0.11603E-06-0.16665E-07-0.12743E-06
   11666  0.44048E-06-0.19669E-06-0.90251E-08 0.17245E-06-0.26222E-07-0.19722E-06
   11666  0.44131E-06-0.19710E-06-0.89382E-08 0.17279E-06-0.26067E-07-0.19605E-06
   11667  0.64452E-06-0.28798E-06-0.12789E-07 0.25252E-06-0.40826E-07-0.30699E-06
   11667  0.63381E-06-0.28319E-06-0.12571E-07 0.24834E-06-0.40817E-07-0.30692E-06
   11668  0.94980E-06-0.42568E-06-0.16658E-07 0.36838E-06-0.64848E-07-0.49294E-06
   11668  0.89877E-06-0.40254E-06-0.16326E-07 0.34856E-06-0.63423E-07-0.48208E-06
   11669  0.13043E-05-0.58593E-06-0.20305E-07 0.50344E-06-0.10462E-06-0.79934E-06
   11669  0.13636E-05-0.61280E-06-0.20785E-07 0.52640E-06-0.10169E-06-0.77696E-06
   11670  0.17376E-05-0.78197E-06-0.23386E-07 0.67605E-06-0.16467E-06-0.12485E-05
   11670  0.21046E-05-0.95002E-06-0.22027E-07 0.81990E-06-0.17771E-06-0.13472E-05
   11671  0.33546E-05-0.15171E-05-0.26966E-07 0.13216E-05-0.28103E-06-0.21101E-05
   11671  0.21693E-05-0.98386E-06-0.11741E-07 0.85347E-06-0.29899E-06-0.22457E-05
   11672  0.65682E-05-0.30001E-05 0.87838E-08 0.25825E-05-0.58930E-06-0.44447E-05
   11672  0.11646E-05-0.52579E-06-0.11355E-07 0.45842E-06-0.35279E-06-0.26590E-05
   11673  0.89066E-05-0.41426E-05 0.16404E-06 0.34694E-05-0.97033E-06-0.74282E-05
   11673  0.19279E-06-0.49774E-07-0.81929E-07 0.65845E-07-0.18865E-06-0.14380E-05
   11674  0.93696E-05-0.45038E-05 0.47876E-06 0.36395E-05-0.12596E-05-0.97666E-05
   11674 -0.15468E-06 0.18005E-06-0.23483E-06-0.87820E-07 0.10308E-06 0.80107E-06
   11675  0.92409E-05-0.46556E-05 0.93346E-06 0.36624E-05-0.15400E-05-0.11880E-04
   11675 -0.99012E-07 0.26229E-06-0.46605E-06-0.95022E-07 0.37591E-06 0.28974E-05
   11676  0.89892E-05-0.47990E-05 0.14982E-05 0.37038E-05-0.18328E-05-0.13879E-04
   11676  0.63394E-07 0.32895E-06-0.76863E-06-0.71026E-07 0.62295E-06 0.47158E-05
   11677  0.86820E-05-0.49568E-05 0.21444E-05 0.37055E-05-0.21072E-05-0.15790E-04
   11677  0.28735E-06 0.39811E-06-0.11368E-05-0.30410E-07 0.83879E-06 0.62866E-05
   11678  0.82728E-05-0.51053E-05 0.28599E-05 0.36044E-05-0.23317E-05-0.17623E-04
   11678  0.62704E-06 0.43611E-06-0.15514E-05 0.50002E-07 0.10082E-05 0.76214E-05
   11679  0.77045E-05-0.52192E-05 0.36552E-05 0.34398E-05-0.25328E-05-0.19364E-04
   11679  0.11245E-05 0.41488E-06-0.19936E-05 0.18751E-06 0.11394E-05 0.87135E-05
   11680  0.70324E-05-0.53078E-05 0.45078E-05 0.33079E-05-0.27660E-05-0.20987E-04
   11680  0.17224E-05 0.36229E-06-0.24663E-05 0.36463E-06 0.12579E-05 0.95494E-05
   11681  0.64057E-05-0.54181E-05 0.53744E-05 0.32720E-05-0.30569E-05-0.22483E-04
   11681  0.22932E-05 0.35277E-06-0.30026E-05 0.53761E-06 0.13775E-05 0.10140E-04
   11682  0.59710E-05-0.55967E-05 0.62068E-05 0.33523E-05-0.33911E-05-0.23865E-04
   11682  0.27210E-05 0.45881E-06-0.36449E-05 0.65479E-06 0.14943E-05 0.10525E-04
   11683  0.57914E-05-0.58640E-05 0.69807E-05 0.35246E-05-0.37224E-05-0.25163E-04
   11683  0.29695E-05 0.71218E-06-0.44285E-05 0.67974E-06 0.15925E-05 0.10771E-04
   11684  0.58172E-05-0.61968E-05 0.76883E-05 0.37311E-05-0.40040E-05-0.26393E-04
   11684  0.30871E-05 0.10729E-05-0.53172E-05 0.62158E-06 0.16576E-05 0.10928E-04
   11685  0.59402E-05-0.65703E-05 0.83791E-05 0.39201E-05-0.42189E-05-0.27576E-04
   11685  0.31537E-05 0.14882E-05-0.62762E-05 0.51753E-06 0.16906E-05 0.11045E-04
   11686  0.60456E-05-0.69545E-05 0.91010E-05 0.40527E-05-0.43725E-05-0.28718E-04
   11686  0.32480E-05 0.18974E-05-0.72501E-05 0.41639E-06 0.16971E-05 0.11134E-04
   11687  0.60568E-05-0.73257E-05 0.98837E-05 0.41346E-05-0.45010E-05-0.29813E-04
   11687  0.34187E-05 0.22546E-05-0.81865E-05 0.35460E-06 0.16885E-05 0.11166E-04
   11688  0.59912E-05-0.76808E-05 0.10711E-04 0.42180E-05-0.46528E-05-0.30855E-04
   11688  0.36485E-05 0.25710E-05-0.90919E-05 0.32724E-06 0.16807E-05 0.11122E-04
   11689  0.59289E-05-0.80314E-05 0.11533E-04 0.43393E-05-0.48373E-05-0.31846E-04
   11689  0.38873E-05 0.28923E-05-0.10016E-04 0.30382E-06 0.16764E-05 0.11006E-04
   11690  0.59216E-05-0.83838E-05 0.12305E-04 0.44822E-05-0.50185E-05-0.32786E-04
   11690  0.41111E-05 0.32403E-05-0.10984E-04 0.26697E-06 0.16636E-05 0.10827E-04
   11691  0.59492E-05-0.87413E-05 0.13050E-04 0.46114E-05-0.51650E-05-0.33681E-04
   11691  0.43318E-05 0.35983E-05-0.11970E-04 0.22400E-06 0.16332E-05 0.10595E-04
   11692  0.59644E-05-0.90981E-05 0.13803E-04 0.47204E-05-0.52871E-05-0.34526E-04
   11692  0.45704E-05 0.39364E-05-0.12931E-04 0.19218E-06 0.15884E-05 0.10305E-04
   11693  0.59591E-05-0.94469E-05 0.14560E-04 0.48294E-05-0.54108E-05-0.35318E-04
   11693  0.48309E-05 0.42508E-05-0.13862E-04 0.17521E-06 0.15367E-05 0.99497E-05
   11694  0.59636E-05-0.97872E-05 0.15292E-04 0.49575E-05-0.55461E-05-0.36054E-04
   11694  0.50981E-05 0.45580E-05-0.14783E-04 0.16336E-06 0.14800E-05 0.95252E-05
   11695  0.60177E-05-0.10122E-04 0.15967E-04 0.51169E-05-0.56909E-05-0.36731E-04
   11695  0.53539E-05 0.48786E-05-0.15723E-04 0.14408E-06 0.14181E-05 0.90389E-05
   11696  0.61444E-05-0.10447E-04 0.16550E-04 0.52938E-05-0.58223E-05-0.37341E-04
   11696  0.55959E-05 0.52197E-05-0.16694E-04 0.11349E-06 0.13469E-05 0.85032E-05
   11697  0.63159E-05-0.10763E-04 0.17066E-04 0.54559E-05-0.59144E-05-0.37878E-04
   11697  0.58385E-05 0.55597E-05-0.17662E-04 0.82675E-07 0.12635E-05 0.79321E-05
   11698  0.64719E-05-0.11063E-04 0.17558E-04 0.55747E-05-0.59598E-05-0.38332E-04
   11698  0.61137E-05 0.58580E-05-0.18573E-04 0.74956E-07 0.11667E-05 0.73180E-05
   11699  0.65426E-05-0.11336E-04 0.18068E-04 0.56246E-05-0.59582E-05-0.38697E-04
   11699  0.64618E-05 0.60689E-05-0.19366E-04 0.11691E-06 0.10538E-05 0.66314E-05
   11700  0.64724E-05-0.11576E-04 0.18642E-04 0.56129E-05-0.59360E-05-0.38966E-04
   11700  0.68980E-05 0.61564E-05-0.19980E-04 0.22368E-06 0.92335E-06 0.58231E-05
   11701  0.62870E-05-0.11777E-04 0.19250E-04 0.55878E-05-0.59358E-05-0.39147E-04
   11701  0.74066E-05 0.61400E-05-0.20440E-04 0.38497E-06 0.77581E-06 0.48527E-05
   11702  0.60774E-05-0.11933E-04 0.19793E-04 0.55890E-05-0.59676E-05-0.39221E-04
   11702  0.79595E-05 0.60678E-05-0.20822E-04 0.58029E-06 0.60222E-06 0.36701E-05
   11703  0.59392E-05-0.12044E-04 0.20175E-04 0.56351E-05-0.60160E-05-0.39165E-04
   11703  0.85227E-05 0.59891E-05-0.21200E-04 0.78710E-06 0.39618E-06 0.22697E-05
   11704  0.59328E-05-0.12113E-04 0.20342E-04 0.57223E-05-0.60526E-05-0.38955E-04
   11704  0.90651E-05 0.59361E-05-0.21611E-04 0.98518E-06 0.16056E-06 0.69857E-06
   11705  0.60436E-05-0.12137E-04 0.20292E-04 0.58041E-05-0.60314E-05-0.38557E-04
   11705  0.96027E-05 0.58927E-05-0.22039E-04 0.11773E-05-0.99226E-07-0.10032E-05
   11706  0.61596E-05-0.12102E-04 0.20102E-04 0.58118E-05-0.59175E-05-0.37928E-04
   11706  0.10197E-04 0.57798E-05-0.22374E-04 0.13984E-05-0.37982E-06-0.28423E-05
   11707  0.61377E-05-0.11990E-04 0.19870E-04 0.57070E-05-0.57224E-05-0.37042E-04
   11707  0.10920E-04 0.55067E-05-0.22491E-04 0.16961E-05-0.68249E-06-0.48648E-05
   11708  0.58960E-05-0.11775E-04 0.19631E-04 0.55001E-05-0.54858E-05-0.35882E-04
   11708  0.11813E-04 0.50247E-05-0.22325E-04 0.21040E-05-0.10199E-05-0.71557E-05
   11709  0.54563E-05-0.11440E-04 0.19333E-04 0.52303E-05-0.52390E-05-0.34431E-04
   11709  0.12875E-04 0.43465E-05-0.21901E-04 0.26310E-05-0.14138E-05-0.98097E-05
   11710  0.48945E-05-0.10972E-04 0.18872E-04 0.49102E-05-0.49697E-05-0.32657E-04
   11710  0.14096E-04 0.35123E-05-0.21292E-04 0.32649E-05-0.18798E-05-0.12905E-04
   11711  0.42377E-05-0.10366E-04 0.18207E-04 0.45256E-05-0.46500E-05-0.30508E-04
   11711  0.15472E-04 0.25273E-05-0.20509E-04 0.39990E-05-0.24258E-05-0.16499E-04
   11712  0.34806E-05-0.96064E-05 0.17309E-04 0.40662E-05-0.42684E-05-0.27928E-04
   11712  0.17020E-04 0.13831E-05-0.19550E-04 0.48439E-05-0.30603E-05-0.20640E-04
   11713  0.26162E-05-0.86787E-05 0.16155E-04 0.35273E-05-0.38172E-05-0.24847E-04
   11713  0.18761E-04 0.73312E-07-0.18418E-04 0.58194E-05-0.37986E-05-0.25378E-04
   11714  0.16646E-05-0.75707E-05 0.14698E-04 0.29123E-05-0.32860E-05-0.21182E-04
   11714  0.20699E-04-0.13912E-05-0.17137E-04 0.69487E-05-0.46642E-05-0.30760E-04
   11715  0.64118E-06-0.62661E-05 0.12886E-04 0.22040E-05-0.26427E-05-0.16833E-04
   11715  0.22853E-04-0.30055E-05-0.15738E-04 0.82275E-05-0.56587E-05-0.36818E-04
   11716 -0.59509E-06-0.47144E-05 0.10743E-04 0.13209E-05-0.18461E-05-0.11702E-04
   11716  0.25370E-04-0.48526E-05-0.14200E-04 0.96310E-05-0.67255E-05-0.43600E-04
   11717 -0.23897E-05-0.28222E-05 0.84088E-05 0.14702E-06-0.89238E-06-0.56668E-05
   11717  0.28531E-04-0.71143E-05-0.12422E-04 0.11204E-04-0.78197E-05-0.51259E-04
   11718 -0.49606E-05-0.48535E-06 0.58751E-05-0.13860E-05 0.18747E-06 0.13260E-05
   11718  0.32521E-04-0.98949E-05-0.10335E-04 0.13192E-04-0.90702E-05-0.59976E-04
   11719 -0.80882E-05 0.22106E-05 0.30985E-05-0.32688E-05 0.14359E-05 0.93122E-05
   11719  0.37192E-04-0.13003E-04-0.81342E-05 0.15907E-04-0.10765E-04-0.69863E-04
   11720 -0.11279E-04 0.50722E-05-0.13607E-07-0.54502E-05 0.29834E-05 0.18396E-04
   11720  0.42170E-04-0.16140E-04-0.60508E-05 0.19401E-04-0.13067E-04-0.80890E-04
   11721 -0.14273E-04 0.79576E-05-0.34132E-05-0.78170E-05 0.49143E-05 0.28772E-04
   11721  0.47254E-04-0.19189E-04-0.41758E-05 0.23340E-04-0.15821E-04-0.92957E-04
   11722 -0.17462E-04 0.10952E-04-0.68659E-05-0.10309E-04 0.71379E-05 0.40572E-04
   11722  0.52826E-04-0.22372E-04-0.25164E-05 0.27273E-04-0.18596E-04-0.10594E-03
   11723 -0.21826E-04 0.14374E-04-0.10067E-04-0.13160E-04 0.94981E-05 0.53877E-04
   11723  0.59762E-04-0.26095E-04-0.11337E-05 0.31215E-04-0.21081E-04-0.11975E-03
   11724 -0.28272E-04 0.18500E-04-0.12754E-04-0.16853E-04 0.11987E-04 0.68575E-04
   11724  0.68836E-04-0.30583E-04-0.22910E-06 0.35825E-04-0.23430E-04-0.13416E-03
   11725 -0.37182E-04 0.23278E-04-0.14495E-04-0.21779E-04 0.14677E-04 0.84047E-04
   11725  0.80288E-04-0.35768E-04-0.62009E-07 0.41796E-04-0.25948E-04-0.14867E-03
   11726 -0.48634E-04 0.28513E-04-0.14814E-04-0.27989E-04 0.17450E-04 0.99301E-04
   11726  0.94081E-04-0.41504E-04-0.88858E-06 0.49182E-04-0.28557E-04-0.16251E-03
   11727 -0.62843E-04 0.34157E-04-0.13328E-04-0.35186E-04 0.19854E-04 0.11298E-03
   11727  0.11036E-03-0.47787E-04-0.29878E-05 0.57376E-04-0.30695E-04-0.17459E-03
   11728 -0.79956E-04 0.40282E-04-0.99718E-05-0.43023E-04 0.21388E-04 0.12329E-03
   11728  0.12928E-03-0.54684E-04-0.64697E-05 0.65847E-04-0.31836E-04-0.18335E-03
   11729 -0.99412E-04 0.46688E-04-0.48960E-05-0.51450E-04 0.21915E-04 0.12839E-03
   11729  0.15025E-03-0.61953E-04-0.11211E-04 0.74740E-04-0.31977E-04-0.18712E-03
   11730 -0.11978E-03 0.52965E-04 0.12638E-05-0.60543E-04 0.21493E-04 0.12674E-03
   11730  0.17178E-03-0.69142E-04-0.16555E-04 0.84429E-04-0.31335E-04-0.18449E-03
   11731 -0.13908E-03 0.58657E-04 0.75164E-05-0.69800E-04 0.20067E-04 0.11779E-03
   11731  0.19197E-03-0.75717E-04-0.21727E-04 0.94463E-04-0.29899E-04-0.17516E-03
   11732 -0.15547E-03 0.63505E-04 0.12718E-04-0.78072E-04 0.17536E-04 0.10225E-03
   11732  0.20916E-03-0.81351E-04-0.25961E-04 0.10354E-03-0.27532E-04-0.16007E-03
   11733 -0.16793E-03 0.67513E-04 0.16051E-04-0.84120E-04 0.14020E-04 0.81932E-04
   11733  0.22256E-03-0.86053E-04-0.28684E-04 0.11020E-03-0.24267E-04-0.14113E-03
   11734 -0.17645E-03 0.70839E-04 0.17253E-04-0.87408E-04 0.99691E-05 0.59336E-04
   11734  0.23217E-03-0.90031E-04-0.29594E-04 0.11380E-03-0.20468E-04-0.12067E-03
   11735 -0.18150E-03 0.73542E-04 0.16605E-04-0.88438E-04 0.59610E-05 0.36847E-04
   11735  0.23845E-03-0.93393E-04-0.28806E-04 0.11496E-03-0.16683E-04-0.10069E-03
   11736 -0.18368E-03 0.75556E-04 0.14656E-04-0.88316E-04 0.24178E-05 0.16309E-04
   11736  0.24192E-03-0.96075E-04-0.26748E-04 0.11500E-03-0.13357E-04-0.82596E-04
   11737 -0.18344E-03 0.76753E-04 0.11915E-04-0.88179E-04-0.51873E-06-0.12122E-05
   11737  0.24293E-03-0.97812E-04-0.24085E-04 0.11532E-03-0.10686E-04-0.67053E-04
   11738 -0.18088E-03 0.76975E-04 0.87711E-05-0.88408E-04-0.29204E-05-0.15456E-04
   11738  0.24162E-03-0.98351E-04-0.21414E-04 0.11639E-03-0.86356E-05-0.54194E-04
   11739 -0.17633E-03 0.76292E-04 0.55593E-05-0.88171E-04-0.48911E-05-0.26756E-04
   11739  0.23838E-03-0.97804E-04-0.19077E-04 0.11715E-03-0.70283E-05-0.43884E-04
   11740 -0.17088E-03 0.75268E-04 0.24510E-05-0.86200E-04-0.64173E-05-0.35639E-04
   11740  0.23424E-03-0.96805E-04-0.17170E-04 0.11572E-03-0.56984E-05-0.35940E-04
   11741 -0.16591E-03 0.74453E-04-0.26155E-06-0.82397E-04-0.74616E-05-0.42635E-04
   11741  0.23053E-03-0.96069E-04-0.15624E-04 0.11174E-03-0.45857E-05-0.29994E-04
   11742 -0.16214E-03 0.74010E-04-0.25110E-05-0.78469E-04-0.81426E-05-0.48104E-04
   11742  0.22794E-03-0.95789E-04-0.14333E-04 0.10735E-03-0.37075E-05-0.25457E-04
   11743 -0.15927E-03 0.73691E-04-0.43768E-05-0.76123E-04-0.86848E-05-0.52265E-04
   11743  0.22609E-03-0.95575E-04-0.13312E-04 0.10489E-03-0.30515E-05-0.21734E-04
   11744 -0.15646E-03 0.73122E-04-0.59590E-05-0.75514E-04-0.92283E-05-0.55330E-04
   11744  0.22406E-03-0.94957E-04-0.12555E-04 0.10471E-03-0.25495E-05-0.18444E-04
   11745 -0.15299E-03 0.72086E-04-0.73590E-05-0.75527E-04-0.97550E-05-0.57541E-04
   11745  0.22122E-03-0.93754E-04-0.12028E-04 0.10548E-03-0.21298E-05-0.15478E-04
   11746 -0.14885E-03 0.70686E-04-0.85458E-05-0.74751E-04-0.10148E-04-0.59184E-04
   11746  0.21768E-03-0.92198E-04-0.11675E-04 0.10530E-03-0.17408E-05-0.12837E-04
   11747 -0.14474E-03 0.69342E-04-0.95870E-05-0.72701E-04-0.10312E-04-0.60393E-04
   11747  0.21415E-03-0.90746E-04-0.11447E-04 0.10333E-03-0.13809E-05-0.10602E-04
   11748 -0.14141E-03 0.68374E-04-0.10490E-04-0.69934E-04-0.10268E-04-0.61250E-04
   11748  0.21140E-03-0.89729E-04-0.11310E-04 0.10017E-03-0.10527E-05-0.86803E-05
   11749 -0.13922E-03 0.67885E-04-0.11254E-04-0.67355E-04-0.10109E-04-0.61754E-04
   11749  0.20974E-03-0.89225E-04-0.11216E-04 0.97023E-04-0.74754E-06-0.68833E-05
   11750 -0.13797E-03 0.67726E-04-0.11949E-04-0.65868E-04-0.99721E-05-0.61832E-04
   11750  0.20888E-03-0.88972E-04-0.11188E-04 0.95186E-04-0.45360E-06-0.50413E-05
   11751 -0.13670E-03 0.67395E-04-0.12558E-04-0.65900E-04-0.99855E-05-0.61476E-04
   11751  0.20786E-03-0.88450E-04-0.11184E-04 0.95491E-04-0.14628E-06-0.29943E-05
   11752 -0.13427E-03 0.66367E-04-0.13087E-04-0.66943E-04-0.10163E-04-0.60734E-04
   11752  0.20551E-03-0.87135E-04-0.11181E-04 0.97476E-04 0.19628E-06-0.72742E-06
   11753 -0.12998E-03 0.64417E-04-0.13562E-04-0.67721E-04-0.10391E-04-0.59713E-04
   11753  0.20116E-03-0.84826E-04-0.11175E-04 0.99477E-04 0.57440E-06 0.16250E-05
   11754 -0.12379E-03 0.61609E-04-0.13951E-04-0.67105E-04-0.10546E-04-0.58571E-04
   11754  0.19484E-03-0.81696E-04-0.11127E-04 0.99953E-04 0.96647E-06 0.39122E-05
   11755 -0.11622E-03 0.58251E-04-0.14282E-04-0.64723E-04-0.10560E-04-0.57420E-04
   11755  0.18717E-03-0.78098E-04-0.11050E-04 0.98266E-04 0.13328E-05 0.59878E-05
   11756 -0.10805E-03 0.54705E-04-0.14567E-04-0.60886E-04-0.10421E-04-0.56326E-04
   11756  0.17893E-03-0.74408E-04-0.10952E-04 0.94628E-04 0.16408E-05 0.77697E-05
   11757 -0.99890E-04 0.51211E-04-0.14819E-04-0.56363E-04-0.10187E-04-0.55297E-04
   11757  0.17072E-03-0.70838E-04-0.10843E-04 0.89967E-04 0.18831E-05 0.92531E-05
   11758 -0.91989E-04 0.47829E-04-0.15041E-04-0.51883E-04-0.99431E-05-0.54312E-04
   11758  0.16274E-03-0.67388E-04-0.10723E-04 0.85263E-04 0.20749E-05 0.10475E-04
   11759 -0.84263E-04 0.44499E-04-0.15255E-04-0.47725E-04-0.97407E-05-0.53337E-04
   11759  0.15485E-03-0.63943E-04-0.10602E-04 0.80969E-04 0.22332E-05 0.11468E-04
   11760 -0.76457E-04 0.41098E-04-0.15433E-04-0.43727E-04-0.95832E-05-0.52376E-04
   11760  0.14682E-03-0.60416E-04-0.10463E-04 0.76970E-04 0.23704E-05 0.12288E-04
   11761 -0.68506E-04 0.37624E-04-0.15581E-04-0.39584E-04-0.94198E-05-0.51441E-04
   11761  0.13866E-03-0.56843E-04-0.10310E-04 0.72800E-04 0.24794E-05 0.12960E-04
   11762 -0.60686E-04 0.34223E-04-0.15711E-04-0.35252E-04-0.92025E-05-0.50534E-04
   11762  0.13063E-03-0.53376E-04-0.10151E-04 0.68221E-04 0.25472E-05 0.13482E-04
   11763 -0.53257E-04 0.31006E-04-0.15840E-04-0.31025E-04-0.89530E-05-0.49637E-04
   11763  0.12298E-03-0.50099E-04-0.99957E-05 0.63602E-04 0.25822E-05 0.13872E-04
   11764 -0.46166E-04 0.27921E-04-0.15960E-04-0.27128E-04-0.87330E-05-0.48727E-04
   11764  0.11566E-03-0.46935E-04-0.98518E-05 0.59415E-04 0.26108E-05 0.14180E-04
   11765 -0.39125E-04 0.24833E-04-0.16069E-04-0.23464E-04-0.85688E-05-0.47785E-04
   11765  0.10834E-03-0.43735E-04-0.97121E-05 0.55678E-04 0.26480E-05 0.14434E-04
   11766 -0.31926E-04 0.21660E-04-0.16154E-04-0.19761E-04-0.84235E-05-0.46818E-04
   11766  0.10082E-03-0.40435E-04-0.95590E-05 0.51971E-04 0.26853E-05 0.14644E-04
   11767 -0.24582E-04 0.18421E-04-0.16223E-04-0.15910E-04-0.82581E-05-0.45838E-04
   11767  0.93106E-04-0.37067E-04-0.93939E-05 0.48025E-04 0.27087E-05 0.14800E-04
   11768 -0.17210E-04 0.15170E-04-0.16281E-04-0.11986E-04-0.80677E-05-0.44848E-04
   11768  0.85335E-04-0.33692E-04-0.92230E-05 0.43897E-04 0.27168E-05 0.14909E-04
   11769 -0.99164E-05 0.11954E-04-0.16337E-04-0.80861E-05-0.78578E-05-0.43850E-04
   11769  0.77651E-04-0.30359E-04-0.90627E-05 0.39716E-04 0.27133E-05 0.14985E-04
   11770 -0.27474E-05 0.87934E-05-0.16396E-04-0.42719E-05-0.76481E-05-0.42835E-04
   11770  0.70099E-04-0.27074E-04-0.89206E-05 0.35630E-04 0.27070E-05 0.15038E-04
   11771  0.43441E-05 0.56678E-05-0.16460E-04-0.52204E-06-0.74506E-05-0.41796E-04
   11771  0.62623E-04-0.23807E-04-0.87956E-05 0.31668E-04 0.27034E-05 0.15072E-04
   11772  0.11449E-04 0.25360E-05-0.16525E-04 0.32353E-05-0.72619E-05-0.40733E-04
   11772  0.55133E-04-0.20520E-04-0.86882E-05 0.27748E-04 0.27030E-05 0.15096E-04
   11773  0.18640E-04-0.63410E-06-0.16586E-04 0.70512E-05-0.70759E-05-0.39651E-04
   11773  0.47564E-04-0.17190E-04-0.85970E-05 0.23799E-04 0.27054E-05 0.15119E-04
   11774  0.25888E-04-0.38308E-05-0.16648E-04 0.10880E-04-0.68710E-05-0.38555E-04
   11774  0.39955E-04-0.13840E-04-0.85226E-05 0.19766E-04 0.27012E-05 0.15138E-04
   11775  0.33023E-04-0.69769E-05-0.16727E-04 0.14568E-04-0.66326E-05-0.37447E-04
   11775  0.32492E-04-0.10551E-04-0.84711E-05 0.15731E-04 0.26827E-05 0.15147E-04
   11776  0.39895E-04-0.99994E-05-0.16832E-04 0.18051E-04-0.63853E-05-0.36324E-04
   11776  0.25316E-04-0.73700E-05-0.84573E-05 0.11860E-04 0.26595E-05 0.15145E-04
   11777  0.46597E-04-0.12929E-04-0.16960E-04 0.21519E-04-0.61713E-05-0.35182E-04
   11777  0.18294E-04-0.42334E-05-0.84789E-05 0.81569E-05 0.26516E-05 0.15145E-04
   11778  0.53443E-04-0.15902E-04-0.17089E-04 0.25268E-04-0.60058E-05-0.34022E-04
   11778  0.11087E-04-0.10023E-05-0.85163E-05 0.44038E-05 0.26674E-05 0.15148E-04
   11779  0.60712E-04-0.19056E-04-0.17205E-04 0.29395E-04-0.58574E-05-0.32854E-04
   11779  0.34358E-05 0.24168E-05-0.85413E-05 0.37205E-06 0.26925E-05 0.15148E-04
   11780  0.68476E-04-0.22437E-04-0.17302E-04 0.33805E-04-0.56947E-05-0.31690E-04
   11780 -0.47089E-05 0.60424E-05-0.85546E-05-0.39996E-05 0.27123E-05 0.15146E-04
   11781  0.76675E-04-0.26011E-04-0.17393E-04 0.38486E-04-0.55249E-05-0.30536E-04
   11781 -0.13298E-04 0.98596E-05-0.85699E-05-0.86838E-05 0.27309E-05 0.15151E-04
   11782  0.85380E-04-0.29778E-04-0.17469E-04 0.43834E-04-0.53900E-05-0.29390E-04
   11782 -0.22444E-04 0.13903E-04-0.85788E-05-0.13853E-04 0.27684E-05 0.15152E-04
   11783  0.95018E-04-0.33887E-04-0.17508E-04 0.50596E-04-0.53250E-05-0.28245E-04
   11783 -0.32634E-04 0.18338E-04-0.85301E-05-0.20043E-04 0.28454E-05 0.15146E-04
   11784  0.10614E-03-0.38592E-04-0.17441E-04 0.59238E-04-0.53077E-05-0.27098E-04
   11784 -0.44452E-04 0.23388E-04-0.84074E-05-0.27813E-04 0.29588E-05 0.15155E-04
   11785  0.11904E-03-0.44076E-04-0.17266E-04 0.69425E-04-0.52669E-05-0.25938E-04
   11785 -0.58139E-04 0.29154E-04-0.81800E-05-0.37190E-04 0.30770E-05 0.15199E-04
   11786  0.13362E-03-0.50364E-04-0.16999E-04 0.80289E-04-0.51418E-05-0.24739E-04
   11786 -0.73458E-04 0.35593E-04-0.78851E-05-0.47607E-04 0.31656E-05 0.15274E-04
   11787  0.14930E-03-0.57233E-04-0.16710E-04 0.90998E-04-0.49263E-05-0.23487E-04
   11787 -0.89797E-04 0.42499E-04-0.75579E-05-0.58292E-04 0.32192E-05 0.15388E-04
   11788  0.16544E-03-0.64387E-04-0.16428E-04 0.10117E-03-0.46491E-05-0.22179E-04
   11788 -0.10650E-03 0.49642E-04-0.72886E-05-0.68732E-04 0.32510E-05 0.15544E-04
   11789  0.18163E-03-0.71590E-04-0.16167E-04 0.11103E-03-0.43491E-05-0.20822E-04
   11789 -0.12317E-03 0.56825E-04-0.70744E-05-0.78920E-04 0.32795E-05 0.15727E-04
   11790  0.19775E-03-0.78704E-04-0.15950E-04 0.12122E-03-0.40588E-05-0.19428E-04
   11790 -0.13977E-03 0.63983E-04-0.69452E-05-0.89343E-04 0.33243E-05 0.15926E-04
   11791  0.21399E-03-0.85765E-04-0.15758E-04 0.13228E-03-0.37873E-05-0.18012E-04
   11791 -0.15645E-03 0.71147E-04-0.68858E-05-0.10045E-03 0.33912E-05 0.16133E-04
   11792  0.23061E-03-0.92968E-04-0.15562E-04 0.14384E-03-0.35138E-05-0.16581E-04
   11792 -0.17345E-03 0.78440E-04-0.68705E-05-0.11198E-03 0.34615E-05 0.16335E-04
   11793  0.24769E-03-0.10047E-03-0.15379E-04 0.15470E-03-0.32130E-05-0.15141E-04
   11793 -0.19081E-03 0.86011E-04-0.69315E-05-0.12300E-03 0.35063E-05 0.16525E-04
   11794  0.26493E-03-0.10817E-03-0.15251E-04 0.16430E-03-0.28932E-05-0.13715E-04
   11794 -0.20824E-03 0.93787E-04-0.71142E-05-0.13299E-03 0.35187E-05 0.16690E-04
   11795  0.28194E-03-0.11571E-03-0.15180E-04 0.17402E-03-0.25964E-05-0.12348E-04
   11795 -0.22529E-03 0.10143E-03-0.74185E-05-0.14298E-03 0.35282E-05 0.16799E-04
   11796  0.29865E-03-0.12280E-03-0.15142E-04 0.18632E-03-0.23572E-05-0.11075E-04
   11796 -0.24200E-03 0.10871E-03-0.78035E-05-0.15506E-03 0.35741E-05 0.16830E-04
   11797  0.31565E-03-0.12968E-03-0.15069E-04 0.20204E-03-0.21632E-05-0.98859E-05
   11797 -0.25914E-03 0.11589E-03-0.82126E-05-0.17016E-03 0.36539E-05 0.16769E-04
   11798  0.33385E-03-0.13706E-03-0.14974E-04 0.21863E-03-0.19650E-05-0.87380E-05
   11798 -0.27752E-03 0.12359E-03-0.86608E-05-0.18624E-03 0.37064E-05 0.16615E-04
   11799  0.35359E-03-0.14552E-03-0.14850E-04 0.23267E-03-0.17316E-05-0.76051E-05
   11799 -0.29712E-03 0.13217E-03-0.91505E-05-0.20011E-03 0.36734E-05 0.16358E-04
   11800  0.37403E-03-0.15466E-03-0.14728E-04 0.24388E-03-0.14880E-05-0.65233E-05
   11800 -0.31719E-03 0.14131E-03-0.96906E-05-0.21150E-03 0.35697E-05 0.15995E-04
   11801  0.39406E-03-0.16349E-03-0.14693E-04 0.25564E-03-0.12771E-05-0.55496E-05
   11801 -0.33697E-03 0.15030E-03-0.10372E-04-0.22342E-03 0.34511E-05 0.15493E-04
   11802  0.41354E-03-0.17161E-03-0.14658E-04 0.27116E-03-0.11236E-05-0.47549E-05
   11802 -0.35622E-03 0.15868E-03-0.11092E-04-0.23861E-03 0.33483E-05 0.14832E-04
   11803  0.43340E-03-0.17959E-03-0.14552E-04 0.28983E-03-0.10219E-05-0.41674E-05
   11803 -0.37569E-03 0.16683E-03-0.11787E-04-0.25653E-03 0.32366E-05 0.14017E-04
   11804  0.45441E-03-0.18819E-03-0.14432E-04 0.30816E-03-0.95273E-06-0.37588E-05
   11804 -0.39638E-03 0.17563E-03-0.12515E-04-0.27432E-03 0.30674E-05 0.13039E-04
   11805  0.47650E-03-0.19759E-03-0.14274E-04 0.32461E-03-0.91823E-06-0.35411E-05
   11805 -0.41819E-03 0.18518E-03-0.13265E-04-0.29057E-03 0.28317E-05 0.11901E-04
   11806  0.49892E-03-0.20708E-03-0.14024E-04 0.34198E-03-0.93925E-06-0.35613E-05
   11806 -0.44021E-03 0.19473E-03-0.13953E-04-0.30756E-03 0.25608E-05 0.10606E-04
   11807  0.52104E-03-0.21581E-03-0.13703E-04 0.36467E-03-0.10335E-05-0.38404E-05
   11807 -0.46202E-03 0.20356E-03-0.14602E-04-0.32941E-03 0.22808E-05 0.91600E-05
   11808  0.54317E-03-0.22371E-03-0.13285E-04 0.39437E-03-0.12006E-05-0.43431E-05
   11808 -0.48421E-03 0.21172E-03-0.15196E-04-0.35790E-03 0.19836E-05 0.75730E-05
   11809  0.56657E-03-0.23166E-03-0.12755E-04 0.42879E-03-0.14150E-05-0.49735E-05
   11809 -0.50783E-03 0.21997E-03-0.15727E-04-0.39097E-03 0.16375E-05 0.58528E-05
   11810  0.59223E-03-0.24063E-03-0.12097E-04 0.46443E-03-0.16360E-05-0.56068E-05
   11810 -0.53370E-03 0.22909E-03-0.16164E-04-0.42537E-03 0.12205E-05 0.39985E-05
   11811  0.62024E-03-0.25094E-03-0.11330E-04 0.49915E-03-0.18286E-05-0.61423E-05
   11811 -0.56196E-03 0.23948E-03-0.16560E-04-0.45920E-03 0.73448E-06 0.20167E-05
   11812  0.65020E-03-0.26241E-03-0.10499E-04 0.53288E-03-0.19754E-05-0.65276E-05
   11812 -0.59223E-03 0.25093E-03-0.16862E-04-0.49233E-03 0.19303E-06-0.77087E-07
   11813  0.68127E-03-0.27441E-03-0.94887E-05 0.56753E-03-0.20744E-05-0.67367E-05
   11813 -0.62381E-03 0.26283E-03-0.16994E-04-0.52653E-03-0.39332E-06-0.22666E-05
   11814  0.71263E-03-0.28603E-03-0.84805E-05 0.60570E-03-0.21292E-05-0.67566E-05
   11814 -0.65597E-03 0.27449E-03-0.17101E-04-0.56434E-03-0.10222E-05-0.45262E-05
   11815  0.74436E-03-0.29705E-03-0.74650E-05 0.64926E-03-0.21338E-05-0.65657E-05
   11815 -0.68829E-03 0.28549E-03-0.17207E-04-0.60711E-03-0.17001E-05-0.68372E-05
   11816  0.77729E-03-0.30813E-03-0.63562E-05 0.69668E-03-0.20644E-05-0.61250E-05
   11816 -0.72149E-03 0.29634E-03-0.17168E-04-0.65331E-03-0.24272E-05-0.91939E-05
   11817  0.81276E-03-0.32073E-03-0.54363E-05 0.74218E-03-0.18962E-05-0.54213E-05
   11817 -0.75737E-03 0.30882E-03-0.17203E-04-0.69812E-03-0.31736E-05-0.11584E-04
   11818  0.85151E-03-0.33605E-03-0.45028E-05 0.78125E-03-0.16247E-05-0.44632E-05
   11818 -0.79660E-03 0.32392E-03-0.17146E-04-0.73714E-03-0.39025E-05-0.14002E-04
   11819  0.89233E-03-0.35330E-03-0.34724E-05 0.81520E-03-0.12762E-05-0.32966E-05
   11819 -0.83766E-03 0.34064E-03-0.16846E-04-0.77113E-03-0.46012E-05-0.16419E-04
   11820  0.93294E-03-0.37033E-03-0.24452E-05 0.84990E-03-0.89890E-06-0.20352E-05
   11820 -0.87857E-03 0.35713E-03-0.16446E-04-0.80583E-03-0.52810E-05-0.18753E-04
   11821  0.97190E-03-0.38547E-03-0.14442E-05 0.89106E-03-0.52863E-06-0.79737E-06
   11821 -0.91815E-03 0.37185E-03-0.15872E-04-0.84683E-03-0.59624E-05-0.20913E-04
   11822  0.10094E-02-0.39850E-03-0.53376E-06 0.94067E-03-0.18372E-06 0.32618E-06
   11822 -0.95637E-03 0.38454E-03-0.15164E-04-0.89590E-03-0.66446E-05-0.22830E-04
   11823  0.10465E-02-0.41012E-03 0.28076E-06 0.99712E-03 0.12251E-06 0.12711E-05
   11823 -0.99417E-03 0.39592E-03-0.14408E-04-0.95160E-03-0.72999E-05-0.24452E-04
   11824  0.10843E-02-0.42147E-03 0.88447E-06 0.10571E-02 0.37600E-06 0.19961E-05
   11824 -0.10328E-02 0.40713E-03-0.13658E-04-0.10108E-02-0.78851E-05-0.25752E-04
   11825  0.11242E-02-0.43379E-03 0.13988E-05 0.11172E-02 0.56162E-06 0.24756E-05
   11825 -0.10734E-02 0.41925E-03-0.12827E-04-0.10703E-02-0.83568E-05-0.26713E-04
   11826  0.11661E-02-0.44735E-03 0.18872E-05 0.11760E-02 0.65418E-06 0.26526E-05
   11826 -0.11162E-02 0.43262E-03-0.11794E-04-0.11289E-02-0.86811E-05-0.27282E-04
   11827  0.12086E-02-0.46078E-03 0.21609E-05 0.12368E-02 0.62729E-06 0.24534E-05
   11827 -0.11599E-02 0.44611E-03-0.10862E-04-0.11899E-02-0.88590E-05-0.27383E-04
   11828  0.12500E-02-0.47208E-03 0.24414E-05 0.13063E-02 0.46483E-06 0.18337E-05
   11828 -0.12021E-02 0.45728E-03-0.97466E-05-0.12588E-02-0.89184E-05-0.26959E-04
   11829  0.12891E-02-0.47980E-03 0.26265E-05 0.13887E-02 0.13872E-06 0.76075E-06
   11829 -0.12416E-02 0.46483E-03-0.86945E-05-0.13397E-02-0.88597E-05-0.25991E-04
   11830  0.13259E-02-0.48358E-03 0.25914E-05 0.14842E-02-0.37464E-06-0.77765E-06
   11830 -0.12788E-02 0.46875E-03-0.78544E-05-0.14334E-02-0.86676E-05-0.24506E-04
   11831  0.13614E-02-0.48442E-03 0.26411E-05 0.15906E-02-0.10781E-05-0.27213E-05
   11831 -0.13151E-02 0.46987E-03-0.69999E-05-0.15381E-02-0.83294E-05-0.22611E-04
   11832  0.13977E-02-0.48396E-03 0.25649E-05 0.17038E-02-0.19665E-05-0.49897E-05
   11832 -0.13522E-02 0.46984E-03-0.62899E-05-0.16498E-02-0.78335E-05-0.20439E-04
   11833  0.14369E-02-0.48415E-03 0.25400E-05 0.18204E-02-0.30129E-05-0.75011E-05
   11833 -0.13921E-02 0.47041E-03-0.56169E-05-0.17649E-02-0.71980E-05-0.18124E-04
   11834  0.13688E-02-0.44994E-03 0.20845E-05 0.17900E-02-0.40245E-05-0.97973E-05
   11834 -0.13439E-02 0.44266E-03-0.43578E-05-0.17587E-02-0.63180E-05-0.15443E-04
   11835  0.82269E-03-0.26577E-03 0.10362E-05 0.10983E-02-0.38167E-05-0.91269E-05
   11835 -0.95552E-03 0.30837E-03-0.19530E-05-0.12790E-02-0.44455E-05-0.10639E-04
   11836  0.21136E-04-0.69039E-05-0.38045E-06 0.26849E-04-0.24589E-05-0.58027E-05
   11836 -0.38942E-03 0.12362E-03 0.68639E-07-0.52910E-03-0.24131E-05-0.56948E-05
   11837 -0.32710E-03 0.10305E-03 0.22377E-06-0.44779E-03-0.13584E-05-0.31895E-05
   11837 -0.20538E-03 0.64598E-04 0.33068E-06-0.28120E-03-0.13368E-05-0.31389E-05
   11838 -0.32940E-03 0.10385E-03 0.21238E-06-0.45060E-03-0.72307E-06-0.16973E-05
   11838 -0.32342E-03 0.10201E-03 0.20136E-06-0.44225E-03-0.71958E-06-0.16891E-05
   11839 -0.38073E-03 0.12135E-03-0.22479E-06-0.51564E-03-0.35114E-06-0.82931E-06
   11839 -0.35839E-03 0.11408E-03-0.18610E-06-0.48606E-03-0.33911E-06-0.80076E-06
   11840 -0.45979E-03 0.14841E-03-0.42913E-06-0.61407E-03-0.81016E-07-0.19220E-06
   11840 -0.28442E-03 0.91594E-04-0.11172E-06-0.38049E-03-0.11633E-06-0.27771E-06
   11841  0.69201E-05-0.19554E-05-0.25471E-06 0.99555E-05 0.12018E-06 0.28945E-06
   11841 -0.58848E-03 0.19036E-03 0.35902E-06-0.78167E-03 0.70197E-07 0.16874E-06
   11842  0.11359E-02-0.35781E-03-0.10649E-05 0.15546E-02 0.27333E-06 0.64456E-06
   11842 -0.13735E-02 0.43499E-03-0.49282E-07-0.18715E-02 0.27492E-06 0.64774E-06
   11843  0.18541E-02-0.56629E-03-0.15716E-05 0.26216E-02 0.32242E-06 0.73809E-06
   11843 -0.18558E-02 0.56806E-03-0.94175E-06-0.26244E-02 0.27330E-06 0.63023E-06
   11844  0.18693E-02-0.55001E-03-0.18269E-05 0.27399E-02 0.14595E-06 0.32513E-06
   11844 -0.18434E-02 0.54347E-03-0.76630E-06-0.27032E-02 0.11918E-06 0.26798E-06
   11845  0.17443E-02-0.50258E-03-0.15024E-05 0.26059E-02-0.15147E-06-0.33135E-06
   11845 -0.17176E-02 0.49590E-03-0.97337E-06-0.25672E-02-0.61322E-08-0.11100E-07
   11846  0.16300E-02-0.46623E-03-0.14235E-05 0.24506E-02-0.46703E-06-0.10129E-05
   11846 -0.16034E-02 0.45971E-03-0.12490E-05-0.24118E-02-0.12556E-06-0.27306E-06
   11847  0.15133E-02-0.42716E-03-0.83194E-06 0.23016E-02-0.80935E-06-0.17319E-05
   11847 -0.14871E-02 0.42076E-03-0.15685E-05-0.22630E-02-0.21020E-06-0.45687E-06
   11848  0.13868E-02-0.37746E-03-0.25072E-06 0.21722E-02-0.11124E-05-0.23214E-05
   11848 -0.13607E-02 0.37113E-03-0.16224E-05-0.21322E-02-0.32128E-06-0.68183E-06
   11849  0.12533E-02-0.32029E-03 0.70548E-06 0.20551E-02-0.13022E-05-0.26187E-05
   11849 -0.12275E-02 0.31423E-03-0.20034E-05-0.20135E-02-0.52456E-06-0.10708E-05
   11850  0.11210E-02-0.26304E-03 0.16703E-05 0.19384E-02-0.13498E-05-0.26019E-05
   11850 -0.10957E-02 0.25752E-03-0.26090E-05-0.18953E-02-0.83603E-06-0.16348E-05
   11851  0.99657E-03-0.21223E-03 0.27763E-05 0.18140E-02-0.12246E-05-0.22703E-05
   11851 -0.97197E-03 0.20710E-03-0.29707E-05-0.17693E-02-0.12785E-05-0.23977E-05
   11852  0.88353E-03-0.17121E-03 0.37115E-05 0.16779E-02-0.92960E-06-0.16708E-05
   11852 -0.85943E-03 0.16656E-03-0.36142E-05-0.16321E-02-0.18491E-05-0.33520E-05
   11853  0.78145E-03-0.14032E-03 0.46208E-05 0.15299E-02-0.51363E-06-0.90458E-06
   11853 -0.75784E-03 0.13598E-03-0.42090E-05-0.14835E-02-0.25027E-05-0.44302E-05
   11854  0.68819E-03-0.11763E-03 0.56089E-05 0.13732E-02-0.86809E-08-0.20074E-07
   11854 -0.66493E-03 0.11344E-03-0.48492E-05-0.13264E-02-0.32071E-05-0.55934E-05
   11855  0.60062E-03-0.10006E-03 0.64088E-05 0.12115E-02 0.57285E-06 0.97729E-06
   11855 -0.57769E-03 0.95967E-04-0.54259E-05-0.11648E-02-0.39389E-05-0.68121E-05
   11856  0.51576E-03-0.85006E-04 0.72975E-05 0.10474E-02 0.12204E-05 0.20798E-05
   11856 -0.49323E-03 0.80854E-04-0.57893E-05-0.10009E-02-0.46656E-05-0.80280E-05
   11857  0.43189E-03-0.70795E-04 0.81301E-05 0.88271E-03 0.19275E-05 0.32781E-05
   11857 -0.40984E-03 0.66577E-04-0.60783E-05-0.83656E-03-0.53538E-05-0.91737E-05
   11858  0.34854E-03-0.56966E-04 0.89293E-05 0.71780E-03 0.26902E-05 0.45636E-05
   11858 -0.32709E-03 0.52679E-04-0.62518E-05-0.67221E-03-0.59725E-05-0.10190E-04
   11859  0.26596E-03-0.43692E-04 0.96759E-05 0.55271E-03 0.35003E-05 0.59235E-05
   11859 -0.24510E-03 0.39309E-04-0.63044E-05-0.50764E-03-0.64909E-05-0.11031E-04
   11860  0.18445E-03-0.31253E-04 0.10309E-04 0.38708E-03 0.43391E-05 0.73405E-05
   11860 -0.16414E-03 0.26753E-04-0.62850E-05-0.34256E-03-0.68736E-05-0.11660E-04
   11861  0.10373E-03-0.19437E-04 0.10802E-04 0.22089E-03 0.51787E-05 0.87882E-05
   11861 -0.83969E-04 0.14755E-04-0.60999E-05-0.17710E-03-0.70760E-05-0.12027E-04
   11862  0.22764E-04-0.75891E-05 0.11357E-04 0.54315E-04 0.60312E-05 0.10287E-04
   11862 -0.35556E-05 0.26674E-05-0.58924E-05-0.11313E-04-0.70883E-05-0.12101E-04
   11863 -0.58533E-04 0.45303E-05 0.11749E-04-0.11245E-03 0.69242E-05 0.11845E-04
   11863  0.77194E-04-0.96546E-05-0.55256E-05 0.15480E-03-0.69138E-05-0.11841E-04
   11864 -0.13860E-03 0.15861E-04 0.12008E-04-0.27920E-03 0.78551E-05 0.13394E-04
   11864  0.15672E-03-0.21048E-04-0.51449E-05 0.32122E-03-0.65353E-05-0.11174E-04
   11865 -0.21557E-03 0.24776E-04 0.11882E-04-0.44757E-03 0.88036E-05 0.14845E-04
   11865  0.23320E-03-0.29769E-04-0.47519E-05 0.48956E-03-0.59497E-05-0.10095E-04
   11866 -0.28788E-03 0.29806E-04 0.11395E-04-0.61864E-03 0.97266E-05 0.16113E-04
   11866  0.30525E-03-0.34258E-04-0.47272E-05 0.66100E-03-0.51957E-05-0.87163E-05
   11867 -0.35509E-03 0.30721E-04 0.10579E-04-0.79173E-03 0.10509E-04 0.17062E-04
   11867  0.37241E-03-0.34394E-04-0.49523E-05 0.83469E-03-0.43163E-05-0.71764E-05
   11868 -0.41878E-03 0.29380E-04 0.91193E-05-0.96466E-03 0.11006E-04 0.17570E-04
   11868  0.43634E-03-0.32011E-04-0.54751E-05 0.10080E-02-0.33824E-05-0.56411E-05
   11869 -0.48273E-03 0.29169E-04 0.73992E-05-0.11346E-02 0.11083E-04 0.17561E-04
   11869  0.50087E-03-0.30781E-04-0.61728E-05 0.11783E-02-0.24877E-05-0.42684E-05
   11870 -0.55083E-03 0.33264E-04 0.55431E-05-0.13003E-02 0.10640E-04 0.16932E-04
   11870  0.56980E-03-0.34023E-04-0.68576E-05 0.13443E-02-0.16684E-05-0.30836E-05
   11871 -0.62422E-03 0.42358E-04 0.37082E-05-0.14623E-02 0.96923E-05 0.15658E-04
   11871  0.64403E-03-0.42423E-04-0.75445E-05 0.15059E-02-0.94464E-06-0.20736E-05
   11872 -0.70200E-03 0.55388E-04 0.19578E-05-0.16215E-02 0.83296E-05 0.13779E-04
   11872  0.72253E-03-0.54959E-04-0.79281E-05 0.16646E-02-0.31119E-06-0.12004E-05
   11873 -0.78343E-03 0.71427E-04 0.37135E-06-0.17791E-02 0.66296E-05 0.11346E-04
   11873  0.80462E-03-0.70664E-04-0.80859E-05 0.18217E-02 0.28563E-06-0.36715E-06
   11874 -0.86899E-03 0.90722E-04-0.96248E-06-0.19350E-02 0.46740E-05 0.84516E-05
   11874  0.89066E-03-0.89790E-04-0.80454E-05 0.19769E-02 0.90235E-06 0.52344E-06
   11875 -0.95902E-03 0.11351E-03-0.20535E-05-0.20891E-02 0.25550E-05 0.52085E-05
   11875  0.98086E-03-0.11258E-03-0.77303E-05 0.21299E-02 0.15873E-05 0.15606E-05
   11876 -0.10515E-02 0.13800E-03-0.29995E-05-0.22426E-02 0.34752E-06 0.17039E-05
   11876  0.10734E-02-0.13712E-03-0.73218E-05 0.22823E-02 0.24002E-05 0.28537E-05
   11877 -0.11417E-02 0.15950E-03-0.36182E-05-0.24003E-02-0.18822E-05-0.19494E-05
   11877  0.11635E-02-0.15879E-03-0.66128E-05 0.24393E-02 0.33761E-05 0.44539E-05
   11878 -0.12244E-02 0.17261E-03-0.39770E-05-0.25687E-02-0.41095E-05-0.56430E-05
   11878  0.12459E-02-0.17190E-03-0.61912E-05 0.26068E-02 0.45320E-05 0.63545E-05
   11879 -0.12953E-02 0.17408E-03-0.44474E-05-0.27492E-02-0.62947E-05-0.92110E-05
   11879  0.13164E-02-0.17322E-03-0.56600E-05 0.27870E-02 0.58160E-05 0.84162E-05
   11880 -0.13544E-02 0.16393E-03-0.43223E-05-0.29401E-02-0.84094E-05-0.12537E-04
   11880  0.13748E-02-0.16306E-03-0.49507E-05 0.29778E-02 0.71534E-05 0.10479E-04
   11881 -0.14079E-02 0.14847E-03-0.46566E-05-0.31359E-02-0.10413E-04-0.15578E-04
   11881  0.14278E-02-0.14716E-03-0.49490E-05 0.31732E-02 0.84481E-05 0.12413E-04
   11882 -0.14684E-02 0.13969E-03-0.40479E-05-0.33233E-02-0.12142E-04-0.18232E-04
   11882  0.14879E-02-0.13843E-03-0.48195E-05 0.33610E-02 0.95126E-05 0.14039E-04
   11883 -0.15495E-02 0.15183E-03-0.36649E-05-0.34899E-02-0.13380E-04-0.20377E-04
   11883  0.15688E-02-0.15070E-03-0.48886E-05 0.35272E-02 0.10125E-04 0.15165E-04
   11884 -0.16578E-02 0.19079E-03-0.34593E-05-0.36306E-02-0.13998E-04-0.21918E-04
   11884  0.16767E-02-0.18989E-03-0.51311E-05 0.36661E-02 0.10164E-04 0.15657E-04
   11885 -0.17872E-02 0.24966E-03-0.23942E-05-0.37503E-02-0.13960E-04-0.22680E-04
   11885  0.18062E-02-0.24948E-03-0.53150E-05 0.37849E-02 0.95917E-05 0.15330E-04
   11886 -0.19226E-02 0.31338E-03-0.16288E-05-0.38650E-02-0.13357E-04-0.22521E-04
   11886  0.19418E-02-0.31379E-03-0.56351E-05 0.38989E-02 0.84723E-05 0.14046E-04
   11887 -0.20512E-02 0.36986E-03-0.80532E-06-0.39862E-02-0.12324E-04-0.21433E-04
   11887  0.20702E-02-0.37073E-03-0.59723E-05 0.40190E-02 0.69182E-05 0.11820E-04
   11888 -0.21698E-02 0.41689E-03-0.21608E-06-0.41162E-02-0.10884E-04-0.19387E-04
   11888  0.21890E-02-0.41826E-03-0.58623E-05 0.41489E-02 0.49494E-05 0.86448E-05
   11889 -0.22788E-02 0.45576E-03-0.19680E-06-0.42526E-02-0.89310E-05-0.16195E-04
   11889  0.22984E-02-0.45778E-03-0.47443E-05 0.42862E-02 0.24673E-05 0.43517E-05
   11890 -0.21991E-02 0.44865E-03-0.67849E-06-0.40701E-02-0.64957E-05-0.11916E-04
   11890  0.22073E-02-0.44885E-03-0.31141E-05 0.40831E-02-0.25512E-06-0.53016E-06
   11891 -0.14422E-02 0.29173E-03-0.90256E-08-0.26781E-02-0.35970E-05-0.65983E-05
   11891  0.13732E-02-0.27758E-03-0.16486E-05 0.25473E-02-0.17821E-05-0.32805E-05
   11892 -0.36165E-03 0.71606E-04 0.10716E-05-0.67551E-03-0.15317E-05-0.27535E-05
   11892  0.22555E-03-0.46385E-04-0.22146E-05 0.41142E-03-0.15556E-05-0.27866E-05
   11893  0.44853E-04-0.74414E-05-0.53716E-06 0.88505E-04-0.79494E-06-0.13731E-05
   11893 -0.14883E-03 0.24175E-04-0.10951E-06-0.29948E-03-0.82264E-06-0.14193E-05
   11894 -0.12966E-04 0.15780E-05-0.13024E-06-0.28291E-04-0.31276E-06-0.52295E-06
   11894 -0.19291E-04 0.31276E-05-0.38005E-06-0.39614E-04-0.33061E-06-0.55144E-06
   11895  0.43279E-04-0.42448E-05-0.36509E-06 0.96542E-04-0.38561E-07-0.63010E-07
   11895 -0.12170E-04 0.12984E-05-0.51249E-06-0.27990E-04 0.95019E-07 0.15161E-06
   11896  0.55294E-04-0.55846E-05-0.43586E-06 0.12282E-03 0.25390E-06 0.40949E-06
   11896  0.10256E-04-0.82197E-06-0.77159E-06 0.22183E-04 0.33105E-06 0.53386E-06
   11897 -0.47937E-03 0.54797E-04-0.13371E-06-0.10495E-02 0.22210E-06 0.35918E-06
   11897  0.54715E-03-0.61637E-04-0.13959E-05 0.11981E-02 0.75591E-06 0.12287E-05
   11898 -0.13242E-02 0.16633E-03-0.20445E-05-0.28479E-02-0.26253E-05-0.43741E-05
   11898  0.13794E-02-0.17245E-03 0.34802E-06 0.29663E-02 0.36531E-05 0.60666E-05
   11899 -0.16310E-02 0.21860E-03-0.35724E-05-0.34599E-02-0.74123E-05-0.12490E-04
   11899  0.16804E-02-0.22462E-03 0.20349E-05 0.35634E-02 0.79834E-05 0.13445E-04
   11900 -0.15053E-02 0.19231E-03 0.18067E-05-0.32174E-02-0.10467E-04-0.17582E-04
   11900  0.15535E-02-0.19821E-03-0.25458E-05 0.33200E-02 0.10444E-04 0.17554E-04
   11901 -0.13538E-02 0.13785E-03 0.79376E-05-0.30080E-02-0.11012E-04-0.18093E-04
   11901  0.13999E-02-0.14263E-03-0.78688E-05 0.31106E-02 0.10610E-04 0.17461E-04
   11902 -0.11873E-02 0.70221E-04 0.13786E-04-0.28035E-02-0.93437E-05-0.14883E-04
   11902  0.12307E-02-0.73226E-04-0.12871E-04 0.29072E-02 0.87294E-05 0.13955E-04
   11903 -0.10282E-02 0.15819E-04 0.16420E-04-0.25745E-02-0.63418E-05-0.98796E-05
   11903  0.10702E-02-0.16157E-04-0.17917E-04 0.26790E-02 0.54581E-05 0.85907E-05
   11904 -0.89362E-03-0.85560E-05 0.16882E-04-0.23081E-02-0.27438E-05-0.44015E-05
   11904  0.93542E-03 0.10004E-04-0.20916E-04 0.24134E-02 0.13143E-05 0.23414E-05
   11905 -0.78110E-03-0.77375E-05 0.15302E-04-0.20173E-02 0.71462E-06 0.67496E-06
   11905  0.82405E-03 0.10070E-04-0.22184E-04 0.21231E-02-0.29212E-05-0.38732E-05
   11906 -0.67529E-03-0.10639E-07 0.13296E-04-0.17214E-02 0.32089E-05 0.44094E-05
   11906  0.71901E-03 0.23141E-05-0.21358E-04 0.18270E-02-0.62152E-05-0.88082E-05
   11907 -0.56056E-03-0.12161E-05 0.11026E-04-0.14330E-02 0.47849E-05 0.67754E-05
   11907  0.60393E-03 0.36359E-05-0.19028E-04 0.15381E-02-0.85035E-05-0.12201E-04
   11908 -0.43444E-03-0.12543E-04 0.89284E-05-0.11485E-02 0.56332E-05 0.79048E-05
   11908  0.47585E-03 0.15812E-04-0.16091E-04 0.12530E-02-0.99659E-05-0.14083E-04
   11909 -0.30473E-03-0.23684E-04 0.59387E-05-0.85503E-03 0.58277E-05 0.79373E-05
   11909  0.34331E-03 0.28785E-04-0.13131E-04 0.95810E-03-0.10689E-04-0.14613E-04
   11910 -0.18158E-03-0.24525E-04 0.27849E-05-0.54435E-03 0.54202E-05 0.71313E-05
   11910  0.21731E-03 0.31515E-04-0.10060E-04 0.64592E-03-0.10723E-04-0.14132E-04
   11911 -0.68991E-04-0.12202E-04-0.41673E-07-0.21795E-03 0.43881E-05 0.56156E-05
   11911  0.10260E-03 0.20702E-04-0.74696E-05 0.31831E-03-0.10085E-04-0.12907E-04
   11912  0.34707E-04 0.10200E-04-0.21321E-05 0.11825E-03 0.26047E-05 0.32652E-05
   11912 -0.29089E-05-0.65680E-06-0.52417E-05-0.19154E-04-0.88392E-05-0.11048E-04
   11913  0.13005E-03 0.41861E-04-0.31901E-05 0.46272E-03 0.18728E-06 0.25411E-06
   11913 -0.10067E-03-0.31596E-04-0.29721E-05-0.36556E-03-0.72448E-05-0.88241E-05
   11914  0.17856E-03 0.72545E-04-0.21899E-05 0.68412E-03-0.14094E-05-0.16447E-05
   11914 -0.10097E-03-0.37478E-04-0.11673E-05-0.38067E-03-0.57184E-05-0.67070E-05
   11915  0.12856E-03 0.67726E-04-0.85565E-06 0.53918E-03-0.18704E-05-0.20904E-05
   11915 -0.61827E-06 0.52136E-05-0.52827E-06 0.12457E-04-0.36372E-05-0.40576E-05
   11916  0.31677E-04 0.19483E-04 0.74683E-07 0.14157E-03-0.16775E-05-0.17591E-05
   11916  0.30331E-04 0.21457E-04 0.11046E-06 0.14350E-03-0.16466E-05-0.17318E-05
   11917 -0.42313E-04-0.54591E-04 0.39515E-06-0.26770E-03-0.68183E-06-0.68193E-06
   11917 -0.18176E-04-0.25859E-04 0.37519E-06-0.12125E-03-0.66556E-06-0.66382E-06
   11918 -0.63626E-04-0.97613E-04 0.44765E-06-0.44492E-03 0.48087E-06 0.43049E-06
   11918 -0.66824E-04-0.10970E-03 0.64271E-06-0.48638E-03 0.39525E-06 0.35182E-06
   11919  0.21469E-04 0.65516E-04 0.89389E-06 0.23915E-03 0.20890E-05 0.18272E-05
   11919 -0.12796E-03-0.27450E-03 0.64397E-06-0.11051E-02 0.20351E-05 0.17785E-05
   11920  0.13067E-03 0.37583E-03 0.10491E-05 0.13847E-02 0.41009E-05 0.34499E-05
   11920 -0.16378E-03-0.45287E-03-0.16957E-05-0.16881E-02 0.34268E-05 0.28877E-05
   11921  0.13337E-03 0.51060E-03 0.13860E-05 0.17475E-02 0.52951E-05 0.42628E-05
   11921 -0.13120E-03-0.50465E-03-0.40248E-05-0.17301E-02 0.35781E-05 0.28903E-05
   11922  0.75995E-04 0.48446E-03 0.47488E-06 0.14998E-02 0.55991E-05 0.42601E-05
   11922 -0.74060E-04-0.47812E-03-0.40078E-05-0.14837E-02 0.32412E-05 0.24814E-05
   11923  0.24723E-04 0.45389E-03-0.26928E-06 0.12546E-02 0.57039E-05 0.40549E-05
   11923 -0.23139E-04-0.44703E-03-0.38174E-05-0.12393E-02 0.32457E-05 0.23225E-05
   11924 -0.18447E-04 0.41701E-03-0.13114E-05 0.10123E-02 0.57052E-05 0.37346E-05
   11924  0.19659E-04-0.40924E-03-0.34773E-05-0.99726E-03 0.35048E-05 0.23003E-05
   11925 -0.49860E-04 0.37028E-03-0.23566E-05 0.77706E-03 0.57898E-05 0.34215E-05
   11925  0.50642E-04-0.36124E-03-0.33292E-05-0.76205E-03 0.38219E-05 0.22665E-05
   11926 -0.65606E-04 0.30894E-03-0.34164E-05 0.55289E-03 0.58621E-05 0.30723E-05
   11926  0.65847E-04-0.29835E-03-0.32581E-05-0.53796E-03 0.42609E-05 0.22368E-05
   11927 -0.63765E-04 0.23118E-03-0.40872E-05 0.34816E-03 0.59238E-05 0.26930E-05
   11927  0.63351E-04-0.21874E-03-0.36909E-05-0.33345E-03 0.47856E-05 0.21777E-05
   11928 -0.44143E-04 0.13780E-03-0.48388E-05 0.17252E-03 0.60814E-05 0.23324E-05
   11928  0.42944E-04-0.12324E-03-0.40963E-05-0.15839E-03 0.52447E-05 0.20123E-05
   11929 -0.83701E-05 0.30660E-04-0.55212E-05 0.34830E-04 0.62150E-05 0.19354E-05
   11929  0.62556E-05-0.13770E-04-0.45577E-05-0.21783E-04 0.56952E-05 0.17732E-05
   11930  0.40202E-04-0.86276E-04-0.62302E-05-0.56770E-04 0.64282E-05 0.15344E-05
   11930 -0.43318E-04 0.10562E-03-0.49358E-05 0.68054E-04 0.59672E-05 0.14206E-05
   11931  0.96945E-04-0.20836E-03-0.68432E-05-0.97037E-04 0.65773E-05 0.10890E-05
   11931 -0.10105E-03 0.23014E-03-0.53469E-05 0.10575E-03 0.61378E-05 0.10115E-05
   11932  0.15623E-03-0.32995E-03-0.72543E-05-0.83959E-04 0.66300E-05 0.61474E-06
   11932 -0.16122E-03 0.35397E-03-0.58228E-05 0.89261E-04 0.61772E-05 0.56565E-06
   11933  0.21173E-03-0.44406E-03-0.76017E-05-0.18901E-04 0.65772E-05 0.13577E-06
   11933 -0.21737E-03 0.46996E-03-0.62229E-05 0.20012E-04 0.60576E-05 0.10791E-06
   11934  0.25747E-03-0.54443E-03-0.76694E-05 0.92679E-04 0.63241E-05-0.32542E-06
   11934 -0.26348E-03 0.57179E-03-0.67409E-05-0.96386E-04 0.58583E-05-0.32553E-06
   11935  0.28863E-03-0.62538E-03-0.80156E-05 0.24235E-03 0.57384E-05-0.76618E-06
   11935 -0.29466E-03 0.65367E-03-0.67342E-05-0.25133E-03 0.57209E-05-0.68534E-06
   11936  0.30149E-03-0.68321E-03-0.80158E-05 0.41885E-03 0.51456E-05-0.10238E-05
   11936 -0.30726E-03 0.71190E-03-0.66780E-05-0.43343E-03 0.53302E-05-0.10727E-05
   11937  0.29556E-03-0.71799E-03-0.77975E-05 0.60916E-03 0.45602E-05-0.11724E-05
   11937 -0.30069E-03 0.74650E-03-0.66164E-05-0.62929E-03 0.46782E-05-0.13520E-05
   11938  0.27139E-03-0.73010E-03-0.74247E-05 0.80112E-03 0.35215E-05-0.11844E-05
   11938 -0.27550E-03 0.75772E-03-0.63960E-05-0.82644E-03 0.43196E-05-0.15317E-05
   11939  0.23057E-03-0.72073E-03-0.68788E-05 0.98424E-03 0.24634E-05-0.10105E-05
   11939 -0.23340E-03 0.74698E-03-0.61294E-05-0.10143E-02 0.38940E-05-0.16545E-05
   11940  0.17673E-03-0.69359E-03-0.63587E-05 0.11499E-02 0.13857E-05-0.66467E-06
   11940 -0.17808E-03 0.71812E-03-0.56958E-05-0.11841E-02 0.34488E-05-0.17102E-05
   11941  0.11457E-03-0.65368E-03-0.56279E-05 0.12917E-02 0.32606E-06-0.16429E-06
   11941 -0.11446E-03 0.67614E-03-0.50242E-05-0.13292E-02 0.30142E-05-0.17095E-05
   11942  0.50336E-04-0.60769E-03-0.48843E-05 0.14063E-02-0.68777E-06 0.45006E-06
   11942 -0.48740E-04 0.62798E-03-0.44751E-05-0.14462E-02 0.26072E-05-0.16490E-05
   11943 -0.10457E-04-0.56173E-03-0.40087E-05 0.14943E-02-0.16266E-05 0.11388E-05
   11943  0.13286E-04 0.57992E-03-0.38304E-05-0.15359E-02 0.22332E-05-0.15438E-05
   11944 -0.65168E-04-0.51884E-03-0.29434E-05 0.15593E-02-0.24614E-05 0.18496E-05
   11944  0.68871E-04 0.53501E-03-0.29807E-05-0.16021E-02 0.18785E-05-0.13979E-05
   11945 -0.11454E-03-0.47853E-03-0.21003E-05 0.16070E-02-0.31884E-05 0.25526E-05
   11945  0.11905E-03 0.49287E-03-0.22977E-05-0.16504E-02 0.15391E-05-0.12231E-05
   11946 -0.16307E-03-0.43672E-03-0.10479E-05 0.16418E-02-0.37834E-05 0.31998E-05
   11946  0.16824E-03 0.44924E-03-0.14037E-05-0.16859E-02 0.12049E-05-0.10039E-05
   11947 -0.21520E-03-0.38888E-03-0.31115E-07 0.16654E-02-0.42769E-05 0.38022E-05
   11947  0.22116E-03 0.39950E-03-0.57799E-06-0.17100E-02 0.92689E-06-0.77056E-06
   11948 -0.27107E-03-0.33475E-03 0.88618E-06 0.16763E-02-0.46072E-05 0.43722E-05
   11948  0.27791E-03 0.34329E-03 0.20862E-06-0.17208E-02 0.65675E-06-0.55653E-06
   11949 -0.32538E-03-0.27943E-03 0.18202E-05 0.16726E-02-0.47739E-05 0.48513E-05
   11949  0.33313E-03 0.28594E-03 0.10402E-05-0.17171E-02 0.39146E-06-0.33642E-06
   11950 -0.36855E-03-0.23276E-03 0.27751E-05 0.16566E-02-0.48453E-05 0.51906E-05
   11950  0.37702E-03 0.23754E-03 0.18836E-05-0.17015E-02 0.18595E-06-0.12653E-06
   11951 -0.39401E-03-0.20191E-03 0.35280E-05 0.16350E-02-0.48220E-05 0.53434E-05
   11951  0.40284E-03 0.20547E-03 0.25643E-05-0.16798E-02 0.11930E-07 0.69939E-07
   11952 -0.40508E-03-0.18430E-03 0.43490E-05 0.16117E-02-0.47208E-05 0.53312E-05
   11952  0.41390E-03 0.18695E-03 0.33498E-05-0.16567E-02-0.13902E-06 0.24401E-06
   11953 -0.41355E-03-0.16848E-03 0.50938E-05 0.15861E-02-0.45134E-05 0.51603E-05
   11953  0.42234E-03 0.17029E-03 0.41104E-05-0.16313E-02-0.27250E-06 0.42721E-06
   11954 -0.42980E-03-0.14406E-03 0.58082E-05 0.15548E-02-0.42115E-05 0.49359E-05
   11954  0.43865E-03 0.14473E-03 0.48584E-05-0.15994E-02-0.38759E-06 0.59151E-06
   11955 -0.45454E-03-0.10972E-03 0.64471E-05 0.15141E-02-0.38235E-05 0.46756E-05
   11955  0.46372E-03 0.10899E-03 0.55240E-05-0.15577E-02-0.49979E-06 0.74827E-06
   11956 -0.47794E-03-0.74866E-04 0.70399E-05 0.14658E-02-0.33992E-05 0.43365E-05
   11956  0.48763E-03 0.72767E-04 0.61432E-05-0.15087E-02-0.57707E-06 0.88651E-06
   11957 -0.48881E-03-0.50961E-04 0.75157E-05 0.14174E-02-0.29808E-05 0.39133E-05
   11957  0.49875E-03 0.47864E-04 0.66890E-05-0.14596E-02-0.61903E-06 0.97344E-06
   11958 -0.48615E-03-0.39451E-04 0.77982E-05 0.13729E-02-0.25597E-05 0.33937E-05
   11958  0.49610E-03 0.35810E-04 0.71068E-05-0.14147E-02-0.64819E-06 0.10322E-05
   11959 -0.48014E-03-0.30737E-04 0.81724E-05 0.13283E-02-0.21572E-05 0.28793E-05
   11959  0.49006E-03 0.26571E-04 0.76076E-05-0.13699E-02-0.63697E-06 0.10241E-05
   11960 -0.48116E-03-0.14241E-04 0.83390E-05 0.12761E-02-0.17313E-05 0.23488E-05
   11960  0.49133E-03 0.94132E-05 0.79146E-05-0.13171E-02-0.62049E-06 0.10223E-05
   11961 -0.48809E-03 0.93244E-05 0.85632E-05 0.12143E-02-0.13223E-05 0.18368E-05
   11961  0.49866E-03-0.15083E-04 0.81961E-05-0.12541E-02-0.56912E-06 0.98763E-06
   11962 -0.48904E-03 0.28327E-04 0.87042E-05 0.11512E-02-0.97049E-06 0.13686E-05
   11962  0.49991E-03-0.34838E-04 0.83870E-05-0.11899E-02-0.45912E-06 0.84937E-06
   11963 -0.47398E-03 0.32364E-04 0.86192E-05 0.10983E-02-0.64980E-06 0.89033E-06
   11963  0.48493E-03-0.39026E-04 0.83998E-05-0.11365E-02-0.31784E-06 0.63450E-06
   11964 -0.44575E-03 0.23232E-04 0.87765E-05 0.10567E-02-0.37138E-06 0.45487E-06
   11964  0.45639E-03-0.29727E-04 0.85789E-05-0.10953E-02-0.12686E-06 0.32808E-06
   11965 -0.41863E-03 0.14857E-04 0.85189E-05 0.10160E-02-0.10739E-06 0.50844E-07
   11965  0.42921E-03-0.20917E-04 0.83289E-05-0.10550E-02 0.64978E-07 0.26229E-07
   11966 -0.40456E-03 0.19209E-04 0.85403E-05 0.96441E-03 0.16057E-06-0.35613E-06
   11966  0.41555E-03-0.25457E-04 0.81865E-05-0.10036E-02 0.18988E-06-0.17304E-06
   11967 -0.40136E-03 0.35617E-04 0.83932E-05 0.89844E-03 0.41580E-06-0.77403E-06
   11967  0.41348E-03-0.42478E-04 0.78227E-05-0.93739E-03 0.23618E-06-0.26328E-06
   11968 -0.39745E-03 0.53018E-04 0.81662E-05 0.82557E-03 0.63486E-06-0.11754E-05
   11968  0.41063E-03-0.60608E-04 0.75210E-05-0.86358E-03 0.24691E-06-0.30417E-06
   11969 -0.38285E-03 0.61281E-04 0.78121E-05 0.75724E-03 0.81093E-06-0.15135E-05
   11969  0.39685E-03-0.69183E-04 0.70528E-05-0.79456E-03 0.27504E-06-0.37320E-06
   11970 -0.35767E-03 0.59654E-04 0.75737E-05 0.69775E-03 0.94140E-06-0.17480E-05
   11970  0.37212E-03-0.67506E-04 0.66132E-05-0.73504E-03 0.35373E-06-0.52399E-06
   11971 -0.32739E-03 0.53027E-04 0.71833E-05 0.64416E-03 0.10310E-05-0.18850E-05
   11971  0.34203E-03-0.60456E-04 0.60229E-05-0.68156E-03 0.47908E-06-0.74807E-06
   11972 -0.29723E-03 0.46204E-04 0.68895E-05 0.59145E-03 0.10861E-05-0.19576E-05
   11972  0.31194E-03-0.53225E-04 0.54933E-05-0.62888E-03 0.62603E-06-0.10054E-05
   11973 -0.26921E-03 0.41382E-04 0.65847E-05 0.53676E-03 0.11116E-05-0.19915E-05
   11973  0.28417E-03-0.48093E-04 0.49167E-05-0.57419E-03 0.77267E-06-0.12663E-05
   11974 -0.24281E-03 0.38205E-04 0.62914E-05 0.48004E-03 0.11204E-05-0.20118E-05
   11974  0.25809E-03-0.44710E-04 0.42966E-05-0.51723E-03 0.90230E-06-0.15083E-05
   11975 -0.21712E-03 0.35991E-04 0.60105E-05 0.42147E-03 0.11266E-05-0.20426E-05
   11975  0.23279E-03-0.42387E-04 0.36390E-05-0.45818E-03 0.10032E-05-0.17149E-05
   11976 -0.19116E-03 0.34023E-04 0.57322E-05 0.36114E-03 0.11334E-05-0.20886E-05
   11976  0.20729E-03-0.40385E-04 0.29376E-05-0.39715E-03 0.10771E-05-0.18910E-05
   11977 -0.16395E-03 0.31587E-04 0.53964E-05 0.29927E-03 0.11399E-05-0.21470E-05
   11977  0.18063E-03-0.37948E-04 0.21877E-05-0.33444E-03 0.11303E-05-0.20470E-05
   11978 -0.13456E-03 0.27815E-04 0.50343E-05 0.23674E-03 0.11521E-05-0.22214E-05
   11978  0.15178E-03-0.34157E-04 0.14018E-05-0.27101E-03 0.11668E-05-0.21816E-05
   11979 -0.10250E-03 0.22121E-04 0.46307E-05 0.17481E-03 0.11742E-05-0.23053E-05
   11979  0.12020E-03-0.28298E-04 0.50411E-06-0.20823E-03 0.11969E-05-0.22974E-05
   11980 -0.68152E-04 0.14712E-04 0.41801E-05 0.11382E-03 0.12078E-05-0.23895E-05
   11980  0.86227E-04-0.20564E-04-0.38973E-06-0.14664E-03 0.12301E-05-0.23982E-05
   11981 -0.32619E-04 0.63907E-05 0.37538E-05 0.53336E-04 0.12538E-05-0.24736E-05
   11981  0.50952E-04-0.11787E-04-0.12922E-05-0.85837E-04 0.12670E-05-0.24820E-05
   11982  0.28517E-05-0.19669E-05 0.33331E-05-0.68371E-05 0.13124E-05-0.25670E-05
   11982  0.15641E-04-0.29076E-05-0.21520E-05-0.25454E-04 0.13006E-05-0.25438E-05
   11983  0.37870E-04-0.10111E-04 0.30261E-05-0.66923E-04 0.13648E-05-0.26486E-05
   11983 -0.19279E-04 0.57206E-05-0.30064E-05 0.34902E-04 0.13389E-05-0.26153E-05
   11984  0.72932E-04-0.18312E-04 0.27225E-05-0.12690E-03 0.13909E-05-0.26928E-05
   11984 -0.54209E-04 0.14314E-04-0.37912E-05 0.95277E-04 0.13939E-05-0.27331E-05
   11985  0.10874E-03-0.27136E-04 0.24636E-05-0.18639E-03 0.13817E-05-0.26868E-05
   11985 -0.89793E-04 0.23421E-04-0.45642E-05 0.15526E-03 0.14733E-05-0.29193E-05
   11986  0.14604E-03-0.37156E-04 0.22095E-05-0.24494E-03 0.13378E-05-0.26311E-05
   11986 -0.12679E-03 0.33640E-04-0.53519E-05 0.21444E-03 0.15779E-05-0.31820E-05
   11987  0.18547E-03-0.48764E-04 0.19410E-05-0.30244E-03 0.12726E-05-0.25450E-05
   11987 -0.16585E-03 0.45413E-04-0.61982E-05 0.27272E-03 0.16987E-05-0.35060E-05
   11988  0.22725E-03-0.62045E-04 0.16291E-05-0.35894E-03 0.12020E-05-0.24515E-05
   11988 -0.20724E-03 0.58865E-04-0.70850E-05 0.33011E-03 0.18246E-05-0.38678E-05
   11989  0.27112E-03-0.76700E-04 0.12531E-05-0.41484E-03 0.11502E-05-0.23928E-05
   11989 -0.25067E-03 0.73756E-04-0.80757E-05 0.38690E-03 0.19375E-05-0.42199E-05
   11990  0.31642E-03-0.92145E-04 0.84985E-06-0.47092E-03 0.11404E-05-0.24140E-05
   11990 -0.29553E-03 0.89512E-04-0.91481E-05 0.44378E-03 0.20187E-05-0.45058E-05
   11991  0.36238E-03-0.10766E-03 0.37841E-06-0.52819E-03 0.11877E-05-0.25479E-05
   11991 -0.34103E-03 0.10544E-03-0.10288E-04 0.50169E-03 0.20543E-05-0.46758E-05
   11992  0.40814E-03-0.12252E-03-0.12390E-06-0.58775E-03 0.12975E-05-0.28064E-05
   11992 -0.38634E-03 0.12078E-03-0.11443E-04 0.56167E-03 0.20364E-05-0.46963E-05
   11993  0.45304E-03-0.13629E-03-0.60418E-06-0.64995E-03 0.14602E-05-0.31676E-05
   11993 -0.43082E-03 0.13506E-03-0.12535E-04 0.62409E-03 0.19672E-05-0.45694E-05
   11994  0.49733E-03-0.14936E-03-0.10651E-05-0.71367E-03 0.16468E-05-0.35736E-05
   11994 -0.47473E-03 0.14866E-03-0.13597E-04 0.68794E-03 0.18598E-05-0.43398E-05
   11995  0.54238E-03-0.16311E-03-0.14575E-05-0.77662E-03 0.18130E-05-0.39420E-05
   11995 -0.51932E-03 0.16280E-03-0.14534E-04 0.75090E-03 0.17352E-05-0.40788E-05
   11996  0.58975E-03-0.17894E-03-0.18403E-05-0.83643E-03 0.19197E-05-0.42033E-05
   11996 -0.56617E-03 0.17893E-03-0.15373E-04 0.81076E-03 0.16111E-05-0.38405E-05
   11997  0.63954E-03-0.19688E-03-0.22399E-05-0.89308E-03 0.19397E-05-0.42916E-05
   11997 -0.61546E-03 0.19716E-03-0.16212E-04 0.86765E-03 0.15074E-05-0.36630E-05
   11998  0.68941E-03-0.21458E-03-0.26558E-05-0.95097E-03 0.18851E-05-0.41977E-05
   11998 -0.66480E-03 0.21516E-03-0.17055E-04 0.92568E-03 0.14239E-05-0.35189E-05
   11999  0.73732E-03-0.23008E-03-0.29949E-05-0.10139E-02 0.17512E-05-0.38844E-05
   11999 -0.71201E-03 0.23089E-03-0.17830E-04 0.98819E-03 0.13778E-05-0.34338E-05
   12000  0.78655E-03-0.24691E-03-0.30737E-05-0.10748E-02 0.14906E-05-0.32779E-05
   12000 -0.76066E-03 0.24775E-03-0.18346E-04 0.10488E-02 0.14037E-05-0.35251E-05
   12001  0.84422E-03-0.27172E-03-0.32414E-05-0.11210E-02 0.10934E-05-0.23826E-05
   12001 -0.81785E-03 0.27252E-03-0.18803E-04 0.10953E-02 0.14919E-05-0.38381E-05
   12002  0.91331E-03-0.30738E-03-0.31877E-05-0.11460E-02 0.60056E-06-0.12316E-05
   12002 -0.88634E-03 0.30795E-03-0.19448E-04 0.11212E-02 0.16072E-05-0.43393E-05
   12003  0.98758E-03-0.34707E-03-0.35035E-05-0.11623E-02 0.11691E-06 0.11509E-07
   12003 -0.95970E-03 0.34763E-03-0.20532E-04 0.11384E-02 0.16719E-05-0.47853E-05
   12004  0.10559E-02-0.37947E-03-0.39528E-05-0.11966E-02-0.27251E-06 0.11108E-05
   12004 -0.10271E-02 0.38034E-03-0.21903E-04 0.11734E-02 0.16109E-05-0.48142E-05
   12005  0.11136E-02-0.40072E-03-0.44451E-05-0.12585E-02-0.57126E-06 0.19744E-05
   12005 -0.10840E-02 0.40201E-03-0.23091E-04 0.12350E-02 0.14080E-05-0.43100E-05
   12006  0.11682E-02-0.41909E-03-0.45853E-05-0.13276E-02-0.80777E-06 0.26592E-05
   12006 -0.11379E-02 0.42058E-03-0.23947E-04 0.13035E-02 0.10810E-05-0.34289E-05
   12007  0.12308E-02-0.44563E-03-0.43418E-05-0.13775E-02-0.10008E-05 0.32806E-05
   12007 -0.12003E-02 0.44701E-03-0.24316E-04 0.13535E-02 0.67810E-06-0.23866E-05
   12008  0.13039E-02-0.48206E-03-0.42547E-05-0.14034E-02-0.11519E-05 0.38767E-05
   12008 -0.12733E-02 0.48350E-03-0.24947E-04 0.13805E-02 0.23750E-06-0.12356E-05
   12009  0.13782E-02-0.51907E-03-0.42056E-05-0.14287E-02-0.12675E-05 0.43956E-05
   12009 -0.13473E-02 0.52055E-03-0.25721E-04 0.14065E-02-0.26034E-06 0.16253E-06
   12010  0.14452E-02-0.54789E-03-0.43278E-05-0.14770E-02-0.13735E-05 0.48118E-05
   12010 -0.14134E-02 0.54932E-03-0.26342E-04 0.14545E-02-0.85675E-06 0.19204E-05
   12011  0.15070E-02-0.57135E-03-0.42495E-05-0.15408E-02-0.14761E-05 0.51577E-05
   12011 -0.14748E-02 0.57268E-03-0.26554E-04 0.15179E-02-0.15468E-05 0.39708E-05
   12012  0.15715E-02-0.59767E-03-0.39306E-05-0.15969E-02-0.15795E-05 0.55327E-05
   12012 -0.15395E-02 0.59888E-03-0.26461E-04 0.15743E-02-0.22471E-05 0.61024E-05
   12013  0.16444E-02-0.63205E-03-0.34716E-05-0.16324E-02-0.16861E-05 0.60071E-05
   12013 -0.16125E-02 0.63278E-03-0.25992E-04 0.16100E-02-0.28741E-05 0.81701E-05
   12014  0.17248E-02-0.67325E-03-0.29442E-05-0.16497E-02-0.17988E-05 0.65922E-05
   12014 -0.16927E-02 0.67331E-03-0.25429E-04 0.16276E-02-0.34002E-05 0.10134E-04
   12015  0.18073E-02-0.71617E-03-0.25863E-05-0.16613E-02-0.19249E-05 0.72614E-05
   12015 -0.17755E-02 0.71582E-03-0.24943E-04 0.16401E-02-0.38504E-05 0.12009E-04
   12016  0.18904E-02-0.75898E-03-0.21452E-05-0.16735E-02-0.20581E-05 0.79731E-05
   12016 -0.18591E-02 0.75829E-03-0.24355E-04 0.16533E-02-0.42485E-05 0.13815E-04
   12017  0.19766E-02-0.80414E-03-0.16455E-05-0.16789E-02-0.21725E-05 0.86841E-05
   12017 -0.19456E-02 0.80293E-03-0.23638E-04 0.16595E-02-0.45797E-05 0.15561E-04
   12018  0.20678E-02-0.85356E-03-0.12170E-05-0.16697E-02-0.22498E-05 0.93723E-05
   12018 -0.20373E-02 0.85182E-03-0.22776E-04 0.16513E-02-0.48158E-05 0.17229E-04
   12019  0.21623E-02-0.90546E-03-0.93852E-06-0.16502E-02-0.22911E-05 0.10009E-04
   12019 -0.21327E-02 0.90348E-03-0.22005E-04 0.16332E-02-0.49714E-05 0.18821E-04
   12020  0.22563E-02-0.95613E-03-0.70977E-06-0.16340E-02-0.23144E-05 0.10563E-04
   12020 -0.22277E-02 0.95397E-03-0.21165E-04 0.16184E-02-0.50969E-05 0.20350E-04
   12021  0.23485E-02-0.10043E-02-0.48795E-06-0.16271E-02-0.23319E-05 0.11028E-04
   12021 -0.23207E-02 0.10019E-02-0.20194E-04 0.16125E-02-0.52116E-05 0.21788E-04
   12022  0.24415E-02-0.10528E-02-0.30502E-06-0.16176E-02-0.23295E-05 0.11415E-04
   12022 -0.24150E-02 0.10502E-02-0.19044E-04 0.16041E-02-0.52670E-05 0.23071E-04
   12023  0.25385E-02-0.11046E-02-0.19780E-06-0.15916E-02-0.22939E-05 0.11761E-04
   12023 -0.25136E-02 0.11021E-02-0.17730E-04 0.15796E-02-0.52043E-05 0.24123E-04
   12024  0.26383E-02-0.11586E-02-0.28627E-06-0.15537E-02-0.22442E-05 0.12116E-04
   12024 -0.26150E-02 0.11561E-02-0.16396E-04 0.15431E-02-0.50365E-05 0.24891E-04
   12025  0.27374E-02-0.12112E-02-0.48596E-06-0.15206E-02-0.22174E-05 0.12536E-04
   12025 -0.27155E-02 0.12086E-02-0.14898E-04 0.15111E-02-0.48279E-05 0.25352E-04
   12026  0.28336E-02-0.12605E-02-0.76555E-06-0.15018E-02-0.22401E-05 0.13096E-04
   12026 -0.28134E-02 0.12581E-02-0.13317E-04 0.14935E-02-0.46114E-05 0.25466E-04
   12027  0.29285E-02-0.13083E-02-0.12060E-05-0.14891E-02-0.23018E-05 0.13838E-04
   12027 -0.29104E-02 0.13062E-02-0.11713E-04 0.14819E-02-0.43607E-05 0.25201E-04
   12028  0.30262E-02-0.13586E-02-0.14898E-05-0.14609E-02-0.23647E-05 0.14789E-04
   12028 -0.30097E-02 0.13564E-02-0.99003E-05 0.14547E-02-0.40184E-05 0.24547E-04
   12029  0.31284E-02-0.14130E-02-0.18620E-05-0.14033E-02-0.23999E-05 0.15982E-04
   12029 -0.31135E-02 0.14109E-02-0.80869E-05 0.13981E-02-0.35680E-05 0.23522E-04
   12030  0.32329E-02-0.14697E-02-0.23084E-05-0.13234E-02-0.24035E-05 0.17393E-04
   12030 -0.32200E-02 0.14679E-02-0.64648E-05 0.13193E-02-0.30700E-05 0.22237E-04
   12031  0.33369E-02-0.15258E-02-0.25527E-05-0.12382E-02-0.23803E-05 0.18895E-04
   12031 -0.33260E-02 0.15242E-02-0.48472E-05 0.12350E-02-0.26112E-05 0.20915E-04
   12032  0.34393E-02-0.15802E-02-0.26086E-05-0.11551E-02-0.23207E-05 0.20298E-04
   12032 -0.34301E-02 0.15788E-02-0.33831E-05 0.11526E-02-0.22400E-05 0.19841E-04
   12033  0.35407E-02-0.16338E-02-0.24825E-05-0.10669E-02-0.21933E-05 0.21372E-04
   12033 -0.35335E-02 0.16326E-02-0.20890E-05 0.10652E-02-0.19582E-05 0.19307E-04
   12034  0.33244E-02-0.15400E-02-0.19935E-05-0.88786E-03-0.19267E-05 0.21297E-04
   12034 -0.33912E-02 0.15724E-02-0.91084E-06 0.90451E-03-0.16965E-05 0.18903E-04
   12035  0.18194E-02-0.84518E-03-0.38971E-06-0.44135E-03-0.13016E-05 0.16175E-04
   12035 -0.24377E-02 0.11336E-02-0.88742E-06 0.57857E-03-0.11921E-05 0.14895E-04
   12036 -0.22891E-03 0.10650E-03 0.58146E-06 0.45255E-04-0.61703E-06 0.84358E-05
   12036 -0.11071E-02 0.51594E-03-0.69390E-06 0.23951E-03-0.61825E-06 0.84555E-05
   12037 -0.94683E-03 0.44104E-03 0.69789E-06 0.19422E-03-0.24130E-06 0.34301E-05
   12037 -0.64836E-03 0.30204E-03 0.47861E-06 0.13218E-03-0.25198E-06 0.35785E-05
   12038 -0.74828E-03 0.34868E-03 0.90003E-06 0.14532E-03 0.19465E-07-0.36213E-06
   12038 -0.73883E-03 0.34429E-03 0.91190E-06 0.14293E-03 0.22705E-07-0.40962E-06
   12039 -0.54691E-03 0.25470E-03 0.14826E-05 0.99209E-04 0.28525E-06-0.47376E-05
   12039 -0.59962E-03 0.27938E-03 0.13396E-05 0.10887E-03 0.28595E-06-0.47497E-05
   12040 -0.38059E-03 0.17707E-03 0.16680E-05 0.64921E-04 0.64652E-06-0.11302E-04
   12040 -0.30153E-03 0.14029E-03 0.12889E-05 0.51974E-04 0.65027E-06-0.11367E-04
   12041 -0.20819E-03 0.97900E-04-0.12154E-05 0.34331E-04 0.12298E-05-0.22219E-04
   12041  0.35832E-04-0.17533E-04 0.16432E-05-0.56231E-05 0.12263E-05-0.22154E-04
   12042 -0.31061E-04 0.19092E-04-0.97377E-05 0.55439E-05 0.17538E-05-0.32094E-04
   12042  0.21152E-03-0.10097E-03 0.43875E-05-0.34255E-04 0.17030E-05-0.31166E-04
   12043  0.52451E-04-0.18118E-04-0.13656E-04-0.77858E-05 0.19337E-05-0.35202E-04
   12043  0.22436E-03-0.10535E-03 0.92869E-06-0.36323E-04 0.18155E-05-0.33060E-04
   12044  0.62048E-04-0.21601E-04-0.15786E-04-0.94119E-05 0.19690E-05-0.35124E-04
   12044  0.21707E-03-0.99634E-04-0.39331E-05-0.35620E-04 0.18127E-05-0.32349E-04
   12045  0.64149E-04-0.22149E-04-0.16696E-04-0.99538E-05 0.19909E-05-0.34637E-04
   12045  0.21602E-03-0.97092E-04-0.82416E-05-0.36118E-04 0.18450E-05-0.32114E-04
   12046  0.62317E-04-0.21172E-04-0.16936E-04-0.98959E-05 0.19913E-05-0.33705E-04
   12046  0.21807E-03-0.96334E-04-0.11833E-04-0.37290E-04 0.19128E-05-0.32392E-04
   12047  0.57223E-04-0.18788E-04-0.16928E-04-0.92568E-05 0.19636E-05-0.32344E-04
   12047  0.22311E-03-0.97170E-04-0.15005E-04-0.39047E-04 0.20094E-05-0.33112E-04
   12048  0.49737E-04-0.15292E-04-0.16914E-04-0.80918E-05 0.19000E-05-0.30634E-04
   12048  0.23064E-03-0.99329E-04-0.17839E-04-0.41102E-04 0.21163E-05-0.34130E-04
   12049  0.40718E-04-0.11037E-04-0.17000E-04-0.65286E-05 0.18028E-05-0.28679E-04
   12049  0.23990E-03-0.10243E-03-0.20409E-04-0.43218E-04 0.22190E-05-0.35301E-04
   12050  0.30883E-04-0.63378E-05-0.17228E-04-0.47270E-05 0.16811E-05-0.26576E-04
   12050  0.25018E-03-0.10612E-03-0.22754E-04-0.45262E-04 0.23098E-05-0.36497E-04
   12051  0.20937E-04-0.15221E-05-0.17597E-04-0.28501E-05 0.15399E-05-0.24406E-04
   12051  0.26074E-03-0.11004E-03-0.24924E-04-0.46982E-04 0.23770E-05-0.37625E-04
   12052  0.11825E-04 0.29545E-05-0.18073E-04-0.11167E-05 0.13805E-05-0.22239E-04
   12052  0.27065E-03-0.11372E-03-0.26977E-04-0.47920E-04 0.24031E-05-0.38615E-04
   12053  0.45529E-05 0.66182E-05-0.18644E-04 0.24098E-06 0.12147E-05-0.20122E-04
   12053  0.27887E-03-0.11667E-03-0.28966E-04-0.47984E-04 0.23908E-05-0.39429E-04
   12054 -0.66597E-06 0.93548E-05-0.19280E-04 0.11847E-05 0.10657E-05-0.18083E-04
   12054  0.28512E-03-0.11870E-03-0.30937E-04-0.47907E-04 0.23779E-05-0.40049E-04
   12055 -0.49938E-05 0.11691E-04-0.19949E-04 0.19803E-05 0.94792E-06-0.16131E-04
   12055  0.29047E-03-0.12030E-03-0.32857E-04-0.48722E-04 0.24058E-05-0.40478E-04
   12056 -0.10369E-04 0.14505E-04-0.20601E-04 0.30388E-05 0.85829E-06-0.14279E-04
   12056  0.29680E-03-0.12235E-03-0.34715E-04-0.51051E-04 0.24881E-05-0.40729E-04
   12057 -0.18419E-04 0.18528E-04-0.21175E-04 0.46970E-05 0.78097E-06-0.12550E-04
   12057  0.30573E-03-0.12562E-03-0.36469E-04-0.54658E-04 0.25965E-05-0.40814E-04
   12058 -0.29444E-04 0.23899E-04-0.21668E-04 0.69738E-05 0.69842E-06-0.10960E-04
   12058  0.31758E-03-0.13033E-03-0.38114E-04-0.58487E-04 0.26768E-05-0.40763E-04
   12059 -0.41400E-04 0.29683E-04-0.22094E-04 0.91647E-05 0.59649E-06-0.95365E-05
   12059  0.33046E-03-0.13563E-03-0.39671E-04-0.60234E-04 0.26469E-05-0.40593E-04
   12060 -0.49880E-04 0.33880E-04-0.22551E-04 0.10021E-04 0.47468E-06-0.82916E-05
   12060  0.34009E-03-0.13951E-03-0.41279E-04-0.57524E-04 0.24505E-05-0.40313E-04
   12061 -0.50758E-04 0.34617E-04-0.23178E-04 0.90893E-05 0.35657E-06-0.71932E-05
   12061  0.34227E-03-0.13990E-03-0.43032E-04-0.51271E-04 0.21609E-05-0.39922E-04
   12062 -0.43270E-04 0.31529E-04-0.24012E-04 0.71330E-05 0.26591E-06-0.61888E-05
   12062  0.33609E-03-0.13624E-03-0.44974E-04-0.44877E-04 0.19133E-05-0.39406E-04
   12063 -0.30502E-04 0.25992E-04-0.24936E-04 0.51204E-05 0.20854E-06-0.52405E-05
   12063  0.32456E-03-0.12992E-03-0.47036E-04-0.41224E-04 0.18004E-05-0.38751E-04
   12064 -0.17413E-04 0.20277E-04-0.25826E-04 0.35143E-05 0.17332E-06-0.43179E-05
   12064  0.31252E-03-0.12331E-03-0.49044E-04-0.40950E-04 0.18263E-05-0.37972E-04
   12065 -0.76222E-05 0.16033E-04-0.26560E-04 0.23536E-05 0.14143E-06-0.34157E-05
   12065  0.30356E-03-0.11820E-03-0.50841E-04-0.42271E-04 0.19002E-05-0.37105E-04
   12066 -0.16785E-05 0.13525E-04-0.27149E-04 0.15921E-05 0.10510E-06-0.25768E-05
   12066  0.29833E-03-0.11494E-03-0.52466E-04-0.43450E-04 0.19414E-05-0.36166E-04
   12067  0.17260E-05 0.12150E-04-0.27614E-04 0.11194E-05 0.66439E-07-0.18213E-05
   12067  0.29560E-03-0.11293E-03-0.53972E-04-0.43950E-04 0.19334E-05-0.35185E-04
   12068  0.42649E-05 0.11151E-04-0.28016E-04 0.74147E-06 0.29629E-07-0.11623E-05
   12068  0.29376E-03-0.11139E-03-0.55404E-04-0.43615E-04 0.18816E-05-0.34178E-04
   12069  0.70239E-05 0.10043E-04-0.28404E-04 0.32273E-06-0.22972E-08-0.60186E-06
   12069  0.29171E-03-0.10979E-03-0.56808E-04-0.42913E-04 0.18145E-05-0.33153E-04
   12070  0.96233E-05 0.90091E-05-0.28792E-04-0.68179E-07-0.29112E-07-0.12931E-06
   12070  0.28972E-03-0.10821E-03-0.58162E-04-0.42961E-04 0.17764E-05-0.32115E-04
   12071  0.10595E-04 0.86984E-05-0.29097E-04-0.21050E-06-0.52573E-07 0.25928E-06
   12071  0.28920E-03-0.10735E-03-0.59384E-04-0.44237E-04 0.17764E-05-0.31080E-04
   12072  0.92150E-05 0.94232E-05-0.29268E-04 0.26210E-07-0.72538E-07 0.55306E-06
   12072  0.29093E-03-0.10762E-03-0.60445E-04-0.45775E-04 0.17713E-05-0.30069E-04
   12073  0.67767E-05 0.10607E-04-0.29363E-04 0.43717E-06-0.86651E-07 0.74538E-06
   12073  0.29373E-03-0.10848E-03-0.61405E-04-0.46108E-04 0.17160E-05-0.29105E-04
   12074  0.55164E-05 0.11265E-04-0.29508E-04 0.63958E-06-0.93297E-07 0.83608E-06
   12074  0.29542E-03-0.10886E-03-0.62375E-04-0.44994E-04 0.16187E-05-0.28189E-04
   12075  0.64794E-05 0.10936E-04-0.29764E-04 0.48320E-06-0.93740E-07 0.83468E-06
   12075  0.29493E-03-0.10818E-03-0.63412E-04-0.43536E-04 0.15248E-05-0.27302E-04
   12076  0.85810E-05 0.10094E-04-0.30065E-04 0.16215E-06-0.90399E-07 0.74881E-06
   12076  0.29325E-03-0.10690E-03-0.64472E-04-0.43202E-04 0.14762E-05-0.26428E-04
   12077  0.94140E-05 0.98088E-05-0.30288E-04 0.45654E-07-0.84533E-07 0.58701E-06
   12077  0.29270E-03-0.10615E-03-0.65424E-04-0.44548E-04 0.14768E-05-0.25569E-04
   12078  0.73610E-05 0.10804E-04-0.30364E-04 0.40625E-06-0.75361E-07 0.35168E-06
   12078  0.29488E-03-0.10676E-03-0.66182E-04-0.46726E-04 0.14904E-05-0.24759E-04
   12079  0.27080E-05 0.12952E-04-0.30310E-04 0.12260E-05-0.61426E-07 0.31339E-07
   12079  0.29959E-03-0.10865E-03-0.66774E-04-0.48719E-04 0.14875E-05-0.24026E-04
   12080 -0.35173E-05 0.15804E-04-0.30191E-04 0.23404E-05-0.42252E-07-0.38085E-06
   12080  0.30587E-03-0.11132E-03-0.67272E-04-0.50483E-04 0.14743E-05-0.23396E-04
   12081 -0.10996E-04 0.19217E-04-0.30025E-04 0.37191E-05-0.17505E-07-0.88548E-06
   12081  0.31336E-03-0.11460E-03-0.67693E-04-0.52609E-04 0.14710E-05-0.22881E-04
   12082 -0.19910E-04 0.23265E-04-0.29786E-04 0.54061E-05 0.12875E-07-0.14795E-05
   12082  0.32225E-03-0.11856E-03-0.68018E-04-0.55158E-04 0.14797E-05-0.22502E-04
   12083 -0.29604E-04 0.27639E-04-0.29461E-04 0.71675E-05 0.47770E-07-0.21721E-05
   12083  0.33197E-03-0.12298E-03-0.68266E-04-0.57033E-04 0.14769E-05-0.22275E-04
   12084 -0.38194E-04 0.31525E-04-0.29178E-04 0.84754E-05 0.83488E-07-0.29565E-05
   12084  0.34067E-03-0.12698E-03-0.68520E-04-0.56969E-04 0.14416E-05-0.22207E-04
   12085 -0.43307E-04 0.33900E-04-0.29115E-04 0.88423E-05 0.11659E-06-0.38181E-05
   12085  0.34596E-03-0.12937E-03-0.68913E-04-0.54522E-04 0.13718E-05-0.22279E-04
   12086 -0.42864E-04 0.33821E-04-0.29345E-04 0.80951E-05 0.14699E-06-0.47647E-05
   12086  0.34585E-03-0.12914E-03-0.69556E-04-0.50118E-04 0.12772E-05-0.22424E-04
   12087 -0.36469E-04 0.31093E-04-0.29875E-04 0.65975E-05 0.18074E-06-0.58001E-05
   12087  0.33997E-03-0.12605E-03-0.70505E-04-0.45438E-04 0.11892E-05-0.22562E-04
   12088 -0.26030E-04 0.26571E-04-0.30641E-04 0.49159E-05 0.22646E-06-0.69120E-05
   12088  0.33014E-03-0.12095E-03-0.71671E-04-0.42173E-04 0.11388E-05-0.22632E-04
   12089 -0.14421E-04 0.21518E-04-0.31455E-04 0.33609E-05 0.29070E-06-0.81017E-05
   12089  0.31916E-03-0.11523E-03-0.72885E-04-0.40857E-04 0.11336E-05-0.22600E-04
   12090 -0.44675E-05 0.17185E-04-0.32159E-04 0.21055E-05 0.37602E-06-0.93736E-05
   12090  0.30975E-03-0.11026E-03-0.73985E-04-0.41342E-04 0.11672E-05-0.22467E-04
   12091  0.21308E-05 0.14343E-04-0.32686E-04 0.12487E-05 0.47212E-06-0.10709E-04
   12091  0.30354E-03-0.10688E-03-0.74873E-04-0.42549E-04 0.12098E-05-0.22290E-04
   12092  0.59042E-05 0.12754E-04-0.33065E-04 0.71832E-06 0.56360E-06-0.12114E-04
   12092  0.30007E-03-0.10490E-03-0.75570E-04-0.43202E-04 0.12294E-05-0.22113E-04
   12093  0.85294E-05 0.11683E-04-0.33400E-04 0.32605E-06 0.64574E-06-0.13594E-04
   12093  0.29778E-03-0.10352E-03-0.76199E-04-0.42996E-04 0.12230E-05-0.21959E-04
   12094  0.11185E-04 0.10612E-04-0.33763E-04-0.74094E-07 0.72522E-06-0.15149E-04
   12094  0.29548E-03-0.10216E-03-0.76829E-04-0.42381E-04 0.12068E-05-0.21832E-04
   12095  0.14194E-04 0.93897E-05-0.34158E-04-0.52423E-06 0.80895E-06-0.16779E-04
   12095  0.29285E-03-0.10063E-03-0.77462E-04-0.41750E-04 0.11923E-05-0.21723E-04
   12096  0.17518E-04 0.80309E-05-0.34576E-04-0.10180E-05 0.89651E-06-0.18486E-04
   12096  0.28992E-03-0.98972E-04-0.78094E-04-0.41089E-04 0.11783E-05-0.21627E-04
   12097  0.21209E-04 0.65137E-05-0.35023E-04-0.15602E-05 0.98608E-06-0.20272E-04
   12097  0.28665E-03-0.97149E-04-0.78731E-04-0.40312E-04 0.11623E-05-0.21532E-04
   12098  0.25107E-04 0.49175E-05-0.35507E-04-0.21428E-05 0.10873E-05-0.22143E-04
   12098  0.28317E-03-0.95220E-04-0.79378E-04-0.39778E-04 0.11531E-05-0.21425E-04
   12099  0.28177E-04 0.37035E-05-0.35977E-04-0.26536E-05 0.12195E-05-0.24091E-04
   12099  0.28045E-03-0.93644E-04-0.79966E-04-0.40199E-04 0.11679E-05-0.21310E-04
   12100  0.29040E-04 0.34728E-05-0.36339E-04-0.28701E-05 0.13790E-05-0.26108E-04
   12100  0.27980E-03-0.93096E-04-0.80403E-04-0.41551E-04 0.12027E-05-0.21215E-04
   12101  0.27682E-04 0.42084E-05-0.36550E-04-0.27010E-05 0.15301E-05-0.28194E-04
   12101  0.28137E-03-0.93663E-04-0.80688E-04-0.42783E-04 0.12285E-05-0.21173E-04
   12102  0.25722E-04 0.51987E-05-0.36709E-04-0.23535E-05 0.16386E-05-0.30349E-04
   12102  0.28362E-03-0.94619E-04-0.80919E-04-0.42858E-04 0.12233E-05-0.21206E-04
   12103  0.25204E-04 0.55763E-05-0.37002E-04-0.21801E-05 0.17044E-05-0.32565E-04
   12103  0.28457E-03-0.94951E-04-0.81242E-04-0.41634E-04 0.11907E-05-0.21314E-04
   12104  0.26746E-04 0.50741E-05-0.37471E-04-0.23566E-05 0.17924E-05-0.34872E-04
   12104  0.28354E-03-0.94274E-04-0.81703E-04-0.40572E-04 0.11701E-05-0.21422E-04
   12105  0.28009E-04 0.47121E-05-0.37953E-04-0.26074E-05 0.19822E-05-0.37269E-04
   12105  0.28266E-03-0.93619E-04-0.82154E-04-0.41614E-04 0.12073E-05-0.21507E-04
   12106  0.25632E-04 0.59530E-05-0.38222E-04-0.23385E-05 0.22606E-05-0.39727E-04
   12106  0.28518E-03-0.94618E-04-0.82353E-04-0.44795E-04 0.12938E-05-0.21629E-04
   12107  0.19008E-04 0.90402E-05-0.38200E-04-0.12547E-05 0.25099E-05-0.42224E-04
   12107  0.29181E-03-0.97707E-04-0.82240E-04-0.47940E-04 0.13691E-05-0.21884E-04
   12108  0.10955E-04 0.12756E-04-0.38103E-04 0.17223E-06 0.26394E-05-0.44756E-04
   12108  0.29998E-03-0.10163E-03-0.82039E-04-0.49051E-04 0.13918E-05-0.22327E-04
   12109  0.45171E-05 0.15792E-04-0.38162E-04 0.12894E-05 0.27041E-05-0.47333E-04
   12109  0.30671E-03-0.10486E-03-0.81966E-04-0.48704E-04 0.13901E-05-0.22938E-04
   12110 -0.98445E-08 0.18003E-04-0.38365E-04 0.20606E-05 0.28154E-05-0.49973E-04
   12110  0.31155E-03-0.10712E-03-0.82006E-04-0.48809E-04 0.14146E-05-0.23659E-04
   12111 -0.43868E-05 0.20144E-04-0.38571E-04 0.28570E-05 0.30075E-05-0.52676E-04
   12111  0.31619E-03-0.10926E-03-0.82031E-04-0.50180E-04 0.14805E-05-0.24468E-04
   12112 -0.99551E-05 0.22796E-04-0.38684E-04 0.38943E-05 0.32265E-05-0.55435E-04
   12112  0.32194E-03-0.11196E-03-0.81947E-04-0.52099E-04 0.15641E-05-0.25392E-04
   12113 -0.16167E-04 0.25730E-04-0.38749E-04 0.49687E-05 0.33824E-05-0.58238E-04
   12113  0.32836E-03-0.11504E-03-0.81792E-04-0.53083E-04 0.16266E-05-0.26473E-04
   12114 -0.20996E-04 0.28062E-04-0.38901E-04 0.56414E-05 0.34400E-05-0.61104E-04
   12114  0.33354E-03-0.11755E-03-0.81704E-04-0.52323E-04 0.16490E-05-0.27688E-04
   12115 -0.22786E-04 0.29062E-04-0.39232E-04 0.57086E-05 0.34527E-05-0.64068E-04
   12115  0.33582E-03-0.11865E-03-0.81780E-04-0.50420E-04 0.16488E-05-0.28960E-04
   12116 -0.21401E-04 0.28663E-04-0.39749E-04 0.53053E-05 0.34894E-05-0.67166E-04
   12116  0.33503E-03-0.11822E-03-0.82019E-04-0.48396E-04 0.16518E-05-0.30196E-04
   12117 -0.17686E-04 0.27226E-04-0.40382E-04 0.46388E-05 0.35778E-05-0.70422E-04
   12117  0.33194E-03-0.11665E-03-0.82354E-04-0.46733E-04 0.16669E-05-0.31319E-04
   12118 -0.12583E-04 0.25168E-04-0.41082E-04 0.38395E-05 0.37116E-05-0.73867E-04
   12118  0.32748E-03-0.11440E-03-0.82733E-04-0.45413E-04 0.16885E-05-0.32265E-04
   12119 -0.67835E-05 0.22800E-04-0.41816E-04 0.29824E-05 0.38829E-05-0.77520E-04
   12119  0.32234E-03-0.11182E-03-0.83125E-04-0.44362E-04 0.17113E-05-0.33002E-04
   12120 -0.83854E-06 0.20366E-04-0.42559E-04 0.21300E-05 0.40941E-05-0.81392E-04
   12120  0.31703E-03-0.10916E-03-0.83499E-04-0.43621E-04 0.17350E-05-0.33508E-04
   12121  0.48081E-05 0.18065E-04-0.43285E-04 0.13273E-05 0.43398E-05-0.85488E-04
   12121  0.31199E-03-0.10664E-03-0.83825E-04-0.43142E-04 0.17562E-05-0.33781E-04
   12122  0.98817E-05 0.16018E-04-0.43982E-04 0.60170E-06 0.46125E-05-0.89809E-04
   12122  0.30749E-03-0.10440E-03-0.84089E-04-0.42853E-04 0.17708E-05-0.33822E-04
   12123  0.14127E-04 0.14343E-04-0.44646E-04-0.11366E-07 0.49216E-05-0.94353E-04
   12123  0.30378E-03-0.10255E-03-0.84281E-04-0.42850E-04 0.17819E-05-0.33645E-04
   12124  0.17179E-04 0.13201E-04-0.45254E-04-0.45764E-06 0.52788E-05-0.99115E-04
   12124  0.30120E-03-0.10128E-03-0.84379E-04-0.43261E-04 0.17928E-05-0.33268E-04
   12125  0.18512E-04 0.12825E-04-0.45782E-04-0.65158E-06 0.57021E-05-0.10408E-03
   12125  0.30028E-03-0.10082E-03-0.84367E-04-0.44280E-04 0.18087E-05-0.32722E-04
   12126  0.17520E-04 0.13479E-04-0.46186E-04-0.47608E-06 0.62049E-05-0.10923E-03
   12126  0.30161E-03-0.10147E-03-0.84218E-04-0.46084E-04 0.18329E-05-0.32059E-04
   12127  0.14057E-04 0.15215E-04-0.46437E-04 0.12916E-06 0.67008E-05-0.11451E-03
   12127  0.30530E-03-0.10331E-03-0.83872E-04-0.48075E-04 0.18447E-05-0.31393E-04
   12128  0.92116E-05 0.17575E-04-0.46641E-04 0.98345E-06 0.70547E-05-0.11987E-03
   12128  0.31030E-03-0.10586E-03-0.83402E-04-0.49184E-04 0.18179E-05-0.30848E-04
   12129  0.51836E-05 0.19569E-04-0.46878E-04 0.16621E-05 0.72137E-05-0.12535E-03
   12129  0.31450E-03-0.10810E-03-0.82901E-04-0.48764E-04 0.17426E-05-0.30357E-04
   12130  0.37483E-05 0.20403E-04-0.47223E-04 0.18668E-05 0.72670E-05-0.13103E-03
   12130  0.31620E-03-0.10915E-03-0.82471E-04-0.47215E-04 0.16378E-05-0.29745E-04
   12131  0.47243E-05 0.20171E-04-0.47700E-04 0.17054E-05 0.74316E-05-0.13695E-03
   12131  0.31549E-03-0.10901E-03-0.82116E-04-0.46007E-04 0.15475E-05-0.28880E-04
   12132  0.62393E-05 0.19692E-04-0.48191E-04 0.15168E-05 0.78601E-05-0.14318E-03
   12132  0.31418E-03-0.10857E-03-0.81738E-04-0.46270E-04 0.14888E-05-0.27616E-04
   12133  0.59155E-05 0.20010E-04-0.48551E-04 0.16726E-05 0.85647E-05-0.14972E-03
   12133  0.31463E-03-0.10896E-03-0.81222E-04-0.48262E-04 0.14475E-05-0.25922E-04
   12134  0.18025E-05 0.22015E-04-0.48737E-04 0.25314E-05 0.94640E-05-0.15649E-03
   12134  0.31870E-03-0.11112E-03-0.80484E-04-0.51745E-04 0.14062E-05-0.24010E-04
   12135 -0.63682E-05 0.25825E-04-0.48736E-04 0.41587E-05 0.10311E-04-0.16335E-03
   12135  0.32664E-03-0.11523E-03-0.79481E-04-0.55470E-04 0.13369E-05-0.22149E-04
   12136 -0.16667E-04 0.30577E-04-0.48620E-04 0.61094E-05 0.10861E-04-0.17029E-03
   12136  0.33666E-03-0.12045E-03-0.78304E-04-0.57876E-04 0.12222E-05-0.20443E-04
   12137 -0.26539E-04 0.35134E-04-0.48502E-04 0.78242E-05 0.11139E-04-0.17730E-03
   12137  0.34629E-03-0.12556E-03-0.77071E-04-0.58701E-04 0.10798E-05-0.18867E-04
   12138 -0.34777E-04 0.38950E-04-0.48427E-04 0.91834E-05 0.11392E-04-0.18445E-03
   12138  0.35426E-03-0.12990E-03-0.75823E-04-0.59065E-04 0.93497E-06-0.17268E-04
   12139 -0.42254E-04 0.42402E-04-0.48347E-04 0.10597E-04 0.11911E-04-0.19178E-03
   12139  0.36135E-03-0.13381E-03-0.74526E-04-0.60614E-04 0.80264E-06-0.15504E-04
   12140 -0.51041E-04 0.46407E-04-0.48163E-04 0.12556E-04 0.12754E-04-0.19927E-03
   12140  0.36955E-03-0.13826E-03-0.73085E-04-0.63962E-04 0.67437E-06-0.13577E-04
   12141 -0.62312E-04 0.51502E-04-0.47841E-04 0.15074E-04 0.13649E-04-0.20685E-03
   12141  0.38006E-03-0.14387E-03-0.71449E-04-0.67913E-04 0.53144E-06-0.11656E-04
   12142 -0.75228E-04 0.57321E-04-0.47407E-04 0.17682E-04 0.14309E-04-0.21451E-03
   12142  0.39215E-03-0.15033E-03-0.69665E-04-0.70901E-04 0.36676E-06-0.98389E-05
   12143 -0.88199E-04 0.63148E-04-0.46921E-04 0.20063E-04 0.14777E-04-0.22224E-03
   12143  0.40426E-03-0.15687E-03-0.67790E-04-0.72872E-04 0.19032E-06-0.80985E-05
   12144 -0.10089E-03 0.68817E-04-0.46387E-04 0.22543E-04 0.15364E-04-0.23006E-03
   12144  0.41595E-03-0.16325E-03-0.65824E-04-0.75321E-04 0.10709E-07-0.63506E-05
   12145 -0.11443E-03 0.74824E-04-0.45764E-04 0.25617E-04 0.16229E-04-0.23794E-03
   12145  0.42828E-03-0.16993E-03-0.63731E-04-0.79259E-04-0.17395E-06-0.46104E-05
   12146 -0.12964E-03 0.81544E-04-0.45006E-04 0.29107E-04 0.17128E-04-0.24583E-03
   12146  0.44212E-03-0.17739E-03-0.61486E-04-0.83619E-04-0.36875E-06-0.29809E-05
   12147 -0.14571E-03 0.88631E-04-0.44138E-04 0.32279E-04 0.17737E-04-0.25370E-03
   12147  0.45675E-03-0.18532E-03-0.59124E-04-0.86631E-04-0.56917E-06-0.15387E-05
   12148 -0.16092E-03 0.95308E-04-0.43205E-04 0.34648E-04 0.18025E-04-0.26158E-03
   12148  0.47046E-03-0.19292E-03-0.56681E-04-0.87810E-04-0.77143E-06-0.19723E-06
   12149 -0.17409E-03 0.10101E-03-0.42205E-04 0.36295E-04 0.18187E-04-0.26954E-03
   12149  0.48202E-03-0.19957E-03-0.54170E-04-0.87903E-04-0.98653E-06 0.13278E-05
   12150 -0.18530E-03 0.10576E-03-0.41127E-04 0.37778E-04 0.18483E-04-0.27766E-03
   12150  0.49145E-03-0.20522E-03-0.51614E-04-0.88254E-04-0.12342E-05 0.33550E-05
   12151 -0.19566E-03 0.11003E-03-0.39922E-04 0.39695E-04 0.19083E-04-0.28598E-03
   12151  0.49979E-03-0.21035E-03-0.48986E-04-0.89883E-04-0.15397E-05 0.61487E-05
   12152 -0.20659E-03 0.11447E-03-0.38562E-04 0.42318E-04 0.19979E-04-0.29451E-03
   12152  0.50845E-03-0.21562E-03-0.46274E-04-0.92948E-04-0.19211E-05 0.97900E-05
   12153 -0.21900E-03 0.11950E-03-0.37005E-04 0.45524E-04 0.21020E-04-0.30319E-03
   12153  0.51837E-03-0.22149E-03-0.43486E-04-0.96863E-04-0.23850E-05 0.14252E-04
   12154 -0.23315E-03 0.12523E-03-0.35221E-04 0.49117E-04 0.22084E-04-0.31193E-03
   12154  0.52981E-03-0.22810E-03-0.40646E-04-0.10109E-03-0.29275E-05 0.19442E-04
   12155 -0.24900E-03 0.13164E-03-0.33191E-04 0.53072E-04 0.23151E-04-0.32063E-03
   12155  0.54270E-03-0.23539E-03-0.37777E-04-0.10557E-03-0.35435E-05 0.25243E-04
   12156 -0.26630E-03 0.13859E-03-0.30871E-04 0.57117E-04 0.24125E-04-0.32920E-03
   12156  0.55675E-03-0.24325E-03-0.34902E-04-0.10981E-03-0.42211E-05 0.31592E-04
   12157 -0.28448E-03 0.14581E-03-0.28221E-04 0.60930E-04 0.24922E-04-0.33753E-03
   12157  0.57142E-03-0.25140E-03-0.32070E-04-0.11334E-03-0.49486E-05 0.38532E-04
   12158 -0.30309E-03 0.15306E-03-0.25183E-04 0.64684E-04 0.25648E-04-0.34555E-03
   12158  0.58622E-03-0.25958E-03-0.29344E-04-0.11664E-03-0.57438E-05 0.46254E-04
   12159 -0.32252E-03 0.16045E-03-0.21690E-04 0.69360E-04 0.26627E-04-0.35315E-03
   12159  0.60144E-03-0.26782E-03-0.26783E-04-0.12140E-03-0.66720E-05 0.54953E-04
   12160 -0.34434E-03 0.16860E-03-0.17625E-04 0.76236E-04 0.28158E-04-0.36008E-03
   12160  0.61854E-03-0.27670E-03-0.24469E-04-0.12949E-03-0.78141E-05 0.64592E-04
   12161 -0.37032E-03 0.17834E-03-0.12908E-04 0.85411E-04 0.30047E-04-0.36596E-03
   12161  0.63929E-03-0.28704E-03-0.22513E-04-0.14055E-03-0.91531E-05 0.74685E-04
   12162 -0.40108E-03 0.18989E-03-0.73487E-05 0.95846E-04 0.31810E-04-0.37038E-03
   12162  0.66437E-03-0.29915E-03-0.21025E-04-0.15258E-03-0.10569E-04 0.84559E-04
   12163 -0.43602E-03 0.20294E-03-0.83655E-06 0.10676E-03 0.33171E-04-0.37277E-03
   12163  0.69323E-03-0.31275E-03-0.20182E-04-0.16440E-03-0.11935E-04 0.93450E-04
   12164 -0.47431E-03 0.21705E-03 0.68050E-05 0.11797E-03 0.34091E-04-0.37246E-03
   12164  0.72496E-03-0.32733E-03-0.20190E-04-0.17589E-03-0.13176E-04 0.10075E-03
   12165 -0.51552E-03 0.23187E-03 0.15746E-04 0.13035E-03 0.34754E-04-0.36864E-03
   12165  0.75902E-03-0.34243E-03-0.21312E-04-0.18847E-03-0.14290E-04 0.10586E-03
   12166 -0.55981E-03 0.24734E-03 0.26253E-04 0.14436E-03 0.35134E-04-0.36023E-03
   12166  0.79550E-03-0.35795E-03-0.23806E-04-0.20274E-03-0.15215E-04 0.10801E-03
   12167 -0.60713E-03 0.26334E-03 0.38588E-04 0.15936E-03 0.34904E-04-0.34590E-03
   12167  0.83440E-03-0.37378E-03-0.28019E-04-0.21777E-03-0.15772E-04 0.10612E-03
   12168 -0.65699E-03 0.27957E-03 0.52927E-04 0.17507E-03 0.33824E-04-0.32384E-03
   12168  0.87524E-03-0.38951E-03-0.34336E-04-0.23319E-03-0.15772E-04 0.98769E-04
   12169 -0.70850E-03 0.29557E-03 0.69349E-04 0.19136E-03 0.31649E-04-0.29176E-03
   12169  0.91720E-03-0.40458E-03-0.43150E-04-0.24895E-03-0.14995E-04 0.84175E-04
   12170 -0.76031E-03 0.31074E-03 0.87728E-04 0.20846E-03 0.28103E-04-0.24685E-03
   12170  0.95913E-03-0.41828E-03-0.54734E-04-0.26545E-03-0.13167E-04 0.60119E-04
   12171 -0.81051E-03 0.32440E-03 0.10757E-03 0.22640E-03 0.22785E-04-0.18591E-03
   12171  0.99937E-03-0.42985E-03-0.68999E-04-0.28290E-03-0.99095E-05 0.23885E-04
   12172 -0.85618E-03 0.33579E-03 0.12763E-03 0.24458E-03 0.15180E-04-0.10595E-03
   12172  0.10354E-02-0.43849E-03-0.85190E-04-0.30073E-03-0.47593E-05-0.27413E-04
   12173 -0.89308E-03 0.34395E-03 0.14575E-03 0.26143E-03 0.48350E-05-0.52772E-05
   12173  0.10635E-02-0.44324E-03-0.10165E-03-0.31733E-03 0.27077E-05-0.95889E-04
   12174 -0.91572E-03 0.34792E-03 0.15872E-03 0.27460E-03-0.83388E-05 0.11491E-03
   12174  0.10788E-02-0.44317E-03-0.11576E-03-0.33027E-03 0.12630E-04-0.18137E-03
   12175 -0.91840E-03 0.34683E-03 0.16276E-03 0.28274E-03-0.23896E-04 0.24896E-03
   12175  0.10762E-02-0.43736E-03-0.12442E-03-0.33839E-03 0.24733E-04-0.27986E-03
   12176 -0.89714E-03 0.34012E-03 0.15508E-03 0.28511E-03-0.40861E-04 0.38629E-03
   12176  0.10518E-02-0.42544E-03-0.12450E-03-0.34113E-03 0.38246E-04-0.38290E-03
   12177 -0.85103E-03 0.32780E-03 0.13490E-03 0.28066E-03-0.57669E-04 0.51267E-03
   12177  0.10044E-02-0.40773E-03-0.11437E-03-0.33741E-03 0.51814E-04-0.47855E-03
   12178 -0.78291E-03 0.31031E-03 0.10427E-03 0.26843E-03-0.72201E-04 0.61333E-03
   12178  0.93655E-03-0.38502E-03-0.94904E-04-0.32599E-03 0.63563E-04-0.55409E-03
   12179 -0.69878E-03 0.28849E-03 0.67499E-04 0.24871E-03-0.82414E-04 0.67689E-03
   12179  0.85354E-03-0.35827E-03-0.69598E-04-0.30686E-03 0.71687E-04-0.59941E-03
   12180 -0.60646E-03 0.26316E-03 0.30529E-04 0.22362E-03-0.87191E-04 0.69822E-03
   12180  0.76250E-03-0.32842E-03-0.43411E-04-0.28206E-03 0.75180E-04-0.60969E-03
   12181 -0.51381E-03 0.23529E-03-0.10474E-05 0.19569E-03-0.86434E-04 0.67930E-03
   12181  0.67064E-03-0.29660E-03-0.21003E-04-0.25401E-03 0.73926E-04-0.58628E-03
   12182 -0.42688E-03 0.20586E-03-0.23435E-04 0.16733E-03-0.81005E-04 0.62755E-03
   12182  0.58350E-03-0.26385E-03-0.54690E-05-0.22515E-03 0.68653E-04-0.53537E-03
   12183 -0.34886E-03 0.17568E-03-0.35342E-04 0.14005E-03-0.72163E-04 0.55287E-03
   12183  0.50403E-03-0.23105E-03 0.22713E-05-0.19704E-03 0.60443E-04-0.46532E-03
   12184 -0.27981E-03 0.14525E-03-0.37736E-04 0.11406E-03-0.61007E-04 0.46441E-03
   12184  0.43226E-03-0.19873E-03 0.32982E-05-0.16983E-03 0.50241E-04-0.38382E-03
   12185 -0.21712E-03 0.11445E-03-0.33021E-04 0.88931E-04-0.48435E-04 0.36844E-03
   12185  0.36562E-03-0.16681E-03-0.90273E-08-0.14308E-03 0.38784E-04-0.29581E-03
   12186 -0.15652E-03 0.82768E-04-0.24317E-04 0.63784E-04-0.34952E-04 0.26727E-03
   12186  0.29993E-03-0.13474E-03-0.46436E-05-0.11596E-03 0.26411E-04-0.20234E-03
   12187 -0.89192E-04 0.47625E-04-0.14796E-04 0.36146E-04-0.20807E-04 0.16048E-03
   12187  0.22436E-03-0.98940E-04-0.75776E-05-0.85371E-04 0.13376E-04-0.10329E-03
   12188 -0.17464E-04 0.11375E-04-0.72913E-05 0.75698E-05-0.75909E-05 0.58868E-04
   12188  0.12779E-03-0.55239E-04-0.67561E-05-0.48015E-04 0.22239E-05-0.17272E-04
   12189  0.28862E-04-0.11227E-04-0.42006E-05-0.10556E-04-0.10287E-05 0.79782E-05
   12189  0.47698E-04-0.19715E-04-0.44592E-05-0.17694E-04-0.19219E-05 0.14870E-04
   12190  0.31348E-04-0.13071E-04-0.26750E-05-0.11729E-04-0.53440E-06 0.41171E-05
   12190  0.20585E-04-0.81632E-05-0.26585E-05-0.75936E-05-0.99081E-06 0.76338E-05
   12191  0.17983E-04-0.74294E-05-0.16858E-05-0.66880E-05-0.43731E-06 0.33800E-05
   12191  0.17339E-04-0.71548E-05-0.16446E-05-0.64409E-05-0.32543E-06 0.25114E-05
   12192  0.11647E-04-0.48358E-05-0.10506E-05-0.42616E-05-0.19424E-06 0.15231E-05
   12192  0.12425E-04-0.51953E-05-0.10429E-05-0.45590E-05-0.16700E-06 0.13106E-05
   12193  0.82947E-05-0.34877E-05-0.66188E-06-0.29952E-05-0.73895E-07 0.58988E-06
   12193  0.81195E-05-0.34097E-05-0.65712E-06-0.29310E-05-0.85215E-07 0.68048E-06
   12194  0.56714E-05-0.23970E-05-0.42568E-06-0.20534E-05-0.30426E-07 0.24352E-06
   12194  0.55077E-05-0.23249E-05-0.41961E-06-0.19936E-05-0.31156E-07 0.24947E-06
   12195  0.38052E-05-0.16153E-05-0.26641E-06-0.14090E-05-0.81136E-08 0.64067E-07
   12195  0.37741E-05-0.16025E-05-0.26329E-06-0.13977E-05-0.70920E-08 0.56085E-07
   12196  0.25503E-05-0.10856E-05-0.17009E-06-0.95973E-06 0.27820E-08-0.21465E-07
   12196  0.25491E-05-0.10861E-05-0.16789E-06-0.95954E-06 0.26733E-08-0.20625E-07
   12197  0.16879E-05-0.72093E-06-0.10861E-06-0.62662E-06 0.64266E-08-0.50500E-07
   12197  0.16795E-05-0.71767E-06-0.10732E-06-0.62365E-06 0.62040E-08-0.48757E-07
   12198  0.10716E-05-0.45817E-06-0.69620E-07-0.38601E-06 0.64914E-08-0.52373E-07
   12198  0.10513E-05-0.44920E-06-0.68894E-07-0.37866E-06 0.63380E-08-0.51134E-07
   12199  0.59909E-06-0.25388E-06-0.44116E-07-0.21275E-06 0.47639E-08-0.38761E-07
   12199  0.58369E-06-0.24699E-06-0.43772E-07-0.20720E-06 0.46704E-08-0.37999E-07
   12200  0.22874E-06-0.89844E-07-0.31895E-07-0.80603E-07 0.17784E-08-0.14353E-07
   12200  0.22601E-06-0.88743E-07-0.31577E-07-0.79654E-07 0.17230E-08-0.13916E-07
   12201  0.48360E-07-0.99669E-08-0.26028E-07-0.15367E-07-0.11209E-09 0.84618E-09
   12201  0.48253E-07-0.99483E-08-0.25966E-07-0.15324E-07-0.24101E-09 0.18339E-08
   12202  0.25741E-07-0.56368E-09-0.24019E-07-0.70418E-08-0.16690E-09 0.12670E-08
   12202  0.24486E-07 0.50696E-10-0.24109E-07-0.65403E-08-0.32528E-09 0.24720E-08
   12203  0.20186E-07 0.14097E-08-0.22827E-07-0.49329E-08-0.53100E-10 0.40783E-09
   12203  0.20126E-07 0.14825E-08-0.22924E-07-0.48954E-08-0.20780E-09 0.16089E-08
   12204  0.15917E-07 0.33722E-08-0.22866E-07-0.31992E-08-0.80088E-11 0.62962E-10
   12204  0.16230E-07 0.32646E-08-0.22942E-07-0.33061E-08-0.14981E-09 0.11957E-08
   12205  0.13060E-07 0.53959E-08-0.24407E-07-0.19284E-08 0.40668E-12-0.29085E-11
   12205  0.13252E-07 0.53498E-08-0.24497E-07-0.19882E-08-0.13347E-09 0.10769E-08
   12206  0.11569E-07 0.76446E-08-0.27765E-07-0.10002E-08 0.46807E-12-0.44143E-11
   12206  0.11615E-07 0.76870E-08-0.27901E-07-0.10010E-08-0.13489E-09 0.10680E-08
   12207  0.11701E-07 0.10239E-07-0.33460E-07-0.38358E-09 0.13199E-10-0.10021E-09
   12207  0.11731E-07 0.10319E-07-0.33661E-07-0.37057E-09-0.11803E-09 0.90737E-09
