#       Node          x             y             z             dx            dy            dz      
      1.  11651.    0.51907584    0.16562487    0.04500000    0.00000000    0.00000000    0.00000000
      2.  11652.    0.51908048   -0.13454548    0.04500000    0.00000000    0.00000000    0.00000000
      3.  11653.    0.51709499    0.16536949    0.04500000    0.00000000    0.00000000    0.00000000
      4.  11654.    0.51511483    0.16510886    0.04500000    0.00000000    0.00000000    0.00000000
      5.  11655.    0.51313521    0.16484416    0.04500000    0.00000000    0.00000000    0.00000000
      6.  11656.    0.51115566    0.16457892    0.04500000    0.00000000    0.00000000    0.00000000
      7.  11657.    0.50917560    0.16431761    0.04500000    0.00000000    0.00000000    0.00000000
      8.  11658.    0.50719486    0.16406137    0.04500000    0.00000000    0.00000000    0.00000000
      9.  11659.    0.50521391    0.16380682    0.04500000    0.00000000    0.00000000    0.00000000
     10.  11660.    0.50323342    0.16354869    0.04500000    0.00000000    0.00000000    0.00000000
     11.  11661.    0.50125360    0.16328551    0.04500000    0.00000000    0.00000000    0.00000000
     12.  11662.    0.49927390    0.16302140    0.04500000    0.00000000    0.00000000    0.00000000
     13.  11663.    0.49729360    0.16276182    0.04500000    0.00000000    0.00000000    0.00000000
     14.  11664.    0.49531265    0.16250726    0.04500000    0.00000000    0.00000000    0.00000000
     15.  11665.    0.49333183    0.16225174    0.04500000    0.00000000    0.00000000    0.00000000
     16.  11666.    0.49135176    0.16199043    0.04500000    0.00000000    0.00000000    0.00000000
     17.  11667.    0.48937211    0.16172594    0.04500000    0.00000000    0.00000000    0.00000000
     18.  11668.    0.48739220    0.16146343    0.04500000    0.00000000    0.00000000    0.00000000
     19.  11669.    0.48541186    0.16120416    0.04500000   -0.00000001    0.00000000    0.00000000
     20.  11670.    0.48343151    0.16094497    0.04500000   -0.00000001    0.00000000    0.00000000
     21.  11671.    0.48145158    0.16068262    0.04500000   -0.00000001    0.00000000    0.00000001
     22.  11672.    0.47947191    0.16041827    0.04500000   -0.00000002    0.00000000    0.00000001
     23.  11673.    0.47749187    0.16015677    0.04500000   -0.00000002   -0.00000002    0.00000002
     24.  11674.    0.47551113    0.15990052    0.04500000   -0.00000002   -0.00000007    0.00000002
     25.  11675.    0.47353018    0.15964602    0.04500000   -0.00000002   -0.00000014    0.00000003
     26.  11676.    0.47154974    0.15938747    0.04500000   -0.00000002   -0.00000024    0.00000003
     27.  11677.    0.46957002    0.15912359    0.04500000   -0.00000001   -0.00000036    0.00000004
     28.  11678.    0.46759030    0.15885963    0.04500000    0.00000000   -0.00000050    0.00000004
     29.  11679.    0.46560998    0.15860022    0.04500000    0.00000002   -0.00000066    0.00000004
     30.  11680.    0.46362946    0.15834229    0.04500000    0.00000004   -0.00000084    0.00000005
     31.  11681.    0.46164962    0.15807925    0.04500000    0.00000005   -0.00000104    0.00000005
     32.  11682.    0.45967124    0.15780546    0.04500000    0.00000008   -0.00000124    0.00000005
     33.  11683.    0.45769468    0.15751884    0.04500000    0.00000010   -0.00000144    0.00000005
     34.  11684.    0.45571951    0.15722277    0.04500000    0.00000012   -0.00000166    0.00000005
     35.  11685.    0.45374509    0.15692170    0.04500000    0.00000015   -0.00000187    0.00000005
     36.  11686.    0.45177076    0.15662005    0.04500000    0.00000018   -0.00000210    0.00000005
     37.  11687.    0.44979591    0.15632184    0.04500000    0.00000020   -0.00000232    0.00000005
     38.  11688.    0.44782073    0.15602582    0.04500000    0.00000023   -0.00000255    0.00000005
     39.  11689.    0.44584573    0.15572861    0.04500000    0.00000026   -0.00000279    0.00000005
     40.  11690.    0.44387116    0.15542857    0.04500000    0.00000029   -0.00000302    0.00000005
     41.  11691.    0.44189680    0.15512712    0.04500000    0.00000032   -0.00000326    0.00000005
     42.  11692.    0.43992235    0.15482630    0.04500000    0.00000035   -0.00000350    0.00000005
     43.  11693.    0.43794782    0.15452596    0.04500000    0.00000038   -0.00000374    0.00000005
     44.  11694.    0.43597338    0.15422505    0.04500000    0.00000040   -0.00000398    0.00000005
     45.  11695.    0.43399919    0.15392250    0.04500000    0.00000043   -0.00000421    0.00000004
     46.  11696.    0.43202536    0.15361760    0.04500000    0.00000046   -0.00000445    0.00000004
     47.  11697.    0.43005171    0.15331153    0.04500000    0.00000049   -0.00000468    0.00000004
     48.  11698.    0.42807797    0.15300608    0.04500000    0.00000052   -0.00000490    0.00000004
     49.  11699.    0.42610386    0.15270300    0.04500000    0.00000054   -0.00000512    0.00000003
     50.  11700.    0.42412916    0.15240380    0.04500000    0.00000056   -0.00000534    0.00000003
     51.  11701.    0.42215408    0.15210710    0.04500000    0.00000059   -0.00000555    0.00000004
     52.  11702.    0.42017894    0.15181081    0.04500000    0.00000061   -0.00000574    0.00000004
     53.  11703.    0.41820404    0.15151296    0.04500000    0.00000063   -0.00000593    0.00000004
     54.  11704.    0.41622967    0.15121161    0.04500000    0.00000064   -0.00000610    0.00000004
     55.  11705.    0.41425581    0.15090688    0.04500000    0.00000066   -0.00000625    0.00000003
     56.  11706.    0.41228205    0.15060157    0.04500000    0.00000067   -0.00000638    0.00000003
     57.  11707.    0.41030791    0.15029870    0.04500000    0.00000068   -0.00000649    0.00000002
     58.  11708.    0.40833321    0.14999950    0.04500000    0.00000068   -0.00000657    0.00000002
     59.  11709.    0.40635810    0.14970297    0.04500000    0.00000068   -0.00000663    0.00000002
     60.  11710.    0.40438293    0.14940689    0.04500000    0.00000067   -0.00000664    0.00000002
     61.  11711.    0.40240777    0.14911076    0.04500000    0.00000065   -0.00000662    0.00000002
     62.  11712.    0.40043268    0.14881410    0.04500000    0.00000063   -0.00000655    0.00000002
     63.  11713.    0.39845775    0.14851647    0.04500000    0.00000060   -0.00000642    0.00000002
     64.  11714.    0.39648310    0.14821689    0.04500000    0.00000056   -0.00000623    0.00000002
     65.  11715.    0.39450903    0.14791356    0.04500000    0.00000050   -0.00000596    0.00000001
     66.  11716.    0.39253543    0.14760723    0.04500000    0.00000044   -0.00000560    0.00000001
     67.  11717.    0.39056154    0.14730269    0.04500000    0.00000035   -0.00000514    0.00000000
     68.  11718.    0.38858681    0.14700373    0.04500000    0.00000025   -0.00000456    0.00000000
     69.  11719.    0.38661206    0.14670486    0.04500000    0.00000012   -0.00000384    0.00000000
     70.  11720.    0.38463894    0.14639541    0.04500000   -0.00000003   -0.00000294   -0.00000001
     71.  11721.    0.38266863    0.14606858    0.04500000   -0.00000023   -0.00000185   -0.00000002
     72.  11722.    0.38070109    0.14572548    0.04500000   -0.00000048   -0.00000052   -0.00000002
     73.  11723.    0.37873451    0.14537687    0.04500000   -0.00000079    0.00000108   -0.00000002
     74.  11724.    0.37676740    0.14503127    0.04500000   -0.00000115    0.00000302   -0.00000003
     75.  11725.    0.37479997    0.14468751    0.04500000   -0.00000158    0.00000536   -0.00000003
     76.  11726.    0.37283302    0.14434099    0.04500000   -0.00000210    0.00000819   -0.00000003
     77.  11727.    0.37086663    0.14399132    0.04500000   -0.00000272    0.00001161   -0.00000003
     78.  11728.    0.36889999    0.14364305    0.04500000   -0.00000348    0.00001577   -0.00000004
     79.  11729.    0.36693247    0.14329979    0.04500000   -0.00000438    0.00002079   -0.00000005
     80.  11730.    0.36496441    0.14295961    0.04500000   -0.00000544    0.00002686   -0.00000007
     81.  11731.    0.36299665    0.14261775    0.04500000   -0.00000672    0.00003412   -0.00000008
     82.  11732.    0.36102968    0.14227132    0.04500000   -0.00000824    0.00004273   -0.00000009
     83.  11733.    0.35906344    0.14192080    0.04500000   -0.00001004    0.00005281   -0.00000008
     84.  11734.    0.35709718    0.14157043    0.04500000   -0.00001210    0.00006446   -0.00000008
     85.  11735.    0.35513018    0.14122422    0.04500000   -0.00001442    0.00007772   -0.00000009
     86.  11736.    0.35316231    0.14088297    0.04500000   -0.00001698    0.00009262   -0.00000012
     87.  11737.    0.35119389    0.14054489    0.04500000   -0.00001977    0.00010913   -0.00000016
     88.  11738.    0.34922588    0.14020445    0.04500000   -0.00002285    0.00012724   -0.00000020
     89.  11739.    0.34725921    0.13985637    0.04500000   -0.00002626    0.00014687   -0.00000021
     90.  11740.    0.34529361    0.13950227    0.04500000   -0.00002997    0.00016796   -0.00000021
     91.  11741.    0.34332767    0.13915007    0.04500000   -0.00003391    0.00019047   -0.00000021
     92.  11742.    0.34136023    0.13880638    0.04500000   -0.00003796    0.00021434   -0.00000024
     93.  11743.    0.33939155    0.13846981    0.04500000   -0.00004213    0.00023950   -0.00000031
     94.  11744.    0.33742285    0.13813342    0.04500000   -0.00004650    0.00026589   -0.00000038
     95.  11745.    0.33545525    0.13779063    0.04500000   -0.00005114    0.00029343   -0.00000043
     96.  11746.    0.33348907    0.13743975    0.04500000   -0.00005607    0.00032205   -0.00000045
     97.  11747.    0.33152346    0.13708573    0.04500000   -0.00006122    0.00035171   -0.00000047
     98.  11748.    0.32955739    0.13673428    0.04500000   -0.00006649    0.00038236   -0.00000051
     99.  11749.    0.32759028    0.13638865    0.04500000   -0.00007181    0.00041394   -0.00000056
    100.  11750.    0.32562208    0.13604933    0.04500000   -0.00007718    0.00044640   -0.00000064
    101.  11751.    0.32365381    0.13571041    0.04500000   -0.00008266    0.00047967   -0.00000072
    102.  11752.    0.32168691    0.13536359    0.04500000   -0.00008839    0.00051369   -0.00000079
    103.  11753.    0.31972246    0.13500324    0.04500000   -0.00009448    0.00054836   -0.00000082
    104.  11754.    0.31776074    0.13462824    0.04500000   -0.00010093    0.00058363   -0.00000082
    105.  11755.    0.31580125    0.13424180    0.04500000   -0.00010769    0.00061943   -0.00000079
    106.  11756.    0.31384296    0.13384931    0.04500000   -0.00011465    0.00065570   -0.00000076
    107.  11757.    0.31188490    0.13345563    0.04500000   -0.00012171    0.00069237   -0.00000073
    108.  11758.    0.30992663    0.13306301    0.04500000   -0.00012881    0.00072939   -0.00000070
    109.  11759.    0.30796821    0.13267114    0.04500000   -0.00013594    0.00076666   -0.00000068
    110.  11760.    0.30601011    0.13227768    0.04500000   -0.00014313    0.00080410   -0.00000066
    111.  11761.    0.30405255    0.13188156    0.04500000   -0.00015039    0.00084163   -0.00000063
    112.  11762.    0.30209508    0.13148499    0.04500000   -0.00015765    0.00087916   -0.00000061
    113.  11763.    0.30013716    0.13109064    0.04500000   -0.00016487    0.00091664   -0.00000060
    114.  11764.    0.29817881    0.13069846    0.04500000   -0.00017201    0.00095397   -0.00000059
    115.  11765.    0.29622048    0.13030610    0.04500000   -0.00017911    0.00099107   -0.00000058
    116.  11766.    0.29426263    0.12991145    0.04500000   -0.00018620    0.00102785   -0.00000057
    117.  11767.    0.29230508    0.12951525    0.04500000   -0.00019325    0.00106423   -0.00000057
    118.  11768.    0.29034766    0.12911843    0.04500000   -0.00020022    0.00110013   -0.00000056
    119.  11769.    0.28839018    0.12872189    0.04500000   -0.00020708    0.00113547   -0.00000055
    120.  11770.    0.28643253    0.12832622    0.04500000   -0.00021381    0.00117017   -0.00000055
    121.  11771.    0.28447480    0.12793090    0.04500000   -0.00022039    0.00120414   -0.00000055
    122.  11772.    0.28251714    0.12753527    0.04500000   -0.00022683    0.00123729   -0.00000055
    123.  11773.    0.28055968    0.12713866    0.04500000   -0.00023312    0.00126954   -0.00000055
    124.  11774.    0.27860237    0.12674127    0.04500000   -0.00023924    0.00130079   -0.00000055
    125.  11775.    0.27664485    0.12634496    0.04500000   -0.00024514    0.00133097   -0.00000055
    126.  11776.    0.27468676    0.12595144    0.04500000   -0.00025078    0.00135999   -0.00000055
    127.  11777.    0.27272830    0.12555978    0.04500000   -0.00025616    0.00138775   -0.00000056
    128.  11778.    0.27077004    0.12516711    0.04500000   -0.00026130    0.00141416   -0.00000056
    129.  11779.    0.26881246    0.12477110    0.04500000   -0.00026621    0.00143912   -0.00000057
    130.  11780.    0.26685547    0.12437214    0.04500000   -0.00027087    0.00146254   -0.00000057
    131.  11781.    0.26489899    0.12397070    0.04500000   -0.00027524    0.00148433   -0.00000058
    132.  11782.    0.26294299    0.12356696    0.04500000   -0.00027930    0.00150437   -0.00000058
    133.  11783.    0.26098834    0.12315671    0.04500000   -0.00028306    0.00152257   -0.00000058
    134.  11784.    0.25903634    0.12273406    0.04500000   -0.00028654    0.00153880   -0.00000057
    135.  11785.    0.25708763    0.12229646    0.04500000   -0.00028969    0.00155296   -0.00000057
    136.  11786.    0.25514145    0.12184778    0.04500000   -0.00029244    0.00156493   -0.00000056
    137.  11787.    0.25319651    0.12139370    0.04500000   -0.00029470    0.00157460   -0.00000055
    138.  11788.    0.25125168    0.12093917    0.04500000   -0.00029640    0.00158185   -0.00000055
    139.  11789.    0.24930620    0.12048743    0.04500000   -0.00029751    0.00158654   -0.00000054
    140.  11790.    0.24736022    0.12003786    0.04500000   -0.00029800    0.00158854   -0.00000053
    141.  11791.    0.24541426    0.11958817    0.04500000   -0.00029783    0.00158772   -0.00000053
    142.  11792.    0.24346872    0.11913669    0.04500000   -0.00029697    0.00158392   -0.00000052
    143.  11793.    0.24152333    0.11868455    0.04500000   -0.00029538    0.00157702   -0.00000051
    144.  11794.    0.23957715    0.11823587    0.04500000   -0.00029303    0.00156687   -0.00000051
    145.  11795.    0.23762958    0.11779321    0.04500000   -0.00028992    0.00155330   -0.00000050
    146.  11796.    0.23568149    0.11735288    0.04500000   -0.00028600    0.00153618   -0.00000049
    147.  11797.    0.23373468    0.11690688    0.04500000   -0.00028114    0.00151538   -0.00000049
    148.  11798.    0.23179012    0.11645124    0.04500000   -0.00027523    0.00149076   -0.00000048
    149.  11799.    0.22984636    0.11599215    0.04500000   -0.00026827    0.00146214   -0.00000048
    150.  11800.    0.22790137    0.11553830    0.04500000   -0.00026035    0.00142935   -0.00000048
    151.  11801.    0.22595481    0.11509122    0.04500000   -0.00025147    0.00139219   -0.00000047
    152.  11802.    0.22400774    0.11464639    0.04500000   -0.00024151    0.00135052   -0.00000046
    153.  11803.    0.22206159    0.11419753    0.04500000   -0.00023027    0.00130420   -0.00000045
    154.  11804.    0.22011669    0.11374331    0.04500000   -0.00021764    0.00125308   -0.00000044
    155.  11805.    0.21817186    0.11328879    0.04500000   -0.00020369    0.00119695   -0.00000043
    156.  11806.    0.21622625    0.11283759    0.04500000   -0.00018847    0.00113559   -0.00000042
    157.  11807.    0.21428085    0.11238553    0.04500000   -0.00017178    0.00106886   -0.00000041
    158.  11808.    0.21233754    0.11192453    0.04500000   -0.00015324    0.00099665   -0.00000039
    159.  11809.    0.21039763    0.11144949    0.04500000   -0.00013254    0.00091882   -0.00000038
    160.  11810.    0.20846099    0.11096124    0.04500000   -0.00010955    0.00083519   -0.00000037
    161.  11811.    0.20652677    0.11046350    0.04500000   -0.00008426    0.00074554   -0.00000037
    162.  11812.    0.20459385    0.10996071    0.04500000   -0.00005676    0.00064959   -0.00000036
    163.  11813.    0.20266148    0.10945584    0.04500000   -0.00002706    0.00054709   -0.00000035
    164.  11814.    0.20072996    0.10894769    0.04500000    0.00000502    0.00043783   -0.00000034
    165.  11815.    0.19879986    0.10843421    0.04500000    0.00003972    0.00032161   -0.00000033
    166.  11816.    0.19687174    0.10791334    0.04500000    0.00007733    0.00019826   -0.00000032
    167.  11817.    0.19494561    0.10738516    0.04500000    0.00011802    0.00006753   -0.00000032
    168.  11818.    0.19301945    0.10685707    0.04500000    0.00016145   -0.00007098   -0.00000031
    169.  11819.    0.19109123    0.10633658    0.04500000    0.00020716   -0.00021770   -0.00000030
    170.  11820.    0.18916047    0.10582557    0.04500000    0.00025508   -0.00037297   -0.00000028
    171.  11821.    0.18722803    0.10532097    0.04500000    0.00030552   -0.00053702   -0.00000026
    172.  11822.    0.18529522    0.10481773    0.04500000    0.00035903   -0.00070998   -0.00000024
    173.  11823.    0.18336313    0.10431179    0.04500000    0.00041612   -0.00089202   -0.00000022
    174.  11824.    0.18143220    0.10380145    0.04500000    0.00047714   -0.00108338   -0.00000021
    175.  11825.    0.17950204    0.10328816    0.04500000    0.00054216   -0.00128435   -0.00000019
    176.  11826.    0.17757195    0.10277463    0.04500000    0.00061107   -0.00149532   -0.00000017
    177.  11827.    0.17564147    0.10226258    0.04500000    0.00068386   -0.00171665   -0.00000016
    178.  11828.    0.17371075    0.10175142    0.04500000    0.00076077   -0.00194860   -0.00000014
    179.  11829.    0.17178106    0.10123637    0.04500000    0.00084257   -0.00219126   -0.00000013
    180.  11830.    0.16985385    0.10071215    0.04500000    0.00093019   -0.00244464   -0.00000011
    181.  11831.    0.16793006    0.10017551    0.04500000    0.00102436   -0.00270874   -0.00000010
    182.  11832.    0.16601019    0.09962503    0.04500000    0.00112557   -0.00298356   -0.00000008
    183.  11833.    0.16409386    0.09906233    0.04500000    0.00123384   -0.00326915   -0.00000007
    184.  11834.    0.16218020    0.09849060    0.04500000    0.00134887   -0.00356553   -0.00000005
    185.  11835.    0.16026835    0.09791285    0.04500000    0.00147032   -0.00387272   -0.00000003
    186.  11836.    0.15835792    0.09733042    0.04500000    0.00159775   -0.00418922   -0.00000002
    187.  11837.    0.15644856    0.09674452    0.04500000    0.00172760   -0.00450786   -0.00000001
    188.  11838.    0.15453986    0.09615644    0.04500000    0.00185789   -0.00482567   -0.00000001
    189.  11839.    0.15263038    0.09557090    0.04500000    0.00198798   -0.00514343    0.00000000
    190.  11840.    0.15071853    0.09499318    0.04500000    0.00211694   -0.00546174    0.00000000
    191.  11841.    0.14880410    0.09442404    0.04500000    0.00224402   -0.00578000    0.00000000
    192.  11842.    0.14688986    0.09385425    0.04500000    0.00237099   -0.00609919    0.00000000
    193.  11843.    0.14497900    0.09327325    0.04500000    0.00250413   -0.00642826    0.00000001
    194.  11844.    0.14307137    0.09268173    0.04500000    0.00264652   -0.00677107    0.00000002
    195.  11845.    0.14116411    0.09208899    0.04500000    0.00279672   -0.00712797    0.00000002
    196.  11846.    0.13925405    0.09150537    0.04500000    0.00295241   -0.00749893    0.00000003
    197.  11847.    0.13734050    0.09093329    0.04500000    0.00311263   -0.00788333    0.00000004
    198.  11848.    0.13542648    0.09036278    0.04500000    0.00327893   -0.00827953    0.00000005
    199.  11849.    0.13351605    0.08978036    0.04500000    0.00345379   -0.00868546    0.00000006
    200.  11850.    0.13161199    0.08917748    0.04500000    0.00363881   -0.00909939    0.00000007
    201.  11851.    0.12971505    0.08855256    0.04500000    0.00383413   -0.00952016    0.00000007
    202.  11852.    0.12782466    0.08790808    0.04500000    0.00403894   -0.00994705    0.00000008
    203.  11853.    0.12593877    0.08725052    0.04500000    0.00425149   -0.01037989    0.00000009
    204.  11854.    0.12405508    0.08658667    0.04500000    0.00446982   -0.01081862    0.00000009
    205.  11855.    0.12217185    0.08592154    0.04500000    0.00469235   -0.01126304    0.00000010
    206.  11856.    0.12028786    0.08525856    0.04500000    0.00491780   -0.01171284    0.00000010
    207.  11857.    0.11840314    0.08459766    0.04500000    0.00514570   -0.01216729    0.00000010
    208.  11858.    0.11651805    0.08393781    0.04500000    0.00537582   -0.01262553    0.00000011
    209.  11859.    0.11463296    0.08327796    0.04500000    0.00560794   -0.01308671    0.00000011
    210.  11860.    0.11274811    0.08261744    0.04500000    0.00584173   -0.01355004    0.00000011
    211.  11861.    0.11086292    0.08195787    0.04500000    0.00607633   -0.01401500    0.00000010
    212.  11862.    0.10897664    0.08130142    0.04500000    0.00631069   -0.01448115    0.00000010
    213.  11863.    0.10708951    0.08064744    0.04500000    0.00654451   -0.01494770    0.00000010
    214.  11864.    0.10520322    0.07999103    0.04500000    0.00677851   -0.01541332    0.00000009
    215.  11865.    0.10332028    0.07932510    0.04500000    0.00701394   -0.01587641    0.00000008
    216.  11866.    0.10144348    0.07864205    0.04500000    0.00725216   -0.01633530    0.00000007
    217.  11867.    0.09957527    0.07793586    0.04500000    0.00749409   -0.01678851    0.00000006
    218.  11868.    0.09771607    0.07720629    0.04500000    0.00773922   -0.01723526    0.00000005
    219.  11869.    0.09586485    0.07645666    0.04500000    0.00798616   -0.01767531    0.00000005
    220.  11870.    0.09401835    0.07569548    0.04500000    0.00823233   -0.01810911    0.00000004
    221.  11871.    0.09217325    0.07493092    0.04500000    0.00847528   -0.01853708    0.00000004
    222.  11872.    0.09032792    0.07416691    0.04500000    0.00871361   -0.01895905    0.00000003
    223.  11873.    0.08848178    0.07340483    0.04500000    0.00894652   -0.01937451    0.00000002
    224.  11874.    0.08663471    0.07264505    0.04500000    0.00917350   -0.01978276    0.00000001
    225.  11875.    0.08478628    0.07188856    0.04500000    0.00939387   -0.02018320    0.00000000
    226.  11876.    0.08293645    0.07113552    0.04500000    0.00960719   -0.02057508   -0.00000001
    227.  11877.    0.08108639    0.07038303    0.04500000    0.00981364   -0.02095731   -0.00000003
    228.  11878.    0.07923870    0.06962472    0.04500000    0.01001408   -0.02132843   -0.00000005
    229.  11879.    0.07739725    0.06885143    0.04500000    0.01020979   -0.02168675   -0.00000006
    230.  11880.    0.07556599    0.06805433    0.04500000    0.01040182   -0.02203065   -0.00000007
    231.  11881.    0.07374734    0.06722886    0.04500000    0.01059027   -0.02235905   -0.00000007
    232.  11882.    0.07194216    0.06637433    0.04500000    0.01077443   -0.02267125   -0.00000006
    233.  11883.    0.07014629    0.06550039    0.04500000    0.01095187   -0.02296765   -0.00000005
    234.  11884.    0.06835346    0.06462021    0.04500000    0.01111983   -0.02324885   -0.00000005
    235.  11885.    0.06655854    0.06374429    0.04500000    0.01127626   -0.02351504   -0.00000004
    236.  11886.    0.06475928    0.06287733    0.04500000    0.01142024   -0.02376570   -0.00000004
    237.  11887.    0.06295795    0.06201468    0.04500000    0.01155220   -0.02399952   -0.00000003
    238.  11888.    0.06115805    0.06114905    0.04500000    0.01167280   -0.02421508   -0.00000003
    239.  11889.    0.05936240    0.06027464    0.04500000    0.01178232   -0.02441120   -0.00000003
    240.  11890.    0.05757310    0.05938731    0.04500000    0.01188075   -0.02458688   -0.00000002
    241.  11891.    0.05579277    0.05848212    0.04500000    0.01196878   -0.02474207   -0.00000001
    242.  11892.    0.05402526    0.05755220    0.04500000    0.01205174   -0.02488270   -0.00000001
    243.  11893.    0.05227433    0.05659142    0.04500000    0.01213712   -0.02502156   -0.00000001
    244.  11894.    0.05053989    0.05560117    0.04500000    0.01222505   -0.02516008    0.00000000
    245.  11895.    0.04881839    0.05458856    0.04500000    0.01231416   -0.02529760    0.00000000
    246.  11896.    0.04710247    0.05356650    0.04500000    0.01240371   -0.02543492    0.00000000
    247.  11897.    0.04538538    0.05254644    0.04500000    0.01249354   -0.02557323    0.00000000
    248.  11898.    0.04366573    0.05153066    0.04500000    0.01258073   -0.02570838    0.00000000
    249.  11899.    0.04194543    0.05051602    0.04500000    0.01265802   -0.02582939    0.00000001
    250.  11900.    0.04023196    0.04948989    0.04500000    0.01272514   -0.02593405    0.00000001
    251.  11901.    0.03853566    0.04843567    0.04500000    0.01278317   -0.02602225    0.00000001
    252.  11902.    0.03686680    0.04733858    0.04500000    0.01283265   -0.02609416    0.00000001
    253.  11903.    0.03522950    0.04619491    0.04500000    0.01287338   -0.02615047    0.00000001
    254.  11904.    0.03361702    0.04501645    0.04500000    0.01290470   -0.02619226    0.00000001
    255.  11905.    0.03201586    0.04382261    0.04500000    0.01292616   -0.02622061    0.00000001
    256.  11906.    0.03041551    0.04262769    0.04500000    0.01293785   -0.02623622    0.00000000
    257.  11907.    0.02881632    0.04143122    0.04500000    0.01294024   -0.02623950    0.00000000
    258.  11908.    0.02722876    0.04021937    0.04500000    0.01293369   -0.02623098    0.00000000
    259.  11909.    0.02566340    0.03897903    0.04500000    0.01291830   -0.02621141    0.00000000
    260.  11910.    0.02412709    0.03770289    0.04500000    0.01289402   -0.02618168    0.00000000
    261.  11911.    0.02261556    0.03639746    0.04500000    0.01286103   -0.02614257    0.00000000
    262.  11912.    0.02112147    0.03507208    0.04500000    0.01281978   -0.02609464    0.00000000
    263.  11913.    0.01964231    0.03373006    0.04500000    0.01277067   -0.02603851    0.00000000
    264.  11914.    0.01818286    0.03236666    0.04500000    0.01271382   -0.02597507    0.00000000
    265.  11915.    0.01675380    0.03097149    0.04500000    0.01264955   -0.02590650    0.00000000
    266.  11916.    0.01536661    0.02953472    0.04500000    0.01258149   -0.02583800    0.00000000
    267.  11917.    0.01402753    0.02805299    0.04500000    0.01251170   -0.02577173    0.00000000
    268.  11918.    0.01273239    0.02653269    0.04500000    0.01244059   -0.02570748    0.00000000
    269.  11919.    0.01147545    0.02498063    0.04500000    0.01236837   -0.02564514    0.00000000
    270.  11920.    0.01025066    0.02340305    0.04500000    0.01229286   -0.02558299    0.00000000
    271.  11921.    0.00905424    0.02180386    0.04500000    0.01220970   -0.02551728    0.00000000
    272.  11922.    0.00789136    0.02018013    0.04500000    0.01211790   -0.02544745    0.00000000
    273.  11923.    0.00677048    0.01852716    0.04500000    0.01201682   -0.02537421    0.00000000
    274.  11924.    0.00570402    0.01683861    0.04500000    0.01190563   -0.02529865    0.00000000
    275.  11925.    0.00470559    0.01510902    0.04500000    0.01178346   -0.02522213   -0.00000001
    276.  11926.    0.00378854    0.01333500    0.04500000    0.01164948   -0.02514620   -0.00000001
    277.  11927.    0.00296557    0.01151547    0.04500000    0.01150301   -0.02507258   -0.00000002
    278.  11928.    0.00224874    0.00965162    0.04500000    0.01134351   -0.02500313   -0.00000002
    279.  11929.    0.00164911    0.00774688    0.04500000    0.01117068   -0.02493984   -0.00000003
    280.  11930.    0.00117682    0.00580669    0.04500000    0.01098443   -0.02488480   -0.00000004
    281.  11931.    0.00084060    0.00383838    0.04500000    0.01078498   -0.02484013   -0.00000005
    282.  11932.    0.00064730    0.00185096    0.04500000    0.01057282   -0.02480792   -0.00000006
    283.  11933.    0.00060173   -0.00014529    0.04500000    0.01034874   -0.02479016   -0.00000006
    284.  11934.    0.00070590   -0.00213934    0.04500000    0.01011382   -0.02478860   -0.00000007
    285.  11935.    0.00095967   -0.00411992    0.04500000    0.00986933   -0.02480478   -0.00000007
    286.  11936.    0.00136016   -0.00607613    0.04500000    0.00961673   -0.02483989   -0.00000008
    287.  11937.    0.00190274   -0.00799780    0.04500000    0.00935757   -0.02489481   -0.00000008
    288.  11938.    0.00258099   -0.00987591    0.04500000    0.00909341   -0.02497013   -0.00000007
    289.  11939.    0.00338714   -0.01170281    0.04500000    0.00882582   -0.02506611   -0.00000007
    290.  11940.    0.00431178   -0.01347274    0.04500000    0.00855620   -0.02518260   -0.00000006
    291.  11941.    0.00534397   -0.01518224    0.04500000    0.00828577   -0.02531907   -0.00000005
    292.  11942.    0.00647050   -0.01683116    0.04500000    0.00801527   -0.02547438   -0.00000003
    293.  11943.    0.00767727   -0.01842238    0.04500000    0.00774503   -0.02564703   -0.00000002
    294.  11944.    0.00895034   -0.01996113    0.04500000    0.00747498   -0.02583526    0.00000000
    295.  11945.    0.01027729   -0.02145372    0.04500000    0.00720478   -0.02603735    0.00000002
    296.  11946.    0.01165202   -0.02290241    0.04500000    0.00693463   -0.02625255    0.00000004
    297.  11947.    0.01307357   -0.02430519    0.04500000    0.00666541   -0.02648095    0.00000006
    298.  11948.    0.01454437   -0.02565620    0.04500000    0.00639863   -0.02672332    0.00000007
    299.  11949.    0.01606544   -0.02695036    0.04500000    0.00613572   -0.02698015    0.00000009
    300.  11950.    0.01763169   -0.02818951    0.04500000    0.00587698   -0.02725066    0.00000011
    301.  11951.    0.01923003   -0.02938705    0.04500000    0.00562062   -0.02753227    0.00000013
    302.  11952.    0.02084774   -0.03055834    0.04500000    0.00536438   -0.02782226    0.00000014
    303.  11953.    0.02247772   -0.03171251    0.04500000    0.00510694   -0.02811899    0.00000015
    304.  11954.    0.02412369   -0.03284372    0.04500000    0.00484971   -0.02842314    0.00000017
    305.  11955.    0.02579377   -0.03393897    0.04500000    0.00459545   -0.02873651    0.00000018
    306.  11956.    0.02749368   -0.03498730    0.04500000    0.00434665   -0.02906039    0.00000018
    307.  11957.    0.02921801   -0.03599505    0.04500000    0.00410254   -0.02939348    0.00000019
    308.  11958.    0.03095647   -0.03697825    0.04500000    0.00386037   -0.02973317    0.00000019
    309.  11959.    0.03270234   -0.03794824    0.04500000    0.00361822   -0.03007762    0.00000019
    310.  11960.    0.03445855   -0.03889935    0.04500000    0.00337749   -0.03042736    0.00000019
    311.  11961.    0.03623347   -0.03981501    0.04500000    0.00314179   -0.03078433    0.00000018
    312.  11962.    0.03803008   -0.04068735    0.04500000    0.00291304   -0.03114916    0.00000018
    313.  11963.    0.03983957   -0.04153275    0.04500000    0.00268823   -0.03151938    0.00000017
    314.  11964.    0.04164935   -0.04237753    0.04500000    0.00246222   -0.03189141    0.00000016
    315.  11965.    0.04345103   -0.04323943    0.04500000    0.00223157   -0.03226270    0.00000015
    316.  11966.    0.04525303   -0.04410067    0.04500000    0.00200015   -0.03263524    0.00000014
    317.  11967.    0.04706866   -0.04493269    0.04500000    0.00177410   -0.03301236    0.00000013
    318.  11968.    0.04890653   -0.04571430    0.04500000    0.00155809   -0.03339620    0.00000011
    319.  11969.    0.05076235   -0.04645241    0.04500000    0.00135093   -0.03378537    0.00000009
    320.  11970.    0.05262646   -0.04716937    0.04500000    0.00114818   -0.03417693    0.00000007
    321.  11971.    0.05449105   -0.04788511    0.04500000    0.00094585   -0.03456839    0.00000005
    322.  11972.    0.05635347   -0.04860646    0.04500000    0.00074270   -0.03495869    0.00000003
    323.  11973.    0.05821538   -0.04932914    0.04500000    0.00053984   -0.03534801    0.00000001
    324.  11974.    0.06007903   -0.05004731    0.04500000    0.00033868   -0.03573668   -0.00000001
    325.  11975.    0.06194662   -0.05075515    0.04500000    0.00014063   -0.03612501   -0.00000003
    326.  11976.    0.06382008   -0.05144730    0.04500000   -0.00005303   -0.03651324   -0.00000005
    327.  11977.    0.06570090   -0.05211921    0.04500000   -0.00024119   -0.03690145   -0.00000007
    328.  11978.    0.06759011   -0.05276710    0.04500000   -0.00042293   -0.03728963   -0.00000009
    329.  11979.    0.06948659   -0.05339344    0.04500000   -0.00059863   -0.03767713   -0.00000012
    330.  11980.    0.07138787   -0.05400507    0.04500000   -0.00076955   -0.03806291   -0.00000014
    331.  11981.    0.07329079   -0.05461160    0.04500000   -0.00093750   -0.03844576   -0.00000017
    332.  11982.    0.07519285   -0.05522078    0.04500000   -0.00110386   -0.03882467   -0.00000019
    333.  11983.    0.07709335   -0.05583485    0.04500000   -0.00126890   -0.03919912   -0.00000021
    334.  11984.    0.07899305   -0.05645136    0.04500000   -0.00143194   -0.03956901   -0.00000023
    335.  11985.    0.08089342   -0.05706583    0.04500000   -0.00159194   -0.03993440   -0.00000025
    336.  11986.    0.08279631   -0.05767242    0.04500000   -0.00174764   -0.04029543   -0.00000027
    337.  11987.    0.08470336   -0.05826579    0.04500000   -0.00189791   -0.04065217   -0.00000029
    338.  11988.    0.08661536   -0.05884303    0.04500000   -0.00204214   -0.04100443   -0.00000031
    339.  11989.    0.08853260   -0.05940262    0.04500000   -0.00218000   -0.04135190   -0.00000032
    340.  11990.    0.09045433   -0.05994657    0.04500000   -0.00231180   -0.04169402   -0.00000034
    341.  11991.    0.09237948   -0.06047831    0.04500000   -0.00243812   -0.04203014   -0.00000036
    342.  11992.    0.09430651   -0.06100320    0.04500000   -0.00255982   -0.04235952   -0.00000038
    343.  11993.    0.09623379   -0.06152720    0.04500000   -0.00267782   -0.04268140   -0.00000040
    344.  11994.    0.09816010   -0.06205475    0.04500000   -0.00279272   -0.04299517   -0.00000041
    345.  11995.    0.10008507   -0.06258714    0.04500000   -0.00290459   -0.04330041   -0.00000043
    346.  11996.    0.10200957   -0.06312125    0.04500000   -0.00301276   -0.04359695   -0.00000044
    347.  11997.    0.10393501   -0.06365192    0.04500000   -0.00311636   -0.04388472   -0.00000045
    348.  11998.    0.10586177   -0.06417782    0.04500000   -0.00321510   -0.04416340   -0.00000045
    349.  11999.    0.10778817   -0.06470501    0.04500000   -0.00330978   -0.04443231   -0.00000046
    350.  12000.    0.10971266   -0.06523914    0.04500000   -0.00340104   -0.04469082   -0.00000046
    351.  12001.    0.11163769   -0.06577132    0.04500000   -0.00348757   -0.04493898   -0.00000047
    352.  12002.    0.11356763   -0.06628537    0.04500000   -0.00356732   -0.04517709   -0.00000047
    353.  12003.    0.11550593   -0.06676688    0.04500000   -0.00363872   -0.04540520   -0.00000047
    354.  12004.    0.11745028   -0.06722342    0.04500000   -0.00370292   -0.04562248   -0.00000048
    355.  12005.    0.11939501   -0.06767840    0.04500000   -0.00376266   -0.04582768   -0.00000048
    356.  12006.    0.12133622   -0.06814813    0.04500000   -0.00381953   -0.04601993   -0.00000048
    357.  12007.    0.12327520   -0.06862698    0.04500000   -0.00387276   -0.04619908   -0.00000048
    358.  12008.    0.12521608   -0.06909808    0.04500000   -0.00392076   -0.04636518   -0.00000047
    359.  12009.    0.12716063   -0.06955381    0.04500000   -0.00396302   -0.04651798   -0.00000047
    360.  12010.    0.12910612   -0.07000551    0.04500000   -0.00400055   -0.04665678   -0.00000046
    361.  12011.    0.13104919   -0.07046746    0.04500000   -0.00403431   -0.04678093   -0.00000045
    362.  12012.    0.13298942   -0.07094126    0.04500000   -0.00406424   -0.04689004   -0.00000044
    363.  12013.    0.13492849   -0.07141977    0.04500000   -0.00408982   -0.04698387   -0.00000042
    364.  12014.    0.13686870   -0.07189362    0.04500000   -0.00411062   -0.04706213   -0.00000041
    365.  12015.    0.13881094   -0.07235909    0.04500000   -0.00412660   -0.04712443   -0.00000039
    366.  12016.    0.14075449   -0.07281904    0.04500000   -0.00413802   -0.04717030   -0.00000038
    367.  12017.    0.14269899   -0.07327498    0.04500000   -0.00414504   -0.04719931   -0.00000036
    368.  12018.    0.14464515   -0.07372381    0.04500000   -0.00414777   -0.04721103   -0.00000034
    369.  12019.    0.14659373   -0.07416195    0.04500000   -0.00414642   -0.04720502   -0.00000033
    370.  12020.    0.14854444   -0.07459056    0.04500000   -0.00414125   -0.04718083   -0.00000031
    371.  12021.    0.15049604   -0.07501508    0.04500000   -0.00413243   -0.04713803   -0.00000030
    372.  12022.    0.15244769   -0.07543934    0.04500000   -0.00412001   -0.04707623   -0.00000028
    373.  12023.    0.15439982   -0.07586144    0.04500000   -0.00410419   -0.04699499   -0.00000027
    374.  12024.    0.15635317   -0.07627785    0.04500000   -0.00408534   -0.04689387   -0.00000025
    375.  12025.    0.15830747   -0.07668974    0.04500000   -0.00406365   -0.04677245   -0.00000024
    376.  12026.    0.16026166   -0.07710218    0.04500000   -0.00403898   -0.04663039   -0.00000023
    377.  12027.    0.16221463   -0.07752035    0.04500000   -0.00401108   -0.04646736   -0.00000021
    378.  12028.    0.16416613   -0.07794531    0.04500000   -0.00397990   -0.04628298   -0.00000019
    379.  12029.    0.16611726   -0.07837202    0.04500000   -0.00394600   -0.04607681   -0.00000018
    380.  12030.    0.16806910   -0.07879543    0.04500000   -0.00391015   -0.04584837   -0.00000016
    381.  12031.    0.17002176   -0.07921506    0.04500000   -0.00387270   -0.04559725   -0.00000014
    382.  12032.    0.17197467   -0.07963349    0.04500000   -0.00383361   -0.04532314   -0.00000012
    383.  12033.    0.17392740   -0.08005278    0.04500000   -0.00379284   -0.04502572   -0.00000009
    384.  12034.    0.17588000   -0.08047269    0.04500000   -0.00375066   -0.04470464   -0.00000007
    385.  12035.    0.17783285   -0.08089142    0.04500000   -0.00370789   -0.04436063   -0.00000004
    386.  12036.    0.17978643   -0.08130676    0.04500000   -0.00366652   -0.04400162   -0.00000003
    387.  12037.    0.18174112   -0.08171681    0.04500000   -0.00362674   -0.04364212   -0.00000002
    388.  12038.    0.18369731   -0.08211962    0.04500000   -0.00358831   -0.04328331   -0.00000002
    389.  12039.    0.18565530   -0.08251365    0.04500000   -0.00355113   -0.04292415   -0.00000002
    390.  12040.    0.18761484   -0.08289986    0.04500000   -0.00351480   -0.04256472   -0.00000004
    391.  12041.    0.18957552   -0.08328026    0.04500000   -0.00347890   -0.04220544   -0.00000007
    392.  12042.    0.19153692   -0.08365688    0.04500000   -0.00344311   -0.04184662   -0.00000012
    393.  12043.    0.19349862   -0.08403199    0.04500000   -0.00340737   -0.04148628   -0.00000018
    394.  12044.    0.19546008   -0.08440835    0.04500000   -0.00337139   -0.04112403   -0.00000024
    395.  12045.    0.19742115   -0.08478670    0.04500000   -0.00333502   -0.04075999   -0.00000030
    396.  12046.    0.19938175   -0.08516752    0.04500000   -0.00329817   -0.04039429   -0.00000035
    397.  12047.    0.20134177   -0.08555129    0.04500000   -0.00326077   -0.04002708   -0.00000041
    398.  12048.    0.20330131   -0.08593751    0.04500000   -0.00322289   -0.03965851   -0.00000047
    399.  12049.    0.20526057   -0.08632514    0.04500000   -0.00318473   -0.03928873   -0.00000052
    400.  12050.    0.20721972   -0.08671333    0.04500000   -0.00314646   -0.03891789   -0.00000058
    401.  12051.    0.20917893   -0.08710122    0.04500000   -0.00310824   -0.03854613   -0.00000063
    402.  12052.    0.21113849   -0.08748737    0.04500000   -0.00307035   -0.03817361   -0.00000068
    403.  12053.    0.21309879   -0.08786972    0.04500000   -0.00303317   -0.03780044   -0.00000074
    404.  12054.    0.21505996   -0.08824755    0.04500000   -0.00299685   -0.03742673   -0.00000079
    405.  12055.    0.21702163   -0.08862281    0.04500000   -0.00296102   -0.03705266   -0.00000084
    406.  12056.    0.21898317   -0.08899873    0.04500000   -0.00292506   -0.03667839   -0.00000089
    407.  12057.    0.22094406   -0.08937806    0.04500000   -0.00288845   -0.03630409   -0.00000094
    408.  12058.    0.22290416   -0.08976140    0.04500000   -0.00285108   -0.03592988   -0.00000099
    409.  12059.    0.22486400   -0.09014609    0.04500000   -0.00281345   -0.03555586   -0.00000103
    410.  12060.    0.22682506   -0.09052452    0.04500000   -0.00277701   -0.03518203   -0.00000108
    411.  12061.    0.22878881   -0.09088872    0.04500000   -0.00274328   -0.03480837   -0.00000113
    412.  12062.    0.23075524   -0.09123815    0.04500000   -0.00271236   -0.03443495   -0.00000119
    413.  12063.    0.23272340   -0.09157768    0.04500000   -0.00268330   -0.03406187   -0.00000125
    414.  12064.    0.23469174   -0.09191623    0.04500000   -0.00265442   -0.03368923   -0.00000131
    415.  12065.    0.23665915   -0.09226009    0.04500000   -0.00262453   -0.03331711   -0.00000137
    416.  12066.    0.23862570   -0.09260889    0.04500000   -0.00259370   -0.03294547   -0.00000142
    417.  12067.    0.24059179   -0.09296022    0.04500000   -0.00256239   -0.03257430   -0.00000147
    418.  12068.    0.24255787   -0.09331167    0.04500000   -0.00253105   -0.03220357   -0.00000151
    419.  12069.    0.24452432   -0.09366100    0.04500000   -0.00250010   -0.03183327   -0.00000156
    420.  12070.    0.24649099   -0.09400909    0.04500000   -0.00246938   -0.03146343   -0.00000160
    421.  12071.    0.24845736   -0.09435886    0.04500000   -0.00243834   -0.03109412   -0.00000164
    422.  12072.    0.25042311   -0.09471212    0.04500000   -0.00240664   -0.03072538   -0.00000168
    423.  12073.    0.25238868   -0.09506637    0.04500000   -0.00237475   -0.03035722   -0.00000171
    424.  12074.    0.25435484   -0.09541732    0.04500000   -0.00234347   -0.02998960   -0.00000174
    425.  12075.    0.25632189   -0.09576328    0.04500000   -0.00231312   -0.02962254   -0.00000178
    426.  12076.    0.25828952   -0.09610591    0.04500000   -0.00228338   -0.02925609   -0.00000182
    427.  12077.    0.26025693   -0.09644980    0.04500000   -0.00225340   -0.02889031   -0.00000186
    428.  12078.    0.26222360   -0.09679788    0.04500000   -0.00222264   -0.02852527   -0.00000189
    429.  12079.    0.26418974   -0.09714898    0.04500000   -0.00219131   -0.02816098   -0.00000191
    430.  12080.    0.26615573   -0.09750088    0.04500000   -0.00215982   -0.02779746   -0.00000193
    431.  12081.    0.26812166   -0.09785318    0.04500000   -0.00212826   -0.02743475   -0.00000194
    432.  12082.    0.27008735   -0.09820678    0.04500000   -0.00209646   -0.02707293   -0.00000196
    433.  12083.    0.27205293   -0.09856096    0.04500000   -0.00206454   -0.02671206   -0.00000196
    434.  12084.    0.27401899   -0.09891247    0.04500000   -0.00203311   -0.02635216   -0.00000198
    435.  12085.    0.27598615   -0.09925779    0.04500000   -0.00200281   -0.02599324   -0.00000200
    436.  12086.    0.27795498   -0.09959343    0.04500000   -0.00197426   -0.02563529   -0.00000204
    437.  12087.    0.27992567   -0.09991800    0.04500000   -0.00194770   -0.02527832   -0.00000210
    438.  12088.    0.28189753   -0.10023536    0.04500000   -0.00192243   -0.02492237   -0.00000217
    439.  12089.    0.28386986   -0.10054982    0.04500000   -0.00189765   -0.02456742   -0.00000225
    440.  12090.    0.28584196   -0.10086568    0.04500000   -0.00187261   -0.02421349   -0.00000233
    441.  12091.    0.28781326   -0.10118654    0.04500000   -0.00184665   -0.02386056   -0.00000239
    442.  12092.    0.28978400   -0.10151081    0.04500000   -0.00182007   -0.02350860   -0.00000244
    443.  12093.    0.29175467   -0.10183549    0.04500000   -0.00179340   -0.02315755   -0.00000249
    444.  12094.    0.29372558   -0.10215874    0.04500000   -0.00176698   -0.02280737   -0.00000254
    445.  12095.    0.29569673   -0.10248046    0.04500000   -0.00174081   -0.02245807   -0.00000259
    446.  12096.    0.29766810   -0.10280092    0.04500000   -0.00171485   -0.02210964   -0.00000264
    447.  12097.    0.29963969   -0.10311994    0.04500000   -0.00168914   -0.02176206   -0.00000270
    448.  12098.    0.30161154   -0.10343740    0.04500000   -0.00166369   -0.02141531   -0.00000276
    449.  12099.    0.30358338   -0.10375491    0.04500000   -0.00163821   -0.02106942   -0.00000281
    450.  12100.    0.30555472   -0.10407546    0.04500000   -0.00161219   -0.02072439   -0.00000286
    451.  12101.    0.30752557   -0.10439905    0.04500000   -0.00158563   -0.02038025   -0.00000290
    452.  12102.    0.30949643   -0.10472262    0.04500000   -0.00155907   -0.02003696   -0.00000293
    453.  12103.    0.31146779   -0.10504308    0.04500000   -0.00153304   -0.01969451   -0.00000298
    454.  12104.    0.31344003   -0.10535812    0.04500000   -0.00150793   -0.01935287   -0.00000304
    455.  12105.    0.31541241   -0.10567225    0.04500000   -0.00148297   -0.01901212   -0.00000310
    456.  12106.    0.31738388   -0.10599200    0.04500000   -0.00145703   -0.01867232   -0.00000314
    457.  12107.    0.31935422   -0.10631872    0.04500000   -0.00142989   -0.01833353   -0.00000316
    458.  12108.    0.32132436   -0.10664660    0.04500000   -0.00140254   -0.01799572   -0.00000317
    459.  12109.    0.32329529   -0.10696971    0.04500000   -0.00137600   -0.01765887   -0.00000319
    460.  12110.    0.32526695   -0.10728832    0.04500000   -0.00135022   -0.01732303   -0.00000323
    461.  12111.    0.32723876   -0.10760598    0.04500000   -0.00132459   -0.01698828   -0.00000327
    462.  12112.    0.32921035   -0.10792508    0.04500000   -0.00129871   -0.01665469   -0.00000331
    463.  12113.    0.33118184   -0.10824473    0.04500000   -0.00127272   -0.01632230   -0.00000333
    464.  12114.    0.33315387   -0.10856103    0.04500000   -0.00124730   -0.01599110   -0.00000337
    465.  12115.    0.33512690   -0.10887107    0.04500000   -0.00122291   -0.01566110   -0.00000343
    466.  12116.    0.33710086   -0.10917511    0.04500000   -0.00119950   -0.01533234   -0.00000352
    467.  12117.    0.33907550   -0.10947471    0.04500000   -0.00117682   -0.01500483   -0.00000361
    468.  12118.    0.34105059   -0.10977134    0.04500000   -0.00115461   -0.01467859   -0.00000371
    469.  12119.    0.34302599   -0.11006590    0.04500000   -0.00113272   -0.01435361   -0.00000382
    470.  12120.    0.34500158   -0.11035917    0.04500000   -0.00111102   -0.01402989   -0.00000394
    471.  12121.    0.34697724   -0.11065194    0.04500000   -0.00108938   -0.01370742   -0.00000405
    472.  12122.    0.34895293   -0.11094453    0.04500000   -0.00106775   -0.01338618   -0.00000416
    473.  12123.    0.35092860   -0.11123726    0.04500000   -0.00104608   -0.01306618   -0.00000426
    474.  12124.    0.35290416   -0.11153072    0.04500000   -0.00102428   -0.01274741   -0.00000436
    475.  12125.    0.35487953   -0.11182550    0.04500000   -0.00100225   -0.01242988   -0.00000446
    476.  12126.    0.35685454   -0.11212265    0.04500000   -0.00097983   -0.01211363   -0.00000454
    477.  12127.    0.35882907   -0.11242296    0.04500000   -0.00095689   -0.01179869   -0.00000460
    478.  12128.    0.36080334   -0.11272497    0.04500000   -0.00093367   -0.01148509   -0.00000465
    479.  12129.    0.36277794   -0.11302487    0.04500000   -0.00091077   -0.01117285   -0.00000471
    480.  12130.    0.36475335   -0.11331930    0.04500000   -0.00088873   -0.01086199   -0.00000479
    481.  12131.    0.36672953   -0.11360858    0.04500000   -0.00086748   -0.01055254   -0.00000489
    482.  12132.    0.36870598   -0.11389601    0.04500000   -0.00084651   -0.01024457   -0.00000498
    483.  12133.    0.37068221   -0.11418493    0.04500000   -0.00082529   -0.00993816   -0.00000507
    484.  12134.    0.37265773   -0.11447868    0.04500000   -0.00080331   -0.00963336   -0.00000513
    485.  12135.    0.37463236   -0.11477831    0.04500000   -0.00078042   -0.00933026   -0.00000517
    486.  12136.    0.37660667   -0.11508013    0.04500000   -0.00075720   -0.00902892   -0.00000519
    487.  12137.    0.37858132   -0.11537962    0.04500000   -0.00073433   -0.00872938   -0.00000521
    488.  12138.    0.38055662   -0.11567483    0.04500000   -0.00071210   -0.00843173   -0.00000524
    489.  12139.    0.38253236   -0.11596710    0.04500000   -0.00069032   -0.00813609   -0.00000528
    490.  12140.    0.38450795   -0.11626037    0.04500000   -0.00066839   -0.00784260   -0.00000530
    491.  12141.    0.38648307   -0.11655681    0.04500000   -0.00064599   -0.00755139   -0.00000531
    492.  12142.    0.38845800   -0.11685443    0.04500000   -0.00062343   -0.00726255   -0.00000530
    493.  12143.    0.39043326   -0.11714995    0.04500000   -0.00060118   -0.00697621   -0.00000528
    494.  12144.    0.39240892   -0.11744276    0.04500000   -0.00057934   -0.00669249   -0.00000527
    495.  12145.    0.39438462   -0.11773528    0.04500000   -0.00055756   -0.00641156   -0.00000524
    496.  12146.    0.39636010   -0.11802930    0.04500000   -0.00053559   -0.00613360   -0.00000520
    497.  12147.    0.39833563   -0.11832295    0.04500000   -0.00051370   -0.00585875   -0.00000515
    498.  12148.    0.40031169   -0.11861301    0.04500000   -0.00049234   -0.00558715   -0.00000509
    499.  12149.    0.40228855   -0.11889764    0.04500000   -0.00047176   -0.00531897   -0.00000503
    500.  12150.    0.40426618   -0.11917681    0.04500000   -0.00045194   -0.00505437   -0.00000496
    501.  12151.    0.40624430   -0.11945251    0.04500000   -0.00043261   -0.00479353   -0.00000488
    502.  12152.    0.40822260   -0.11972690    0.04500000   -0.00041349   -0.00453665   -0.00000478
    503.  12153.    0.41020089   -0.12000138    0.04500000   -0.00039441   -0.00428389   -0.00000467
    504.  12154.    0.41217918   -0.12027582    0.04500000   -0.00037538   -0.00403545   -0.00000454
    505.  12155.    0.41415751   -0.12055002    0.04500000   -0.00035645   -0.00379153   -0.00000440
    506.  12156.    0.41613590   -0.12082374    0.04500000   -0.00033766   -0.00355235   -0.00000424
    507.  12157.    0.41811455   -0.12109562    0.04500000   -0.00031919   -0.00331811   -0.00000405
    508.  12158.    0.42009359   -0.12136462    0.04500000   -0.00030116   -0.00308905   -0.00000385
    509.  12159.    0.42207300   -0.12163088    0.04500000   -0.00028357   -0.00286544   -0.00000362
    510.  12160.    0.42405241   -0.12189710    0.04500000   -0.00026611   -0.00264755   -0.00000338
    511.  12161.    0.42603139   -0.12216661    0.04500000   -0.00024847   -0.00243571   -0.00000313
    512.  12162.    0.42800985   -0.12243984    0.04500000   -0.00023064   -0.00223023   -0.00000289
    513.  12163.    0.42998803   -0.12271507    0.04500000   -0.00021286   -0.00203146   -0.00000264
    514.  12164.    0.43196617   -0.12299060    0.04500000   -0.00019535   -0.00183976   -0.00000238
    515.  12165.    0.43394444   -0.12326521    0.04500000   -0.00017826   -0.00165554   -0.00000212
    516.  12166.    0.43592268   -0.12354005    0.04500000   -0.00016154   -0.00147924   -0.00000185
    517.  12167.    0.43790093   -0.12381481    0.04500000   -0.00014528   -0.00131131   -0.00000158
    518.  12168.    0.43987927   -0.12408893    0.04500000   -0.00012957   -0.00115226   -0.00000132
    519.  12169.    0.44185777   -0.12436184    0.04500000   -0.00011454   -0.00100257   -0.00000106
    520.  12170.    0.44383648   -0.12463326    0.04500000   -0.00010027   -0.00086275   -0.00000080
    521.  12171.    0.44581533   -0.12490368    0.04500000   -0.00008679   -0.00073334   -0.00000055
    522.  12172.    0.44779423   -0.12517375    0.04500000   -0.00007415   -0.00061482   -0.00000034
    523.  12173.    0.44977308   -0.12544412    0.04500000   -0.00006241   -0.00050760   -0.00000016
    524.  12174.    0.45175190   -0.12571470    0.04500000   -0.00005165   -0.00041202   -0.00000003
    525.  12175.    0.45373077   -0.12598501    0.04500000   -0.00004199   -0.00032820    0.00000006
    526.  12176.    0.45570956   -0.12625582    0.04500000   -0.00003344   -0.00025605    0.00000011
    527.  12177.    0.45768818   -0.12652792    0.04500000   -0.00002601   -0.00019520    0.00000011
    528.  12178.    0.45966653   -0.12680194    0.04500000   -0.00001969   -0.00014500    0.00000006
    529.  12179.    0.46164473   -0.12707705    0.04500000   -0.00001446   -0.00010453   -0.00000001
    530.  12180.    0.46362290   -0.12735236    0.04500000   -0.00001027   -0.00007272   -0.00000009
    531.  12181.    0.46560116   -0.12762709    0.04500000   -0.00000701   -0.00004838   -0.00000016
    532.  12182.    0.46757959   -0.12790049    0.04500000   -0.00000456   -0.00003036   -0.00000022
    533.  12183.    0.46955822   -0.12817252    0.04500000   -0.00000279   -0.00001756   -0.00000025
    534.  12184.    0.47153709   -0.12844280    0.04500000   -0.00000158   -0.00000899   -0.00000026
    535.  12185.    0.47351631   -0.12871046    0.04500000   -0.00000083   -0.00000376   -0.00000025
    536.  12186.    0.47549600   -0.12897466    0.04500000   -0.00000041   -0.00000105   -0.00000021
    537.  12187.    0.47747627   -0.12923441    0.04500000   -0.00000023   -0.00000005   -0.00000016
    538.  12188.    0.47945703   -0.12949046    0.04500000   -0.00000017    0.00000006   -0.00000009
    539.  12189.    0.48143789   -0.12974571    0.04500000   -0.00000013    0.00000002   -0.00000005
    540.  12190.    0.48341855   -0.13000254    0.04500000   -0.00000009    0.00000001   -0.00000003
    541.  12191.    0.48539912   -0.13026004    0.04500000   -0.00000007    0.00000001   -0.00000001
    542.  12192.    0.48738010   -0.13051430    0.04500000   -0.00000005    0.00000001   -0.00000001
    543.  12193.    0.48936177   -0.13076318    0.04500000   -0.00000004    0.00000001    0.00000000
    544.  12194.    0.49134373   -0.13100977    0.04500000   -0.00000002    0.00000000    0.00000000
    545.  12195.    0.49332517   -0.13126046    0.04500000   -0.00000002    0.00000000    0.00000000
    546.  12196.    0.49530578   -0.13151766    0.04500000   -0.00000001    0.00000000    0.00000000
    547.  12197.    0.49728645   -0.13177438    0.04500000   -0.00000001    0.00000000    0.00000000
    548.  12198.    0.49926818   -0.13202281    0.04500000   -0.00000001    0.00000000    0.00000000
    549.  12199.    0.50125064   -0.13226532    0.04500000   -0.00000001    0.00000000    0.00000000
    550.  12200.    0.50323272   -0.13251092    0.04500000    0.00000000    0.00000000    0.00000000
    551.  12201.    0.50521363   -0.13276578    0.04500000    0.00000000    0.00000000    0.00000000
    552.  12202.    0.50719368   -0.13302722    0.04500000    0.00000000    0.00000000    0.00000000
    553.  12203.    0.50917404   -0.13328635    0.04500000    0.00000000    0.00000000    0.00000000
    554.  12204.    0.51115543   -0.13353740    0.04500000    0.00000000    0.00000000    0.00000000
    555.  12205.    0.51313759   -0.13378243    0.04500000    0.00000000    0.00000000    0.00000000
    556.  12206.    0.51511956   -0.13402888    0.04500000    0.00000000    0.00000000    0.00000000
    557.  12207.    0.51710062   -0.13428258    0.04500000    0.00000000    0.00000000    0.00000000
