   11651  0.38187E-09 0.36476E-09-0.11577E-08 0.44860E-11-0.83046E-10-0.64415E-09
   11651  0.38968E-09 0.37623E-09-0.11900E-08 0.35255E-11-0.50053E-10-0.38824E-09
   11652  0.14141E-07 0.13511E-07-0.42879E-07-0.17017E-09-0.20663E-09 0.15579E-08
   11652  0.14250E-07 0.13687E-07-0.43363E-07-0.15239E-09-0.25746E-09 0.19407E-08
   11653  0.31915E-09 0.27736E-09-0.90852E-09 0.11148E-10-0.14698E-09-0.11233E-08
   11653  0.32385E-09 0.28920E-09-0.93855E-09 0.92433E-11-0.11114E-09-0.84840E-09
   11654  0.31343E-09 0.20043E-09-0.73763E-09 0.30619E-10-0.26673E-09-0.20074E-08
   11654  0.31046E-09 0.21440E-09-0.76472E-09 0.26032E-10-0.22803E-09-0.17156E-08
   11655  0.35444E-09 0.13100E-09-0.62860E-09 0.60927E-10-0.36984E-09-0.27627E-08
   11655  0.34076E-09 0.14843E-09-0.65265E-09 0.52443E-10-0.33069E-09-0.24702E-08
   11656  0.43406E-09 0.67382E-10-0.57002E-09 0.99114E-10-0.45379E-09-0.34146E-08
   11656  0.40909E-09 0.88132E-10-0.59013E-09 0.86748E-10-0.41368E-09-0.31130E-08
   11657  0.54324E-09 0.82979E-11-0.55045E-09 0.14198E-09-0.51862E-09-0.39716E-08
   11657  0.51318E-09 0.28952E-10-0.56533E-09 0.12849E-09-0.47779E-09-0.36591E-08
   11658  0.67764E-09-0.48108E-10-0.56145E-09 0.19021E-09-0.57174E-09-0.44352E-08
   11658  0.65471E-09-0.33665E-10-0.56996E-09 0.18040E-09-0.53007E-09-0.41120E-08
   11659  0.19816E-08-0.62726E-09-0.59625E-09 0.69024E-09-0.68998E-09-0.53265E-08
   11659  0.21402E-08-0.69811E-09-0.59961E-09 0.75114E-09-0.64761E-09-0.49991E-08
   11660  0.13871E-07-0.60325E-08-0.63217E-09 0.53744E-08-0.13811E-08-0.10448E-07
   11660  0.14270E-07-0.62131E-08-0.63525E-09 0.55300E-08-0.13423E-08-0.10154E-07
   11661  0.38337E-07-0.17057E-07-0.91211E-09 0.15029E-07-0.26514E-08-0.19903E-07
   11661  0.38571E-07-0.17162E-07-0.91573E-09 0.15120E-07-0.26181E-08-0.19652E-07
   11662  0.69653E-07-0.31151E-07-0.13520E-08 0.27074E-07-0.41348E-08-0.31323E-07
   11662  0.69121E-07-0.30915E-07-0.13357E-08 0.26869E-07-0.40988E-08-0.31050E-07
   11663  0.11084E-06-0.49681E-07-0.20333E-08 0.42293E-07-0.60940E-08-0.47041E-07
   11663  0.10893E-06-0.48821E-07-0.20105E-08 0.41566E-07-0.60390E-08-0.46616E-07
   11664  0.16686E-06-0.74855E-07-0.29799E-08 0.63315E-07-0.90829E-08-0.70521E-07
   11664  0.16379E-06-0.73472E-07-0.29341E-08 0.62148E-07-0.89977E-08-0.69859E-07
   11665  0.24406E-06-0.10945E-06-0.42168E-08 0.94048E-07-0.13975E-07-0.10686E-06
   11665  0.24197E-06-0.10853E-06-0.41528E-08 0.93254E-07-0.13838E-07-0.10581E-06
   11666  0.35275E-06-0.15831E-06-0.55150E-08 0.13832E-06-0.21799E-07-0.16395E-06
   11666  0.35396E-06-0.15888E-06-0.54599E-08 0.13880E-06-0.21686E-07-0.16310E-06
   11667  0.51609E-06-0.23189E-06-0.74485E-08 0.20255E-06-0.34018E-07-0.25580E-06
   11667  0.50721E-06-0.22791E-06-0.73040E-08 0.19909E-06-0.34029E-07-0.25587E-06
   11668  0.76072E-06-0.34308E-06-0.87349E-08 0.29562E-06-0.54182E-07-0.41186E-06
   11668  0.71699E-06-0.32323E-06-0.85110E-08 0.27863E-06-0.53008E-07-0.40292E-06
   11669  0.10356E-05-0.46874E-06-0.85995E-08 0.40067E-06-0.87641E-07-0.66959E-06
   11669  0.10935E-05-0.49502E-06-0.89454E-08 0.42309E-06-0.85269E-07-0.65148E-06
   11670  0.13663E-05-0.62082E-06-0.56112E-08 0.53318E-06-0.13840E-06-0.10492E-05
   11670  0.16939E-05-0.77071E-06-0.46497E-08 0.66153E-06-0.14943E-06-0.11328E-05
   11671  0.27361E-05-0.12483E-05 0.13738E-08 0.10810E-05-0.23714E-06-0.17806E-05
   11671  0.16527E-05-0.75963E-06 0.12627E-07 0.65280E-06-0.25192E-06-0.18922E-05
   11672  0.54609E-05-0.25124E-05 0.46236E-07 0.21520E-05-0.49730E-06-0.37509E-05
   11672  0.66441E-06-0.31699E-06 0.30194E-07 0.26666E-06-0.29906E-06-0.22541E-05
   11673  0.73512E-05-0.34440E-05 0.18893E-06 0.28703E-05-0.81471E-06-0.62369E-05
   11673 -0.17554E-06 0.75325E-07 0.10471E-07-0.65813E-07-0.16540E-06-0.12610E-05
   11674  0.75990E-05-0.36798E-05 0.44647E-06 0.29588E-05-0.10487E-05-0.81321E-05
   11674 -0.37279E-06 0.20019E-06-0.64144E-07-0.15039E-06 0.72351E-07 0.56250E-06
   11675  0.73604E-05-0.37357E-05 0.80248E-06 0.29240E-05-0.12702E-05-0.98000E-05
   11675 -0.23330E-06 0.19624E-06-0.19251E-06-0.11288E-06 0.29034E-06 0.22380E-05
   11676  0.70407E-05-0.37872E-05 0.12346E-05 0.29081E-05-0.14974E-05-0.11341E-04
   11676 -0.25915E-07 0.18367E-06-0.36903E-06-0.55855E-07 0.48287E-06 0.36559E-05
   11677  0.66910E-05-0.38519E-05 0.17210E-05 0.28640E-05-0.17055E-05-0.12783E-04
   11677  0.21511E-06 0.17586E-06-0.58856E-06 0.10465E-07 0.64643E-06 0.48459E-05
   11678  0.62734E-05-0.39099E-05 0.22513E-05 0.27433E-05-0.18701E-05-0.14137E-04
   11678  0.53396E-06 0.14602E-06-0.83705E-06 0.10334E-06 0.76981E-06 0.58209E-05
   11679  0.57426E-05-0.39402E-05 0.28318E-05 0.25767E-05-0.20136E-05-0.15399E-04
   11679  0.96491E-06 0.71811E-07-0.11003E-05 0.23666E-06 0.85992E-06 0.65782E-05
   11680  0.51409E-05-0.39499E-05 0.34449E-05 0.24359E-05-0.21803E-05-0.16550E-04
   11680  0.14641E-05-0.25313E-07-0.13805E-05 0.39943E-06 0.93599E-06 0.71088E-05
   11681  0.45820E-05-0.39759E-05 0.40596E-05 0.23670E-05-0.23899E-05-0.17586E-04
   11681  0.19326E-05-0.88939E-07-0.17003E-05 0.56017E-06 0.10079E-05 0.74234E-05
   11682  0.41770E-05-0.40544E-05 0.46413E-05 0.23841E-05-0.26297E-05-0.18517E-04
   11682  0.22813E-05-0.65159E-07-0.20882E-05 0.67963E-06 0.10721E-05 0.75574E-05
   11683  0.39709E-05-0.42004E-05 0.51732E-05 0.24696E-05-0.28631E-05-0.19366E-04
   11683  0.24832E-05 0.67696E-07-0.25666E-05 0.72836E-06 0.11177E-05 0.75670E-05
   11684  0.39232E-05-0.43948E-05 0.56492E-05 0.25819E-05-0.30536E-05-0.20142E-04
   11684  0.25776E-05 0.27896E-06-0.31107E-05 0.71094E-06 0.11357E-05 0.74949E-05
   11685  0.39504E-05-0.46161E-05 0.61037E-05 0.26829E-05-0.31891E-05-0.20861E-04
   11685  0.26281E-05 0.52765E-06-0.36946E-05 0.65496E-06 0.11287E-05 0.73831E-05
   11686  0.39650E-05-0.48396E-05 0.65687E-05 0.27432E-05-0.32747E-05-0.21527E-04
   11686  0.26965E-05 0.76818E-06-0.42800E-05 0.59772E-06 0.11022E-05 0.72415E-05
   11687  0.39088E-05-0.50452E-05 0.70621E-05 0.27645E-05-0.33386E-05-0.22136E-04
   11687  0.28207E-05 0.96681E-06-0.48298E-05 0.56910E-06 0.10637E-05 0.70458E-05
   11688  0.37943E-05-0.52305E-05 0.75721E-05 0.27821E-05-0.34169E-05-0.22686E-04
   11688  0.29878E-05 0.11315E-05-0.53474E-05 0.56897E-06 0.10224E-05 0.67790E-05
   11689  0.36790E-05-0.54048E-05 0.80633E-05 0.28211E-05-0.35160E-05-0.23177E-04
   11689  0.31597E-05 0.12940E-05-0.58643E-05 0.57603E-06 0.97937E-06 0.64438E-05
   11690  0.35990E-05-0.55726E-05 0.85066E-05 0.28710E-05-0.36089E-05-0.23611E-04
   11690  0.33189E-05 0.14688E-05-0.63950E-05 0.57547E-06 0.92694E-06 0.60469E-05
   11691  0.35387E-05-0.57342E-05 0.89142E-05 0.29079E-05-0.36725E-05-0.23986E-04
   11691  0.34753E-05 0.16429E-05-0.69221E-05 0.57073E-06 0.86033E-06 0.55954E-05
   11692  0.34641E-05-0.58831E-05 0.93068E-05 0.29262E-05-0.37144E-05-0.24299E-04
   11692  0.36456E-05 0.17950E-05-0.74159E-05 0.57534E-06 0.78161E-06 0.50839E-05
   11693  0.33691E-05-0.60135E-05 0.96804E-05 0.29379E-05-0.37530E-05-0.24545E-04
   11693  0.38332E-05 0.19220E-05-0.78722E-05 0.59440E-06 0.69421E-06 0.45053E-05
   11694  0.32742E-05-0.61247E-05 0.10014E-04 0.29547E-05-0.37945E-05-0.24722E-04
   11694  0.40272E-05 0.20342E-05-0.83023E-05 0.62253E-06 0.59809E-06 0.38549E-05
   11695  0.32056E-05-0.62178E-05 0.10285E-04 0.29837E-05-0.38366E-05-0.24822E-04
   11695  0.42146E-05 0.21440E-05-0.87203E-05 0.65168E-06 0.49255E-06 0.31371E-05
   11696  0.31767E-05-0.62898E-05 0.10472E-04 0.30165E-05-0.38624E-05-0.24836E-04
   11696  0.43941E-05 0.22545E-05-0.91325E-05 0.67785E-06 0.37638E-06 0.23606E-05
   11697  0.31670E-05-0.63383E-05 0.10586E-04 0.30323E-05-0.38542E-05-0.24753E-04
   11697  0.45775E-05 0.23496E-05-0.95156E-05 0.70682E-06 0.25004E-06 0.15350E-05
   11698  0.31349E-05-0.63549E-05 0.10651E-04 0.30126E-05-0.38073E-05-0.24563E-04
   11698  0.47886E-05 0.24016E-05-0.98334E-05 0.75384E-06 0.11385E-06 0.65206E-06
   11699  0.30332E-05-0.63283E-05 0.10687E-04 0.29407E-05-0.37222E-05-0.24256E-04
   11699  0.50563E-05 0.23802E-05-0.10049E-04 0.83637E-06-0.33937E-07-0.31443E-06
   11700  0.28274E-05-0.62518E-05 0.10717E-04 0.28191E-05-0.36164E-05-0.23828E-04
   11700  0.53932E-05 0.22632E-05-0.10127E-04 0.96738E-06-0.19806E-06-0.14080E-05
   11701  0.25350E-05-0.61201E-05 0.10716E-04 0.26729E-05-0.35162E-05-0.23284E-04
   11701  0.57891E-05 0.20610E-05-0.10078E-04 0.11467E-05-0.38544E-06-0.26659E-05
   11702  0.22116E-05-0.59303E-05 0.10623E-04 0.25222E-05-0.34244E-05-0.22607E-04
   11702  0.62229E-05 0.18017E-05-0.99407E-05 0.13650E-05-0.60711E-06-0.41301E-05
   11703  0.19137E-05-0.56826E-05 0.10383E-04 0.23762E-05-0.33276E-05-0.21769E-04
   11703  0.66718E-05 0.15117E-05-0.97504E-05 0.16092E-05-0.86844E-06-0.58070E-05
   11704  0.16750E-05-0.53786E-05 0.99648E-05 0.22329E-05-0.32063E-05-0.20745E-04
   11704  0.71176E-05 0.12056E-05-0.95210E-05 0.18659E-05-0.11647E-05-0.76653E-05
   11705  0.14809E-05-0.50110E-05 0.93636E-05 0.20695E-05-0.30328E-05-0.19497E-04
   11705  0.75740E-05 0.86802E-06-0.92347E-05 0.21309E-05-0.14840E-05-0.96797E-05
   11706  0.12597E-05-0.45633E-05 0.86125E-05 0.18510E-05-0.27886E-05-0.17981E-04
   11706  0.80863E-05 0.44998E-06-0.88330E-05 0.24187E-05-0.18158E-05-0.11860E-04
   11707  0.92620E-06-0.40116E-05 0.77446E-05 0.15536E-05-0.24815E-05-0.16168E-04
   11707  0.87060E-05-0.10140E-06-0.82522E-05 0.27591E-05-0.21621E-05-0.14248E-04
   11708  0.43288E-06-0.33346E-05 0.67635E-05 0.11730E-05-0.21311E-05-0.14040E-04
   11708  0.94649E-05-0.81374E-06-0.74617E-05 0.31830E-05-0.25424E-05-0.16917E-04
   11709 -0.21139E-06-0.25198E-05 0.56346E-05 0.71642E-06-0.17476E-05-0.11577E-04
   11709  0.10365E-04-0.16835E-05-0.64678E-05 0.37107E-05-0.29858E-05-0.19950E-04
   11710 -0.97484E-06-0.15582E-05 0.43067E-05 0.18483E-06-0.13189E-05-0.87430E-05
   11710  0.11401E-04-0.26987E-05-0.52901E-05 0.43402E-05-0.35068E-05-0.23415E-04
   11711 -0.18513E-05-0.43974E-06 0.27509E-05-0.42998E-06-0.82719E-06-0.54825E-05
   11711  0.12579E-04-0.38649E-05-0.39249E-05 0.50674E-05-0.41079E-05-0.27371E-04
   11712 -0.28529E-05 0.85384E-06 0.93936E-06-0.11402E-05-0.26097E-06-0.17345E-05
   11712  0.13923E-04-0.51967E-05-0.23624E-05 0.59056E-05-0.47982E-05-0.31871E-04
   11713 -0.39968E-05 0.23379E-05-0.11454E-05-0.19621E-05 0.39338E-06 0.25723E-05
   11713  0.15459E-04-0.67069E-05-0.59871E-06 0.68800E-05-0.55962E-05-0.36972E-04
   11714 -0.52938E-05 0.40242E-05-0.35207E-05-0.29171E-05 0.11570E-05 0.75230E-05
   11714  0.17206E-04-0.84044E-05 0.13707E-05 0.80266E-05-0.65314E-05-0.42730E-04
   11715 -0.67720E-05 0.59282E-05-0.61933E-05-0.40218E-05 0.20516E-05 0.13218E-04
   11715  0.19194E-04-0.10313E-04 0.35670E-05 0.93511E-05-0.76046E-05-0.49205E-04
   11716 -0.85522E-05 0.81035E-05-0.91521E-05-0.52812E-05 0.30695E-05 0.19772E-04
   11716  0.21547E-04-0.12498E-04 0.59906E-05 0.10803E-04-0.87429E-05-0.56474E-04
   11717 -0.10835E-04 0.10652E-04-0.12410E-04-0.67185E-05 0.41828E-05 0.27319E-04
   11717  0.24499E-04-0.15039E-04 0.85689E-05 0.12373E-04-0.98851E-05-0.64680E-04
   11718 -0.13719E-04 0.13694E-04-0.16144E-04-0.84822E-05 0.54477E-05 0.35969E-04
   11718  0.28233E-04-0.17980E-04 0.11248E-04 0.14304E-04-0.11191E-04-0.73997E-04
   11719 -0.17164E-04 0.17123E-04-0.20211E-04-0.10812E-04 0.70494E-05 0.45772E-04
   11719  0.32700E-04-0.21245E-04 0.13984E-04 0.17006E-04-0.13001E-04-0.84513E-04
   11720 -0.21119E-04 0.20738E-04-0.24270E-04-0.13860E-04 0.91599E-05 0.56833E-04
   11720  0.37704E-04-0.24799E-04 0.16949E-04 0.20688E-04-0.15504E-04-0.96258E-04
   11721 -0.25690E-04 0.24423E-04-0.27958E-04-0.17518E-04 0.11749E-04 0.69292E-04
   11721  0.43210E-04-0.28723E-04 0.20317E-04 0.25137E-04-0.18529E-04-0.10928E-03
   11722 -0.31299E-04 0.28312E-04-0.31066E-04-0.21506E-04 0.14529E-04 0.83209E-04
   11722  0.49651E-04-0.33217E-04 0.23980E-04 0.29891E-04-0.21602E-04-0.12363E-03
   11723 -0.38604E-04 0.32760E-04-0.33654E-04-0.25793E-04 0.17236E-04 0.98563E-04
   11723  0.57834E-04-0.38426E-04 0.27371E-04 0.34791E-04-0.24379E-04-0.13925E-03
   11724 -0.48199E-04 0.38012E-04-0.35711E-04-0.30874E-04 0.19948E-04 0.11515E-03
   11724  0.68456E-04-0.44346E-04 0.29865E-04 0.40396E-04-0.27033E-04-0.15584E-03
   11725 -0.60482E-04 0.43957E-04-0.36713E-04-0.37377E-04 0.22858E-04 0.13220E-03
   11725  0.81831E-04-0.50887E-04 0.31100E-04 0.47491E-04-0.29899E-04-0.17267E-03
   11726 -0.75746E-04 0.50361E-04-0.35896E-04-0.45449E-04 0.25814E-04 0.14846E-03
   11726  0.98038E-04-0.57997E-04 0.30914E-04 0.56226E-04-0.32859E-04-0.18870E-03
   11727 -0.94234E-04 0.57166E-04-0.32785E-04-0.54556E-04 0.28183E-04 0.16221E-03
   11727  0.11723E-03-0.65658E-04 0.28979E-04 0.65894E-04-0.35226E-04-0.20244E-03
   11728 -0.11574E-03 0.64414E-04-0.27556E-04-0.64030E-04 0.29337E-04 0.17125E-03
   11728  0.13934E-03-0.73756E-04 0.24967E-04 0.75729E-04-0.36347E-04-0.21184E-03
   11729 -0.13919E-03 0.71774E-04-0.20602E-04-0.73769E-04 0.29187E-04 0.17343E-03
   11729  0.16345E-03-0.81849E-04 0.18931E-04 0.85749E-04-0.36191E-04-0.21469E-03
   11730 -0.16283E-03 0.78717E-04-0.12684E-04-0.84029E-04 0.27886E-04 0.16711E-03
   11730  0.18768E-03-0.89455E-04 0.11853E-04 0.96363E-04-0.34984E-04-0.20924E-03
   11731 -0.18454E-03 0.84741E-04-0.48321E-05-0.94328E-04 0.25396E-04 0.15190E-03
   11731  0.20982E-03-0.96129E-04 0.50019E-05 0.10710E-03-0.32717E-04-0.19518E-03
   11732 -0.20233E-03 0.89590E-04 0.16938E-05-0.10327E-03 0.21613E-04 0.12890E-03
   11732  0.22797E-03-0.10161E-03-0.47984E-06 0.11650E-03-0.29272E-04-0.17387E-03
   11733 -0.21501E-03 0.93275E-04 0.59334E-05-0.10927E-03 0.16709E-04 0.10054E-03
   11733  0.24109E-03-0.10588E-03-0.38688E-05 0.12286E-03-0.24776E-04-0.14791E-03
   11734 -0.22233E-03 0.95920E-04 0.75116E-05-0.11158E-03 0.11268E-04 0.69984E-04
   11734  0.24901E-03-0.10904E-03-0.49596E-05 0.12537E-03-0.19746E-04-0.12038E-03
   11735 -0.22469E-03 0.97526E-04 0.67183E-05-0.11079E-03 0.60164E-05 0.40210E-04
   11735  0.25216E-03-0.11107E-03-0.40880E-05 0.12470E-03-0.14871E-04-0.93894E-04
   11736 -0.22285E-03 0.98009E-04 0.42500E-05-0.10835E-03 0.14609E-05 0.13481E-04
   11736  0.25128E-03-0.11188E-03-0.18918E-05 0.12242E-03-0.10655E-04-0.70218E-04
   11737 -0.21766E-03 0.97306E-04 0.85118E-06-0.10578E-03-0.22609E-05-0.89833E-05
   11737  0.24711E-03-0.11134E-03 0.85799E-06 0.12014E-03-0.72704E-05-0.50131E-04
   11738 -0.20986E-03 0.95397E-04-0.27998E-05-0.10371E-03-0.52750E-05-0.27009E-04
   11738  0.24030E-03-0.10944E-03 0.36081E-05 0.11857E-03-0.46280E-05-0.33703E-04
   11739 -0.20031E-03 0.92514E-04-0.61570E-05-0.10129E-03-0.77293E-05-0.41195E-04
   11739  0.23166E-03-0.10654E-03 0.60906E-05 0.11672E-03-0.25352E-05-0.20644E-04
   11740 -0.19013E-03 0.89278E-04-0.90698E-05-0.97003E-04-0.96135E-05-0.52384E-04
   11740  0.22227E-03-0.10327E-03 0.81710E-05 0.11273E-03-0.87623E-06-0.10595E-04
   11741 -0.18028E-03 0.86164E-04-0.11521E-04-0.90566E-04-0.10884E-04-0.61327E-04
   11741  0.21315E-03-0.10007E-03 0.96697E-05 0.10617E-03 0.37940E-06-0.30170E-05
   11742 -0.17100E-03 0.83236E-04-0.13706E-04-0.83778E-04-0.11701E-04-0.68426E-04
   11742  0.20473E-03-0.96939E-04 0.10494E-04 0.99102E-04 0.12895E-05 0.28033E-05
   11743 -0.16206E-03 0.80243E-04-0.15684E-04-0.78533E-04-0.12364E-04-0.73869E-04
   11743  0.19670E-03-0.93555E-04 0.10713E-04 0.93766E-04 0.19890E-05 0.75477E-05
   11744 -0.15311E-03 0.76942E-04-0.17348E-04-0.75086E-04-0.13050E-04-0.77873E-04
   11744  0.18849E-03-0.89739E-04 0.10565E-04 0.90507E-04 0.26053E-05 0.11659E-04
   11745 -0.14389E-03 0.73267E-04-0.18641E-04-0.72364E-04-0.13726E-04-0.80738E-04
   11745  0.17981E-03-0.85557E-04 0.10289E-04 0.88133E-04 0.31818E-05 0.15290E-04
   11746 -0.13444E-03 0.69339E-04-0.19519E-04-0.68977E-04-0.14224E-04-0.82853E-04
   11746  0.17075E-03-0.81246E-04 0.10002E-04 0.85005E-04 0.36920E-05 0.18489E-04
   11747 -0.12513E-03 0.65486E-04-0.20193E-04-0.64427E-04-0.14414E-04-0.84424E-04
   11747  0.16178E-03-0.77062E-04 0.96323E-05 0.80432E-04 0.40780E-05 0.21194E-04
   11748 -0.11630E-03 0.61901E-04-0.20823E-04-0.59197E-04-0.14324E-04-0.85546E-04
   11748  0.15332E-03-0.73109E-04 0.90574E-05 0.74929E-04 0.43410E-05 0.23502E-04
   11749 -0.10802E-03 0.58610E-04-0.21525E-04-0.54066E-04-0.14078E-04-0.86171E-04
   11749  0.14550E-03-0.69347E-04 0.82368E-05 0.69430E-04 0.45344E-05 0.25580E-04
   11750 -0.10011E-03 0.55489E-04-0.22346E-04-0.49771E-04-0.13863E-04-0.86173E-04
   11750  0.13808E-03-0.65590E-04 0.71767E-05 0.64878E-04 0.47419E-05 0.27563E-04
   11751 -0.92111E-04 0.52220E-04-0.23147E-04-0.46600E-04-0.13849E-04-0.85495E-04
   11751  0.13050E-03-0.61601E-04 0.60506E-05 0.61774E-04 0.50554E-05 0.29588E-04
   11752 -0.83497E-04 0.48498E-04-0.23748E-04-0.44096E-04-0.14052E-04-0.84192E-04
   11752  0.12211E-03-0.57207E-04 0.50741E-05 0.59679E-04 0.55067E-05 0.31678E-04
   11753 -0.74000E-04 0.44207E-04-0.24023E-04-0.41301E-04-0.14313E-04-0.82444E-04
   11753  0.11257E-03-0.52392E-04 0.43982E-05 0.57425E-04 0.60388E-05 0.33753E-04
   11754 -0.63629E-04 0.39407E-04-0.23951E-04-0.37479E-04-0.14465E-04-0.80484E-04
   11754  0.10191E-03-0.47282E-04 0.40541E-05 0.54066E-04 0.65630E-05 0.35730E-04
   11755 -0.52615E-04 0.34274E-04-0.23628E-04-0.32473E-04-0.14415E-04-0.78491E-04
   11755  0.90477E-04-0.42028E-04 0.39620E-05 0.49314E-04 0.70010E-05 0.37528E-04
   11756 -0.41278E-04 0.29005E-04-0.23180E-04-0.26570E-04-0.14157E-04-0.76571E-04
   11756  0.78665E-04-0.36753E-04 0.39943E-05 0.43412E-04 0.73107E-05 0.39104E-04
   11757 -0.29872E-04 0.23734E-04-0.22724E-04-0.20284E-04-0.13769E-04-0.74734E-04
   11757  0.66798E-04-0.31508E-04 0.40357E-05 0.36955E-04 0.75121E-05 0.40458E-04
   11758 -0.18504E-04 0.18499E-04-0.22303E-04-0.13999E-04-0.13367E-04-0.72951E-04
   11758  0.54982E-04-0.26270E-04 0.40312E-05 0.30457E-04 0.76648E-05 0.41612E-04
   11759 -0.71415E-05 0.13271E-04-0.21908E-04-0.77867E-05-0.13024E-04-0.71179E-04
   11759  0.43148E-04-0.20998E-04 0.39979E-05 0.24075E-04 0.78158E-05 0.42584E-04
   11760  0.43126E-05 0.79930E-05-0.21490E-04-0.15208E-05-0.12737E-04-0.69408E-04
   11760  0.31186E-04-0.15667E-04 0.39735E-05 0.17699E-04 0.79795E-05 0.43419E-04
   11761  0.15900E-04 0.26418E-05-0.21033E-04 0.48729E-05-0.12440E-04-0.67647E-04
   11761  0.19067E-04-0.10285E-04 0.39773E-05 0.11175E-04 0.81193E-05 0.44148E-04
   11762  0.27537E-04-0.27353E-05-0.20572E-04 0.11272E-04-0.12070E-04-0.65910E-04
   11762  0.69075E-05-0.48855E-05 0.39644E-05 0.45417E-05 0.81909E-05 0.44772E-04
   11763  0.39110E-04-0.80707E-05-0.20158E-04 0.17539E-04-0.11659E-04-0.64178E-04
   11763 -0.51534E-05 0.50462E-06 0.38818E-05-0.20247E-05 0.82131E-05 0.45293E-04
   11764  0.50607E-04-0.13347E-04-0.19796E-04 0.23770E-04-0.11284E-04-0.62410E-04
   11764 -0.17124E-04 0.58970E-05 0.37163E-05-0.85171E-05 0.82485E-05 0.45728E-04
   11765  0.62119E-04-0.18609E-04-0.19442E-04 0.30186E-04-0.10979E-04-0.60578E-04
   11765 -0.29143E-04 0.11319E-04 0.35182E-05-0.15111E-04 0.83298E-05 0.46089E-04
   11766  0.73763E-04-0.23933E-04-0.19052E-04 0.36828E-04-0.10693E-04-0.58695E-04
   11766 -0.41326E-04 0.16800E-04 0.33274E-05-0.21899E-04 0.84247E-05 0.46382E-04
   11767  0.85594E-04-0.29352E-04-0.18633E-04 0.43578E-04-0.10379E-04-0.56780E-04
   11767 -0.53677E-04 0.22354E-04 0.31348E-05-0.28814E-04 0.84930E-05 0.46605E-04
   11768  0.97588E-04-0.34853E-04-0.18211E-04 0.50341E-04-0.10030E-04-0.54838E-04
   11768 -0.66141E-04 0.27973E-04 0.29150E-05-0.35763E-04 0.85281E-05 0.46764E-04
   11769  0.10970E-03-0.40406E-04-0.17804E-04 0.57063E-04-0.96551E-05-0.52864E-04
   11769 -0.78673E-04 0.33651E-04 0.26451E-05-0.42692E-04 0.85352E-05 0.46864E-04
   11770  0.12188E-03-0.45975E-04-0.17429E-04 0.63843E-04-0.92771E-05-0.50851E-04
   11770 -0.91239E-04 0.39373E-04 0.23090E-05-0.49671E-04 0.85351E-05 0.46902E-04
   11771  0.13413E-03-0.51556E-04-0.17067E-04 0.70811E-04-0.89118E-05-0.48798E-04
   11771 -0.10385E-03 0.45127E-04 0.19270E-05-0.56807E-04 0.85411E-05 0.46868E-04
   11772  0.14648E-03-0.57164E-04-0.16708E-04 0.78001E-04-0.85541E-05-0.46706E-04
   11772 -0.11658E-03 0.50933E-04 0.15056E-05-0.64153E-04 0.85503E-05 0.46761E-04
   11773  0.15897E-03-0.62814E-04-0.16352E-04 0.85398E-04-0.81964E-05-0.44577E-04
   11773 -0.12946E-03 0.56814E-04 0.10490E-05-0.71721E-04 0.85561E-05 0.46584E-04
   11774  0.17164E-03-0.68564E-04-0.15996E-04 0.92753E-04-0.78154E-05-0.42427E-04
   11774 -0.14254E-03 0.62806E-04 0.56265E-06-0.79284E-04 0.85300E-05 0.46329E-04
   11775  0.18454E-03-0.74436E-04-0.15676E-04 0.99792E-04-0.73997E-05-0.40274E-04
   11775 -0.15575E-03 0.68916E-04 0.20070E-07-0.86560E-04 0.84499E-05 0.45987E-04
   11776  0.19754E-03-0.80354E-04-0.15398E-04 0.10673E-03-0.69800E-05-0.38133E-04
   11776 -0.16898E-03 0.75085E-04-0.59108E-06-0.93728E-04 0.83425E-05 0.45544E-04
   11777  0.21057E-03-0.86199E-04-0.15169E-04 0.11426E-03-0.66020E-05-0.36006E-04
   11777 -0.18224E-03 0.81241E-04-0.12598E-05-0.10144E-03 0.82604E-05 0.44987E-04
   11778  0.22366E-03-0.91972E-04-0.14942E-04 0.12287E-03-0.62804E-05-0.33907E-04
   11778 -0.19560E-03 0.87355E-04-0.19451E-05-0.11015E-03 0.82242E-05 0.44311E-04
   11779  0.23705E-03-0.97826E-04-0.14687E-04 0.13228E-03-0.59836E-05-0.31861E-04
   11779 -0.20920E-03 0.93505E-04-0.26067E-05-0.11956E-03 0.81937E-05 0.43520E-04
   11780  0.25086E-03-0.10389E-03-0.14382E-04 0.14190E-03-0.56807E-05-0.29881E-04
   11780 -0.22320E-03 0.99811E-04-0.32217E-05-0.12920E-03 0.81281E-05 0.42633E-04
   11781  0.26503E-03-0.11010E-03-0.14080E-04 0.15179E-03-0.53790E-05-0.27971E-04
   11781 -0.23762E-03 0.10629E-03-0.38244E-05-0.13916E-03 0.80362E-05 0.41660E-04
   11782  0.27938E-03-0.11628E-03-0.13733E-04 0.16310E-03-0.51198E-05-0.26145E-04
   11782 -0.25231E-03 0.11273E-03-0.43765E-05-0.15048E-03 0.79767E-05 0.40602E-04
   11783  0.29389E-03-0.12226E-03-0.13324E-04 0.17729E-03-0.49308E-05-0.24395E-04
   11783 -0.26721E-03 0.11894E-03-0.48236E-05-0.16451E-03 0.80027E-05 0.39469E-04
   11784  0.30867E-03-0.12810E-03-0.12782E-04 0.19436E-03-0.47795E-05-0.22677E-04
   11784 -0.28253E-03 0.12498E-03-0.51583E-05-0.18135E-03 0.80948E-05 0.38300E-04
   11785  0.32417E-03-0.13421E-03-0.12134E-04 0.21256E-03-0.45913E-05-0.20926E-04
   11785 -0.29870E-03 0.13124E-03-0.53756E-05-0.19938E-03 0.81676E-05 0.37149E-04
   11786  0.34087E-03-0.14106E-03-0.11384E-04 0.22984E-03-0.43079E-05-0.19079E-04
   11786 -0.31605E-03 0.13812E-03-0.54884E-05-0.21661E-03 0.81466E-05 0.36049E-04
   11787  0.35873E-03-0.14871E-03-0.10619E-04 0.24528E-03-0.39224E-05-0.17094E-04
   11787 -0.33453E-03 0.14573E-03-0.55481E-05-0.23214E-03 0.80281E-05 0.35019E-04
   11788  0.37738E-03-0.15693E-03-0.98745E-05 0.25916E-03-0.34629E-05-0.14966E-04
   11788 -0.35374E-03 0.15391E-03-0.56570E-05-0.24623E-03 0.78522E-05 0.34067E-04
   11789  0.39645E-03-0.16542E-03-0.91234E-05 0.27267E-03-0.29687E-05-0.12735E-04
   11789 -0.37330E-03 0.16231E-03-0.57715E-05-0.25993E-03 0.76700E-05 0.33181E-04
   11790  0.41561E-03-0.17379E-03-0.84307E-05 0.28725E-03-0.24669E-05-0.10437E-04
   11790 -0.39291E-03 0.17065E-03-0.59574E-05-0.27467E-03 0.75240E-05 0.32343E-04
   11791  0.43477E-03-0.18192E-03-0.77870E-05 0.30367E-03-0.19652E-05-0.81088E-05
   11791 -0.41247E-03 0.17879E-03-0.62094E-05-0.29116E-03 0.74252E-05 0.31540E-04
   11792  0.45433E-03-0.19014E-03-0.71590E-05 0.32092E-03-0.14537E-05-0.57711E-05
   11792 -0.43225E-03 0.18697E-03-0.65034E-05-0.30836E-03 0.73367E-05 0.30765E-04
   11793  0.47468E-03-0.19891E-03-0.65734E-05 0.33680E-03-0.92577E-06-0.34280E-05
   11793 -0.45274E-03 0.19571E-03-0.68761E-05-0.32423E-03 0.72050E-05 0.30009E-04
   11794  0.49579E-03-0.20829E-03-0.60495E-05 0.35071E-03-0.40205E-06-0.11290E-05
   11794 -0.47397E-03 0.20510E-03-0.73474E-05-0.33827E-03 0.70246E-05 0.29257E-04
   11795  0.51705E-03-0.21761E-03-0.55567E-05 0.36550E-03 0.86355E-07 0.10272E-05
   11795 -0.49514E-03 0.21441E-03-0.78884E-05-0.35301E-03 0.68570E-05 0.28494E-04
   11796  0.53762E-03-0.22596E-03-0.50934E-05 0.38523E-03 0.53282E-06 0.29674E-05
   11796 -0.51543E-03 0.22272E-03-0.84816E-05-0.37241E-03 0.67691E-05 0.27694E-04
   11797  0.55750E-03-0.23325E-03-0.46556E-05 0.41044E-03 0.95736E-06 0.47123E-05
   11797 -0.53516E-03 0.23008E-03-0.91220E-05-0.39722E-03 0.67458E-05 0.26827E-04
   11798  0.57807E-03-0.24076E-03-0.43206E-05 0.43620E-03 0.13721E-05 0.63480E-05
   11798 -0.55562E-03 0.23778E-03-0.98872E-05-0.42267E-03 0.66805E-05 0.25870E-04
   11799  0.60077E-03-0.24997E-03-0.39928E-05 0.45708E-03 0.17595E-05 0.79184E-05
   11799 -0.57782E-03 0.24702E-03-0.10706E-04-0.44318E-03 0.64879E-05 0.24827E-04
   11800  0.62510E-03-0.26062E-03-0.36023E-05 0.47359E-03 0.20958E-05 0.93684E-05
   11800 -0.60147E-03 0.25755E-03-0.11469E-04-0.45932E-03 0.61990E-05 0.23702E-04
   11801  0.64918E-03-0.27091E-03-0.32751E-05 0.49161E-03 0.23858E-05 0.10604E-04
   11801 -0.62517E-03 0.26790E-03-0.12289E-04-0.47719E-03 0.59025E-05 0.22462E-04
   11802  0.67210E-03-0.27978E-03-0.29210E-05 0.51605E-03 0.26310E-05 0.11507E-04
   11802 -0.64769E-03 0.27682E-03-0.13069E-04-0.50123E-03 0.56498E-05 0.21114E-04
   11803  0.69472E-03-0.28789E-03-0.25175E-05 0.54526E-03 0.28125E-05 0.12043E-04
   11803 -0.66960E-03 0.28482E-03-0.13805E-04-0.52963E-03 0.54049E-05 0.19675E-04
   11804  0.71838E-03-0.29662E-03-0.21773E-05 0.57340E-03 0.29067E-05 0.12278E-04
   11804 -0.69270E-03 0.29356E-03-0.14589E-04-0.55718E-03 0.50931E-05 0.18115E-04
   11805  0.74344E-03-0.30651E-03-0.17927E-05 0.59842E-03 0.28947E-05 0.12199E-04
   11805 -0.71744E-03 0.30350E-03-0.15327E-04-0.58190E-03 0.47058E-05 0.16450E-04
   11806  0.76878E-03-0.31642E-03-0.12322E-05 0.62495E-03 0.27829E-05 0.11734E-04
   11806 -0.74235E-03 0.31324E-03-0.15859E-04-0.60791E-03 0.42957E-05 0.14714E-04
   11807  0.79268E-03-0.32451E-03-0.58791E-06 0.65936E-03 0.25927E-05 0.10857E-04
   11807 -0.76592E-03 0.32114E-03-0.16274E-04-0.64160E-03 0.39025E-05 0.12917E-04
   11808  0.81470E-03-0.33021E-03 0.77176E-07 0.70325E-03 0.23306E-05 0.96295E-05
   11808 -0.78804E-03 0.32684E-03-0.16631E-04-0.68483E-03 0.35133E-05 0.11054E-04
   11809  0.83636E-03-0.33483E-03 0.72710E-06 0.75245E-03 0.19970E-05 0.81923E-05
   11809 -0.81001E-03 0.33156E-03-0.16976E-04-0.73343E-03 0.30789E-05 0.91054E-05
   11810  0.85942E-03-0.34008E-03 0.13946E-05 0.80158E-03 0.16145E-05 0.67197E-05
   11810 -0.83339E-03 0.33686E-03-0.17244E-04-0.78204E-03 0.25572E-05 0.70317E-05
   11811  0.88453E-03-0.34677E-03 0.20811E-05 0.84789E-03 0.12250E-05 0.53531E-05
   11811 -0.85900E-03 0.34362E-03-0.17449E-04-0.82815E-03 0.19365E-05 0.48058E-05
   11812  0.91151E-03-0.35479E-03 0.27877E-05 0.89180E-03 0.86426E-06 0.41663E-05
   11812 -0.88672E-03 0.35169E-03-0.17466E-04-0.87217E-03 0.12282E-05 0.24295E-05
   11813  0.93920E-03-0.36318E-03 0.36956E-05 0.93623E-03 0.55761E-06 0.31941E-05
   11813 -0.91561E-03 0.36004E-03-0.17135E-04-0.91703E-03 0.44793E-06-0.77497E-07
   11814  0.96622E-03-0.37045E-03 0.45191E-05 0.98465E-03 0.32363E-06 0.24642E-05
   11814 -0.94433E-03 0.36745E-03-0.16654E-04-0.96633E-03-0.39863E-06-0.26903E-05
   11815  0.99235E-03-0.37607E-03 0.52451E-05 0.10392E-02 0.17573E-06 0.20031E-05
   11815 -0.97194E-03 0.37314E-03-0.16045E-04-0.10215E-02-0.13169E-05-0.53851E-05
   11816  0.10186E-02-0.38105E-03 0.59748E-05 0.10975E-02 0.13430E-06 0.18606E-05
   11816 -0.99941E-03 0.37792E-03-0.15109E-04-0.10800E-02-0.23149E-05-0.81674E-05
   11817  0.10473E-02-0.38777E-03 0.63208E-05 0.11520E-02 0.21388E-06 0.20680E-05
   11817 -0.10298E-02 0.38472E-03-0.14109E-04-0.11355E-02-0.33734E-05-0.11048E-04
   11818  0.10803E-02-0.39832E-03 0.65917E-05 0.11979E-02 0.41099E-06 0.26114E-05
   11818 -0.10650E-02 0.39538E-03-0.12738E-04-0.11831E-02-0.44493E-05-0.14012E-04
   11819  0.11164E-02-0.41171E-03 0.68942E-05 0.12378E-02 0.70720E-06 0.34349E-05
   11819 -0.11034E-02 0.40862E-03-0.10737E-04-0.12248E-02-0.55109E-05-0.16994E-04
   11820  0.11525E-02-0.42470E-03 0.70197E-05 0.12793E-02 0.10653E-05 0.44114E-05
   11820 -0.11422E-02 0.42149E-03-0.82609E-05-0.12683E-02-0.65469E-05-0.19862E-04
   11821  0.11859E-02-0.43463E-03 0.68750E-05 0.13288E-02 0.14524E-05 0.54103E-05
   11821 -0.11791E-02 0.43140E-03-0.51745E-05-0.13205E-02-0.75588E-05-0.22472E-04
   11822  0.12163E-02-0.44087E-03 0.62941E-05 0.13878E-02 0.18406E-05 0.63278E-05
   11822 -0.12133E-02 0.43767E-03-0.14405E-05-0.13826E-02-0.85307E-05-0.24717E-04
   11823  0.12445E-02-0.44427E-03 0.51579E-05 0.14537E-02 0.22007E-05 0.70880E-05
   11823 -0.12457E-02 0.44119E-03 0.29678E-05-0.14521E-02-0.94234E-05-0.26529E-04
   11824  0.12720E-02-0.44637E-03 0.32155E-05 0.15218E-02 0.25018E-05 0.76383E-05
   11824 -0.12781E-02 0.44357E-03 0.81716E-05-0.15247E-02-0.10183E-04-0.27879E-04
   11825  0.13006E-02-0.44888E-03 0.49512E-06 0.15881E-02 0.27120E-05 0.79364E-05
   11825 -0.13120E-02 0.44642E-03 0.14362E-04-0.15963E-02-0.10754E-04-0.28743E-04
   11826  0.13303E-02-0.45218E-03-0.31710E-05 0.16510E-02 0.27950E-05 0.79148E-05
   11826 -0.13481E-02 0.45025E-03 0.21793E-04-0.16657E-02-0.11091E-04-0.29065E-04
   11827  0.13591E-02-0.45415E-03-0.83508E-05 0.17134E-02 0.27195E-05 0.74875E-05
   11827 -0.13842E-02 0.45329E-03 0.30127E-04-0.17364E-02-0.11183E-04-0.28755E-04
   11828  0.13836E-02-0.45165E-03-0.14971E-04 0.17817E-02 0.24693E-05 0.66004E-05
   11828 -0.14160E-02 0.45183E-03 0.39734E-04-0.18134E-02-0.11050E-04-0.27750E-04
   11829  0.14006E-02-0.44228E-03-0.23213E-04 0.18572E-02 0.20106E-05 0.52180E-05
   11829 -0.14399E-02 0.44352E-03 0.50202E-04-0.18980E-02-0.10685E-04-0.26044E-04
   11830  0.14072E-02-0.42526E-03-0.32710E-04 0.19350E-02 0.13174E-05 0.33425E-05
   11830 -0.14531E-02 0.42783E-03 0.60647E-04-0.19862E-02-0.10083E-04-0.23719E-04
   11831  0.14011E-02-0.40207E-03-0.41053E-04 0.20061E-02 0.39447E-06 0.10658E-05
   11831 -0.14526E-02 0.40606E-03 0.68528E-04-0.20680E-02-0.92558E-05-0.20949E-04
   11832  0.13811E-02-0.37631E-03-0.43940E-04 0.20606E-02-0.72242E-06-0.14571E-05
   11832 -0.14359E-02 0.38228E-03 0.67494E-04-0.21320E-02-0.82436E-05-0.17975E-04
   11833  0.13505E-02-0.35331E-03-0.35904E-04 0.20965E-02-0.19401E-05-0.40189E-05
   11833 -0.14050E-02 0.36205E-03 0.50949E-04-0.21744E-02-0.71532E-05-0.15089E-04
   11834  0.13204E-02-0.33608E-03-0.19620E-04 0.21255E-02-0.31627E-05-0.64484E-05
   11834 -0.13713E-02 0.34829E-03 0.22213E-04-0.22065E-02-0.61134E-05-0.12541E-04
   11835  0.95113E-03-0.23694E-03-0.64776E-05 0.15702E-02-0.36557E-05-0.73267E-05
   11835 -0.11356E-02 0.28556E-03-0.14470E-05-0.18838E-02-0.46923E-05-0.94192E-05
   11836  0.13676E-03-0.32088E-04-0.54030E-05 0.22424E-03-0.28260E-05-0.55891E-05
   11836 -0.65420E-03 0.16272E-03-0.80383E-05-0.11088E-02-0.29104E-05-0.57567E-05
   11837 -0.43587E-03 0.10729E-03-0.67631E-05-0.74651E-03-0.16502E-05-0.32434E-05
   11837 -0.41124E-03 0.10171E-03-0.74476E-05-0.70468E-03-0.16256E-05-0.31951E-05
   11838 -0.56164E-03 0.13773E-03-0.66624E-05-0.95960E-03-0.95218E-06-0.18713E-05
   11838 -0.51986E-03 0.12760E-03-0.62893E-05-0.88796E-03-0.95018E-06-0.18673E-05
   11839 -0.62783E-03 0.15567E-03-0.55643E-05-0.10614E-02-0.60382E-06-0.11945E-05
   11839 -0.61642E-03 0.15269E-03-0.54177E-05-0.10426E-02-0.58644E-06-0.11600E-05
   11840 -0.70500E-03 0.17776E-03-0.40979E-05-0.11747E-02-0.45145E-06-0.90317E-06
   11840 -0.55786E-03 0.14057E-03-0.35948E-05-0.93068E-03-0.49093E-06-0.98302E-06
   11841 -0.24955E-03 0.63945E-04-0.20671E-05-0.41285E-03-0.53727E-06-0.10805E-05
   11841 -0.74736E-03 0.18887E-03-0.14599E-05-0.12370E-02-0.60743E-06-0.12216E-05
   11842  0.87699E-03-0.20887E-03-0.25040E-05 0.14958E-02-0.99410E-06-0.19620E-05
   11842 -0.12999E-02 0.31640E-03-0.15745E-05-0.22003E-02-0.92611E-06-0.18292E-05
   11843  0.16105E-02-0.36523E-03-0.27348E-05 0.28261E-02-0.14888E-05-0.28556E-05
   11843 -0.16392E-02 0.37408E-03-0.20783E-05-0.28774E-02-0.12815E-05-0.24585E-05
   11844  0.16362E-02-0.34651E-03-0.25555E-05 0.29712E-02-0.18781E-05-0.35037E-05
   11844 -0.16203E-02 0.34468E-03-0.14440E-05-0.29445E-02-0.14312E-05-0.26770E-05
   11845  0.15264E-02-0.31079E-03-0.18410E-05 0.28227E-02-0.22968E-05-0.42267E-05
   11845 -0.15105E-02 0.30873E-03-0.12273E-05-0.27951E-02-0.14667E-05-0.27116E-05
   11846  0.14282E-02-0.28705E-03-0.14163E-05 0.26564E-02-0.26821E-05-0.49097E-05
   11846 -0.14129E-02 0.28495E-03-0.11453E-05-0.26295E-02-0.14799E-05-0.27311E-05
   11847  0.13268E-02-0.26007E-03-0.51385E-06 0.24956E-02-0.30637E-05-0.55521E-05
   11847 -0.13124E-02 0.25788E-03-0.11365E-05-0.24695E-02-0.14621E-05-0.26848E-05
   11848  0.12144E-02-0.22125E-03 0.35518E-06 0.23509E-02-0.33844E-05-0.59956E-05
   11848 -0.12003E-02 0.21892E-03-0.92942E-06-0.23240E-02-0.14939E-05-0.26914E-05
   11849  0.10936E-02-0.17405E-03 0.15614E-05 0.22155E-02-0.35637E-05-0.61017E-05
   11849 -0.10800E-02 0.17173E-03-0.10820E-05-0.21877E-02-0.16457E-05-0.28709E-05
   11850  0.97308E-03-0.12648E-03 0.27512E-05 0.20795E-02-0.35629E-05-0.58671E-05
   11850 -0.96011E-03 0.12437E-03-0.15024E-05-0.20509E-02-0.19304E-05-0.32417E-05
   11851  0.86005E-03-0.85488E-04 0.40642E-05 0.19365E-02-0.33436E-05-0.53078E-05
   11851 -0.84769E-03 0.83469E-04-0.17217E-05-0.19070E-02-0.23700E-05-0.38319E-05
   11852  0.75824E-03-0.54721E-04 0.51855E-05 0.17835E-02-0.29107E-05-0.44848E-05
   11852 -0.74634E-03 0.52895E-04-0.22549E-05-0.17534E-02-0.29581E-05-0.46332E-05
   11853  0.66749E-03-0.34582E-04 0.62589E-05 0.16207E-02-0.23226E-05-0.35033E-05
   11853 -0.65601E-03 0.32860E-04-0.27700E-05-0.15902E-02-0.36442E-05-0.55791E-05
   11854  0.58564E-03-0.23024E-04 0.73917E-05 0.14508E-02-0.16205E-05-0.24129E-05
   11854 -0.57449E-03 0.21300E-04-0.33538E-05-0.14201E-02-0.43938E-05-0.66294E-05
   11855  0.50954E-03-0.16807E-04 0.83183E-05 0.12770E-02-0.82521E-06-0.12199E-05
   11855 -0.49870E-03 0.15057E-04-0.38948E-05-0.12464E-02-0.51809E-05-0.77502E-05
   11856  0.43614E-03-0.13196E-04 0.93201E-05 0.11013E-02 0.47336E-07 0.70770E-07
   11856 -0.42568E-03 0.11292E-04-0.42372E-05-0.10710E-02-0.59696E-05-0.88824E-05
   11857  0.36370E-03-0.10446E-04 0.10250E-04 0.92502E-03 0.98598E-06 0.14504E-05
   11857 -0.35367E-03 0.83838E-05-0.45175E-05-0.89510E-03-0.67216E-05-0.99568E-05
   11858  0.29171E-03-0.80772E-05 0.11133E-04 0.74851E-03 0.19849E-05 0.29103E-05
   11858 -0.28221E-03 0.58443E-05-0.46924E-05-0.71920E-03-0.74010E-05-0.10914E-04
   11859  0.22042E-03-0.62592E-05 0.11950E-04 0.57181E-03 0.30348E-05 0.44379E-05
   11859 -0.21145E-03 0.38404E-05-0.47565E-05-0.54307E-03-0.79726E-05-0.11708E-04
   11860  0.15016E-03-0.52815E-05 0.12640E-04 0.39467E-03 0.41160E-05 0.60154E-05
   11860 -0.14168E-03 0.26740E-05-0.47574E-05-0.36653E-03-0.83966E-05-0.12305E-04
   11861  0.80661E-04-0.49226E-05 0.13178E-04 0.21715E-03 0.51983E-05 0.76177E-05
   11861 -0.72695E-04 0.20835E-05-0.45979E-05-0.18977E-03-0.86229E-05-0.12656E-04
   11862  0.10956E-04-0.45339E-05 0.13771E-04 0.39284E-04 0.62945E-05 0.92656E-05
   11862 -0.35170E-05 0.14202E-05-0.44192E-05-0.12727E-04-0.86398E-05-0.12727E-04
   11863 -0.59032E-04-0.38965E-05 0.14191E-04-0.13880E-03 0.74316E-05 0.10967E-04
   11863  0.65954E-04 0.53983E-06-0.40849E-05 0.16464E-03-0.84485E-05-0.12477E-04
   11864 -0.12780E-03-0.40787E-05 0.14466E-04-0.31677E-03 0.86023E-05 0.12655E-04
   11864  0.13425E-03 0.59072E-06-0.37415E-05 0.34212E-03-0.80282E-05-0.11830E-04
   11865 -0.19350E-03-0.68227E-05 0.14340E-04-0.49612E-03 0.97798E-05 0.14234E-04
   11865  0.19957E-03 0.34193E-05-0.33972E-05 0.52119E-03-0.73748E-05-0.10780E-04
   11866 -0.25461E-03-0.13665E-04 0.13826E-04-0.67787E-03 0.10914E-04 0.15620E-04
   11866  0.26058E-03 0.10672E-04-0.34434E-05 0.70299E-03-0.65325E-05-0.94342E-05
   11867 -0.31084E-03-0.24785E-04 0.12958E-04-0.86146E-03 0.11876E-04 0.16675E-04
   11867  0.31695E-03 0.22440E-04-0.37594E-05 0.88685E-03-0.55497E-05-0.79277E-05
   11868 -0.36393E-03-0.38154E-04 0.11413E-04-0.10452E-02 0.12506E-04 0.17283E-04
   11868  0.37048E-03 0.36747E-04-0.44028E-05 0.10707E-02-0.45046E-05-0.64225E-05
   11869 -0.41781E-03-0.50138E-04 0.95839E-05-0.12268E-02 0.12662E-04 0.17373E-04
   11869  0.42509E-03 0.49732E-04-0.52394E-05 0.12524E-02-0.34979E-05-0.50711E-05
   11870 -0.47636E-03-0.57423E-04 0.76071E-05-0.14057E-02 0.12229E-04 0.16848E-04
   11870  0.48455E-03 0.57942E-04-0.60689E-05 0.14315E-02-0.25649E-05-0.38946E-05
   11871 -0.54058E-03-0.59303E-04 0.56495E-05-0.15820E-02 0.11224E-04 0.15683E-04
   11871  0.54964E-03 0.60635E-04-0.69048E-05 0.16074E-02-0.17257E-05-0.28759E-05
   11872 -0.60935E-03-0.56929E-04 0.37811E-05-0.17562E-02 0.97424E-05 0.13914E-04
   11872  0.61916E-03 0.58893E-04-0.74253E-05 0.17811E-02-0.97421E-06-0.19750E-05
   11873 -0.68180E-03-0.51317E-04 0.20840E-05-0.19289E-02 0.78686E-05 0.11591E-04
   11873  0.69229E-03 0.53768E-04-0.77093E-05 0.19536E-02-0.25108E-06-0.10965E-05
   11874 -0.75839E-03-0.42224E-04 0.65022E-06-0.21003E-02 0.56949E-05 0.88036E-05
   11874  0.76938E-03 0.44994E-04-0.77835E-05 0.21245E-02 0.50654E-06-0.14542E-06
   11875 -0.83941E-03-0.29411E-04-0.52630E-06-0.22701E-02 0.33256E-05 0.56641E-05
   11875  0.85062E-03 0.32309E-04-0.75679E-05 0.22934E-02 0.13522E-05 0.96490E-06
   11876 -0.92268E-03-0.14804E-04-0.15470E-05-0.24390E-02 0.84519E-06 0.22575E-05
   11876  0.93404E-03 0.17763E-04-0.72509E-05 0.24616E-02 0.23521E-05 0.23410E-05
   11877 -0.10032E-02-0.35028E-05-0.22204E-05-0.26110E-02-0.16682E-05-0.13040E-05
   11877  0.10146E-02 0.63656E-05-0.66158E-05 0.26332E-02 0.35431E-05 0.40313E-05
   11878 -0.10753E-02-0.13879E-05-0.26270E-05-0.27911E-02-0.41794E-05-0.49105E-05
   11878  0.10866E-02 0.42515E-05-0.62769E-05 0.28130E-02 0.49413E-05 0.60263E-05
   11879 -0.11347E-02-0.11832E-04-0.31464E-05-0.29806E-02-0.66341E-05-0.83921E-05
   11879  0.11459E-02 0.14799E-04-0.58410E-05 0.30025E-02 0.64850E-05 0.81851E-05
   11880 -0.11817E-02-0.34630E-04-0.30700E-05-0.31778E-02-0.89925E-05-0.11627E-04
   11880  0.11926E-02 0.37534E-04-0.52443E-05 0.32000E-02 0.80884E-05 0.10347E-04
   11881 -0.12231E-02-0.63044E-04-0.34861E-05-0.33792E-02-0.11204E-04-0.14561E-04
   11881  0.12340E-02 0.66309E-04-0.54118E-05 0.34015E-02 0.96416E-05 0.12380E-04
   11882 -0.12724E-02-0.84054E-04-0.29608E-05-0.35746E-02-0.13090E-04-0.17092E-04
   11882  0.12834E-02 0.87304E-04-0.54693E-05 0.35979E-02 0.10937E-04 0.14111E-04
   11883 -0.13441E-02-0.82430E-04-0.26868E-05-0.37544E-02-0.14420E-04-0.19099E-04
   11883  0.13553E-02 0.85656E-04-0.57554E-05 0.37781E-02 0.11728E-04 0.15355E-04
   11884 -0.14448E-02-0.51887E-04-0.25978E-05-0.39144E-02-0.15060E-04-0.20493E-04
   11884  0.14560E-02 0.55017E-04-0.62180E-05 0.39372E-02 0.11873E-04 0.15975E-04
   11885 -0.15679E-02 0.20757E-06-0.16316E-05-0.40575E-02-0.14970E-04-0.21109E-04
   11885  0.15795E-02 0.24183E-05-0.65799E-05 0.40806E-02 0.11320E-04 0.15782E-04
   11886 -0.16969E-02 0.57519E-04-0.96123E-06-0.41955E-02-0.14246E-04-0.20815E-04
   11886  0.17089E-02-0.55281E-04-0.70314E-05 0.42190E-02 0.10129E-04 0.14628E-04
   11887 -0.18180E-02 0.10704E-03-0.23784E-06-0.43370E-02-0.13034E-04-0.19618E-04
   11887  0.18302E-02-0.10516E-03-0.74448E-05 0.43604E-02 0.84186E-05 0.12517E-04
   11888 -0.19281E-02 0.14638E-03 0.26058E-06-0.44839E-02-0.11372E-04-0.17515E-04
   11888  0.19408E-02-0.14491E-03-0.73425E-05 0.45082E-02 0.62167E-05 0.94468E-05
   11889 -0.20276E-02 0.17702E-03 0.14715E-06-0.46340E-02-0.91453E-05-0.14330E-04
   11889  0.20409E-02-0.17613E-03-0.60588E-05 0.46601E-02 0.34107E-05 0.52501E-05
   11890 -0.19649E-02 0.18314E-03-0.70917E-06-0.44513E-02-0.64586E-05-0.10237E-04
   11890  0.19243E-02-0.17749E-03-0.43792E-05 0.43558E-02 0.29802E-06 0.42287E-06
   11891 -0.14164E-02 0.12694E-03 0.15219E-05-0.32226E-02-0.36035E-05-0.57111E-05
   11891  0.10022E-02-0.92970E-04-0.52196E-06 0.22701E-02-0.16858E-05-0.26802E-05
   11892 -0.60254E-03 0.44151E-04 0.14443E-05-0.14041E-02-0.17924E-05-0.27824E-05
   11892 -0.15159E-03 0.25898E-05-0.20702E-05-0.38767E-03-0.18003E-05-0.27860E-05
   11893 -0.22929E-03 0.49089E-05-0.73618E-07-0.57653E-03-0.11931E-05-0.17816E-05
   11893 -0.40978E-03 0.11628E-04 0.52577E-06-0.10194E-02-0.11956E-05-0.17838E-05
   11894 -0.17407E-03-0.22846E-05 0.59070E-06-0.45674E-03-0.76464E-06-0.11037E-05
   11894 -0.16855E-03-0.13125E-05 0.30262E-06-0.43978E-03-0.79147E-06-0.11414E-05
   11895 -0.20154E-04-0.74691E-07-0.96173E-07-0.52586E-04-0.60059E-06-0.84733E-06
   11895 -0.56229E-04-0.21947E-05-0.33358E-06-0.15337E-03-0.48041E-06-0.67937E-06
   11896  0.61119E-04 0.31466E-05-0.41429E-06 0.16775E-03-0.61965E-06-0.86993E-06
   11896  0.95628E-05 0.68768E-06-0.81977E-06 0.25471E-04-0.35932E-06-0.50442E-06
   11897 -0.38262E-03-0.13290E-04 0.29727E-06-0.10334E-02-0.87708E-06-0.12394E-05
   11897  0.47468E-03 0.17664E-04-0.15709E-05 0.12836E-02-0.48042E-06-0.67903E-06
   11898 -0.11685E-02-0.21591E-04-0.13079E-05-0.30971E-02-0.29169E-05-0.42066E-05
   11898  0.12223E-02 0.23470E-04 0.27959E-07 0.32401E-02 0.93670E-06 0.13660E-05
   11899 -0.15112E-02-0.94716E-05-0.44558E-06-0.39415E-02-0.58571E-05-0.85676E-05
   11899  0.15442E-02 0.99047E-05-0.25919E-06 0.40271E-02 0.35462E-05 0.52152E-05
   11900 -0.14642E-02-0.20021E-04 0.91406E-05-0.38368E-02-0.70595E-05-0.10331E-04
   11900  0.14959E-02 0.20184E-04-0.84808E-05 0.39208E-02 0.45852E-05 0.67606E-05
   11901 -0.13855E-02-0.66085E-04 0.19498E-04-0.37660E-02-0.63911E-05-0.92104E-05
   11901  0.14153E-02 0.66790E-04-0.17559E-04 0.38491E-02 0.36221E-05 0.53153E-05
   11902 -0.12838E-02-0.13300E-03 0.28398E-04-0.37033E-02-0.44476E-05-0.63062E-05
   11902  0.13116E-02 0.13493E-03-0.25708E-04 0.37865E-02 0.13057E-05 0.20521E-05
   11903 -0.11873E-02-0.18826E-03 0.31814E-04-0.36227E-02-0.20892E-05-0.29986E-05
   11903  0.12147E-02 0.19282E-03-0.33279E-04 0.37057E-02-0.14345E-05-0.16192E-05
   11904 -0.11220E-02-0.20635E-03 0.31551E-04-0.35103E-02 0.44769E-07-0.14782E-06
   11904  0.11503E-02 0.21296E-03-0.37639E-04 0.35937E-02-0.38795E-05-0.48116E-05
   11905 -0.10893E-02-0.18803E-03 0.28386E-04-0.33736E-02 0.16045E-05 0.19073E-05
   11905  0.11194E-02 0.19586E-03-0.39054E-04 0.34570E-02-0.55483E-05-0.70416E-05
   11906 -0.10686E-02-0.15700E-03 0.24698E-04-0.32287E-02 0.23380E-05 0.29469E-05
   11906  0.10996E-02 0.16470E-03-0.36895E-04 0.33113E-02-0.61397E-05-0.79688E-05
   11907 -0.10313E-02-0.14218E-03 0.20801E-04-0.30921E-02 0.24201E-05 0.31130E-05
   11907  0.10622E-02 0.14947E-03-0.32376E-04 0.31741E-02-0.59696E-05-0.78259E-05
   11908 -0.96573E-03-0.15496E-03 0.17306E-04-0.29683E-02 0.20511E-05 0.26264E-05
   11908  0.99492E-03 0.16202E-03-0.26616E-04 0.30493E-02-0.53614E-05-0.69621E-05
   11909 -0.88027E-03-0.18524E-03 0.12754E-04-0.28483E-02 0.13800E-05 0.17289E-05
   11909  0.90727E-03 0.19309E-03-0.21672E-04 0.29268E-02-0.44791E-05-0.56759E-05
   11910 -0.79481E-03-0.21348E-03 0.85516E-05-0.27194E-02 0.58687E-06 0.71660E-06
   11910  0.81983E-03 0.22214E-03-0.17032E-04 0.27960E-02-0.34612E-05-0.42712E-05
   11911 -0.72325E-03-0.22658E-03 0.49892E-05-0.25777E-02-0.68723E-07-0.81181E-07
   11911  0.74711E-03 0.23588E-03-0.13376E-04 0.26534E-02-0.25764E-05-0.31227E-05
   11912 -0.66322E-03-0.22801E-03 0.25232E-05-0.24284E-02-0.42492E-06-0.49904E-06
   11912  0.68591E-03 0.23749E-03-0.10550E-04 0.25021E-02-0.21478E-05-0.25751E-05
   11913 -0.60317E-03-0.22923E-03 0.11701E-05-0.22757E-02-0.38259E-06-0.45665E-06
   11913  0.62415E-03 0.23851E-03-0.77949E-05 0.23469E-02-0.23515E-05-0.27610E-05
   11914 -0.41333E-03-0.18039E-03 0.39711E-06-0.16290E-02-0.23250E-05-0.26684E-05
   11914  0.47580E-03 0.21171E-03-0.39509E-05 0.18809E-02-0.40748E-06-0.47299E-06
   11915 -0.11414E-03-0.55136E-04-0.57444E-06-0.46686E-03-0.29368E-05-0.32191E-05
   11915  0.21744E-03 0.11802E-03-0.10529E-05 0.92286E-03 0.70651E-06 0.76043E-06
   11916  0.19368E-04 0.15660E-04 0.42398E-07 0.97096E-04-0.99742E-06-0.10333E-05
   11916  0.24177E-04 0.13064E-04 0.17117E-07 0.10298E-03-0.64793E-06-0.66836E-06
   11917 -0.12075E-04-0.19752E-04 0.34967E-06-0.87393E-04-0.62719E-06-0.60946E-06
   11917 -0.49746E-04-0.65795E-04 0.53463E-06-0.31896E-03-0.64032E-06-0.62069E-06
   11918 -0.55934E-04-0.98417E-04 0.90002E-06-0.42422E-03-0.57980E-06-0.53069E-06
   11918 -0.63721E-04-0.10443E-03 0.62490E-06-0.46327E-03-0.45585E-06-0.41896E-06
   11919 -0.11621E-03-0.26424E-03 0.97874E-06-0.10427E-02-0.43298E-06-0.38088E-06
   11919  0.20743E-04 0.65315E-04 0.86176E-06 0.23632E-03-0.39745E-06-0.34780E-06
   11920 -0.17082E-03-0.46795E-03-0.13776E-05-0.17486E-02-0.37028E-06-0.31347E-06
   11920  0.14140E-03 0.39655E-03 0.15833E-05 0.14726E-02-0.23085E-06-0.19662E-06
   11921 -0.16943E-03-0.57174E-03-0.42391E-05-0.20230E-02-0.46683E-06-0.38421E-06
   11921  0.17170E-03 0.57777E-03 0.21611E-05 0.20420E-02 0.91784E-07 0.74781E-07
   11922 -0.13396E-03-0.61684E-03-0.44562E-05-0.20330E-02-0.42552E-06-0.33598E-06
   11922  0.13595E-03 0.62289E-03 0.18203E-05 0.20501E-02 0.38396E-06 0.29943E-06
   11923 -0.86082E-04-0.67492E-03-0.44430E-05-0.20340E-02-0.15805E-06-0.12455E-06
   11923  0.87824E-04 0.68135E-03 0.11936E-05 0.20502E-02 0.64889E-06 0.48673E-06
   11924 -0.23340E-04-0.74751E-03-0.43086E-05-0.20181E-02 0.27214E-06 0.17443E-06
   11924  0.24679E-04 0.75439E-03 0.72918E-06 0.20335E-02 0.93511E-06 0.66513E-06
   11925  0.53382E-04-0.83347E-03-0.39279E-05-0.19788E-02 0.84002E-06 0.52879E-06
   11925 -0.52596E-04 0.84091E-03 0.24669E-06 0.19936E-02 0.12146E-05 0.78986E-06
   11926  0.14075E-03-0.92924E-03-0.34948E-05-0.19113E-02 0.15011E-05 0.86347E-06
   11926 -0.14059E-03 0.93733E-03-0.24281E-06 0.19254E-02 0.14772E-05 0.86908E-06
   11927  0.23499E-03-0.10308E-02-0.30982E-05-0.18110E-02 0.21900E-05 0.11244E-05
   11927 -0.23551E-03 0.10395E-02-0.60359E-06 0.18241E-02 0.17304E-05 0.90527E-06
   11928  0.33214E-03-0.11341E-02-0.26285E-05-0.16735E-02 0.28754E-05 0.12969E-05
   11928 -0.33336E-03 0.11433E-02-0.93830E-06 0.16855E-02 0.19315E-05 0.87065E-06
   11929  0.42764E-03-0.12341E-02-0.23018E-05-0.14968E-02 0.34920E-05 0.13312E-05
   11929 -0.42948E-03 0.12439E-02-0.12090E-05 0.15072E-02 0.20790E-05 0.79850E-06
   11930  0.51648E-03-0.13260E-02-0.19790E-05-0.12804E-02 0.39933E-05 0.12453E-05
   11930 -0.51895E-03 0.13360E-02-0.12750E-05 0.12891E-02 0.21558E-05 0.67572E-06
   11931  0.59316E-03-0.14038E-02-0.17479E-05-0.10282E-02 0.43509E-05 0.10482E-05
   11931 -0.59614E-03 0.14144E-02-0.15236E-05 0.10352E-02 0.21253E-05 0.51984E-06
   11932  0.65268E-03-0.14627E-02-0.14714E-05-0.74758E-03 0.44628E-05 0.76145E-06
   11932 -0.65615E-03 0.14736E-02-0.16024E-05 0.75269E-03 0.20464E-05 0.35813E-06
   11933  0.69168E-03-0.14990E-02-0.14303E-05-0.44731E-03 0.43489E-05 0.45114E-06
   11933 -0.69548E-03 0.15102E-02-0.15521E-05 0.45038E-03 0.18929E-05 0.18722E-06
   11934  0.70774E-03-0.15103E-02-0.12418E-05-0.13811E-03 0.40968E-05 0.15101E-06
   11934 -0.71171E-03 0.15217E-02-0.17255E-05 0.13906E-03 0.15790E-05 0.37489E-07
   11935  0.70060E-03-0.14962E-02-0.14042E-05 0.17030E-03 0.36607E-05-0.22062E-06
   11935 -0.70461E-03 0.15077E-02-0.15275E-05-0.17151E-03 0.12130E-05 0.46345E-07
   11936  0.67080E-03-0.14577E-02-0.11993E-05 0.46709E-03 0.28160E-05-0.32367E-06
   11936 -0.67492E-03 0.14692E-02-0.12772E-05-0.47055E-03 0.10938E-05-0.83898E-07
   11937  0.62098E-03-0.13973E-02-0.70264E-06 0.73925E-03 0.21336E-05-0.25550E-06
   11937 -0.62517E-03 0.14087E-02-0.12101E-05-0.74499E-03 0.64132E-06-0.21759E-06
   11938  0.55531E-03-0.13190E-02-0.53869E-06 0.97880E-03 0.12599E-05-0.24297E-06
   11938 -0.55941E-03 0.13300E-02-0.62385E-06-0.98672E-03 0.28217E-06-0.11559E-06
   11939  0.47778E-03-0.12271E-02-0.10319E-06 0.11816E-02 0.26350E-06-0.40486E-07
   11939 -0.48168E-03 0.12375E-02-0.24844E-06-0.11916E-02 0.45973E-07-0.36174E-07
   11940  0.39357E-03-0.11268E-02 0.24496E-06 0.13447E-02-0.66046E-06 0.28218E-06
   11940 -0.39717E-03 0.11366E-02 0.21482E-06-0.13565E-02-0.20286E-06 0.63530E-07
   11941  0.30805E-03-0.10241E-02 0.85819E-06 0.14668E-02-0.15717E-05 0.72677E-06
   11941 -0.31141E-03 0.10329E-02 0.85337E-06-0.14802E-02-0.33876E-06 0.13523E-06
   11942  0.22742E-03-0.92491E-03 0.14689E-05 0.15479E-02-0.23726E-05 0.12158E-05
   11942 -0.23043E-03 0.93266E-03 0.12844E-05-0.15623E-02-0.43346E-06 0.20679E-06
   11943  0.15649E-03-0.83428E-03 0.21309E-05 0.15913E-02-0.30831E-05 0.17309E-05
   11943 -0.15928E-03 0.84097E-03 0.19154E-05-0.16066E-02-0.44679E-06 0.23928E-06
   11944  0.96712E-04-0.75399E-03 0.29911E-05 0.16050E-02-0.36411E-05 0.22097E-05
   11944 -0.99504E-04 0.75960E-03 0.27303E-05-0.16209E-02-0.43879E-06 0.25245E-06
   11945  0.46116E-04-0.68212E-03 0.36619E-05 0.15985E-02-0.40975E-05 0.26606E-05
   11945 -0.48809E-04 0.68672E-03 0.32818E-05-0.16145E-02-0.36910E-06 0.21771E-06
   11946 -0.61813E-06-0.61365E-03 0.45844E-05 0.15799E-02-0.44207E-05 0.30448E-05
   11946 -0.21293E-05 0.61722E-03 0.40012E-05-0.15962E-02-0.26376E-06 0.16626E-06
   11947 -0.48075E-04-0.54382E-03 0.54388E-05 0.15538E-02-0.46100E-05 0.33468E-05
   11947  0.45348E-04 0.54635E-03 0.46297E-05-0.15702E-02-0.12014E-06 0.11337E-06
   11948 -0.96444E-04-0.47239E-03 0.61963E-05 0.15198E-02-0.46878E-05 0.36397E-05
   11948  0.93794E-04 0.47369E-03 0.51874E-05-0.15357E-02 0.71327E-07-0.22943E-07
   11949 -0.14113E-03-0.40393E-03 0.69354E-05 0.14753E-02-0.45815E-05 0.38172E-05
   11949  0.13854E-03 0.40411E-03 0.57777E-05-0.14909E-02 0.20243E-06-0.14784E-06
   11950 -0.17423E-03-0.34657E-03 0.77089E-05 0.14198E-02-0.44122E-05 0.38830E-05
   11950  0.17164E-03 0.34585E-03 0.62887E-05-0.14353E-02 0.36006E-06-0.29250E-06
   11951 -0.19084E-03-0.30527E-03 0.83170E-05 0.13561E-02-0.42039E-05 0.38331E-05
   11951  0.18817E-03 0.30387E-03 0.65995E-05-0.13712E-02 0.53707E-06-0.46189E-06
   11952 -0.19462E-03-0.27640E-03 0.89419E-05 0.12878E-02-0.39460E-05 0.36737E-05
   11952  0.19172E-03 0.27443E-03 0.70272E-05-0.13025E-02 0.70465E-06-0.63072E-06
   11953 -0.19564E-03-0.25006E-03 0.94852E-05 0.12179E-02-0.35791E-05 0.33790E-05
   11953  0.19250E-03 0.24756E-03 0.74481E-05-0.12323E-02 0.82737E-06-0.74614E-06
   11954 -0.20191E-03-0.21851E-03 0.10037E-04 0.11478E-02-0.31684E-05 0.30695E-05
   11954  0.19851E-03 0.21532E-03 0.78069E-05-0.11612E-02 0.95690E-06-0.88926E-06
   11955 -0.21339E-03-0.18147E-03 0.10543E-04 0.10755E-02-0.27300E-05 0.27635E-05
   11955  0.20982E-03 0.17754E-03 0.80318E-05-0.10876E-02 0.10786E-05-0.10640E-05
   11956 -0.22276E-03-0.14609E-03 0.10950E-04 0.10003E-02-0.22560E-05 0.23859E-05
   11956  0.21909E-03 0.14156E-03 0.81762E-05-0.10114E-02 0.11659E-05-0.12099E-05
   11957 -0.22247E-03-0.11997E-03 0.11213E-04 0.92405E-03-0.18207E-05 0.19845E-05
   11957  0.21868E-03 0.11505E-03 0.82198E-05-0.93426E-03 0.12659E-05-0.13631E-05
   11958 -0.21249E-03-0.10312E-03 0.11322E-04 0.84813E-03-0.13782E-05 0.15181E-05
   11958  0.20858E-03 0.97993E-04 0.81828E-05-0.85758E-03 0.13285E-05-0.14577E-05
   11959 -0.19975E-03-0.88899E-04 0.11497E-04 0.77214E-03-0.99881E-06 0.11065E-05
   11959  0.19571E-03 0.83579E-04 0.82104E-05-0.78103E-03 0.14257E-05-0.15963E-05
   11960 -0.19034E-03-0.71289E-04 0.11551E-04 0.69482E-03-0.60526E-06 0.67394E-06
   11960  0.18625E-03 0.65802E-04 0.80908E-05-0.70297E-03 0.14720E-05-0.17021E-05
   11961 -0.18297E-03-0.51448E-04 0.11622E-04 0.61542E-03-0.23985E-06 0.25262E-06
   11961  0.17885E-03 0.45782E-04 0.78539E-05-0.62266E-03 0.14957E-05-0.18070E-05
   11962 -0.17125E-03-0.35638E-04 0.11540E-04 0.53634E-03 0.55331E-07-0.11056E-06
   11962  0.16718E-03 0.29941E-04 0.74780E-05-0.54278E-03 0.15401E-05-0.19373E-05
   11963 -0.15106E-03-0.27953E-04 0.11279E-04 0.46027E-03 0.35206E-06-0.49108E-06
   11963  0.14716E-03 0.22430E-04 0.69977E-05-0.46632E-03 0.15533E-05-0.19842E-05
   11964 -0.12502E-03-0.25912E-04 0.11162E-04 0.38624E-03 0.60537E-06-0.80552E-06
   11964  0.12125E-03 0.20570E-04 0.66680E-05-0.39238E-03 0.15953E-05-0.20204E-05
   11965 -0.99588E-04-0.23317E-04 0.10990E-04 0.31217E-03 0.81178E-06-0.10552E-05
   11965  0.95996E-04 0.18191E-04 0.62890E-05-0.31845E-03 0.16556E-05-0.20810E-05
   11966 -0.78063E-04-0.17140E-04 0.11028E-04 0.23672E-03 0.97989E-06-0.12844E-05
   11966  0.74636E-04 0.12062E-04 0.59694E-05-0.24306E-03 0.16984E-05-0.21755E-05
   11967 -0.57528E-04-0.96761E-05 0.10966E-04 0.15986E-03 0.11009E-05-0.15009E-05
   11967  0.54423E-04 0.46466E-05 0.54665E-05-0.16615E-03 0.17205E-05-0.23119E-05
   11968 -0.34006E-04-0.47158E-05 0.10655E-04 0.83481E-04 0.11879E-05-0.17000E-05
   11968  0.31316E-04-0.17772E-06 0.48544E-05-0.89563E-04 0.17223E-05-0.24479E-05
   11969 -0.65632E-05-0.34090E-05 0.10216E-04 0.90128E-05 0.12716E-05-0.18799E-05
   11969  0.43888E-05-0.11803E-05 0.40111E-05-0.15016E-04 0.17007E-05-0.25146E-05
   11970  0.22876E-04-0.39785E-05 0.97655E-05-0.64344E-04 0.13633E-05-0.20348E-05
   11970 -0.24482E-04-0.20654E-06 0.30741E-05 0.58152E-04 0.16534E-05-0.24845E-05
   11971  0.52440E-04-0.46142E-05 0.93610E-05-0.13789E-03 0.14592E-05-0.21675E-05
   11971 -0.53486E-04 0.84217E-06 0.21893E-05 0.13131E-03 0.15766E-05-0.23728E-05
   11972  0.81851E-04-0.51288E-05 0.90501E-05-0.21164E-03 0.15465E-05-0.22834E-05
   11972 -0.82400E-04 0.17064E-05 0.14241E-05 0.20465E-03 0.14774E-05-0.22243E-05
   11973  0.11190E-03-0.63048E-05 0.88061E-05-0.28491E-03 0.16020E-05-0.23667E-05
   11973 -0.11200E-03 0.31619E-05 0.74770E-06 0.27757E-03 0.13872E-05-0.21035E-05
   11974  0.14337E-03-0.88968E-05 0.86176E-05-0.35709E-03 0.16185E-05-0.24093E-05
   11974 -0.14304E-03 0.59781E-05 0.10804E-06 0.34945E-03 0.13317E-05-0.20488E-05
   11975  0.17688E-03-0.13528E-04 0.84483E-05-0.42747E-03 0.16030E-05-0.24205E-05
   11975 -0.17611E-03 0.10806E-04-0.54825E-06 0.41961E-03 0.13160E-05-0.20677E-05
   11976  0.21298E-03-0.20685E-04 0.82636E-05-0.49556E-03 0.15603E-05-0.24042E-05
   11976 -0.21174E-03 0.18163E-04-0.12758E-05 0.48757E-03 0.13376E-05-0.21585E-05
   11977  0.25199E-03-0.30615E-04 0.80288E-05-0.56093E-03 0.15017E-05-0.23731E-05
   11977 -0.25028E-03 0.28312E-04-0.20612E-05 0.55294E-03 0.13774E-05-0.22940E-05
   11978  0.29323E-03-0.42586E-04 0.76515E-05-0.62397E-03 0.14529E-05-0.23585E-05
   11978 -0.29097E-03 0.40599E-04-0.30182E-05 0.61607E-03 0.13982E-05-0.24074E-05
   11979  0.33476E-03-0.54760E-04 0.72628E-05-0.68654E-03 0.14344E-05-0.23811E-05
   11979 -0.33188E-03 0.53142E-04-0.40929E-05 0.67860E-03 0.13702E-05-0.24297E-05
   11980  0.37466E-03-0.65159E-04 0.67776E-05-0.75099E-03 0.14554E-05-0.24491E-05
   11980 -0.37118E-03 0.63991E-04-0.51992E-05 0.74306E-03 0.12765E-05-0.23136E-05
   11981  0.41214E-03-0.73045E-04 0.63074E-05-0.81857E-03 0.15121E-05-0.25569E-05
   11981 -0.40818E-03 0.72356E-04-0.62847E-05 0.81072E-03 0.11182E-05-0.20585E-05
   11982  0.44773E-03-0.79168E-04 0.59952E-05-0.88821E-03 0.15990E-05-0.27039E-05
   11982 -0.44348E-03 0.78861E-04-0.71257E-05 0.88052E-03 0.90973E-06-0.17010E-05
   11983  0.48348E-03-0.85582E-04 0.57876E-05-0.95736E-03 0.16791E-05-0.28417E-05
   11983 -0.47917E-03 0.85630E-04-0.79025E-05 0.95018E-03 0.70578E-06-0.13500E-05
   11984  0.52168E-03-0.94368E-04 0.56306E-05-0.10239E-02 0.17187E-05-0.29241E-05
   11984 -0.51730E-03 0.94675E-04-0.84992E-05 0.10172E-02 0.56330E-06-0.11113E-05
   11985  0.56352E-03-0.10668E-03 0.55473E-05-0.10866E-02 0.17009E-05-0.29253E-05
   11985 -0.55883E-03 0.10713E-03-0.90268E-05 0.10798E-02 0.51984E-06-0.10530E-05
   11986  0.60954E-03-0.12313E-03 0.54293E-05-0.11440E-02 0.16260E-05-0.28430E-05
   11986 -0.60447E-03 0.12371E-03-0.95861E-05 0.11370E-02 0.58330E-06-0.11954E-05
   11987  0.65947E-03-0.14343E-03 0.52581E-05-0.11958E-02 0.15104E-05-0.26966E-05
   11987 -0.65411E-03 0.14422E-03-0.10240E-04 0.11889E-02 0.73062E-06-0.15084E-05
   11988  0.71236E-03-0.16666E-03 0.50500E-05-0.12427E-02 0.13771E-05-0.25149E-05
   11988 -0.70682E-03 0.16770E-03-0.10943E-04 0.12364E-02 0.92113E-06-0.19271E-05
   11989  0.76675E-03-0.19126E-03 0.47078E-05-0.12867E-02 0.12556E-05-0.23444E-05
   11989 -0.76098E-03 0.19268E-03-0.11840E-04 0.12809E-02 0.11011E-05-0.23504E-05
   11990  0.82086E-03-0.21554E-03 0.43394E-05-0.13302E-02 0.11721E-05-0.22321E-05
   11990 -0.81484E-03 0.21740E-03-0.12835E-04 0.13248E-02 0.12202E-05-0.26668E-05
   11991  0.87330E-03-0.23803E-03 0.38563E-05-0.13757E-02 0.11415E-05-0.22107E-05
   11991 -0.86696E-03 0.24041E-03-0.13937E-04 0.13708E-02 0.12439E-05-0.27851E-05
   11992  0.92298E-03-0.25763E-03 0.33420E-05-0.14257E-02 0.11668E-05-0.22912E-05
   11992 -0.91629E-03 0.26055E-03-0.15026E-04 0.14211E-02 0.11583E-05-0.26562E-05
   11993  0.96963E-03-0.27418E-03 0.28994E-05-0.14807E-02 0.12390E-05-0.24592E-05
   11993 -0.96263E-03 0.27756E-03-0.15952E-04 0.14764E-02 0.97397E-06-0.22941E-05
   11994  0.10148E-02-0.28922E-03 0.24672E-05-0.15381E-02 0.13330E-05-0.26704E-05
   11994 -0.10076E-02 0.29305E-03-0.16779E-04 0.15341E-02 0.72752E-06-0.17826E-05
   11995  0.10615E-02-0.30581E-03 0.21729E-05-0.15933E-02 0.14134E-05-0.28621E-05
   11995 -0.10540E-02 0.30990E-03-0.17336E-04 0.15893E-02 0.47041E-06-0.12415E-05
   11996  0.11125E-02-0.32652E-03 0.19028E-05-0.16415E-02 0.14487E-05-0.29778E-05
   11996 -0.11047E-02 0.33077E-03-0.17704E-04 0.16375E-02 0.24670E-06-0.76683E-06
   11997  0.11671E-02-0.35089E-03 0.15833E-05-0.16828E-02 0.14117E-05-0.29518E-05
   11997 -0.11592E-02 0.35536E-03-0.18034E-04 0.16790E-02 0.86992E-07-0.42194E-06
   11998  0.12209E-02-0.37432E-03 0.12256E-05-0.17253E-02 0.13091E-05-0.27688E-05
   11998 -0.12128E-02 0.37901E-03-0.18331E-04 0.17217E-02-0.15372E-07-0.19376E-06
   11999  0.12705E-02-0.39353E-03 0.94415E-06-0.17759E-02 0.11397E-05-0.24047E-05
   11999 -0.12619E-02 0.39823E-03-0.18519E-04 0.17717E-02-0.45547E-07-0.12550E-06
   12000  0.13221E-02-0.41487E-03 0.10152E-05-0.18224E-02 0.88359E-06-0.18329E-05
   12000 -0.13131E-02 0.41933E-03-0.18345E-04 0.18177E-02 0.49167E-07-0.34899E-06
   12001  0.13864E-02-0.44896E-03 0.91111E-06-0.18431E-02 0.55540E-06-0.10942E-05
   12001 -0.13774E-02 0.45336E-03-0.18199E-04 0.18384E-02 0.27863E-06-0.91766E-06
   12002  0.14666E-02-0.49909E-03 0.10555E-05-0.18279E-02 0.18516E-06-0.20183E-06
   12002 -0.14576E-02 0.50339E-03-0.18264E-04 0.18235E-02 0.58886E-06-0.17720E-05
   12003  0.15511E-02-0.55326E-03 0.68482E-06-0.17979E-02-0.17147E-06 0.76768E-06
   12003 -0.15415E-02 0.55779E-03-0.18940E-04 0.17936E-02 0.84645E-06-0.25990E-05
   12004  0.16224E-02-0.59395E-03 0.95861E-07-0.17953E-02-0.49068E-06 0.17214E-05
   12004 -0.16122E-02 0.59891E-03-0.19999E-04 0.17910E-02 0.94667E-06-0.30128E-05
   12005  0.16763E-02-0.61697E-03-0.51208E-06-0.18345E-02-0.78180E-06 0.25989E-05
   12005 -0.16652E-02 0.62231E-03-0.20956E-04 0.18299E-02 0.86791E-06-0.28557E-05
   12006  0.17255E-02-0.63576E-03-0.74173E-06-0.18840E-02-0.10390E-05 0.33794E-05
   12006 -0.17137E-02 0.64116E-03-0.21548E-04 0.18790E-02 0.64964E-06-0.22764E-05
   12007  0.17857E-02-0.66588E-03-0.47838E-06-0.19046E-02-0.12360E-05 0.40700E-05
   12007 -0.17738E-02 0.67113E-03-0.21563E-04 0.18995E-02 0.35532E-06-0.15012E-05
   12008  0.18586E-02-0.70866E-03-0.48225E-06-0.18896E-02-0.13630E-05 0.46779E-05
   12008 -0.18471E-02 0.71420E-03-0.21927E-04 0.18853E-02 0.23917E-07-0.59528E-06
   12009  0.19310E-02-0.75097E-03-0.50335E-06-0.18732E-02-0.14522E-05 0.52044E-05
   12009 -0.19196E-02 0.75671E-03-0.22384E-04 0.18693E-02-0.36651E-06 0.57404E-06
   12010  0.19922E-02-0.78162E-03-0.69304E-06-0.18889E-02-0.15549E-05 0.56837E-05
   12010 -0.19800E-02 0.78727E-03-0.22721E-04 0.18845E-02-0.84701E-06 0.20976E-05
   12011  0.20460E-02-0.80498E-03-0.67427E-06-0.19256E-02-0.16645E-05 0.61139E-05
   12011 -0.20335E-02 0.81048E-03-0.22655E-04 0.19209E-02-0.14077E-05 0.39088E-05
   12012  0.21028E-02-0.83171E-03-0.44280E-06-0.19515E-02-0.17533E-05 0.65137E-05
   12012 -0.20909E-02 0.83715E-03-0.22289E-04 0.19472E-02-0.19674E-05 0.57927E-05
   12013  0.21690E-02-0.86773E-03-0.43595E-07-0.19490E-02-0.18010E-05 0.68897E-05
   12013 -0.21575E-02 0.87279E-03-0.21547E-04 0.19449E-02-0.24467E-05 0.75927E-05
   12014  0.22424E-02-0.91088E-03 0.41687E-06-0.19222E-02-0.18130E-05 0.72465E-05
   12014 -0.22310E-02 0.91539E-03-0.20722E-04 0.19181E-02-0.28200E-05 0.92563E-05
   12015  0.23164E-02-0.95475E-03 0.65365E-06-0.18882E-02-0.18118E-05 0.75831E-05
   12015 -0.23056E-02 0.95908E-03-0.20039E-04 0.18845E-02-0.31124E-05 0.10797E-04
   12016  0.23888E-02-0.99714E-03 0.96603E-06-0.18551E-02-0.18052E-05 0.78909E-05
   12016 -0.23791E-02 0.10014E-02-0.19276E-04 0.18521E-02-0.33470E-05 0.12234E-04
   12017  0.24627E-02-0.10408E-02 0.13185E-05-0.18139E-02-0.17759E-05 0.81462E-05
   12017 -0.24536E-02 0.10447E-02-0.18443E-04 0.18112E-02-0.35139E-05 0.13576E-04
   12018  0.25397E-02-0.10875E-02 0.15968E-05-0.17550E-02-0.17144E-05 0.83427E-05
   12018 -0.25312E-02 0.10912E-02-0.17542E-04 0.17527E-02-0.35929E-05 0.14811E-04
   12019  0.26175E-02-0.11352E-02 0.16894E-05-0.16846E-02-0.16319E-05 0.84836E-05
   12019 -0.26103E-02 0.11389E-02-0.16796E-04 0.16830E-02-0.36004E-05 0.15948E-04
   12020  0.26925E-02-0.11799E-02 0.17339E-05-0.16194E-02-0.15520E-05 0.85765E-05
   12020 -0.26864E-02 0.11838E-02-0.16023E-04 0.16185E-02-0.35812E-05 0.16999E-04
   12021  0.27635E-02-0.12208E-02 0.17562E-05-0.15668E-02-0.14865E-05 0.86380E-05
   12021 -0.27584E-02 0.12247E-02-0.15175E-04 0.15663E-02-0.35533E-05 0.17944E-04
   12022  0.28335E-02-0.12607E-02 0.17190E-05-0.15127E-02-0.14224E-05 0.86805E-05
   12022 -0.28295E-02 0.12646E-02-0.14221E-04 0.15127E-02-0.34800E-05 0.18727E-04
   12023  0.29051E-02-0.13023E-02 0.16033E-05-0.14410E-02-0.13477E-05 0.87348E-05
   12023 -0.29028E-02 0.13066E-02-0.13155E-04 0.14417E-02-0.33186E-05 0.19283E-04
   12024  0.29771E-02-0.13444E-02 0.12946E-05-0.13575E-02-0.12766E-05 0.88574E-05
   12024 -0.29764E-02 0.13491E-02-0.12109E-04 0.13587E-02-0.30845E-05 0.19567E-04
   12025  0.30465E-02-0.13839E-02 0.90646E-06-0.12818E-02-0.12350E-05 0.91134E-05
   12025 -0.30470E-02 0.13888E-02-0.10937E-04 0.12833E-02-0.28325E-05 0.19571E-04
   12026  0.31116E-02-0.14194E-02 0.43747E-06-0.12243E-02-0.12381E-05 0.95714E-05
   12026 -0.31137E-02 0.14247E-02-0.97154E-05 0.12263E-02-0.25910E-05 0.19269E-04
   12027  0.31742E-02-0.14526E-02-0.19233E-06-0.11757E-02-0.12733E-05 0.10256E-04
   12027 -0.31782E-02 0.14585E-02-0.85193E-05 0.11782E-02-0.23427E-05 0.18648E-04
   12028  0.32375E-02-0.14869E-02-0.64510E-06-0.11124E-02-0.13072E-05 0.11171E-04
   12028 -0.32430E-02 0.14930E-02-0.71255E-05 0.11151E-02-0.20485E-05 0.17710E-04
   12029  0.33026E-02-0.15231E-02-0.11506E-05-0.10202E-02-0.13110E-05 0.12315E-04
   12029 -0.33095E-02 0.15295E-02-0.57674E-05 0.10230E-02-0.17031E-05 0.16498E-04
   12030  0.33671E-02-0.15595E-02-0.17054E-05-0.90776E-03-0.12768E-05 0.13634E-04
   12030 -0.33759E-02 0.15665E-02-0.45962E-05 0.91066E-03-0.13539E-05 0.15146E-04
   12031  0.34289E-02-0.15938E-02-0.20240E-05-0.79358E-03-0.12091E-05 0.14986E-04
   12031 -0.34396E-02 0.16013E-02-0.34147E-05 0.79645E-03-0.10587E-05 0.13892E-04
   12032  0.34875E-02-0.16257E-02-0.21450E-05-0.68567E-03-0.11064E-05 0.16160E-04
   12032 -0.34999E-02 0.16336E-02-0.23606E-05 0.68839E-03-0.84158E-06 0.13025E-04
   12033  0.35432E-02-0.16556E-02-0.20856E-05-0.57683E-03-0.95346E-06 0.16901E-04
   12033 -0.35576E-02 0.16640E-02-0.14387E-05 0.57934E-03-0.69044E-06 0.12838E-04
   12034  0.32563E-02-0.15245E-02-0.16904E-05-0.42234E-03-0.73197E-06 0.16570E-04
   12034 -0.33714E-02 0.15795E-02-0.57630E-06 0.43539E-03-0.56026E-06 0.13083E-04
   12035  0.16162E-02-0.75772E-03-0.27412E-06-0.17410E-03-0.42783E-06 0.12482E-04
   12035 -0.24779E-02 0.11626E-02-0.74961E-06 0.24856E-03-0.36884E-06 0.10970E-04
   12036 -0.51231E-03 0.24024E-03 0.59745E-06 0.36884E-04-0.17892E-06 0.65575E-05
   12036 -0.13019E-02 0.61139E-03-0.67556E-06 0.10461E-03-0.18112E-06 0.66452E-05
   12037 -0.12040E-02 0.56496E-03 0.63757E-06 0.84421E-04-0.64365E-07 0.26105E-05
   12037 -0.92414E-03 0.43369E-03 0.42969E-06 0.63829E-04-0.68184E-07 0.27555E-05
   12038 -0.96810E-03 0.45431E-03 0.71069E-06 0.57221E-04 0.89289E-08-0.64533E-06
   12038 -0.98199E-03 0.46083E-03 0.72876E-06 0.57606E-04 0.10387E-07-0.71231E-06
   12039 -0.72036E-03 0.33777E-03 0.13212E-05 0.33512E-04 0.66916E-07-0.46242E-05
   12039 -0.75740E-03 0.35521E-03 0.12123E-05 0.35443E-04 0.67241E-07-0.46453E-05
   12040 -0.48532E-03 0.22722E-03 0.16939E-05 0.17552E-04 0.12310E-06-0.10719E-04
   12040 -0.38932E-03 0.18231E-03 0.12759E-05 0.14566E-04 0.12147E-06-0.10579E-04
   12041 -0.14484E-03 0.68552E-04-0.10601E-05 0.47037E-05 0.19185E-06-0.20214E-04
   12041 -0.11333E-03 0.52435E-04 0.17362E-05 0.33957E-05 0.19324E-06-0.20388E-04
   12042  0.25130E-03-0.11322E-03-0.10343E-04-0.55540E-05 0.21611E-06-0.26647E-04
   12042 -0.10404E-03 0.46288E-04 0.55286E-05 0.23051E-05 0.23982E-06-0.29746E-04
   12043  0.41561E-03-0.18847E-03-0.14536E-04-0.87130E-05 0.18922E-06-0.25941E-04
   12043 -0.16103E-03 0.74360E-04 0.27816E-05 0.33961E-05 0.24366E-06-0.33922E-04
   12044  0.40358E-03-0.18174E-03-0.16809E-04-0.83431E-05 0.16935E-06-0.23100E-04
   12044 -0.14676E-03 0.69665E-04-0.14973E-05 0.30830E-05 0.25326E-06-0.35812E-04
   12045  0.38489E-03-0.17248E-03-0.17836E-04-0.82493E-05 0.15987E-06-0.20489E-04
   12045 -0.12716E-03 0.62221E-04-0.52485E-05 0.27980E-05 0.27481E-06-0.37586E-04
   12046  0.36359E-03-0.16234E-03-0.18098E-04-0.83319E-05 0.15566E-06-0.18102E-04
   12046 -0.10579E-03 0.53643E-04-0.83701E-05 0.25167E-05 0.30609E-06-0.39244E-04
   12047  0.34019E-03-0.15143E-03-0.17923E-04-0.83921E-05 0.15180E-06-0.15858E-04
   12047 -0.82552E-04 0.44078E-04-0.11252E-04 0.21515E-05 0.34194E-06-0.40800E-04
   12048  0.31541E-03-0.13996E-03-0.17552E-04-0.81024E-05 0.14237E-06-0.13699E-04
   12048 -0.57883E-04 0.33777E-04-0.14000E-04 0.16252E-05 0.36798E-06-0.42248E-04
   12049  0.29001E-03-0.12824E-03-0.17101E-04-0.73948E-05 0.12647E-06-0.11568E-04
   12049 -0.32461E-04 0.23080E-04-0.16656E-04 0.98120E-06 0.37639E-06-0.43588E-04
   12050  0.26465E-03-0.11653E-03-0.16664E-04-0.64025E-05 0.10653E-06-0.94219E-05
   12050 -0.69091E-05 0.12274E-04-0.19209E-04 0.32731E-06 0.36705E-06-0.44821E-04
   12051  0.23999E-03-0.10511E-03-0.16291E-04-0.51538E-05 0.84021E-07-0.72387E-05
   12051  0.18120E-04 0.16638E-05-0.21659E-04-0.23005E-06 0.33370E-06-0.45943E-04
   12052  0.21688E-03-0.94397E-04-0.16002E-04-0.35790E-05 0.60869E-07-0.50203E-05
   12052  0.41728E-04-0.83193E-05-0.24024E-04-0.54213E-06 0.26076E-06-0.46945E-04
   12053  0.19627E-03-0.84798E-04-0.15824E-04-0.19071E-05 0.42865E-07-0.27832E-05
   12053  0.62949E-04-0.17221E-04-0.26304E-04-0.50956E-06 0.15496E-06-0.47818E-04
   12054  0.17834E-03-0.76408E-04-0.15750E-04-0.70068E-06 0.34730E-07-0.54760E-06
   12054  0.81572E-04-0.24920E-04-0.28545E-04-0.27961E-06 0.63136E-07-0.48560E-04
   12055  0.16198E-03-0.68714E-04-0.15765E-04-0.31968E-06 0.32262E-07 0.16740E-05
   12055  0.98662E-04-0.31942E-04-0.30692E-04-0.20115E-06 0.35352E-07-0.49176E-04
   12056  0.14541E-03-0.60904E-04-0.15808E-04-0.66875E-06 0.25270E-07 0.38674E-05
   12056  0.11597E-03-0.39117E-04-0.32734E-04-0.56084E-06 0.88033E-07-0.49668E-04
   12057  0.12710E-03-0.52295E-04-0.15821E-04-0.12402E-05 0.74170E-08 0.60124E-05
   12057  0.13496E-03-0.47152E-04-0.34618E-04-0.13404E-05 0.18760E-06-0.50034E-04
   12058  0.10675E-03-0.42753E-04-0.15775E-04-0.14604E-05-0.16020E-07 0.81020E-05
   12058  0.15592E-03-0.56194E-04-0.36338E-04-0.21303E-05 0.26648E-06-0.50278E-04
   12059  0.86226E-04-0.33144E-04-0.15696E-04-0.95341E-06-0.20289E-07 0.10114E-04
   12059  0.17702E-03-0.65365E-04-0.37928E-04-0.18374E-05 0.22120E-06-0.50396E-04
   12060  0.69535E-04-0.25302E-04-0.15692E-04 0.16226E-06 0.27408E-07 0.12027E-04
   12060  0.19433E-03-0.72731E-04-0.39564E-04 0.68450E-06-0.22527E-07-0.50395E-04
   12061  0.60385E-04-0.20883E-04-0.15940E-04 0.13456E-05 0.12465E-06 0.13839E-04
   12061  0.20419E-03-0.76498E-04-0.41386E-04 0.47109E-05-0.37852E-06-0.50296E-04
   12062  0.59394E-04-0.20166E-04-0.16463E-04 0.23143E-05 0.23091E-06 0.15557E-04
   12062  0.20601E-03-0.76360E-04-0.43452E-04 0.81073E-05-0.67876E-06-0.50120E-04
   12063  0.63710E-04-0.21872E-04-0.17141E-04 0.29069E-05 0.29732E-06 0.17180E-04
   12063  0.20261E-03-0.73711E-04-0.45674E-04 0.93060E-05-0.80274E-06-0.49880E-04
   12064  0.68769E-04-0.23949E-04-0.17781E-04 0.29019E-05 0.30106E-06 0.18724E-04
   12064  0.19848E-03-0.70750E-04-0.47853E-04 0.83766E-05-0.73911E-06-0.49594E-04
   12065  0.71245E-04-0.24901E-04-0.18239E-04 0.24854E-05 0.26962E-06 0.20198E-04
   12065  0.19677E-03-0.69048E-04-0.49794E-04 0.67868E-05-0.60101E-06-0.49271E-04
   12066  0.70638E-04-0.24491E-04-0.18512E-04 0.20617E-05 0.24162E-06 0.21588E-04
   12066  0.19799E-03-0.68804E-04-0.51549E-04 0.56752E-05-0.49402E-06-0.48919E-04
   12067  0.68099E-04-0.23236E-04-0.18644E-04 0.18127E-05 0.23277E-06 0.22883E-04
   12067  0.20104E-03-0.69474E-04-0.53172E-04 0.52547E-05-0.44484E-06-0.48547E-04
   12068  0.65106E-04-0.21804E-04-0.18698E-04 0.17658E-05 0.24785E-06 0.24077E-04
   12068  0.20449E-03-0.70360E-04-0.54737E-04 0.54659E-05-0.45138E-06-0.48165E-04
   12069  0.62637E-04-0.20621E-04-0.18747E-04 0.17998E-05 0.27217E-06 0.25170E-04
   12069  0.20740E-03-0.70992E-04-0.56306E-04 0.58805E-05-0.47739E-06-0.47781E-04
   12070  0.60333E-04-0.19517E-04-0.18791E-04 0.16836E-05 0.27209E-06 0.26172E-04
   12070  0.21013E-03-0.71547E-04-0.57855E-04 0.57715E-05-0.45936E-06-0.47400E-04
   12071  0.56833E-04-0.17902E-04-0.18732E-04 0.13522E-05 0.23550E-06 0.27088E-04
   12071  0.21397E-03-0.72685E-04-0.59282E-04 0.49728E-05-0.38129E-06-0.47029E-04
   12072  0.51455E-04-0.15489E-04-0.18492E-04 0.10233E-05 0.19754E-06 0.27919E-04
   12072  0.21956E-03-0.74725E-04-0.60539E-04 0.42654E-05-0.30765E-06-0.46678E-04
   12073  0.45354E-04-0.12780E-04-0.18155E-04 0.91983E-06 0.20498E-06 0.28663E-04
   12073  0.22580E-03-0.77109E-04-0.61702E-04 0.45735E-05-0.31337E-06-0.46356E-04
   12074  0.40553E-04-0.10650E-04-0.17885E-04 0.10034E-05 0.25784E-06 0.29316E-04
   12074  0.23076E-03-0.78859E-04-0.62928E-04 0.58049E-05-0.39189E-06-0.46069E-04
   12075  0.37992E-04-0.95050E-05-0.17759E-04 0.11111E-05 0.31276E-06 0.29879E-04
   12075  0.23356E-03-0.79527E-04-0.64291E-04 0.69859E-05-0.47170E-06-0.45815E-04
   12076  0.36667E-04-0.89118E-05-0.17696E-04 0.10882E-05 0.32021E-06 0.30349E-04
   12076  0.23518E-03-0.79611E-04-0.65727E-04 0.71235E-05-0.47901E-06-0.45590E-04
   12077  0.34373E-04-0.79154E-05-0.17524E-04 0.87705E-06 0.26859E-06 0.30735E-04
   12077  0.23770E-03-0.80178E-04-0.67057E-04 0.61063E-05-0.40037E-06-0.45395E-04
   12078  0.29622E-04-0.58653E-05-0.17138E-04 0.59642E-06 0.19801E-06 0.31048E-04
   12078  0.24253E-03-0.81935E-04-0.68158E-04 0.48286E-05-0.29739E-06-0.45243E-04
   12079  0.22661E-04-0.28637E-05-0.16566E-04 0.37463E-06 0.14767E-06 0.31284E-04
   12079  0.24944E-03-0.84757E-04-0.69068E-04 0.40683E-05-0.22702E-06-0.45149E-04
   12080  0.14419E-04 0.69646E-06-0.15900E-04 0.21012E-06 0.11455E-06 0.31441E-04
   12080  0.25757E-03-0.88196E-04-0.69882E-04 0.37220E-05-0.18380E-06-0.45128E-04
   12081  0.51763E-05 0.46924E-05-0.15161E-04 0.69684E-07 0.74685E-07 0.31526E-04
   12081  0.26665E-03-0.92120E-04-0.70622E-04 0.32588E-05-0.13239E-06-0.45185E-04
   12082 -0.52430E-05 0.91892E-05-0.14311E-04-0.39911E-07 0.27626E-07 0.31542E-04
   12082  0.27686E-03-0.96625E-04-0.71249E-04 0.26632E-05-0.71352E-07-0.45331E-04
   12083 -0.16244E-04 0.13901E-04-0.13337E-04-0.16614E-06 0.88990E-08 0.31487E-04
   12083  0.28763E-03-0.10143E-03-0.71785E-04 0.27676E-05-0.51191E-07-0.45576E-04
   12084 -0.26103E-04 0.18106E-04-0.12427E-04-0.44089E-06 0.48959E-07 0.31366E-04
   12084  0.29726E-03-0.10568E-03-0.72370E-04 0.43524E-05-0.11815E-06-0.45923E-04
   12085 -0.32656E-04 0.20903E-04-0.11828E-04-0.92486E-06 0.14742E-06 0.31186E-04
   12085  0.30365E-03-0.10827E-03-0.73210E-04 0.74175E-05-0.27655E-06-0.46361E-04
   12086 -0.34036E-04 0.21476E-04-0.11675E-04-0.14563E-05 0.28272E-06 0.30917E-04
   12086  0.30506E-03-0.10833E-03-0.74468E-04 0.11268E-04-0.49984E-06-0.46867E-04
   12087 -0.29913E-04 0.19689E-04-0.12001E-04-0.16854E-05 0.40357E-06 0.30529E-04
   12087  0.30130E-03-0.10571E-03-0.76227E-04 0.14384E-04-0.71430E-06-0.47412E-04
   12088 -0.22045E-04 0.16312E-04-0.12682E-04-0.14501E-05 0.46435E-06 0.30014E-04
   12088  0.29407E-03-0.10130E-03-0.78340E-04 0.15595E-04-0.84783E-06-0.47967E-04
   12089 -0.13054E-04 0.12447E-04-0.13443E-04-0.94091E-06 0.45546E-06 0.29356E-04
   12089  0.28585E-03-0.96406E-04-0.80542E-04 0.14902E-04-0.87707E-06-0.48516E-04
   12090 -0.55003E-05 0.91767E-05-0.14031E-04-0.45755E-06 0.38903E-06 0.28556E-04
   12090  0.27904E-03-0.92265E-04-0.82584E-04 0.12896E-04-0.81130E-06-0.49062E-04
   12091 -0.92714E-06 0.71623E-05-0.14315E-04-0.17834E-06 0.30838E-06 0.27642E-04
   12091  0.27501E-03-0.89579E-04-0.84301E-04 0.10799E-04-0.71606E-06-0.49627E-04
   12092  0.11400E-05 0.62077E-05-0.14349E-04-0.70234E-07 0.25635E-06 0.26621E-04
   12092  0.27328E-03-0.88099E-04-0.85739E-04 0.96534E-05-0.66722E-06-0.50233E-04
   12093  0.22146E-05 0.56840E-05-0.14309E-04-0.26253E-07 0.23627E-06 0.25490E-04
   12093  0.27248E-03-0.87089E-04-0.87091E-04 0.94621E-05-0.67866E-06-0.50896E-04
   12094  0.33578E-05 0.51504E-05-0.14317E-04 0.15797E-07 0.22747E-06 0.24249E-04
   12094  0.27163E-03-0.86040E-04-0.88472E-04 0.96276E-05-0.71715E-06-0.51617E-04
   12095  0.48515E-05 0.44770E-05-0.14377E-04 0.72952E-07 0.21592E-06 0.22895E-04
   12095  0.27047E-03-0.84827E-04-0.89886E-04 0.97438E-05-0.75602E-06-0.52392E-04
   12096  0.66533E-05 0.36776E-05-0.14478E-04 0.14425E-06 0.20213E-06 0.21422E-04
   12096  0.26902E-03-0.83472E-04-0.91323E-04 0.98308E-05-0.79656E-06-0.53218E-04
   12097  0.88022E-05 0.27392E-05-0.14629E-04 0.23256E-06 0.18813E-06 0.19824E-04
   12097  0.26726E-03-0.81955E-04-0.92793E-04 0.99586E-05-0.84440E-06-0.54090E-04
   12098  0.11152E-04 0.17378E-05-0.14847E-04 0.32387E-06 0.16511E-06 0.18089E-04
   12098  0.26535E-03-0.80344E-04-0.94308E-04 0.98268E-05-0.87486E-06-0.55001E-04
   12099  0.12760E-04 0.10705E-05-0.15035E-04 0.35803E-06 0.12097E-06 0.16223E-04
   12099  0.26415E-03-0.79106E-04-0.95751E-04 0.89598E-05-0.84132E-06-0.55951E-04
   12100  0.12364E-04 0.12443E-05-0.15010E-04 0.29799E-06 0.64191E-07 0.14244E-04
   12100  0.26480E-03-0.78859E-04-0.96949E-04 0.76169E-05-0.75397E-06-0.56956E-04
   12101  0.99353E-05 0.22474E-05-0.14716E-04 0.19308E-06 0.17588E-07 0.12152E-04
   12101  0.26736E-03-0.79631E-04-0.97872E-04 0.67753E-05-0.69354E-06-0.58035E-04
   12102  0.69356E-05 0.34843E-05-0.14349E-04 0.10024E-06-0.92330E-08 0.99525E-05
   12102  0.27047E-03-0.80699E-04-0.98707E-04 0.71158E-05-0.72847E-06-0.59198E-04
   12103  0.52243E-05 0.42276E-05-0.14220E-04 0.47387E-07-0.26068E-07 0.76495E-05
   12103  0.27242E-03-0.81122E-04-0.99738E-04 0.84125E-05-0.85509E-06-0.60448E-04
   12104  0.53695E-05 0.42612E-05-0.14437E-04 0.46390E-07-0.52682E-07 0.51897E-05
   12104  0.27272E-03-0.80632E-04-0.10107E-03 0.91969E-05-0.95355E-06-0.61738E-04
   12105  0.52432E-05 0.44384E-05-0.14688E-04 0.30565E-07-0.94762E-07 0.25604E-05
   12105  0.27333E-03-0.80299E-04-0.10241E-03 0.80601E-05-0.88208E-06-0.63055E-04
   12106  0.17779E-05 0.59832E-05-0.14510E-04-0.51332E-07-0.13698E-06-0.19131E-06
   12106  0.27700E-03-0.81628E-04-0.10327E-03 0.55488E-05-0.66303E-06-0.64434E-04
   12107 -0.56040E-05 0.91025E-05-0.13766E-04-0.16483E-06-0.17223E-06-0.30184E-05
   12107  0.28421E-03-0.84901E-04-0.10353E-03 0.38241E-05-0.48886E-06-0.65933E-04
   12108 -0.14332E-04 0.12792E-04-0.12890E-04-0.35294E-06-0.21441E-06-0.59046E-05
   12108  0.29267E-03-0.88835E-04-0.10363E-03 0.42866E-05-0.50276E-06-0.67585E-04
   12109 -0.21622E-04 0.15964E-04-0.12351E-04-0.62241E-06-0.26944E-06-0.88743E-05
   12109  0.29989E-03-0.92047E-04-0.10400E-03 0.58445E-05-0.62295E-06-0.69376E-04
   12110 -0.27218E-04 0.18488E-04-0.12127E-04-0.82883E-06-0.32151E-06-0.11969E-04
   12110  0.30561E-03-0.94429E-04-0.10464E-03 0.66278E-05-0.68556E-06-0.71269E-04
   12111 -0.32736E-04 0.20991E-04-0.11936E-04-0.89791E-06-0.35744E-06-0.15204E-04
   12111  0.31127E-03-0.96800E-04-0.10526E-03 0.61750E-05-0.63861E-06-0.73248E-04
   12112 -0.39401E-04 0.23957E-04-0.11581E-04-0.92655E-06-0.38644E-06-0.18564E-04
   12112  0.31797E-03-0.99762E-04-0.10566E-03 0.54090E-05-0.55548E-06-0.75333E-04
   12113 -0.46711E-04 0.27189E-04-0.11151E-04-0.11122E-05-0.43834E-06-0.22024E-04
   12113  0.32523E-03-0.10305E-03-0.10592E-03 0.56559E-05-0.55931E-06-0.77556E-04
   12114 -0.52820E-04 0.29963E-04-0.10948E-04-0.15499E-05-0.53314E-06-0.25616E-04
   12114  0.33142E-03-0.10576E-03-0.10634E-03 0.73359E-05-0.70255E-06-0.79897E-04
   12115 -0.56237E-04 0.31682E-04-0.11194E-04-0.20809E-05-0.65708E-06-0.29415E-04
   12115  0.33518E-03-0.10714E-03-0.10714E-03 0.95777E-05-0.92080E-06-0.82300E-04
   12116 -0.56859E-04 0.32301E-04-0.11894E-04-0.24797E-05-0.78310E-06-0.33489E-04
   12116  0.33642E-03-0.10716E-03-0.10832E-03 0.11371E-04-0.11259E-05-0.84703E-04
   12117 -0.55478E-04 0.32128E-04-0.12911E-04-0.26706E-05-0.89721E-06-0.37907E-04
   12117  0.33584E-03-0.10622E-03-0.10973E-03 0.12397E-04-0.12808E-05-0.87046E-04
   12118 -0.52957E-04 0.31514E-04-0.14127E-04-0.27063E-05-0.10011E-05-0.42722E-04
   12118  0.33424E-03-0.10474E-03-0.11125E-03 0.12843E-04-0.13921E-05-0.89285E-04
   12119 -0.49929E-04 0.30724E-04-0.15473E-04-0.26485E-05-0.10975E-05-0.47978E-04
   12119  0.33219E-03-0.10304E-03-0.11282E-03 0.12902E-04-0.14690E-05-0.91390E-04
   12120 -0.46909E-04 0.29969E-04-0.16888E-04-0.25312E-05-0.11831E-05-0.53700E-04
   12120  0.33017E-03-0.10137E-03-0.11436E-03 0.12625E-04-0.15082E-05-0.93342E-04
   12121 -0.44314E-04 0.29419E-04-0.18309E-04-0.23965E-05-0.12591E-05-0.59903E-04
   12121  0.32854E-03-0.99928E-04-0.11581E-03 0.12134E-04-0.15162E-05-0.95134E-04
   12122 -0.42409E-04 0.29182E-04-0.19710E-04-0.22763E-05-0.13286E-05-0.66602E-04
   12122  0.32756E-03-0.98847E-04-0.11713E-03 0.11551E-04-0.15020E-05-0.96758E-04
   12123 -0.41439E-04 0.29368E-04-0.21073E-04-0.21675E-05-0.13826E-05-0.73796E-04
   12123  0.32744E-03-0.98244E-04-0.11831E-03 0.10817E-04-0.14563E-05-0.98217E-04
   12124 -0.41752E-04 0.30116E-04-0.22349E-04-0.20626E-05-0.14086E-05-0.81488E-04
   12124  0.32851E-03-0.98297E-04-0.11928E-03 0.98627E-05-0.13677E-05-0.99517E-04
   12125 -0.43829E-04 0.31626E-04-0.23484E-04-0.19408E-05-0.13867E-05-0.89666E-04
   12125  0.33124E-03-0.99252E-04-0.11999E-03 0.85761E-05-0.12202E-05-0.10067E-03
   12126 -0.48238E-04 0.34121E-04-0.24380E-04-0.17697E-05-0.12984E-05-0.98297E-04
   12126  0.33615E-03-0.10139E-03-0.12037E-03 0.68755E-05-0.10033E-05-0.10170E-03
   12127 -0.55146E-04 0.37645E-04-0.24967E-04-0.16464E-05-0.12146E-05-0.10729E-03
   12127  0.34330E-03-0.10479E-03-0.12029E-03 0.54243E-05-0.79794E-06-0.10270E-03
   12128 -0.63579E-04 0.41836E-04-0.25454E-04-0.17633E-05-0.12626E-05-0.11653E-03
   12128  0.35173E-03-0.10891E-03-0.11996E-03 0.51770E-05-0.72239E-06-0.10379E-03
   12129 -0.71580E-04 0.45893E-04-0.26089E-04-0.22324E-05-0.15087E-05-0.12612E-03
   12129  0.35969E-03-0.11281E-03-0.11962E-03 0.64397E-05-0.81828E-06-0.10487E-03
   12130 -0.77572E-04 0.49183E-04-0.27103E-04-0.28996E-05-0.18811E-05-0.13622E-03
   12130  0.36580E-03-0.11573E-03-0.11950E-03 0.84551E-05-0.10066E-05-0.10576E-03
   12131 -0.81734E-04 0.51804E-04-0.28524E-04-0.33434E-05-0.21618E-05-0.14697E-03
   12131  0.37025E-03-0.11776E-03-0.11962E-03 0.96136E-05-0.11081E-05-0.10634E-03
   12132 -0.85768E-04 0.54424E-04-0.30063E-04-0.32964E-05-0.21800E-05-0.15853E-03
   12132  0.37465E-03-0.11979E-03-0.11971E-03 0.89744E-05-0.10091E-05-0.10645E-03
   12133 -0.91820E-04 0.57897E-04-0.31394E-04-0.27666E-05-0.19018E-05-0.17094E-03
   12133  0.38099E-03-0.12291E-03-0.11943E-03 0.66581E-05-0.71571E-06-0.10601E-03
   12134 -0.10164E-03 0.62960E-04-0.32339E-04-0.18660E-05-0.13937E-05-0.18400E-03
   12134  0.39080E-03-0.12792E-03-0.11860E-03 0.32810E-05-0.30233E-06-0.10525E-03
   12135 -0.11551E-03 0.69717E-04-0.32844E-04-0.10101E-05-0.92712E-06-0.19745E-03
   12135  0.40421E-03-0.13491E-03-0.11713E-03 0.38585E-06 0.59223E-07-0.10443E-03
   12136 -0.13173E-03 0.77476E-04-0.33134E-04-0.74419E-06-0.80315E-06-0.21120E-03
   12136  0.41969E-03-0.14306E-03-0.11526E-03-0.51658E-06 0.21990E-06-0.10362E-03
   12137 -0.14802E-03 0.85322E-04-0.33537E-04-0.11274E-05-0.10104E-05-0.22531E-03
   12137  0.43519E-03-0.15127E-03-0.11331E-03 0.37284E-06 0.21148E-06-0.10275E-03
   12138 -0.16334E-03 0.92826E-04-0.34187E-04-0.16021E-05-0.12499E-05-0.23993E-03
   12138  0.44975E-03-0.15901E-03-0.11140E-03 0.14244E-05 0.18781E-06-0.10165E-03
   12139 -0.17851E-03 0.10032E-03-0.34965E-04-0.13470E-05-0.11448E-05-0.25523E-03
   12139  0.46412E-03-0.16669E-03-0.10943E-03 0.75684E-06 0.30332E-06-0.10011E-03
   12140 -0.19538E-03 0.10855E-03-0.35604E-04-0.88845E-07-0.59556E-06-0.27119E-03
   12140  0.47999E-03-0.17522E-03-0.10713E-03-0.20048E-05 0.57121E-06-0.98150E-04
   12141 -0.21501E-03 0.11795E-03-0.35990E-04 0.14572E-05 0.49744E-07-0.28766E-03
   12141  0.49829E-03-0.18511E-03-0.10438E-03-0.51073E-05 0.84100E-06-0.95937E-04
   12142 -0.23665E-03 0.12823E-03-0.36219E-04 0.23860E-05 0.39856E-06-0.30452E-03
   12142  0.51837E-03-0.19600E-03-0.10129E-03-0.67087E-05 0.98095E-06-0.93549E-04
   12143 -0.25892E-03 0.13882E-03-0.36474E-04 0.27488E-05 0.50153E-06-0.32183E-03
   12143  0.53898E-03-0.20721E-03-0.98033E-04-0.70856E-05 0.10216E-05-0.90906E-04
   12144 -0.28157E-03 0.14960E-03-0.36782E-04 0.36082E-05 0.80276E-06-0.33967E-03
   12144  0.55985E-03-0.21861E-03-0.94633E-04-0.83016E-05 0.10928E-05-0.87874E-04
   12145 -0.30563E-03 0.16101E-03-0.37010E-04 0.56544E-05 0.15524E-05-0.35801E-03
   12145  0.58190E-03-0.23069E-03-0.90977E-04-0.11482E-04 0.12426E-05-0.84452E-04
   12146 -0.33184E-03 0.17334E-03-0.37050E-04 0.80484E-05 0.24028E-05-0.37673E-03
   12146  0.60583E-03-0.24379E-03-0.86981E-04-0.15030E-04 0.13688E-05-0.80750E-04
   12147 -0.35948E-03 0.18629E-03-0.36976E-04 0.94496E-05 0.28630E-05-0.39573E-03
   12147  0.63101E-03-0.25761E-03-0.82747E-04-0.16731E-04 0.13673E-05-0.76829E-04
   12148 -0.38710E-03 0.19925E-03-0.36921E-04 0.95719E-05 0.28758E-05-0.41506E-03
   12148  0.65603E-03-0.27142E-03-0.78398E-04-0.16310E-04 0.12452E-05-0.72538E-04
   12149 -0.41376E-03 0.21177E-03-0.36907E-04 0.91342E-05 0.27326E-05-0.43499E-03
   12149  0.67996E-03-0.28474E-03-0.73985E-04-0.15051E-04 0.10671E-05-0.67485E-04
   12150 -0.43960E-03 0.22391E-03-0.36891E-04 0.93415E-05 0.28530E-05-0.45576E-03
   12150  0.70293E-03-0.29763E-03-0.69536E-04-0.14815E-04 0.89479E-06-0.61219E-04
   12151 -0.46567E-03 0.23609E-03-0.36744E-04 0.11089E-04 0.35276E-05-0.47759E-03
   12151  0.72587E-03-0.31054E-03-0.64984E-04-0.16845E-04 0.74213E-06-0.53379E-04
   12152 -0.49318E-03 0.24882E-03-0.36373E-04 0.14476E-04 0.47690E-05-0.50049E-03
   12152  0.74992E-03-0.32404E-03-0.60273E-04-0.21135E-04 0.56869E-06-0.43837E-04
   12153 -0.52295E-03 0.26246E-03-0.35671E-04 0.18897E-04 0.63546E-05-0.52434E-03
   12153  0.77587E-03-0.33850E-03-0.55400E-04-0.26690E-04 0.31389E-06-0.32597E-04
   12154 -0.55526E-03 0.27709E-03-0.34564E-04 0.23835E-04 0.80961E-05-0.54895E-03
   12154  0.80398E-03-0.35401E-03-0.50407E-04-0.32704E-04-0.61734E-07-0.19746E-04
   12155 -0.59014E-03 0.29271E-03-0.32990E-04 0.29291E-04 0.99830E-05-0.57408E-03
   12155  0.83419E-03-0.37054E-03-0.45345E-04-0.39151E-04-0.57461E-06-0.54167E-05
   12156 -0.62745E-03 0.30920E-03-0.30855E-04 0.34792E-04 0.11859E-04-0.59952E-03
   12156  0.86630E-03-0.38798E-03-0.40257E-04-0.45383E-04-0.12363E-05 0.10319E-04
   12157 -0.66682E-03 0.32635E-03-0.28067E-04 0.39898E-04 0.13587E-04-0.62512E-03
   12157  0.89992E-03-0.40609E-03-0.35232E-04-0.50843E-04-0.20452E-05 0.27550E-04
   12158 -0.70800E-03 0.34397E-03-0.24493E-04 0.45253E-04 0.15376E-04-0.65080E-03
   12158  0.93474E-03-0.42469E-03-0.30377E-04-0.56408E-04-0.30135E-05 0.46568E-04
   12159 -0.75137E-03 0.36216E-03-0.19981E-04 0.53008E-04 0.17863E-04-0.67643E-03
   12159  0.97106E-03-0.44383E-03-0.25791E-04-0.64795E-04-0.42233E-05 0.67659E-04
   12160 -0.79832E-03 0.38139E-03-0.14285E-04 0.65493E-04 0.21670E-04-0.70162E-03
   12160  0.10101E-02-0.46396E-03-0.21619E-04-0.78763E-04-0.58222E-05 0.90745E-04
   12161 -0.85031E-03 0.40228E-03-0.72302E-05 0.82193E-04 0.26499E-04-0.72548E-03
   12161  0.10532E-02-0.48564E-03-0.18064E-04-0.97404E-04-0.78669E-05 0.11506E-03
   12162 -0.90784E-03 0.42490E-03 0.15320E-05 0.10050E-03 0.31446E-04-0.74701E-03
   12162  0.11009E-02-0.50905E-03-0.15310E-04-0.11735E-03-0.10252E-04 0.13955E-03
   12163 -0.97051E-03 0.44901E-03 0.12226E-04 0.11898E-03 0.35997E-04-0.76491E-03
   12163  0.11529E-02-0.53392E-03-0.13653E-04-0.13685E-03-0.12836E-04 0.16304E-03
   12164 -0.10378E-02 0.47420E-03 0.25193E-04 0.13771E-03 0.40095E-04-0.77784E-03
   12164  0.12085E-02-0.55977E-03-0.13447E-04-0.15608E-03-0.15529E-04 0.18450E-03
   12165 -0.11094E-02 0.50012E-03 0.40752E-04 0.15890E-03 0.44160E-04-0.78421E-03
   12165  0.12672E-02-0.58613E-03-0.15141E-04-0.17757E-03-0.18362E-04 0.20287E-03
   12166 -0.11853E-02 0.52653E-03 0.59350E-04 0.18353E-03 0.48202E-04-0.78200E-03
   12166  0.13290E-02-0.61271E-03-0.19181E-04-0.20244E-03-0.21268E-04 0.21676E-03
   12167 -0.12653E-02 0.55314E-03 0.81425E-04 0.21035E-03 0.51599E-04-0.76865E-03
   12167  0.13937E-02-0.63921E-03-0.26148E-04-0.22917E-03-0.23965E-04 0.22420E-03
   12168 -0.13486E-02 0.57946E-03 0.10724E-03 0.23896E-03 0.53909E-04-0.74084E-03
   12168  0.14606E-02-0.66500E-03-0.36687E-04-0.25735E-03-0.26142E-04 0.22265E-03
   12169 -0.14338E-02 0.60478E-03 0.13685E-03 0.26946E-03 0.54700E-04-0.69443E-03
   12169  0.15285E-02-0.68918E-03-0.51440E-04-0.28708E-03-0.27419E-04 0.20891E-03
   12170 -0.15184E-02 0.62806E-03 0.16993E-03 0.30254E-03 0.53507E-04-0.62449E-03
   12170  0.15954E-02-0.71058E-03-0.70818E-04-0.31920E-03-0.27317E-04 0.17899E-03
   12171 -0.15986E-02 0.64793E-03 0.20547E-03 0.33843E-03 0.49595E-04-0.52550E-03
   12171  0.16580E-02-0.72776E-03-0.94572E-04-0.35405E-03-0.25155E-04 0.12806E-03
   12172 -0.16686E-02 0.66283E-03 0.24110E-03 0.37601E-03 0.41937E-04-0.39246E-03
   12172  0.17116E-02-0.73911E-03-0.12127E-03-0.39054E-03-0.20045E-04 0.51125E-04
   12173 -0.17206E-02 0.67095E-03 0.27292E-03 0.41234E-03 0.29507E-04-0.22284E-03
   12173  0.17492E-02-0.74288E-03-0.14788E-03-0.42583E-03-0.11095E-04-0.55312E-04
   12174 -0.17451E-02 0.67064E-03 0.29524E-03 0.44297E-03 0.11813E-04-0.19459E-04
   12174  0.17625E-02-0.73750E-03-0.16977E-03-0.45559E-03 0.21695E-05-0.19055E-03
   12175 -0.17326E-02 0.66059E-03 0.30160E-03 0.46529E-03-0.10628E-04 0.20708E-03
   12175  0.17431E-02-0.72161E-03-0.18158E-03-0.47743E-03 0.19492E-04-0.34716E-03
   12176 -0.16767E-02 0.63993E-03 0.28746E-03 0.47750E-03-0.36314E-04 0.43778E-03
   12176  0.16847E-02-0.69472E-03-0.17821E-03-0.48969E-03 0.39709E-04-0.51013E-03
   12177 -0.15764E-02 0.60877E-03 0.25194E-03 0.47693E-03-0.62707E-04 0.64803E-03
   12177  0.15862E-02-0.65739E-03-0.15742E-03-0.48974E-03 0.60613E-04-0.65890E-03
   12178 -0.14376E-02 0.56816E-03 0.19905E-03 0.46108E-03-0.86270E-04 0.81323E-03
   12178  0.14523E-02-0.61108E-03-0.12146E-03-0.47499E-03 0.79078E-04-0.77232E-03
   12179 -0.12718E-02 0.52004E-03 0.13647E-03 0.43007E-03-0.10350E-03 0.91552E-03
   12179  0.12936E-02-0.55771E-03-0.77052E-04-0.44534E-03 0.92053E-04-0.83471E-03
   12180 -0.10934E-02 0.46633E-03 0.74360E-04 0.38767E-03-0.11236E-03 0.94832E-03
   12180  0.11234E-02-0.49924E-03-0.33047E-04-0.40437E-03 0.97798E-04-0.84011E-03
   12181 -0.91638E-03 0.40909E-03 0.21866E-04 0.33854E-03-0.11255E-03 0.91723E-03
   12181  0.95416E-03-0.43775E-03 0.26847E-05-0.35649E-03 0.96111E-04-0.79320E-03
   12182 -0.75075E-03 0.35016E-03-0.15153E-04 0.28719E-03-0.10547E-03 0.83665E-03
   12182  0.79516E-03-0.37515E-03 0.25326E-04-0.30609E-03 0.88244E-04-0.70636E-03
   12183 -0.60139E-03 0.29096E-03-0.35120E-04 0.23656E-03-0.93251E-04 0.72446E-03
   12183  0.65068E-03-0.31287E-03 0.33933E-04-0.25602E-03 0.76082E-04-0.59490E-03
   12184 -0.46790E-03 0.23222E-03-0.40132E-04 0.18741E-03-0.77862E-04 0.59673E-03
   12184  0.52011E-03-0.25170E-03 0.30863E-04-0.20697E-03 0.61340E-04-0.47222E-03
   12185 -0.34560E-03 0.17374E-03-0.34464E-04 0.13936E-03-0.60935E-04 0.46435E-03
   12185  0.39878E-03-0.19147E-03 0.20460E-04-0.15859E-03 0.45345E-04-0.34659E-03
   12186 -0.22720E-03 0.11461E-03-0.23446E-04 0.91305E-04-0.43426E-04 0.33173E-03
   12186  0.27959E-03-0.13127E-03 0.78881E-05-0.10982E-03 0.28728E-04-0.21985E-03
   12187 -0.10679E-03 0.54551E-04-0.12427E-04 0.42740E-04-0.25726E-04 0.19807E-03
   12187  0.15674E-03-0.70726E-04-0.18177E-05-0.60240E-04 0.11944E-04-0.92024E-04
   12188 -0.11769E-04 0.79674E-05-0.55642E-05 0.51942E-05-0.98474E-05 0.76289E-04
   12188  0.56798E-04-0.23547E-04-0.51548E-05-0.21105E-04-0.70081E-06 0.54278E-05
   12189  0.21304E-04-0.80667E-05-0.35759E-05-0.77218E-05-0.24249E-05 0.18785E-04
   12189  0.16379E-04-0.57029E-05-0.38214E-05-0.58024E-05-0.36372E-05 0.28153E-04
   12190  0.16169E-04-0.62364E-05-0.24656E-05-0.59161E-05-0.16452E-05 0.12675E-04
   12190  0.13429E-04-0.50046E-05-0.24230E-05-0.48693E-05-0.16637E-05 0.12819E-04
   12191  0.10699E-04-0.41409E-05-0.16036E-05-0.39019E-05-0.93924E-06 0.72576E-05
   12191  0.11691E-04-0.46085E-05-0.15722E-05-0.42878E-05-0.84231E-06 0.65070E-05
   12192  0.83124E-05-0.33239E-05-0.10237E-05-0.30082E-05-0.46540E-06 0.36525E-05
   12192  0.82278E-05-0.32860E-05-0.10219E-05-0.29771E-05-0.47282E-06 0.37123E-05
   12193  0.60642E-05-0.24688E-05-0.65767E-06-0.21690E-05-0.24422E-06 0.19508E-05
   12193  0.59443E-05-0.24173E-05-0.65056E-06-0.21253E-05-0.24256E-06 0.19375E-05
   12194  0.43147E-05-0.17761E-05-0.42566E-06-0.15505E-05-0.12770E-06 0.10206E-05
   12194  0.42805E-05-0.17635E-05-0.41922E-06-0.15386E-05-0.12388E-06 0.99013E-06
   12195  0.30411E-05-0.12649E-05-0.26879E-06-0.11196E-05-0.64459E-07 0.50520E-06
   12195  0.30223E-05-0.12577E-05-0.26580E-06-0.11129E-05-0.63560E-07 0.49814E-06
   12196  0.21049E-05-0.88126E-06-0.17198E-06-0.78821E-06-0.31064E-07 0.23936E-06
   12196  0.21053E-05-0.88250E-06-0.16968E-06-0.78863E-06-0.30484E-07 0.23489E-06
   12197  0.14274E-05-0.60128E-06-0.10981E-06-0.52762E-06-0.13326E-07 0.10378E-06
   12197  0.14224E-05-0.59958E-06-0.10856E-06-0.52595E-06-0.12987E-07 0.10112E-06
   12198  0.92406E-06-0.39028E-06-0.70349E-07-0.33162E-06-0.48425E-08 0.38859E-07
   12198  0.90683E-06-0.38273E-06-0.69627E-07-0.32540E-06-0.47359E-08 0.38003E-07
   12199  0.52326E-06-0.21889E-06-0.44668E-07-0.18511E-06-0.17589E-08 0.14318E-07
   12199  0.51210E-06-0.21393E-06-0.44338E-07-0.18110E-06-0.16951E-08 0.13801E-07
   12200  0.20216E-06-0.77542E-07-0.32187E-07-0.70776E-07-0.15930E-08 0.12560E-07
   12200  0.20395E-06-0.78522E-07-0.31836E-07-0.71515E-07-0.15023E-08 0.11839E-07
   12201  0.45894E-07-0.86042E-08-0.26534E-07-0.14369E-07-0.19034E-08 0.14612E-07
   12201  0.47534E-07-0.93681E-08-0.26505E-07-0.14985E-07-0.19111E-08 0.14669E-07
   12202  0.26460E-07-0.67416E-09-0.24486E-07-0.72638E-08-0.16696E-08 0.12697E-07
   12202  0.24857E-07 0.14629E-09-0.24678E-07-0.66139E-08-0.17318E-08 0.13170E-07
   12203  0.20724E-07 0.13831E-08-0.23297E-07-0.50811E-08-0.13712E-08 0.10633E-07
   12203  0.20454E-07 0.16131E-08-0.23526E-07-0.49474E-08-0.14429E-08 0.11190E-07
   12204  0.16332E-07 0.34047E-08-0.23344E-07-0.32967E-08-0.11175E-08 0.89185E-08
   12204  0.16523E-07 0.34248E-08-0.23575E-07-0.33401E-08-0.11820E-08 0.94338E-08
   12205  0.13386E-07 0.54786E-08-0.24905E-07-0.19896E-08-0.89825E-09 0.72481E-08
   12205  0.13517E-07 0.55429E-08-0.25172E-07-0.20064E-08-0.95615E-09 0.77152E-08
   12206  0.11834E-07 0.77764E-08-0.28308E-07-0.10342E-08-0.67226E-09 0.53416E-08
   12206  0.11872E-07 0.79156E-08-0.28644E-07-0.10081E-08-0.72941E-09 0.57944E-08
   12207  0.11937E-07 0.10420E-07-0.34080E-07-0.39801E-09-0.37748E-09 0.29188E-08
   12207  0.12004E-07 0.10586E-07-0.34504E-07-0.37203E-09-0.43241E-09 0.33405E-08
