#       Node          x             y             z             dx            dy            dz      
      1.  11651.    0.51907584    0.16562487    0.04500000    0.00000000    0.00000000    0.00000000
      2.  11652.    0.51908048   -0.13454548    0.04500000    0.00000000    0.00000000    0.00000000
      3.  11653.    0.51709499    0.16536949    0.04500000    0.00000000    0.00000000    0.00000000
      4.  11654.    0.51511483    0.16510886    0.04500000    0.00000000    0.00000000    0.00000000
      5.  11655.    0.51313521    0.16484416    0.04500000    0.00000000    0.00000000    0.00000000
      6.  11656.    0.51115566    0.16457892    0.04500000    0.00000000    0.00000000    0.00000000
      7.  11657.    0.50917560    0.16431761    0.04500000    0.00000000    0.00000000    0.00000000
      8.  11658.    0.50719486    0.16406137    0.04500000    0.00000000    0.00000000    0.00000000
      9.  11659.    0.50521391    0.16380682    0.04500000    0.00000000    0.00000000    0.00000000
     10.  11660.    0.50323342    0.16354869    0.04500000    0.00000000    0.00000000    0.00000000
     11.  11661.    0.50125360    0.16328551    0.04500000    0.00000000    0.00000000    0.00000000
     12.  11662.    0.49927390    0.16302140    0.04500000    0.00000000    0.00000000    0.00000000
     13.  11663.    0.49729360    0.16276182    0.04500000    0.00000000    0.00000000    0.00000000
     14.  11664.    0.49531265    0.16250726    0.04500000    0.00000000    0.00000000    0.00000000
     15.  11665.    0.49333183    0.16225174    0.04500000    0.00000000    0.00000000    0.00000000
     16.  11666.    0.49135176    0.16199043    0.04500000    0.00000000    0.00000000    0.00000000
     17.  11667.    0.48937211    0.16172594    0.04500000    0.00000000    0.00000000    0.00000000
     18.  11668.    0.48739220    0.16146343    0.04500000    0.00000000    0.00000000    0.00000000
     19.  11669.    0.48541186    0.16120416    0.04500000   -0.00000001    0.00000000    0.00000000
     20.  11670.    0.48343151    0.16094497    0.04500000   -0.00000001    0.00000000    0.00000000
     21.  11671.    0.48145158    0.16068262    0.04500000   -0.00000002    0.00000000    0.00000001
     22.  11672.    0.47947191    0.16041827    0.04500000   -0.00000002    0.00000000    0.00000001
     23.  11673.    0.47749187    0.16015677    0.04500000   -0.00000003   -0.00000002    0.00000002
     24.  11674.    0.47551113    0.15990052    0.04500000   -0.00000003   -0.00000008    0.00000002
     25.  11675.    0.47353018    0.15964602    0.04500000   -0.00000003   -0.00000016    0.00000003
     26.  11676.    0.47154974    0.15938747    0.04500000   -0.00000002   -0.00000027    0.00000004
     27.  11677.    0.46957002    0.15912359    0.04500000   -0.00000001   -0.00000042    0.00000004
     28.  11678.    0.46759030    0.15885963    0.04500000    0.00000000   -0.00000059    0.00000005
     29.  11679.    0.46560998    0.15860022    0.04500000    0.00000002   -0.00000079    0.00000005
     30.  11680.    0.46362946    0.15834229    0.04500000    0.00000004   -0.00000102    0.00000005
     31.  11681.    0.46164962    0.15807925    0.04500000    0.00000006   -0.00000126    0.00000006
     32.  11682.    0.45967124    0.15780546    0.04500000    0.00000009   -0.00000151    0.00000006
     33.  11683.    0.45769468    0.15751884    0.04500000    0.00000012   -0.00000178    0.00000006
     34.  11684.    0.45571951    0.15722277    0.04500000    0.00000015   -0.00000205    0.00000006
     35.  11685.    0.45374509    0.15692170    0.04500000    0.00000018   -0.00000234    0.00000006
     36.  11686.    0.45177076    0.15662005    0.04500000    0.00000022   -0.00000263    0.00000006
     37.  11687.    0.44979591    0.15632184    0.04500000    0.00000025   -0.00000294    0.00000005
     38.  11688.    0.44782073    0.15602582    0.04500000    0.00000029   -0.00000325    0.00000005
     39.  11689.    0.44584573    0.15572861    0.04500000    0.00000033   -0.00000358    0.00000005
     40.  11690.    0.44387116    0.15542857    0.04500000    0.00000037   -0.00000391    0.00000005
     41.  11691.    0.44189680    0.15512712    0.04500000    0.00000041   -0.00000424    0.00000005
     42.  11692.    0.43992235    0.15482630    0.04500000    0.00000045   -0.00000459    0.00000005
     43.  11693.    0.43794782    0.15452596    0.04500000    0.00000049   -0.00000494    0.00000005
     44.  11694.    0.43597338    0.15422505    0.04500000    0.00000054   -0.00000530    0.00000005
     45.  11695.    0.43399919    0.15392250    0.04500000    0.00000058   -0.00000565    0.00000004
     46.  11696.    0.43202536    0.15361760    0.04500000    0.00000062   -0.00000602    0.00000004
     47.  11697.    0.43005171    0.15331153    0.04500000    0.00000067   -0.00000638    0.00000004
     48.  11698.    0.42807797    0.15300608    0.04500000    0.00000071   -0.00000675    0.00000003
     49.  11699.    0.42610386    0.15270300    0.04500000    0.00000076   -0.00000712    0.00000003
     50.  11700.    0.42412916    0.15240380    0.04500000    0.00000080   -0.00000750    0.00000003
     51.  11701.    0.42215408    0.15210710    0.04500000    0.00000084   -0.00000787    0.00000004
     52.  11702.    0.42017894    0.15181081    0.04500000    0.00000088   -0.00000824    0.00000004
     53.  11703.    0.41820404    0.15151296    0.04500000    0.00000092   -0.00000861    0.00000004
     54.  11704.    0.41622967    0.15121161    0.04500000    0.00000096   -0.00000897    0.00000004
     55.  11705.    0.41425581    0.15090688    0.04500000    0.00000100   -0.00000932    0.00000004
     56.  11706.    0.41228205    0.15060157    0.04500000    0.00000104   -0.00000966    0.00000003
     57.  11707.    0.41030791    0.15029870    0.04500000    0.00000107   -0.00000999    0.00000003
     58.  11708.    0.40833321    0.14999950    0.04500000    0.00000110   -0.00001030    0.00000003
     59.  11709.    0.40635810    0.14970297    0.04500000    0.00000112   -0.00001060    0.00000003
     60.  11710.    0.40438293    0.14940689    0.04500000    0.00000115   -0.00001087    0.00000004
     61.  11711.    0.40240777    0.14911076    0.04500000    0.00000116   -0.00001111    0.00000004
     62.  11712.    0.40043268    0.14881410    0.04500000    0.00000117   -0.00001132    0.00000005
     63.  11713.    0.39845775    0.14851647    0.04500000    0.00000118   -0.00001148    0.00000005
     64.  11714.    0.39648310    0.14821689    0.04500000    0.00000117   -0.00001159    0.00000005
     65.  11715.    0.39450903    0.14791356    0.04500000    0.00000115   -0.00001164    0.00000005
     66.  11716.    0.39253543    0.14760723    0.04500000    0.00000112   -0.00001161    0.00000004
     67.  11717.    0.39056154    0.14730269    0.04500000    0.00000108   -0.00001150    0.00000004
     68.  11718.    0.38858681    0.14700373    0.04500000    0.00000102   -0.00001128    0.00000005
     69.  11719.    0.38661206    0.14670486    0.04500000    0.00000094   -0.00001093    0.00000005
     70.  11720.    0.38463894    0.14639541    0.04500000    0.00000083   -0.00001044    0.00000005
     71.  11721.    0.38266863    0.14606858    0.04500000    0.00000068   -0.00000976    0.00000003
     72.  11722.    0.38070109    0.14572548    0.04500000    0.00000049   -0.00000887    0.00000000
     73.  11723.    0.37873451    0.14537687    0.04500000    0.00000025   -0.00000775   -0.00000004
     74.  11724.    0.37676740    0.14503127    0.04500000   -0.00000003   -0.00000634   -0.00000007
     75.  11725.    0.37479997    0.14468751    0.04500000   -0.00000038   -0.00000461   -0.00000010
     76.  11726.    0.37283302    0.14434099    0.04500000   -0.00000080   -0.00000247   -0.00000013
     77.  11727.    0.37086663    0.14399132    0.04500000   -0.00000132    0.00000015   -0.00000017
     78.  11728.    0.36889999    0.14364305    0.04500000   -0.00000194    0.00000337   -0.00000020
     79.  11729.    0.36693247    0.14329979    0.04500000   -0.00000267    0.00000730   -0.00000024
     80.  11730.    0.36496441    0.14295961    0.04500000   -0.00000355    0.00001209   -0.00000028
     81.  11731.    0.36299665    0.14261775    0.04500000   -0.00000460    0.00001787   -0.00000032
     82.  11732.    0.36102968    0.14227132    0.04500000   -0.00000586    0.00002479   -0.00000035
     83.  11733.    0.35906344    0.14192080    0.04500000   -0.00000735    0.00003294   -0.00000037
     84.  11734.    0.35709718    0.14157043    0.04500000   -0.00000908    0.00004244   -0.00000039
     85.  11735.    0.35513018    0.14122422    0.04500000   -0.00001102    0.00005333   -0.00000042
     86.  11736.    0.35316231    0.14088297    0.04500000   -0.00001318    0.00006566   -0.00000045
     87.  11737.    0.35119389    0.14054489    0.04500000   -0.00001556    0.00007945   -0.00000050
     88.  11738.    0.34922588    0.14020445    0.04500000   -0.00001820    0.00009469   -0.00000053
     89.  11739.    0.34725921    0.13985637    0.04500000   -0.00002115    0.00011136   -0.00000055
     90.  11740.    0.34529361    0.13950227    0.04500000   -0.00002438    0.00012944   -0.00000055
     91.  11741.    0.34332767    0.13915007    0.04500000   -0.00002784    0.00014891   -0.00000056
     92.  11742.    0.34136023    0.13880638    0.04500000   -0.00003143    0.00016974   -0.00000058
     93.  11743.    0.33939155    0.13846981    0.04500000   -0.00003516    0.00019192   -0.00000062
     94.  11744.    0.33742285    0.13813342    0.04500000   -0.00003910    0.00021540   -0.00000066
     95.  11745.    0.33545525    0.13779063    0.04500000   -0.00004333    0.00024018   -0.00000069
     96.  11746.    0.33348907    0.13743975    0.04500000   -0.00004787    0.00026621   -0.00000071
     97.  11747.    0.33152346    0.13708573    0.04500000   -0.00005266    0.00029348   -0.00000071
     98.  11748.    0.32955739    0.13673428    0.04500000   -0.00005762    0.00032199   -0.00000073
     99.  11749.    0.32759028    0.13638865    0.04500000   -0.00006268    0.00035171   -0.00000076
    100.  11750.    0.32562208    0.13604933    0.04500000   -0.00006784    0.00038263   -0.00000080
    101.  11751.    0.32365381    0.13571041    0.04500000   -0.00007317    0.00041474   -0.00000085
    102.  11752.    0.32168691    0.13536359    0.04500000   -0.00007882    0.00044800   -0.00000089
    103.  11753.    0.31972246    0.13500324    0.04500000   -0.00008489    0.00048238   -0.00000090
    104.  11754.    0.31776074    0.13462824    0.04500000   -0.00009142    0.00051785   -0.00000090
    105.  11755.    0.31580125    0.13424180    0.04500000   -0.00009834    0.00055437   -0.00000088
    106.  11756.    0.31384296    0.13384931    0.04500000   -0.00010557    0.00059190   -0.00000085
    107.  11757.    0.31188490    0.13345563    0.04500000   -0.00011299    0.00063042   -0.00000082
    108.  11758.    0.30992663    0.13306301    0.04500000   -0.00012057    0.00066987   -0.00000080
    109.  11759.    0.30796821    0.13267114    0.04500000   -0.00012828    0.00071020   -0.00000078
    110.  11760.    0.30601011    0.13227768    0.04500000   -0.00013617    0.00075134   -0.00000076
    111.  11761.    0.30405255    0.13188156    0.04500000   -0.00014426    0.00079324   -0.00000074
    112.  11762.    0.30209508    0.13148499    0.04500000   -0.00015249    0.00083585   -0.00000072
    113.  11763.    0.30013716    0.13109064    0.04500000   -0.00016078    0.00087912   -0.00000071
    114.  11764.    0.29817881    0.13069846    0.04500000   -0.00016913    0.00092300   -0.00000070
    115.  11765.    0.29622048    0.13030610    0.04500000   -0.00017759    0.00096744   -0.00000069
    116.  11766.    0.29426263    0.12991145    0.04500000   -0.00018618    0.00101237   -0.00000068
    117.  11767.    0.29230508    0.12951525    0.04500000   -0.00019490    0.00105776   -0.00000067
    118.  11768.    0.29034766    0.12911843    0.04500000   -0.00020370    0.00110354   -0.00000066
    119.  11769.    0.28839018    0.12872189    0.04500000   -0.00021255    0.00114968   -0.00000065
    120.  11770.    0.28643253    0.12832622    0.04500000   -0.00022144    0.00119612   -0.00000065
    121.  11771.    0.28447480    0.12793090    0.04500000   -0.00023036    0.00124282   -0.00000065
    122.  11772.    0.28251714    0.12753527    0.04500000   -0.00023933    0.00128971   -0.00000064
    123.  11773.    0.28055968    0.12713866    0.04500000   -0.00024834    0.00133675   -0.00000064
    124.  11774.    0.27860237    0.12674127    0.04500000   -0.00025739    0.00138388   -0.00000064
    125.  11775.    0.27664485    0.12634496    0.04500000   -0.00026643    0.00143107   -0.00000064
    126.  11776.    0.27468676    0.12595144    0.04500000   -0.00027539    0.00147827   -0.00000064
    127.  11777.    0.27272830    0.12555978    0.04500000   -0.00028430    0.00152543   -0.00000064
    128.  11778.    0.27077004    0.12516711    0.04500000   -0.00029322    0.00157249   -0.00000065
    129.  11779.    0.26881246    0.12477110    0.04500000   -0.00030220    0.00161938   -0.00000065
    130.  11780.    0.26685547    0.12437214    0.04500000   -0.00031120    0.00166607   -0.00000065
    131.  11781.    0.26489899    0.12397070    0.04500000   -0.00032023    0.00171250   -0.00000066
    132.  11782.    0.26294299    0.12356696    0.04500000   -0.00032925    0.00175861   -0.00000066
    133.  11783.    0.26098834    0.12315671    0.04500000   -0.00033835    0.00180432   -0.00000066
    134.  11784.    0.25903634    0.12273406    0.04500000   -0.00034766    0.00184953   -0.00000066
    135.  11785.    0.25708763    0.12229646    0.04500000   -0.00035721    0.00189415   -0.00000065
    136.  11786.    0.25514145    0.12184778    0.04500000   -0.00036689    0.00193811   -0.00000064
    137.  11787.    0.25319651    0.12139370    0.04500000   -0.00037654    0.00198133   -0.00000063
    138.  11788.    0.25125168    0.12093917    0.04500000   -0.00038603    0.00202371   -0.00000062
    139.  11789.    0.24930620    0.12048743    0.04500000   -0.00039525    0.00206516   -0.00000061
    140.  11790.    0.24736022    0.12003786    0.04500000   -0.00040421    0.00210557   -0.00000061
    141.  11791.    0.24541426    0.11958817    0.04500000   -0.00041293    0.00214481   -0.00000060
    142.  11792.    0.24346872    0.11913669    0.04500000   -0.00042141    0.00218276   -0.00000059
    143.  11793.    0.24152333    0.11868455    0.04500000   -0.00042960    0.00221930   -0.00000059
    144.  11794.    0.23957715    0.11823587    0.04500000   -0.00043741    0.00225433   -0.00000058
    145.  11795.    0.23762958    0.11779321    0.04500000   -0.00044476    0.00228775   -0.00000058
    146.  11796.    0.23568149    0.11735288    0.04500000   -0.00045171    0.00231941   -0.00000058
    147.  11797.    0.23373468    0.11690688    0.04500000   -0.00045835    0.00234918   -0.00000057
    148.  11798.    0.23179012    0.11645124    0.04500000   -0.00046471    0.00237692   -0.00000057
    149.  11799.    0.22984636    0.11599215    0.04500000   -0.00047064    0.00240252   -0.00000057
    150.  11800.    0.22790137    0.11553830    0.04500000   -0.00047600    0.00242587   -0.00000057
    151.  11801.    0.22595481    0.11509122    0.04500000   -0.00048076    0.00244683   -0.00000056
    152.  11802.    0.22400774    0.11464639    0.04500000   -0.00048494    0.00246525   -0.00000056
    153.  11803.    0.22206159    0.11419753    0.04500000   -0.00048856    0.00248099   -0.00000055
    154.  11804.    0.22011669    0.11374331    0.04500000   -0.00049159    0.00249389   -0.00000055
    155.  11805.    0.21817186    0.11328879    0.04500000   -0.00049395    0.00250381   -0.00000054
    156.  11806.    0.21622625    0.11283759    0.04500000   -0.00049558    0.00251062   -0.00000053
    157.  11807.    0.21428085    0.11238553    0.04500000   -0.00049646    0.00251413   -0.00000052
    158.  11808.    0.21233754    0.11192453    0.04500000   -0.00049654    0.00251421   -0.00000051
    159.  11809.    0.21039763    0.11144949    0.04500000   -0.00049574    0.00251067   -0.00000050
    160.  11810.    0.20846099    0.11096124    0.04500000   -0.00049394    0.00250335   -0.00000049
    161.  11811.    0.20652677    0.11046350    0.04500000   -0.00049106    0.00249205   -0.00000048
    162.  11812.    0.20459385    0.10996071    0.04500000   -0.00048703    0.00247654   -0.00000047
    163.  11813.    0.20266148    0.10945584    0.04500000   -0.00048178    0.00245662   -0.00000046
    164.  11814.    0.20072996    0.10894769    0.04500000   -0.00047521    0.00243203   -0.00000045
    165.  11815.    0.19879986    0.10843421    0.04500000   -0.00046719    0.00240257   -0.00000044
    166.  11816.    0.19687174    0.10791334    0.04500000   -0.00045758    0.00236798   -0.00000042
    167.  11817.    0.19494561    0.10738516    0.04500000   -0.00044624    0.00232803   -0.00000041
    168.  11818.    0.19301945    0.10685707    0.04500000   -0.00043320    0.00228239   -0.00000040
    169.  11819.    0.19109123    0.10633658    0.04500000   -0.00041857    0.00223072   -0.00000039
    170.  11820.    0.18916047    0.10582557    0.04500000   -0.00040234    0.00217271   -0.00000037
    171.  11821.    0.18722803    0.10532097    0.04500000   -0.00038437    0.00210808   -0.00000034
    172.  11822.    0.18529522    0.10481773    0.04500000   -0.00036439    0.00203660   -0.00000032
    173.  11823.    0.18336313    0.10431179    0.04500000   -0.00034215    0.00195801   -0.00000030
    174.  11824.    0.18143220    0.10380145    0.04500000   -0.00031741    0.00187204   -0.00000028
    175.  11825.    0.17950204    0.10328816    0.04500000   -0.00029009    0.00177836   -0.00000026
    176.  11826.    0.17757195    0.10277463    0.04500000   -0.00026017    0.00167661   -0.00000024
    177.  11827.    0.17564147    0.10226258    0.04500000   -0.00022759    0.00156645   -0.00000021
    178.  11828.    0.17371075    0.10175142    0.04500000   -0.00019218    0.00144752   -0.00000019
    179.  11829.    0.17178106    0.10123637    0.04500000   -0.00015346    0.00131959   -0.00000017
    180.  11830.    0.16985385    0.10071215    0.04500000   -0.00011085    0.00118242   -0.00000015
    181.  11831.    0.16793006    0.10017551    0.04500000   -0.00006383    0.00103575   -0.00000013
    182.  11832.    0.16601019    0.09962503    0.04500000   -0.00001195    0.00087929   -0.00000010
    183.  11833.    0.16409386    0.09906233    0.04500000    0.00004502    0.00071265   -0.00000008
    184.  11834.    0.16218020    0.09849060    0.04500000    0.00010715    0.00053534   -0.00000006
    185.  11835.    0.16026835    0.09791285    0.04500000    0.00017438    0.00034734   -0.00000003
    186.  11836.    0.15835792    0.09733042    0.04500000    0.00024563    0.00015196   -0.00000002
    187.  11837.    0.15644856    0.09674452    0.04500000    0.00031773   -0.00004380   -0.00000001
    188.  11838.    0.15453986    0.09615644    0.04500000    0.00038997   -0.00023885   -0.00000001
    189.  11839.    0.15263038    0.09557090    0.04500000    0.00046210   -0.00043400    0.00000000
    190.  11840.    0.15071853    0.09499318    0.04500000    0.00053352   -0.00062946    0.00000000
    191.  11841.    0.14880410    0.09442404    0.04500000    0.00060366   -0.00082446    0.00000000
    192.  11842.    0.14688986    0.09385425    0.04500000    0.00067392   -0.00102048    0.00000000
    193.  11843.    0.14497900    0.09327325    0.04500000    0.00074949   -0.00122721   -0.00000001
    194.  11844.    0.14307137    0.09268173    0.04500000    0.00083286   -0.00144881   -0.00000001
    195.  11845.    0.14116411    0.09208899    0.04500000    0.00092313   -0.00168532   -0.00000001
    196.  11846.    0.13925405    0.09150537    0.04500000    0.00101867   -0.00193633   -0.00000001
    197.  11847.    0.13734050    0.09093329    0.04500000    0.00111871   -0.00220107   -0.00000001
    198.  11848.    0.13542648    0.09036278    0.04500000    0.00122422   -0.00247813    0.00000000
    199.  11849.    0.13351605    0.08978036    0.04500000    0.00133688   -0.00276583    0.00000000
    200.  11850.    0.13161199    0.08917748    0.04500000    0.00145781   -0.00306267    0.00000000
    201.  11851.    0.12971505    0.08855256    0.04500000    0.00158710   -0.00336752    0.00000000
    202.  11852.    0.12782466    0.08790808    0.04500000    0.00172417   -0.00367958    0.00000001
    203.  11853.    0.12593877    0.08725052    0.04500000    0.00186770   -0.00399839    0.00000001
    204.  11854.    0.12405508    0.08658667    0.04500000    0.00201622   -0.00432363    0.00000001
    205.  11855.    0.12217185    0.08592154    0.04500000    0.00216847   -0.00465491    0.00000001
    206.  11856.    0.12028786    0.08525856    0.04500000    0.00232344   -0.00499172    0.00000001
    207.  11857.    0.11840314    0.08459766    0.04500000    0.00248071   -0.00533332    0.00000001
    208.  11858.    0.11651805    0.08393781    0.04500000    0.00264002   -0.00567885    0.00000001
    209.  11859.    0.11463296    0.08327796    0.04500000    0.00280115   -0.00602750    0.00000001
    210.  11860.    0.11274811    0.08261744    0.04500000    0.00296378   -0.00637844    0.00000001
    211.  11861.    0.11086292    0.08195787    0.04500000    0.00312719   -0.00673107    0.00000001
    212.  11862.    0.10897664    0.08130142    0.04500000    0.00329052   -0.00708485    0.00000000
    213.  11863.    0.10708951    0.08064744    0.04500000    0.00345347   -0.00743897    0.00000000
    214.  11864.    0.10520322    0.07999103    0.04500000    0.00361651   -0.00779227   -0.00000001
    215.  11865.    0.10332028    0.07932510    0.04500000    0.00378054   -0.00814339   -0.00000002
    216.  11866.    0.10144348    0.07864205    0.04500000    0.00394651   -0.00849092   -0.00000003
    217.  11867.    0.09957527    0.07793586    0.04500000    0.00411503   -0.00883359   -0.00000004
    218.  11868.    0.09771607    0.07720629    0.04500000    0.00428565   -0.00917065   -0.00000004
    219.  11869.    0.09586485    0.07645666    0.04500000    0.00445722   -0.00950170   -0.00000004
    220.  11870.    0.09401835    0.07569548    0.04500000    0.00462772   -0.00982685   -0.00000005
    221.  11871.    0.09217325    0.07493092    0.04500000    0.00479524   -0.01014618   -0.00000005
    222.  11872.    0.09032792    0.07416691    0.04500000    0.00495867   -0.01045934   -0.00000005
    223.  11873.    0.08848178    0.07340483    0.04500000    0.00511736   -0.01076574   -0.00000006
    224.  11874.    0.08663471    0.07264505    0.04500000    0.00527086   -0.01106469   -0.00000006
    225.  11875.    0.08478628    0.07188856    0.04500000    0.00541863   -0.01135550   -0.00000007
    226.  11876.    0.08293645    0.07113552    0.04500000    0.00556026   -0.01163743   -0.00000008
    227.  11877.    0.08108639    0.07038303    0.04500000    0.00569585   -0.01190947   -0.00000010
    228.  11878.    0.07923870    0.06962472    0.04500000    0.00582590   -0.01217039   -0.00000011
    229.  11879.    0.07739725    0.06885143    0.04500000    0.00595121   -0.01241883   -0.00000012
    230.  11880.    0.07556599    0.06805433    0.04500000    0.00607235   -0.01265348   -0.00000012
    231.  11881.    0.07374734    0.06722886    0.04500000    0.00618920   -0.01287341   -0.00000012
    232.  11882.    0.07194216    0.06637433    0.04500000    0.00630105   -0.01307797   -0.00000011
    233.  11883.    0.07014629    0.06550039    0.04500000    0.00640611   -0.01326714   -0.00000010
    234.  11884.    0.06835346    0.06462021    0.04500000    0.00650244   -0.01344098   -0.00000008
    235.  11885.    0.06655854    0.06374429    0.04500000    0.00658869   -0.01359926   -0.00000007
    236.  11886.    0.06475928    0.06287733    0.04500000    0.00666428   -0.01374127   -0.00000006
    237.  11887.    0.06295795    0.06201468    0.04500000    0.00672941   -0.01386587   -0.00000006
    238.  11888.    0.06115805    0.06114905    0.04500000    0.00678434   -0.01397191   -0.00000005
    239.  11889.    0.05936240    0.06027464    0.04500000    0.00682905   -0.01405839   -0.00000004
    240.  11890.    0.05757310    0.05938731    0.04500000    0.00686331   -0.01412441   -0.00000003
    241.  11891.    0.05579277    0.05848212    0.04500000    0.00688730   -0.01417012   -0.00000002
    242.  11892.    0.05402526    0.05755220    0.04500000    0.00690460   -0.01420185   -0.00000001
    243.  11893.    0.05227433    0.05659142    0.04500000    0.00692209   -0.01423263   -0.00000001
    244.  11894.    0.05053989    0.05560117    0.04500000    0.00694056   -0.01426408    0.00000000
    245.  11895.    0.04881839    0.05458856    0.04500000    0.00695924   -0.01429520    0.00000000
    246.  11896.    0.04710247    0.05356650    0.04500000    0.00697809   -0.01432638    0.00000000
    247.  11897.    0.04538538    0.05254644    0.04500000    0.00699737   -0.01435841    0.00000000
    248.  11898.    0.04366573    0.05153066    0.04500000    0.00701429   -0.01438671   -0.00000001
    249.  11899.    0.04194543    0.05051602    0.04500000    0.00702251   -0.01440068    0.00000000
    250.  11900.    0.04023196    0.04948989    0.04500000    0.00702153   -0.01439919    0.00000000
    251.  11901.    0.03853566    0.04843567    0.04500000    0.00701177   -0.01438347    0.00000000
    252.  11902.    0.03686680    0.04733858    0.04500000    0.00699329   -0.01435497    0.00000000
    253.  11903.    0.03522950    0.04619491    0.04500000    0.00696613   -0.01431521    0.00000000
    254.  11904.    0.03361702    0.04501645    0.04500000    0.00693082   -0.01426544   -0.00000001
    255.  11905.    0.03201586    0.04382261    0.04500000    0.00688848   -0.01420660   -0.00000002
    256.  11906.    0.03041551    0.04262769    0.04500000    0.00684040   -0.01413948   -0.00000002
    257.  11907.    0.02881632    0.04143122    0.04500000    0.00678737   -0.01406526   -0.00000002
    258.  11908.    0.02722876    0.04021937    0.04500000    0.00672951   -0.01398560   -0.00000002
    259.  11909.    0.02566340    0.03897903    0.04500000    0.00666685   -0.01390225   -0.00000002
    260.  11910.    0.02412709    0.03770289    0.04500000    0.00659969   -0.01381689   -0.00000002
    261.  11911.    0.02261556    0.03639746    0.04500000    0.00652918   -0.01373061   -0.00000002
    262.  11912.    0.02112147    0.03507208    0.04500000    0.00645674   -0.01364427   -0.00000002
    263.  11913.    0.01964231    0.03373006    0.04500000    0.00638355   -0.01355899   -0.00000002
    264.  11914.    0.01818286    0.03236666    0.04500000    0.00631034   -0.01347625   -0.00000002
    265.  11915.    0.01675380    0.03097149    0.04500000    0.00623702   -0.01339750   -0.00000001
    266.  11916.    0.01536661    0.02953472    0.04500000    0.00616208   -0.01332176   -0.00000001
    267.  11917.    0.01402753    0.02805299    0.04500000    0.00608487   -0.01324812   -0.00000001
    268.  11918.    0.01273239    0.02653269    0.04500000    0.00600570   -0.01317624   -0.00000001
    269.  11919.    0.01147545    0.02498063    0.04500000    0.00592475   -0.01310601   -0.00000001
    270.  11920.    0.01025066    0.02340305    0.04500000    0.00584412   -0.01303940   -0.00000002
    271.  11921.    0.00905424    0.02180386    0.04500000    0.00576812   -0.01297964   -0.00000004
    272.  11922.    0.00789136    0.02018013    0.04500000    0.00569721   -0.01292645   -0.00000005
    273.  11923.    0.00677048    0.01852716    0.04500000    0.00563058   -0.01287926   -0.00000006
    274.  11924.    0.00570402    0.01683861    0.04500000    0.00556735   -0.01283765   -0.00000007
    275.  11925.    0.00470559    0.01510902    0.04500000    0.00550671   -0.01280121   -0.00000008
    276.  11926.    0.00378854    0.01333500    0.04500000    0.00544790   -0.01276957   -0.00000009
    277.  11927.    0.00296557    0.01151547    0.04500000    0.00539018   -0.01274236   -0.00000009
    278.  11928.    0.00224874    0.00965162    0.04500000    0.00533286   -0.01271931   -0.00000010
    279.  11929.    0.00164911    0.00774688    0.04500000    0.00527525   -0.01270022   -0.00000010
    280.  11930.    0.00117682    0.00580669    0.04500000    0.00521667   -0.01268504   -0.00000011
    281.  11931.    0.00084060    0.00383838    0.04500000    0.00515650   -0.01267383   -0.00000011
    282.  11932.    0.00064730    0.00185096    0.04500000    0.00509418   -0.01266681   -0.00000011
    283.  11933.    0.00060173   -0.00014529    0.04500000    0.00502920   -0.01266429   -0.00000010
    284.  11934.    0.00070590   -0.00213934    0.04500000    0.00496118   -0.01266671   -0.00000009
    285.  11935.    0.00095967   -0.00411992    0.04500000    0.00488980   -0.01267458   -0.00000009
    286.  11936.    0.00136016   -0.00607613    0.04500000    0.00481489   -0.01268846   -0.00000007
    287.  11937.    0.00190274   -0.00799780    0.04500000    0.00473640   -0.01270894   -0.00000006
    288.  11938.    0.00258099   -0.00987591    0.04500000    0.00465436   -0.01273661   -0.00000004
    289.  11939.    0.00338714   -0.01170281    0.04500000    0.00456892   -0.01277200   -0.00000002
    290.  11940.    0.00431178   -0.01347274    0.04500000    0.00448027   -0.01281559    0.00000000
    291.  11941.    0.00534397   -0.01518224    0.04500000    0.00438864   -0.01286771    0.00000003
    292.  11942.    0.00647050   -0.01683116    0.04500000    0.00429416   -0.01292847    0.00000006
    293.  11943.    0.00767727   -0.01842238    0.04500000    0.00419688   -0.01299781    0.00000009
    294.  11944.    0.00895034   -0.01996113    0.04500000    0.00409671   -0.01307550    0.00000012
    295.  11945.    0.01027729   -0.02145372    0.04500000    0.00399348   -0.01316129    0.00000015
    296.  11946.    0.01165202   -0.02290241    0.04500000    0.00388725   -0.01325519    0.00000018
    297.  11947.    0.01307357   -0.02430519    0.04500000    0.00377843   -0.01335756    0.00000021
    298.  11948.    0.01454437   -0.02565620    0.04500000    0.00366772   -0.01346900    0.00000024
    299.  11949.    0.01606544   -0.02695036    0.04500000    0.00355588   -0.01359000    0.00000027
    300.  11950.    0.01763169   -0.02818951    0.04500000    0.00344317   -0.01372051    0.00000030
    301.  11951.    0.01923003   -0.02938705    0.04500000    0.00332884   -0.01385962    0.00000032
    302.  11952.    0.02084774   -0.03055834    0.04500000    0.00321182   -0.01400627    0.00000035
    303.  11953.    0.02247772   -0.03171251    0.04500000    0.00309148   -0.01415978    0.00000037
    304.  11954.    0.02412369   -0.03284372    0.04500000    0.00296854   -0.01432060    0.00000040
    305.  11955.    0.02579377   -0.03393897    0.04500000    0.00284454   -0.01448966    0.00000042
    306.  11956.    0.02749368   -0.03498730    0.04500000    0.00272093   -0.01466774    0.00000043
    307.  11957.    0.02921801   -0.03599505    0.04500000    0.00259741   -0.01485431    0.00000045
    308.  11958.    0.03095647   -0.03697825    0.04500000    0.00247253   -0.01504812    0.00000046
    309.  11959.    0.03270234   -0.03794824    0.04500000    0.00234526   -0.01524826    0.00000047
    310.  11960.    0.03445855   -0.03889935    0.04500000    0.00221642   -0.01545501    0.00000047
    311.  11961.    0.03623347   -0.03981501    0.04500000    0.00208824   -0.01566945    0.00000048
    312.  11962.    0.03803008   -0.04068735    0.04500000    0.00196199   -0.01589200    0.00000048
    313.  11963.    0.03983957   -0.04153275    0.04500000    0.00183596   -0.01612131    0.00000047
    314.  11964.    0.04164935   -0.04237753    0.04500000    0.00170701   -0.01635535    0.00000047
    315.  11965.    0.04345103   -0.04323943    0.04500000    0.00157292   -0.01659261    0.00000046
    316.  11966.    0.04525303   -0.04410067    0.04500000    0.00143611   -0.01683417    0.00000046
    317.  11967.    0.04706866   -0.04493269    0.04500000    0.00130061   -0.01708199    0.00000045
    318.  11968.    0.04890653   -0.04571430    0.04500000    0.00116959   -0.01733741    0.00000044
    319.  11969.    0.05076235   -0.04645241    0.04500000    0.00104245   -0.01759962    0.00000042
    320.  11970.    0.05262646   -0.04716937    0.04500000    0.00091630   -0.01786680    0.00000040
    321.  11971.    0.05449105   -0.04788511    0.04500000    0.00078846   -0.01813736    0.00000038
    322.  11972.    0.05635347   -0.04860646    0.04500000    0.00065807   -0.01841055    0.00000035
    323.  11973.    0.05821538   -0.04932914    0.04500000    0.00052590   -0.01868641    0.00000033
    324.  11974.    0.06007903   -0.05004731    0.04500000    0.00039295   -0.01896511    0.00000031
    325.  11975.    0.06194662   -0.05075515    0.04500000    0.00026024   -0.01924682    0.00000029
    326.  11976.    0.06382008   -0.05144730    0.04500000    0.00012877   -0.01953165    0.00000026
    327.  11977.    0.06570090   -0.05211921    0.04500000   -0.00000059   -0.01981966    0.00000023
    328.  11978.    0.06759011   -0.05276710    0.04500000   -0.00012708   -0.02011082    0.00000020
    329.  11979.    0.06948659   -0.05339344    0.04500000   -0.00025089   -0.02040463    0.00000017
    330.  11980.    0.07138787   -0.05400507    0.04500000   -0.00037291   -0.02070035    0.00000014
    331.  11981.    0.07329079   -0.05461160    0.04500000   -0.00049446   -0.02099705    0.00000011
    332.  11982.    0.07519285   -0.05522078    0.04500000   -0.00061661   -0.02129393    0.00000007
    333.  11983.    0.07709335   -0.05583485    0.04500000   -0.00073954   -0.02159055    0.00000004
    334.  11984.    0.07899305   -0.05645136    0.04500000   -0.00086273   -0.02188676    0.00000001
    335.  11985.    0.08089342   -0.05706583    0.04500000   -0.00098532   -0.02218256   -0.00000002
    336.  11986.    0.08279631   -0.05767242    0.04500000   -0.00110626   -0.02247802   -0.00000005
    337.  11987.    0.08470336   -0.05826579    0.04500000   -0.00122457   -0.02277316   -0.00000008
    338.  11988.    0.08661536   -0.05884303    0.04500000   -0.00133967   -0.02306782   -0.00000012
    339.  11989.    0.08853260   -0.05940262    0.04500000   -0.00145120   -0.02336172   -0.00000015
    340.  11990.    0.09045433   -0.05994657    0.04500000   -0.00155934   -0.02365439   -0.00000018
    341.  11991.    0.09237948   -0.06047831    0.04500000   -0.00166449   -0.02394525   -0.00000022
    342.  11992.    0.09430651   -0.06100320    0.04500000   -0.00176734   -0.02423365   -0.00000025
    343.  11993.    0.09623379   -0.06152720    0.04500000   -0.00186864   -0.02451890   -0.00000028
    344.  11994.    0.09816010   -0.06205475    0.04500000   -0.00196890   -0.02480043   -0.00000031
    345.  11995.    0.10008507   -0.06258714    0.04500000   -0.00206812   -0.02507781   -0.00000034
    346.  11996.    0.10200957   -0.06312125    0.04500000   -0.00216571   -0.02535085   -0.00000037
    347.  11997.    0.10393501   -0.06365192    0.04500000   -0.00226079   -0.02561944   -0.00000039
    348.  11998.    0.10586177   -0.06417782    0.04500000   -0.00235304   -0.02588327   -0.00000042
    349.  11999.    0.10778817   -0.06470501    0.04500000   -0.00244316   -0.02614167   -0.00000044
    350.  12000.    0.10971266   -0.06523914    0.04500000   -0.00253175   -0.02639401   -0.00000046
    351.  12001.    0.11163769   -0.06577132    0.04500000   -0.00261748   -0.02664033   -0.00000048
    352.  12002.    0.11356763   -0.06628537    0.04500000   -0.00269821   -0.02688091   -0.00000050
    353.  12003.    0.11550593   -0.06676688    0.04500000   -0.00277219   -0.02711585   -0.00000051
    354.  12004.    0.11745028   -0.06722342    0.04500000   -0.00284042   -0.02734430   -0.00000053
    355.  12005.    0.11939501   -0.06767840    0.04500000   -0.00290562   -0.02756495   -0.00000055
    356.  12006.    0.12133622   -0.06814813    0.04500000   -0.00296947   -0.02777684   -0.00000056
    357.  12007.    0.12327520   -0.06862698    0.04500000   -0.00303113   -0.02797973   -0.00000057
    358.  12008.    0.12521608   -0.06909808    0.04500000   -0.00308873   -0.02817372   -0.00000057
    359.  12009.    0.12716063   -0.06955381    0.04500000   -0.00314151   -0.02835854   -0.00000058
    360.  12010.    0.12910612   -0.07000551    0.04500000   -0.00319055   -0.02853338   -0.00000058
    361.  12011.    0.13104919   -0.07046746    0.04500000   -0.00323699   -0.02869742   -0.00000058
    362.  12012.    0.13298942   -0.07094126    0.04500000   -0.00328076   -0.02885017   -0.00000057
    363.  12013.    0.13492849   -0.07141977    0.04500000   -0.00332112   -0.02899136   -0.00000056
    364.  12014.    0.13686870   -0.07189362    0.04500000   -0.00335732   -0.02912068   -0.00000055
    365.  12015.    0.13881094   -0.07235909    0.04500000   -0.00338911   -0.02923768   -0.00000053
    366.  12016.    0.14075449   -0.07281904    0.04500000   -0.00341669   -0.02934178   -0.00000052
    367.  12017.    0.14269899   -0.07327498    0.04500000   -0.00344016   -0.02943243   -0.00000050
    368.  12018.    0.14464515   -0.07372381    0.04500000   -0.00345942   -0.02950911   -0.00000049
    369.  12019.    0.14659373   -0.07416195    0.04500000   -0.00347441   -0.02957127   -0.00000047
    370.  12020.    0.14854444   -0.07459056    0.04500000   -0.00348532   -0.02961832   -0.00000045
    371.  12021.    0.15049604   -0.07501508    0.04500000   -0.00349236   -0.02964964   -0.00000043
    372.  12022.    0.15244769   -0.07543934    0.04500000   -0.00349565   -0.02966462   -0.00000041
    373.  12023.    0.15439982   -0.07586144    0.04500000   -0.00349521   -0.02966268   -0.00000039
    374.  12024.    0.15635317   -0.07627785    0.04500000   -0.00349113   -0.02964323   -0.00000037
    375.  12025.    0.15830747   -0.07668974    0.04500000   -0.00348356   -0.02960563   -0.00000035
    376.  12026.    0.16026166   -0.07710218    0.04500000   -0.00347249   -0.02954929   -0.00000032
    377.  12027.    0.16221463   -0.07752035    0.04500000   -0.00345779   -0.02947363   -0.00000030
    378.  12028.    0.16416613   -0.07794531    0.04500000   -0.00343939   -0.02937807   -0.00000027
    379.  12029.    0.16611726   -0.07837202    0.04500000   -0.00341756   -0.02926195   -0.00000025
    380.  12030.    0.16806910   -0.07879543    0.04500000   -0.00339273   -0.02912457   -0.00000022
    381.  12031.    0.17002176   -0.07921506    0.04500000   -0.00336518   -0.02896530   -0.00000019
    382.  12032.    0.17197467   -0.07963349    0.04500000   -0.00333492   -0.02878351   -0.00000016
    383.  12033.    0.17392740   -0.08005278    0.04500000   -0.00330194   -0.02857862   -0.00000012
    384.  12034.    0.17588000   -0.08047269    0.04500000   -0.00326648   -0.02834998   -0.00000009
    385.  12035.    0.17783285   -0.08089142    0.04500000   -0.00322920   -0.02809801   -0.00000005
    386.  12036.    0.17978643   -0.08130676    0.04500000   -0.00319211   -0.02783029   -0.00000003
    387.  12037.    0.18174112   -0.08171681    0.04500000   -0.00315617   -0.02756175   -0.00000002
    388.  12038.    0.18369731   -0.08211962    0.04500000   -0.00312133   -0.02729407   -0.00000002
    389.  12039.    0.18565530   -0.08251365    0.04500000   -0.00308743   -0.02702612   -0.00000002
    390.  12040.    0.18761484   -0.08289986    0.04500000   -0.00305416   -0.02675790   -0.00000004
    391.  12041.    0.18957552   -0.08328026    0.04500000   -0.00302119   -0.02648974   -0.00000007
    392.  12042.    0.19153692   -0.08365688    0.04500000   -0.00298827   -0.02622256   -0.00000013
    393.  12043.    0.19349862   -0.08403199    0.04500000   -0.00295541   -0.02595614   -0.00000020
    394.  12044.    0.19546008   -0.08440835    0.04500000   -0.00292241   -0.02569029   -0.00000027
    395.  12045.    0.19742115   -0.08478670    0.04500000   -0.00288917   -0.02542500   -0.00000034
    396.  12046.    0.19938175   -0.08516752    0.04500000   -0.00285562   -0.02516025   -0.00000040
    397.  12047.    0.20134177   -0.08555129    0.04500000   -0.00282170   -0.02489607   -0.00000047
    398.  12048.    0.20330131   -0.08593751    0.04500000   -0.00278749   -0.02463248   -0.00000054
    399.  12049.    0.20526057   -0.08632514    0.04500000   -0.00275313   -0.02436952   -0.00000061
    400.  12050.    0.20721972   -0.08671333    0.04500000   -0.00271873   -0.02410723   -0.00000067
    401.  12051.    0.20917893   -0.08710122    0.04500000   -0.00268442   -0.02384567   -0.00000074
    402.  12052.    0.21113849   -0.08748737    0.04500000   -0.00265038   -0.02358488   -0.00000080
    403.  12053.    0.21309879   -0.08786972    0.04500000   -0.00261691   -0.02332490   -0.00000087
    404.  12054.    0.21505996   -0.08824755    0.04500000   -0.00258409   -0.02306575   -0.00000093
    405.  12055.    0.21702163   -0.08862281    0.04500000   -0.00255167   -0.02280751   -0.00000099
    406.  12056.    0.21898317   -0.08899873    0.04500000   -0.00251921   -0.02255027   -0.00000106
    407.  12057.    0.22094406   -0.08937806    0.04500000   -0.00248637   -0.02229411   -0.00000112
    408.  12058.    0.22290416   -0.08976140    0.04500000   -0.00245308   -0.02203909   -0.00000117
    409.  12059.    0.22486400   -0.09014609    0.04500000   -0.00241968   -0.02178526   -0.00000123
    410.  12060.    0.22682506   -0.09052452    0.04500000   -0.00238717   -0.02153256   -0.00000129
    411.  12061.    0.22878881   -0.09088872    0.04500000   -0.00235656   -0.02128095   -0.00000135
    412.  12062.    0.23075524   -0.09123815    0.04500000   -0.00232792   -0.02103042   -0.00000141
    413.  12063.    0.23272340   -0.09157768    0.04500000   -0.00230059   -0.02078103   -0.00000147
    414.  12064.    0.23469174   -0.09191623    0.04500000   -0.00227343   -0.02053280   -0.00000153
    415.  12065.    0.23665915   -0.09226009    0.04500000   -0.00224566   -0.02028574   -0.00000159
    416.  12066.    0.23862570   -0.09260889    0.04500000   -0.00221732   -0.02003979   -0.00000164
    417.  12067.    0.24059179   -0.09296022    0.04500000   -0.00218871   -0.01979488   -0.00000169
    418.  12068.    0.24255787   -0.09331167    0.04500000   -0.00216015   -0.01955094   -0.00000174
    419.  12069.    0.24452432   -0.09366100    0.04500000   -0.00213189   -0.01930794   -0.00000179
    420.  12070.    0.24649099   -0.09400909    0.04500000   -0.00210384   -0.01906587   -0.00000183
    421.  12071.    0.24845736   -0.09435886    0.04500000   -0.00207563   -0.01882476   -0.00000188
    422.  12072.    0.25042311   -0.09471212    0.04500000   -0.00204705   -0.01858462   -0.00000192
    423.  12073.    0.25238868   -0.09506637    0.04500000   -0.00201839   -0.01834544   -0.00000195
    424.  12074.    0.25435484   -0.09541732    0.04500000   -0.00199020   -0.01810717   -0.00000199
    425.  12075.    0.25632189   -0.09576328    0.04500000   -0.00196266   -0.01786979   -0.00000203
    426.  12076.    0.25828952   -0.09610591    0.04500000   -0.00193557   -0.01763334   -0.00000207
    427.  12077.    0.26025693   -0.09644980    0.04500000   -0.00190838   -0.01739784   -0.00000211
    428.  12078.    0.26222360   -0.09679788    0.04500000   -0.00188074   -0.01716335   -0.00000214
    429.  12079.    0.26418974   -0.09714898    0.04500000   -0.00185280   -0.01692986   -0.00000217
    430.  12080.    0.26615573   -0.09750088    0.04500000   -0.00182483   -0.01669737   -0.00000219
    431.  12081.    0.26812166   -0.09785318    0.04500000   -0.00179687   -0.01646591   -0.00000222
    432.  12082.    0.27008735   -0.09820678    0.04500000   -0.00176882   -0.01623556   -0.00000224
    433.  12083.    0.27205293   -0.09856096    0.04500000   -0.00174077   -0.01600635   -0.00000226
    434.  12084.    0.27401899   -0.09891247    0.04500000   -0.00171311   -0.01577832   -0.00000228
    435.  12085.    0.27598615   -0.09925779    0.04500000   -0.00168624   -0.01555146   -0.00000230
    436.  12086.    0.27795498   -0.09959343    0.04500000   -0.00166057   -0.01532578   -0.00000234
    437.  12087.    0.27992567   -0.09991800    0.04500000   -0.00163622   -0.01510126   -0.00000237
    438.  12088.    0.28189753   -0.10023536    0.04500000   -0.00161275   -0.01487790   -0.00000242
    439.  12089.    0.28386986   -0.10054982    0.04500000   -0.00158967   -0.01465570   -0.00000246
    440.  12090.    0.28584196   -0.10086568    0.04500000   -0.00156648   -0.01443463   -0.00000251
    441.  12091.    0.28781326   -0.10118654    0.04500000   -0.00154278   -0.01421466   -0.00000255
    442.  12092.    0.28978400   -0.10151081    0.04500000   -0.00151875   -0.01399573   -0.00000258
    443.  12093.    0.29175467   -0.10183549    0.04500000   -0.00149473   -0.01377779   -0.00000261
    444.  12094.    0.29372558   -0.10215874    0.04500000   -0.00147092   -0.01356080   -0.00000265
    445.  12095.    0.29569673   -0.10248046    0.04500000   -0.00144733   -0.01334473   -0.00000268
    446.  12096.    0.29766810   -0.10280092    0.04500000   -0.00142392   -0.01312958   -0.00000271
    447.  12097.    0.29963969   -0.10311994    0.04500000   -0.00140072   -0.01291532   -0.00000275
    448.  12098.    0.30161154   -0.10343740    0.04500000   -0.00137773   -0.01270193   -0.00000278
    449.  12099.    0.30358338   -0.10375491    0.04500000   -0.00135478   -0.01248940   -0.00000282
    450.  12100.    0.30555472   -0.10407546    0.04500000   -0.00133155   -0.01227774   -0.00000285
    451.  12101.    0.30752557   -0.10439905    0.04500000   -0.00130804   -0.01206695   -0.00000287
    452.  12102.    0.30949643   -0.10472262    0.04500000   -0.00128458   -0.01185701   -0.00000290
    453.  12103.    0.31146779   -0.10504308    0.04500000   -0.00126150   -0.01164789   -0.00000293
    454.  12104.    0.31344003   -0.10535812    0.04500000   -0.00123904   -0.01143958   -0.00000296
    455.  12105.    0.31541241   -0.10567225    0.04500000   -0.00121672   -0.01123211   -0.00000299
    456.  12106.    0.31738388   -0.10599200    0.04500000   -0.00119385   -0.01102555   -0.00000302
    457.  12107.    0.31935422   -0.10631872    0.04500000   -0.00117031   -0.01081993   -0.00000304
    458.  12108.    0.32132436   -0.10664660    0.04500000   -0.00114671   -0.01061524   -0.00000306
    459.  12109.    0.32329529   -0.10696971    0.04500000   -0.00112365   -0.01041146   -0.00000308
    460.  12110.    0.32526695   -0.10728832    0.04500000   -0.00110112   -0.01020864   -0.00000310
    461.  12111.    0.32723876   -0.10760598    0.04500000   -0.00107875   -0.01000684   -0.00000313
    462.  12112.    0.32921035   -0.10792508    0.04500000   -0.00105629   -0.00980613   -0.00000315
    463.  12113.    0.33118184   -0.10824473    0.04500000   -0.00103384   -0.00960653   -0.00000317
    464.  12114.    0.33315387   -0.10856103    0.04500000   -0.00101180   -0.00940804   -0.00000320
    465.  12115.    0.33512690   -0.10887107    0.04500000   -0.00099046   -0.00921067   -0.00000322
    466.  12116.    0.33710086   -0.10917511    0.04500000   -0.00096978   -0.00901444   -0.00000326
    467.  12117.    0.33907550   -0.10947471    0.04500000   -0.00094960   -0.00881934   -0.00000329
    468.  12118.    0.34105059   -0.10977134    0.04500000   -0.00092977   -0.00862539   -0.00000333
    469.  12119.    0.34302599   -0.11006590    0.04500000   -0.00091021   -0.00843254   -0.00000336
    470.  12120.    0.34500158   -0.11035917    0.04500000   -0.00089082   -0.00824078   -0.00000340
    471.  12121.    0.34697724   -0.11065194    0.04500000   -0.00087154   -0.00805008   -0.00000344
    472.  12122.    0.34895293   -0.11094453    0.04500000   -0.00085233   -0.00786039   -0.00000347
    473.  12123.    0.35092860   -0.11123726    0.04500000   -0.00083315   -0.00767170   -0.00000350
    474.  12124.    0.35290416   -0.11153072    0.04500000   -0.00081396   -0.00748398   -0.00000354
    475.  12125.    0.35487953   -0.11182550    0.04500000   -0.00079469   -0.00729722   -0.00000357
    476.  12126.    0.35685454   -0.11212265    0.04500000   -0.00077524   -0.00711142   -0.00000360
    477.  12127.    0.35882907   -0.11242296    0.04500000   -0.00075556   -0.00692660   -0.00000362
    478.  12128.    0.36080334   -0.11272497    0.04500000   -0.00073577   -0.00674277   -0.00000365
    479.  12129.    0.36277794   -0.11302487    0.04500000   -0.00071624   -0.00655991   -0.00000367
    480.  12130.    0.36475335   -0.11331930    0.04500000   -0.00069727   -0.00637804   -0.00000369
    481.  12131.    0.36672953   -0.11360858    0.04500000   -0.00067883   -0.00619717   -0.00000371
    482.  12132.    0.36870598   -0.11389601    0.04500000   -0.00066062   -0.00601731   -0.00000373
    483.  12133.    0.37068221   -0.11418493    0.04500000   -0.00064232   -0.00583849   -0.00000375
    484.  12134.    0.37265773   -0.11447868    0.04500000   -0.00062365   -0.00566075   -0.00000376
    485.  12135.    0.37463236   -0.11477831    0.04500000   -0.00060452   -0.00548411   -0.00000378
    486.  12136.    0.37660667   -0.11508013    0.04500000   -0.00058526   -0.00530860   -0.00000379
    487.  12137.    0.37858132   -0.11537962    0.04500000   -0.00056628   -0.00513426   -0.00000380
    488.  12138.    0.38055662   -0.11567483    0.04500000   -0.00054775   -0.00496111   -0.00000381
    489.  12139.    0.38253236   -0.11596710    0.04500000   -0.00052956   -0.00478924   -0.00000381
    490.  12140.    0.38450795   -0.11626037    0.04500000   -0.00051137   -0.00461873   -0.00000381
    491.  12141.    0.38648307   -0.11655681    0.04500000   -0.00049299   -0.00444964   -0.00000381
    492.  12142.    0.38845800   -0.11685443    0.04500000   -0.00047461   -0.00428204   -0.00000380
    493.  12143.    0.39043326   -0.11714995    0.04500000   -0.00045651   -0.00411598   -0.00000380
    494.  12144.    0.39240892   -0.11744276    0.04500000   -0.00043874   -0.00395154   -0.00000378
    495.  12145.    0.39438462   -0.11773528    0.04500000   -0.00042111   -0.00378883   -0.00000377
    496.  12146.    0.39636010   -0.11802930    0.04500000   -0.00040347   -0.00362794   -0.00000375
    497.  12147.    0.39833563   -0.11832295    0.04500000   -0.00038600   -0.00346895   -0.00000373
    498.  12148.    0.40031169   -0.11861301    0.04500000   -0.00036895   -0.00331194   -0.00000370
    499.  12149.    0.40228855   -0.11889764    0.04500000   -0.00035247   -0.00315700   -0.00000365
    500.  12150.    0.40426618   -0.11917681    0.04500000   -0.00033655   -0.00300421   -0.00000359
    501.  12151.    0.40624430   -0.11945251    0.04500000   -0.00032105   -0.00285364   -0.00000351
    502.  12152.    0.40822260   -0.11972690    0.04500000   -0.00030579   -0.00270539   -0.00000343
    503.  12153.    0.41020089   -0.12000138    0.04500000   -0.00029069   -0.00255953   -0.00000334
    504.  12154.    0.41217918   -0.12027582    0.04500000   -0.00027575   -0.00241612   -0.00000325
    505.  12155.    0.41415751   -0.12055002    0.04500000   -0.00026099   -0.00227526   -0.00000316
    506.  12156.    0.41613590   -0.12082374    0.04500000   -0.00024645   -0.00213705   -0.00000306
    507.  12157.    0.41811455   -0.12109562    0.04500000   -0.00023223   -0.00200156   -0.00000294
    508.  12158.    0.42009359   -0.12136462    0.04500000   -0.00021841   -0.00186892   -0.00000281
    509.  12159.    0.42207300   -0.12163088    0.04500000   -0.00020497   -0.00173922   -0.00000266
    510.  12160.    0.42405241   -0.12189710    0.04500000   -0.00019176   -0.00161262   -0.00000250
    511.  12161.    0.42603139   -0.12216661    0.04500000   -0.00017857   -0.00148925   -0.00000236
    512.  12162.    0.42800985   -0.12243984    0.04500000   -0.00016541   -0.00136927   -0.00000224
    513.  12163.    0.42998803   -0.12271507    0.04500000   -0.00015242   -0.00125288   -0.00000213
    514.  12164.    0.43196617   -0.12299060    0.04500000   -0.00013972   -0.00114026   -0.00000202
    515.  12165.    0.43394444   -0.12326521    0.04500000   -0.00012741   -0.00103165   -0.00000189
    516.  12166.    0.43592268   -0.12354005    0.04500000   -0.00011546   -0.00092730   -0.00000177
    517.  12167.    0.43790093   -0.12381481    0.04500000   -0.00010391   -0.00082750   -0.00000165
    518.  12168.    0.43987927   -0.12408893    0.04500000   -0.00009284   -0.00073252   -0.00000152
    519.  12169.    0.44185777   -0.12436184    0.04500000   -0.00008229   -0.00064267   -0.00000139
    520.  12170.    0.44383648   -0.12463326    0.04500000   -0.00007233   -0.00055827   -0.00000125
    521.  12171.    0.44581533   -0.12490368    0.04500000   -0.00006297   -0.00047962   -0.00000111
    522.  12172.    0.44779423   -0.12517375    0.04500000   -0.00005423   -0.00040705   -0.00000097
    523.  12173.    0.44977308   -0.12544412    0.04500000   -0.00004613   -0.00034084   -0.00000084
    524.  12174.    0.45175190   -0.12571470    0.04500000   -0.00003872   -0.00028120   -0.00000073
    525.  12175.    0.45373077   -0.12598501    0.04500000   -0.00003204   -0.00022827   -0.00000063
    526.  12176.    0.45570956   -0.12625582    0.04500000   -0.00002610   -0.00018205   -0.00000054
    527.  12177.    0.45768818   -0.12652792    0.04500000   -0.00002090   -0.00014241   -0.00000047
    528.  12178.    0.45966653   -0.12680194    0.04500000   -0.00001640   -0.00010902   -0.00000043
    529.  12179.    0.46164473   -0.12707705    0.04500000   -0.00001260   -0.00008143   -0.00000040
    530.  12180.    0.46362290   -0.12735236    0.04500000   -0.00000946   -0.00005909   -0.00000037
    531.  12181.    0.46560116   -0.12762709    0.04500000   -0.00000692   -0.00004136   -0.00000035
    532.  12182.    0.46757959   -0.12790049    0.04500000   -0.00000491   -0.00002764   -0.00000031
    533.  12183.    0.46955822   -0.12817252    0.04500000   -0.00000336   -0.00001733   -0.00000028
    534.  12184.    0.47153709   -0.12844280    0.04500000   -0.00000220   -0.00000991   -0.00000024
    535.  12185.    0.47351631   -0.12871046    0.04500000   -0.00000137   -0.00000488   -0.00000019
    536.  12186.    0.47549600   -0.12897466    0.04500000   -0.00000081   -0.00000183   -0.00000015
    537.  12187.    0.47747627   -0.12923441    0.04500000   -0.00000047   -0.00000033   -0.00000010
    538.  12188.    0.47945703   -0.12949046    0.04500000   -0.00000028    0.00000010   -0.00000005
    539.  12189.    0.48143789   -0.12974571    0.04500000   -0.00000019    0.00000006   -0.00000003
    540.  12190.    0.48341855   -0.13000254    0.04500000   -0.00000013    0.00000002   -0.00000001
    541.  12191.    0.48539912   -0.13026004    0.04500000   -0.00000009    0.00000002   -0.00000001
    542.  12192.    0.48738010   -0.13051430    0.04500000   -0.00000006    0.00000001    0.00000000
    543.  12193.    0.48936177   -0.13076318    0.04500000   -0.00000004    0.00000001    0.00000000
    544.  12194.    0.49134373   -0.13100977    0.04500000   -0.00000003    0.00000001    0.00000000
    545.  12195.    0.49332517   -0.13126046    0.04500000   -0.00000002    0.00000000    0.00000000
    546.  12196.    0.49530578   -0.13151766    0.04500000   -0.00000001    0.00000000    0.00000000
    547.  12197.    0.49728645   -0.13177438    0.04500000   -0.00000001    0.00000000    0.00000000
    548.  12198.    0.49926818   -0.13202281    0.04500000   -0.00000001    0.00000000    0.00000000
    549.  12199.    0.50125064   -0.13226532    0.04500000   -0.00000001    0.00000000    0.00000000
    550.  12200.    0.50323272   -0.13251092    0.04500000   -0.00000001    0.00000000    0.00000000
    551.  12201.    0.50521363   -0.13276578    0.04500000   -0.00000001    0.00000000    0.00000000
    552.  12202.    0.50719368   -0.13302722    0.04500000   -0.00000001    0.00000000    0.00000000
    553.  12203.    0.50917404   -0.13328635    0.04500000   -0.00000001    0.00000000    0.00000000
    554.  12204.    0.51115543   -0.13353740    0.04500000    0.00000000    0.00000000    0.00000000
    555.  12205.    0.51313759   -0.13378243    0.04500000    0.00000000    0.00000000    0.00000000
    556.  12206.    0.51511956   -0.13402888    0.04500000    0.00000000    0.00000000    0.00000000
    557.  12207.    0.51710062   -0.13428258    0.04500000    0.00000000    0.00000000    0.00000000
