   11651 -0.84665E-09-0.83242E-09 0.26177E-08-0.37303E-11 0.88279E-11 0.68464E-10
   11651 -0.85729E-09-0.84889E-09 0.26635E-08-0.22025E-11 0.18724E-10 0.14522E-09
   11652  0.13917E-07 0.13299E-07-0.42203E-07-0.16705E-09-0.21771E-09 0.16413E-08
   11652  0.14023E-07 0.13468E-07-0.42671E-07-0.14978E-09-0.25548E-09 0.19257E-08
   11653 -0.74828E-09-0.71498E-09 0.22690E-08-0.88827E-11 0.20178E-10 0.15400E-09
   11653 -0.75430E-09-0.73176E-09 0.23110E-08-0.60133E-11 0.31137E-10 0.23806E-09
   11654 -0.69351E-09-0.60504E-09 0.19792E-08-0.23973E-10 0.41369E-10 0.31127E-09
   11654 -0.68906E-09-0.62419E-09 0.20160E-08-0.17579E-10 0.53258E-10 0.40090E-09
   11655 -0.67432E-09-0.50154E-09 0.17380E-08-0.47112E-10 0.59135E-10 0.44173E-09
   11655 -0.65702E-09-0.52411E-09 0.17696E-08-0.36241E-10 0.70799E-10 0.52887E-09
   11656 -0.68423E-09-0.40356E-09 0.15373E-08-0.75869E-10 0.73824E-10 0.55554E-09
   11656 -0.65383E-09-0.42930E-09 0.15628E-08-0.60686E-10 0.84896E-10 0.63880E-09
   11657 -0.71488E-09-0.31078E-09 0.13683E-08-0.10726E-09 0.86577E-10 0.66310E-09
   11657 -0.67639E-09-0.33703E-09 0.13869E-08-0.90050E-10 0.96682E-10 0.74042E-09
   11658 -0.76191E-09-0.22271E-09 0.12255E-08-0.14132E-09 0.99179E-10 0.76943E-09
   11658 -0.72359E-09-0.24547E-09 0.12368E-08-0.12531E-09 0.10844E-09 0.84126E-09
   11659 -0.80272E-09-0.14725E-09 0.11034E-08-0.17264E-09 0.93701E-10 0.72470E-09
   11659 -0.76612E-09-0.16583E-09 0.11074E-08-0.15812E-09 0.10243E-09 0.79218E-09
   11660 -0.70051E-09-0.16138E-09 0.10333E-08-0.14399E-09-0.69689E-10-0.51816E-09
   11660 -0.67286E-09-0.17268E-09 0.10304E-08-0.13360E-09-0.62068E-10-0.46023E-09
   11661 -0.63818E-09-0.30512E-09 0.12807E-08-0.90279E-10-0.37057E-09-0.27809E-08
   11661 -0.62941E-09-0.30501E-09 0.12718E-08-0.87938E-10-0.36421E-09-0.27332E-08
   11662 -0.91278E-09-0.44833E-09 0.18575E-08-0.12461E-09-0.67897E-09-0.51451E-08
   11662 -0.89888E-09-0.44782E-09 0.18428E-08-0.12105E-09-0.67254E-09-0.50965E-08
   11663 -0.16501E-08-0.56694E-09 0.28357E-08-0.28479E-09-0.10512E-08-0.81159E-08
   11663 -0.16552E-08-0.55331E-09 0.28115E-08-0.28962E-09-0.10430E-08-0.80522E-08
   11664 -0.30523E-08-0.65311E-09 0.43963E-08-0.62861E-09-0.16101E-08-0.12501E-07
   11664 -0.32360E-08-0.55114E-09 0.43577E-08-0.70354E-09-0.15956E-08-0.12388E-07
   11665 -0.59955E-08-0.46362E-09 0.68729E-08-0.14756E-08-0.25456E-08-0.19462E-07
   11665 -0.57600E-08-0.54378E-09 0.68146E-08-0.13892E-08-0.25218E-08-0.19279E-07
   11666 -0.11805E-07 0.34312E-09 0.10828E-07-0.32917E-08-0.40981E-08-0.30819E-07
   11666 -0.96100E-08-0.61945E-09 0.10746E-07-0.24345E-08-0.41056E-08-0.30875E-07
   11667 -0.17162E-07-0.25163E-09 0.17353E-07-0.45822E-08-0.66830E-08-0.50257E-07
   11667 -0.21123E-07 0.16289E-08 0.17196E-07-0.61538E-08-0.67283E-08-0.50596E-07
   11668 -0.22346E-07-0.28788E-08 0.28084E-07-0.52163E-08-0.11332E-07-0.86152E-07
   11668 -0.45123E-07 0.76137E-08 0.27876E-07-0.14109E-07-0.10905E-07-0.82904E-07
   11669 -0.90671E-07 0.19977E-07 0.45988E-07-0.29467E-07-0.19279E-07-0.14730E-06
   11669 -0.27204E-07-0.90458E-08 0.46095E-07-0.48383E-08-0.18651E-07-0.14250E-06
   11670 -0.21635E-06 0.62776E-07 0.77193E-07-0.74962E-07-0.30988E-07-0.23489E-06
   11670  0.11565E-07-0.40944E-07 0.76610E-07 0.14106E-07-0.35832E-07-0.27159E-06
   11671  0.26649E-06-0.18292E-06 0.13201E-06 0.12257E-06-0.57743E-07-0.43348E-06
   11671 -0.62194E-06 0.22359E-06 0.12885E-06-0.22997E-06-0.62098E-07-0.46643E-06
   11672  0.13260E-05-0.70980E-06 0.22546E-06 0.54913E-06-0.14206E-06-0.10716E-05
   11672 -0.19287E-05 0.77598E-06 0.22296E-06-0.72971E-06-0.61404E-07-0.46276E-06
   11673  0.16156E-05-0.89744E-06 0.34352E-06 0.66926E-06-0.24166E-06-0.18500E-05
   11673 -0.25048E-05 0.95227E-06 0.41060E-06-0.92008E-06-0.85673E-08-0.64164E-07
   11674  0.10102E-05-0.64961E-06 0.40385E-06 0.43585E-06-0.29230E-06-0.22666E-05
   11674 -0.21361E-05 0.67840E-06 0.63877E-06-0.73862E-06 0.54387E-07 0.42212E-06
   11675  0.28283E-06-0.31543E-06 0.39974E-06 0.15664E-06-0.31114E-06-0.24020E-05
   11675 -0.16303E-05 0.32626E-06 0.89848E-06-0.51474E-06 0.90804E-07 0.70060E-06
   11676 -0.36932E-06 0.11888E-07 0.33623E-06-0.10358E-06-0.30577E-06-0.23183E-05
   11676 -0.11964E-05-0.93712E-08 0.11927E-05-0.31782E-06 0.10115E-06 0.76672E-06
   11677 -0.95679E-06 0.33581E-06 0.21583E-06-0.35095E-06-0.27388E-06-0.20540E-05
   11677 -0.82992E-06-0.33235E-06 0.15270E-05-0.13508E-06 0.87024E-07 0.65293E-06
   11678 -0.14758E-05 0.65748E-06 0.34039E-07-0.57325E-06-0.21679E-06-0.16387E-05
   11678 -0.53531E-06-0.63965E-06 0.18984E-05 0.27561E-07 0.50381E-07 0.38096E-06
   11679 -0.19192E-05 0.97850E-06-0.21962E-06-0.76998E-06-0.14351E-06-0.10983E-05
   11679 -0.31564E-06-0.92964E-06 0.23058E-05 0.16308E-06-0.48380E-08-0.36647E-07
   11680 -0.22974E-05 0.13018E-05-0.54436E-06-0.96432E-06-0.59701E-07-0.45601E-06
   11680 -0.16012E-06-0.12080E-05 0.27515E-05 0.28086E-06-0.78135E-07-0.59167E-06
   11681 -0.26413E-05 0.16343E-05-0.92712E-06-0.11831E-05 0.37781E-07 0.27404E-06
   11681 -0.47151E-07-0.14924E-05 0.32535E-05 0.39997E-06-0.17339E-06-0.12736E-05
   11682 -0.29864E-05 0.19845E-05-0.13517E-05-0.14397E-05 0.15575E-06 0.10931E-05
   11682  0.45996E-07-0.18047E-05 0.38372E-05 0.53604E-06-0.29382E-06-0.20672E-05
   11683 -0.33601E-05 0.23607E-05-0.18071E-05-0.17271E-05 0.29808E-06 0.20147E-05
   11683  0.13088E-06-0.21637E-05 0.45309E-05 0.69277E-06-0.43616E-06-0.29508E-05
   11684 -0.37641E-05 0.27645E-05-0.22912E-05-0.20225E-05 0.46324E-06 0.30573E-05
   11684  0.20837E-06-0.25624E-05 0.53176E-05 0.85849E-06-0.59133E-06-0.39042E-05
   11685 -0.41805E-05 0.32011E-05-0.28295E-05-0.23058E-05 0.64590E-06 0.42320E-05
   11685  0.27055E-06-0.29941E-05 0.61884E-05 0.10200E-05-0.75012E-06-0.49151E-05
   11686 -0.45835E-05 0.36729E-05-0.34516E-05-0.25645E-05 0.84040E-06 0.55400E-05
   11686  0.30704E-06-0.34428E-05 0.71186E-05 0.11649E-05-0.90777E-06-0.59837E-05
   11687 -0.49548E-05 0.41834E-05-0.41856E-05-0.28119E-05 0.10480E-05 0.69721E-05
   11687  0.31055E-06-0.38943E-05 0.80859E-05 0.12939E-05-0.10695E-05-0.71158E-05
   11688 -0.53037E-05 0.47331E-05-0.50290E-05-0.30831E-05 0.12779E-05 0.85160E-05
   11688  0.28755E-06-0.43545E-05 0.90992E-05 0.14257E-05-0.12484E-05-0.83212E-05
   11689 -0.56655E-05 0.53258E-05-0.59572E-05-0.34004E-05 0.15359E-05 0.10167E-04
   11689  0.25326E-06-0.48499E-05 0.10201E-04 0.15783E-05-0.14508E-05-0.96070E-05
   11690 -0.60692E-05 0.59656E-05-0.69471E-05-0.37512E-05 0.18157E-05 0.11936E-04
   11690  0.21846E-06-0.53966E-05 0.11415E-04 0.17497E-05-0.16689E-05-0.10976E-04
   11691 -0.65121E-05 0.66651E-05-0.80240E-05-0.41125E-05 0.21073E-05 0.13839E-04
   11691  0.18580E-06-0.59937E-05 0.12734E-04 0.19281E-05-0.18916E-05-0.12429E-04
   11692 -0.69735E-05 0.74326E-05-0.92273E-05-0.44865E-05 0.24138E-05 0.15888E-04
   11692  0.15420E-06-0.66288E-05 0.14132E-04 0.21117E-05-0.21217E-05-0.13974E-04
   11693 -0.74520E-05 0.82701E-05-0.10566E-04-0.48953E-05 0.27465E-05 0.18085E-04
   11693  0.12500E-06-0.73034E-05 0.15614E-04 0.23119E-05-0.23703E-05-0.15620E-04
   11694 -0.79682E-05 0.91804E-05-0.12028E-04-0.53586E-05 0.31139E-05 0.20440E-04
   11694  0.10682E-06-0.80342E-05 0.17208E-04 0.25424E-05-0.26451E-05-0.17379E-04
   11695 -0.85522E-05 0.10170E-04-0.13599E-04-0.58901E-05 0.35213E-05 0.22972E-04
   11695  0.11023E-06-0.88443E-05 0.18953E-04 0.28152E-05-0.29487E-05-0.19259E-04
   11696 -0.92302E-05 0.11241E-04-0.15254E-04-0.64781E-05 0.39614E-05 0.25709E-04
   11696  0.13965E-06-0.97481E-05 0.20875E-04 0.31265E-05-0.32723E-05-0.21265E-04
   11697 -0.99941E-05 0.12411E-04-0.17033E-04-0.70940E-05 0.44202E-05 0.28683E-04
   11697  0.19672E-06-0.10742E-04 0.22962E-04 0.34605E-05-0.36015E-05-0.23406E-04
   11698 -0.10810E-04 0.13693E-04-0.18996E-04-0.77159E-05 0.48907E-05 0.31918E-04
   11698  0.27268E-06-0.11803E-04 0.25171E-04 0.37989E-05-0.39302E-05-0.25695E-04
   11699 -0.11634E-04 0.15100E-04-0.21212E-04-0.83237E-05 0.53675E-05 0.35427E-04
   11699  0.35177E-06-0.12900E-04 0.27451E-04 0.41219E-05-0.42567E-05-0.28152E-04
   11700 -0.12414E-04 0.16646E-04-0.23764E-04-0.89370E-05 0.58681E-05 0.39212E-04
   11700  0.43902E-06-0.14001E-04 0.29730E-04 0.44359E-05-0.46001E-05-0.30808E-04
   11701 -0.13167E-04 0.18337E-04-0.26663E-04-0.96298E-05 0.64340E-05 0.43272E-04
   11701  0.54830E-06-0.15137E-04 0.32064E-04 0.47876E-05-0.49988E-05-0.33703E-04
   11702 -0.13984E-04 0.20161E-04-0.29800E-04-0.10463E-04 0.70937E-05 0.47627E-04
   11702  0.69015E-06-0.16363E-04 0.34568E-04 0.52168E-05-0.54747E-05-0.36853E-04
   11703 -0.14970E-04 0.22120E-04-0.33076E-04-0.11470E-04 0.78560E-05 0.52323E-04
   11703  0.88686E-06-0.17750E-04 0.37373E-04 0.57529E-05-0.60301E-05-0.40273E-04
   11704 -0.16202E-04 0.24221E-04-0.36427E-04-0.12641E-04 0.87075E-05 0.57418E-04
   11704  0.11743E-05-0.19362E-04 0.40578E-04 0.64103E-05-0.66523E-05-0.43997E-04
   11705 -0.17700E-04 0.26487E-04-0.39867E-04-0.13901E-04 0.95991E-05 0.62985E-04
   11705  0.15616E-05-0.21218E-04 0.44208E-04 0.71530E-05-0.73005E-05-0.48060E-04
   11706 -0.19376E-04 0.28962E-04-0.43559E-04-0.15145E-04 0.10480E-04 0.69095E-04
   11706  0.20363E-05-0.23248E-04 0.48114E-04 0.79064E-05-0.79322E-05-0.52493E-04
   11707 -0.21087E-04 0.31694E-04-0.47750E-04-0.16341E-04 0.11355E-04 0.75803E-04
   11707  0.25854E-05-0.25354E-04 0.52101E-04 0.86322E-05-0.85533E-05-0.57334E-04
   11708 -0.22743E-04 0.34706E-04-0.52588E-04-0.17564E-04 0.12290E-04 0.83141E-04
   11708  0.32113E-05-0.27482E-04 0.56055E-04 0.93623E-05-0.92185E-05-0.62635E-04
   11709 -0.24397E-04 0.37991E-04-0.58032E-04-0.18948E-04 0.13370E-04 0.91147E-04
   11709  0.39333E-05-0.29672E-04 0.60056E-04 0.10180E-04-0.99965E-05-0.68451E-04
   11710 -0.26208E-04 0.41540E-04-0.63903E-04-0.20545E-04 0.14613E-04 0.99894E-04
   11710  0.47715E-05-0.32037E-04 0.64329E-04 0.11131E-04-0.10899E-04-0.74844E-04
   11711 -0.28265E-04 0.45390E-04-0.70189E-04-0.22338E-04 0.15993E-04 0.10948E-03
   11711  0.57873E-05-0.34639E-04 0.68940E-04 0.12223E-04-0.11910E-04-0.81895E-04
   11712 -0.30623E-04 0.49579E-04-0.76917E-04-0.24354E-04 0.17528E-04 0.12003E-03
   11712  0.70407E-05-0.37529E-04 0.73943E-04 0.13491E-04-0.13042E-04-0.89708E-04
   11713 -0.33355E-04 0.54133E-04-0.84076E-04-0.26667E-04 0.19265E-04 0.13166E-03
   11713  0.86062E-05-0.40756E-04 0.79375E-04 0.14996E-04-0.14333E-04-0.98394E-04
   11714 -0.36620E-04 0.59062E-04-0.91552E-04-0.29416E-04 0.21285E-04 0.14450E-03
   11714  0.10575E-04-0.44423E-04 0.85377E-04 0.16852E-04-0.15849E-04-0.10809E-03
   11715 -0.40656E-04 0.64380E-04-0.99129E-04-0.32621E-04 0.23571E-04 0.15872E-03
   11715  0.13042E-04-0.48697E-04 0.92211E-04 0.19110E-04-0.17587E-04-0.11900E-03
   11716 -0.45565E-04 0.70178E-04-0.10684E-03-0.35954E-04 0.25887E-04 0.17456E-03
   11716  0.16108E-04-0.53598E-04 0.99784E-04 0.21580E-04-0.19378E-04-0.13137E-03
   11717 -0.51024E-04 0.76660E-04-0.11539E-03-0.39056E-04 0.28037E-04 0.19229E-03
   11717  0.19940E-04-0.58799E-04 0.10720E-03 0.24003E-04-0.21077E-04-0.14536E-03
   11718 -0.56673E-04 0.84089E-04-0.12580E-03-0.42500E-04 0.30493E-04 0.21230E-03
   11718  0.24827E-04-0.64095E-04 0.11378E-03 0.26757E-04-0.23029E-04-0.16114E-03
   11719 -0.63237E-04 0.92188E-04-0.13697E-03-0.47712E-04 0.34181E-04 0.23472E-03
   11719  0.31095E-04-0.69867E-04 0.12018E-03 0.30900E-04-0.25916E-04-0.17872E-03
   11720 -0.72532E-04 0.10056E-03-0.14640E-03-0.55757E-04 0.39557E-04 0.25970E-03
   11720  0.39136E-04-0.77210E-04 0.12847E-03 0.37393E-04-0.30086E-04-0.19841E-03
   11721 -0.86286E-04 0.10912E-03-0.15211E-03-0.66454E-04 0.46060E-04 0.28725E-03
   11721  0.49548E-04-0.87089E-04 0.14010E-03 0.46396E-04-0.35210E-04-0.22099E-03
   11722 -0.10527E-03 0.11824E-03-0.15388E-03-0.78411E-04 0.52380E-04 0.31713E-03
   11722  0.63211E-04-0.99705E-04 0.15443E-03 0.57079E-04-0.40475E-04-0.24745E-03
   11723 -0.12911E-03 0.12869E-03-0.15343E-03-0.90495E-04 0.57610E-04 0.34883E-03
   11723  0.81126E-04-0.11415E-03 0.16835E-03 0.68463E-04-0.45281E-04-0.27786E-03
   11724 -0.15747E-03 0.14072E-03-0.15183E-03-0.10352E-03 0.62225E-04 0.38156E-03
   11724  0.10408E-03-0.12944E-03 0.17907E-03 0.80981E-04-0.49954E-04-0.31132E-03
   11725 -0.19103E-03 0.15393E-03-0.14786E-03-0.11942E-03 0.67046E-04 0.41339E-03
   11725  0.13283E-03-0.14534E-03 0.18557E-03 0.96220E-04-0.55076E-04-0.34581E-03
   11726 -0.23110E-03 0.16775E-03-0.13909E-03-0.13880E-03 0.71694E-04 0.44115E-03
   11726  0.16795E-03-0.16213E-03 0.18800E-03 0.11477E-03-0.60279E-04-0.37850E-03
   11727 -0.27816E-03 0.18203E-03-0.12441E-03-0.15980E-03 0.74417E-04 0.46041E-03
   11727  0.20961E-03-0.17970E-03 0.18563E-03 0.13505E-03-0.64033E-04-0.40543E-03
   11728 -0.33028E-03 0.19672E-03-0.10520E-03-0.18003E-03 0.73688E-04 0.46575E-03
   11728  0.25687E-03-0.19707E-03 0.17699E-03 0.15488E-03-0.64899E-04-0.42118E-03
   11729 -0.38355E-03 0.21071E-03-0.83153E-04-0.19910E-03 0.69590E-04 0.45244E-03
   11729  0.30666E-03-0.21266E-03 0.16184E-03 0.17374E-03-0.62726E-04-0.42011E-03
   11730 -0.43363E-03 0.22270E-03-0.60194E-04-0.21811E-03 0.62776E-04 0.41731E-03
   11730  0.35444E-03-0.22554E-03 0.14306E-03 0.19243E-03-0.57881E-04-0.39785E-03
   11731 -0.47636E-03 0.23170E-03-0.38376E-04-0.23633E-03 0.53315E-04 0.36053E-03
   11731  0.39534E-03-0.23529E-03 0.12460E-03 0.21012E-03-0.50364E-04-0.35403E-03
   11732 -0.50779E-03 0.23733E-03-0.20393E-04-0.25059E-03 0.41089E-04 0.28580E-03
   11732  0.42522E-03-0.24169E-03 0.10975E-03 0.22385E-03-0.40153E-04-0.29260E-03
   11733 -0.52510E-03 0.23959E-03-0.84838E-05-0.25702E-03 0.26715E-04 0.19989E-03
   11733  0.44144E-03-0.24456E-03 0.10019E-03 0.23006E-03-0.27923E-04-0.22064E-03
   11734 -0.52698E-03 0.23852E-03-0.36996E-05-0.25373E-03 0.11771E-04 0.11108E-03
   11734  0.44298E-03-0.24352E-03 0.95885E-04 0.22696E-03-0.15172E-04-0.14616E-03
   11735 -0.51384E-03 0.23385E-03-0.54073E-05-0.24225E-03-0.19627E-05 0.26916E-04
   11735  0.43047E-03-0.23810E-03 0.95435E-04 0.21597E-03-0.35150E-05-0.75787E-04
   11736 -0.48778E-03 0.22544E-03-0.11743E-04-0.22624E-03-0.13417E-04-0.47031E-04
   11736  0.40602E-03-0.22817E-03 0.97014E-04 0.20048E-03 0.61266E-05-0.13781E-04
   11737 -0.45209E-03 0.21351E-03-0.20448E-04-0.20952E-03-0.22538E-04-0.10809E-03
   11737  0.37252E-03-0.21409E-03 0.98984E-04 0.18394E-03 0.13735E-04 0.38251E-04
   11738 -0.41055E-03 0.19868E-03-0.29244E-04-0.19388E-03-0.29843E-04-0.15628E-03
   11738  0.33319E-03-0.19695E-03 0.10061E-03 0.16801E-03 0.19788E-04 0.80484E-04
   11739 -0.36673E-03 0.18197E-03-0.36386E-04-0.17791E-03-0.35668E-04-0.19366E-03
   11739  0.29110E-03-0.17825E-03 0.10170E-03 0.15154E-03 0.24616E-04 0.11398E-03
   11740 -0.32267E-03 0.16452E-03-0.41657E-04-0.15876E-03-0.39791E-04-0.22287E-03
   11740  0.24811E-03-0.15895E-03 0.10195E-03 0.13211E-03 0.28029E-04 0.13990E-03
   11741 -0.27812E-03 0.14662E-03-0.45836E-04-0.13572E-03-0.42014E-04-0.24607E-03
   11741  0.20453E-03-0.13878E-03 0.10039E-03 0.10929E-03 0.29833E-04 0.15972E-03
   11742 -0.23198E-03 0.12804E-03-0.50058E-04-0.11178E-03-0.42987E-04-0.26420E-03
   11742  0.16011E-03-0.11705E-03 0.96310E-04 0.85784E-04 0.30553E-04 0.17515E-03
   11743 -0.18425E-03 0.10853E-03-0.54310E-04-0.89839E-04-0.43792E-04-0.27761E-03
   11743  0.11478E-03-0.93774E-04 0.90178E-04 0.63893E-04 0.31142E-04 0.18775E-03
   11744 -0.13635E-03 0.88392E-04-0.57768E-04-0.70099E-04-0.44983E-04-0.28678E-03
   11744  0.69257E-04-0.69849E-04 0.83143E-04 0.43563E-04 0.32161E-04 0.19852E-03
   11745 -0.89644E-04 0.68146E-04-0.59923E-04-0.51135E-04-0.46325E-04-0.29244E-03
   11745  0.24469E-04-0.46281E-04 0.76176E-04 0.23612E-04 0.33505E-04 0.20783E-03
   11746 -0.44289E-04 0.47942E-04-0.60679E-04-0.31569E-04-0.47130E-04-0.29563E-03
   11746 -0.19594E-04-0.23374E-04 0.69775E-04 0.31709E-05 0.34638E-04 0.21585E-03
   11747  0.42951E-06 0.27801E-04-0.60792E-04-0.11289E-04-0.46933E-04-0.29696E-03
   11747 -0.63300E-04-0.72279E-06 0.63500E-04-0.17536E-04 0.35082E-04 0.22243E-03
   11748  0.45476E-04 0.74878E-05-0.60857E-04 0.90855E-05-0.45843E-04-0.29666E-03
   11748 -0.10724E-03 0.22276E-04 0.56779E-04-0.37915E-04 0.34854E-04 0.22771E-03
   11749  0.91665E-04-0.13190E-04-0.61356E-04 0.29261E-04-0.44316E-04-0.29460E-03
   11749 -0.15192E-03 0.45984E-04 0.49396E-04-0.57925E-04 0.34319E-04 0.23196E-03
   11750  0.13889E-03-0.34175E-04-0.62221E-04 0.49741E-04-0.43009E-04-0.29050E-03
   11750 -0.19727E-03 0.70206E-04 0.41517E-04-0.78494E-04 0.34060E-04 0.23536E-03
   11751  0.18589E-03-0.54981E-04-0.63001E-04 0.71722E-04-0.42471E-04-0.28416E-03
   11751 -0.24234E-03 0.94093E-04 0.33713E-04-0.10125E-03 0.34640E-04 0.23810E-03
   11752  0.23101E-03-0.75015E-04-0.63063E-04 0.96146E-04-0.42696E-04-0.27574E-03
   11752 -0.28590E-03 0.11660E-03 0.26699E-04-0.12720E-03 0.36161E-04 0.24023E-03
   11753  0.27324E-03-0.94033E-04-0.61914E-04 0.12253E-03-0.43111E-04-0.26575E-03
   11753 -0.32721E-03 0.13719E-03 0.20985E-04-0.15546E-03 0.38153E-04 0.24170E-03
   11754  0.31252E-03-0.11206E-03-0.59681E-04 0.14932E-03-0.43113E-04-0.25478E-03
   11754 -0.36627E-03 0.15601E-03 0.16528E-04-0.18405E-03 0.40016E-04 0.24246E-03
   11755  0.34968E-03-0.12951E-03-0.56623E-04 0.17498E-03-0.42397E-04-0.24331E-03
   11755 -0.40377E-03 0.17369E-03 0.13090E-04-0.21112E-03 0.41333E-04 0.24249E-03
   11756  0.38589E-03-0.14688E-03-0.53140E-04 0.19866E-03-0.40945E-04-0.23163E-03
   11756 -0.44067E-03 0.19097E-03 0.10302E-04-0.23569E-03 0.41940E-04 0.24178E-03
   11757  0.42189E-03-0.16432E-03-0.49544E-04 0.22083E-03-0.39032E-04-0.21981E-03
   11757 -0.47751E-03 0.20825E-03 0.78318E-05-0.25840E-03 0.42019E-04 0.24033E-03
   11758  0.45786E-03-0.18174E-03-0.45982E-04 0.24300E-03-0.37033E-04-0.20785E-03
   11758 -0.51423E-03 0.22540E-03 0.55117E-05-0.28101E-03 0.41934E-04 0.23818E-03
   11759  0.49352E-03-0.19890E-03-0.42342E-04 0.26649E-03-0.35163E-04-0.19574E-03
   11759 -0.55049E-03 0.24207E-03 0.34292E-05-0.30498E-03 0.41935E-04 0.23534E-03
   11760  0.52836E-03-0.21555E-03-0.38647E-04 0.29143E-03-0.33406E-04-0.18346E-03
   11760 -0.58601E-03 0.25809E-03 0.16045E-05-0.33059E-03 0.42048E-04 0.23191E-03
   11761  0.56245E-03-0.23185E-03-0.34867E-04 0.31642E-03-0.31573E-04-0.17108E-03
   11761 -0.62099E-03 0.27368E-03 0.80759E-07-0.35629E-03 0.42048E-04 0.22796E-03
   11762  0.59648E-03-0.24826E-03-0.31050E-04 0.34004E-03-0.29530E-04-0.15873E-03
   11762 -0.65587E-03 0.28928E-03-0.12450E-05-0.38033E-03 0.41716E-04 0.22355E-03
   11763  0.63063E-03-0.26481E-03-0.27245E-04 0.36292E-03-0.27385E-04-0.14646E-03
   11763 -0.69076E-03 0.30493E-03-0.24433E-05-0.40342E-03 0.41156E-04 0.21869E-03
   11764  0.66434E-03-0.28095E-03-0.23512E-04 0.38722E-03-0.25327E-04-0.13423E-03
   11764 -0.72530E-03 0.32018E-03-0.35397E-05-0.42812E-03 0.40655E-04 0.21336E-03
   11765  0.69694E-03-0.29625E-03-0.19794E-04 0.41415E-03-0.23412E-04-0.12201E-03
   11765 -0.75890E-03 0.33456E-03-0.44577E-05-0.45583E-03 0.40338E-04 0.20758E-03
   11766  0.72847E-03-0.31086E-03-0.16104E-04 0.44242E-03-0.21527E-04-0.10991E-03
   11766 -0.79134E-03 0.34814E-03-0.52399E-05-0.48492E-03 0.40034E-04 0.20140E-03
   11767  0.75943E-03-0.32517E-03-0.12432E-04 0.47045E-03-0.19584E-04-0.98032E-04
   11767 -0.82275E-03 0.36119E-03-0.59126E-05-0.51343E-03 0.39566E-04 0.19488E-03
   11768  0.79004E-03-0.33932E-03-0.88465E-05 0.49791E-03-0.17587E-04-0.86418E-04
   11768 -0.85336E-03 0.37390E-03-0.65256E-05-0.54097E-03 0.38910E-04 0.18804E-03
   11769  0.82030E-03-0.35329E-03-0.53452E-05 0.52487E-03-0.15559E-04-0.75077E-04
   11769 -0.88343E-03 0.38636E-03-0.70546E-05-0.56783E-03 0.38094E-04 0.18092E-03
   11770  0.84996E-03-0.36684E-03-0.19613E-05 0.55234E-03-0.13547E-04-0.64041E-04
   11770 -0.91286E-03 0.39840E-03-0.75154E-05-0.59517E-03 0.37202E-04 0.17353E-03
   11771  0.87879E-03-0.37979E-03 0.13618E-05 0.58106E-03-0.11579E-04-0.53371E-04
   11771 -0.94140E-03 0.40978E-03-0.78559E-05-0.62378E-03 0.36287E-04 0.16590E-03
   11772  0.90656E-03-0.39203E-03 0.46115E-05 0.61082E-03-0.96471E-05-0.43096E-04
   11772 -0.96902E-03 0.42048E-03-0.80857E-05-0.65358E-03 0.35330E-04 0.15804E-03
   11773  0.93316E-03-0.40352E-03 0.77360E-05 0.64118E-03-0.77402E-05-0.33233E-04
   11773 -0.99579E-03 0.43059E-03-0.82323E-05-0.68422E-03 0.34303E-04 0.14998E-03
   11774  0.95915E-03-0.41472E-03 0.10749E-04 0.67072E-03-0.58568E-05-0.23855E-04
   11774 -0.10220E-02 0.44047E-03-0.82858E-05-0.71403E-03 0.33123E-04 0.14178E-03
   11775  0.98523E-03-0.42611E-03 0.13623E-04 0.69843E-03-0.40217E-05-0.15043E-04
   11775 -0.10481E-02 0.45046E-03-0.82744E-05-0.74165E-03 0.31747E-04 0.13349E-03
   11776  0.10111E-02-0.43738E-03 0.16451E-04 0.72594E-03-0.22793E-05-0.68694E-05
   11776 -0.10738E-02 0.46022E-03-0.81149E-05-0.76886E-03 0.30279E-04 0.12514E-03
   11777  0.10357E-02-0.44753E-03 0.19161E-04 0.75648E-03-0.64380E-06 0.64019E-06
   11777 -0.10982E-02 0.46887E-03-0.78402E-05-0.79937E-03 0.28867E-04 0.11674E-03
   11778  0.10580E-02-0.45589E-03 0.21728E-04 0.79150E-03 0.89365E-06 0.74396E-05
   11778 -0.11205E-02 0.47577E-03-0.75074E-05-0.83466E-03 0.27554E-04 0.10833E-03
   11779  0.10787E-02-0.46300E-03 0.24114E-04 0.82862E-03 0.23317E-05 0.13482E-04
   11779 -0.11407E-02 0.48126E-03-0.71756E-05-0.87183E-03 0.26234E-04 0.99988E-04
   11780  0.10984E-02-0.46957E-03 0.26432E-04 0.86483E-03 0.36530E-05 0.18767E-04
   11780 -0.11596E-02 0.48615E-03-0.67353E-05-0.90785E-03 0.24816E-04 0.91803E-04
   11781  0.11166E-02-0.47537E-03 0.28540E-04 0.90031E-03 0.48574E-05 0.23343E-04
   11781 -0.11775E-02 0.49050E-03-0.63058E-05-0.94339E-03 0.23329E-04 0.83798E-04
   11782  0.11322E-02-0.47917E-03 0.30638E-04 0.93944E-03 0.59609E-05 0.27172E-04
   11782 -0.11928E-02 0.49283E-03-0.57373E-05-0.98285E-03 0.21907E-04 0.76045E-04
   11783  0.11433E-02-0.47932E-03 0.32557E-04 0.98641E-03 0.70179E-05 0.30290E-04
   11783 -0.12033E-02 0.49139E-03-0.51936E-05-0.10304E-02 0.20636E-04 0.68565E-04
   11784  0.11493E-02-0.47560E-03 0.34158E-04 0.10390E-02 0.80689E-05 0.32863E-04
   11784 -0.12086E-02 0.48626E-03-0.49006E-05-0.10839E-02 0.19431E-04 0.61348E-04
   11785  0.11523E-02-0.47013E-03 0.35246E-04 0.10892E-02 0.90981E-05 0.35121E-04
   11785 -0.12110E-02 0.47978E-03-0.50178E-05-0.11352E-02 0.18111E-04 0.54376E-04
   11786  0.11553E-02-0.46575E-03 0.36047E-04 0.11303E-02 0.10050E-04 0.37210E-04
   11786 -0.12132E-02 0.47461E-03-0.53071E-05-0.11769E-02 0.16575E-04 0.47673E-04
   11787  0.11599E-02-0.46356E-03 0.36613E-04 0.11611E-02 0.10928E-04 0.39270E-04
   11787 -0.12170E-02 0.47187E-03-0.56797E-05-0.12080E-02 0.14846E-04 0.41204E-04
   11788  0.11657E-02-0.46308E-03 0.37032E-04 0.11849E-02 0.11759E-04 0.41335E-04
   11788 -0.12222E-02 0.47102E-03-0.60693E-05-0.12319E-02 0.13021E-04 0.34975E-04
   11789  0.11717E-02-0.46309E-03 0.37571E-04 0.12063E-02 0.12568E-04 0.43338E-04
   11789 -0.12276E-02 0.47054E-03-0.61731E-05-0.12532E-02 0.11204E-04 0.29044E-04
   11790  0.11762E-02-0.46190E-03 0.37999E-04 0.12296E-02 0.13400E-04 0.45224E-04
   11790 -0.12317E-02 0.46890E-03-0.62195E-05-0.12766E-02 0.94583E-05 0.23437E-04
   11791  0.11785E-02-0.45882E-03 0.38253E-04 0.12562E-02 0.14263E-04 0.46941E-04
   11791 -0.12336E-02 0.46538E-03-0.62738E-05-0.13035E-02 0.77986E-05 0.18195E-04
   11792  0.11799E-02-0.45506E-03 0.38341E-04 0.12827E-02 0.15103E-04 0.48472E-04
   11792 -0.12340E-02 0.46112E-03-0.63396E-05-0.13301E-02 0.62047E-05 0.13337E-04
   11793  0.11823E-02-0.45267E-03 0.38233E-04 0.13039E-02 0.15837E-04 0.49842E-04
   11793 -0.12357E-02 0.45842E-03-0.64509E-05-0.13512E-02 0.46576E-05 0.88448E-05
   11794  0.11864E-02-0.45213E-03 0.38053E-04 0.13194E-02 0.16424E-04 0.50995E-04
   11794 -0.12393E-02 0.45775E-03-0.64853E-05-0.13667E-02 0.31910E-05 0.47477E-05
   11795  0.11897E-02-0.45096E-03 0.37961E-04 0.13364E-02 0.16919E-04 0.51782E-04
   11795 -0.12420E-02 0.45623E-03-0.63020E-05-0.13833E-02 0.18659E-05 0.11368E-05
   11796  0.11887E-02-0.44556E-03 0.37836E-04 0.13627E-02 0.17426E-04 0.52089E-04
   11796 -0.12398E-02 0.45019E-03-0.60486E-05-0.14093E-02 0.69668E-06-0.19414E-05
   11797  0.11821E-02-0.43532E-03 0.37449E-04 0.13971E-02 0.17951E-04 0.51945E-04
   11797 -0.12322E-02 0.43945E-03-0.59749E-05-0.14440E-02-0.36181E-06-0.45619E-05
   11798  0.11744E-02-0.42468E-03 0.36536E-04 0.14280E-02 0.18350E-04 0.51516E-04
   11798 -0.12236E-02 0.42878E-03-0.63623E-05-0.14756E-02-0.13503E-05-0.68659E-05
   11799  0.11710E-02-0.41872E-03 0.35471E-04 0.14463E-02 0.18474E-04 0.50923E-04
   11799 -0.12188E-02 0.42286E-03-0.68424E-05-0.14936E-02-0.22549E-05-0.89242E-05
   11800  0.11715E-02-0.41686E-03 0.34639E-04 0.14552E-02 0.18351E-04 0.50131E-04
   11800 -0.12180E-02 0.42093E-03-0.70067E-05-0.15016E-02-0.30548E-05-0.10733E-04
   11801  0.11704E-02-0.41373E-03 0.33824E-04 0.14659E-02 0.18128E-04 0.48983E-04
   11801 -0.12163E-02 0.41791E-03-0.70739E-05-0.15123E-02-0.37492E-05-0.12219E-04
   11802  0.11642E-02-0.40586E-03 0.33122E-04 0.14857E-02 0.17870E-04 0.47340E-04
   11802 -0.12094E-02 0.40989E-03-0.69619E-05-0.15324E-02-0.43261E-05-0.13267E-04
   11803  0.11545E-02-0.39495E-03 0.32417E-04 0.15104E-02 0.17496E-04 0.45221E-04
   11803 -0.11983E-02 0.39853E-03-0.68263E-05-0.15565E-02-0.47717E-05-0.13887E-04
   11804  0.11453E-02-0.38517E-03 0.31485E-04 0.15296E-02 0.16879E-04 0.42736E-04
   11804 -0.11880E-02 0.38862E-03-0.68913E-05-0.15757E-02-0.50763E-05-0.14190E-04
   11805  0.11381E-02-0.37810E-03 0.30613E-04 0.15412E-02 0.15988E-04 0.39914E-04
   11805 -0.11804E-02 0.38164E-03-0.68802E-05-0.15877E-02-0.52194E-05-0.14181E-04
   11806  0.11301E-02-0.37066E-03 0.30090E-04 0.15527E-02 0.14904E-04 0.36696E-04
   11806 -0.11717E-02 0.37393E-03-0.65368E-05-0.15992E-02-0.51942E-05-0.13775E-04
   11807  0.11165E-02-0.35828E-03 0.29685E-04 0.15717E-02 0.13712E-04 0.33052E-04
   11807 -0.11574E-02 0.36107E-03-0.61232E-05-0.16183E-02-0.50165E-05-0.12931E-04
   11808  0.10959E-02-0.33990E-03 0.29227E-04 0.15978E-02 0.12421E-04 0.29069E-04
   11808 -0.11362E-02 0.34224E-03-0.58294E-05-0.16453E-02-0.46978E-05-0.11708E-04
   11809  0.10713E-02-0.31882E-03 0.28634E-04 0.16235E-02 0.10996E-04 0.24941E-04
   11809 -0.11110E-02 0.32081E-03-0.57662E-05-0.16723E-02-0.42543E-05-0.10262E-04
   11810  0.10468E-02-0.29907E-03 0.27992E-04 0.16421E-02 0.94513E-05 0.20884E-04
   11810 -0.10860E-02 0.30080E-03-0.58559E-05-0.16920E-02-0.37311E-05-0.87739E-05
   11811  0.10244E-02-0.28246E-03 0.27298E-04 0.16514E-02 0.78624E-05 0.17057E-04
   11811 -0.10632E-02 0.28414E-03-0.60567E-05-0.17025E-02-0.31906E-05-0.73836E-05
   11812  0.10040E-02-0.26871E-03 0.26686E-04 0.16531E-02 0.63147E-05 0.13553E-04
   11812 -0.10426E-02 0.27043E-03-0.62390E-05-0.17056E-02-0.26798E-05-0.61537E-05
   11813  0.98351E-03-0.25591E-03 0.26380E-04 0.16511E-02 0.48772E-05 0.10415E-04
   11813 -0.10225E-02 0.25755E-03-0.61328E-05-0.17053E-02-0.22220E-05-0.50900E-05
   11814  0.96085E-03-0.24166E-03 0.26006E-04 0.16485E-02 0.35933E-05 0.76703E-05
   11814 -0.10005E-02 0.24330E-03-0.60703E-05-0.17051E-02-0.18254E-05-0.41810E-05
   11815  0.93536E-03-0.22520E-03 0.25545E-04 0.16468E-02 0.24929E-05 0.53627E-05
   11815 -0.97513E-03 0.22667E-03-0.60373E-05-0.17053E-02-0.15079E-05-0.34533E-05
   11816  0.90876E-03-0.20831E-03 0.25119E-04 0.16432E-02 0.16086E-05 0.35568E-05
   11816 -0.94812E-03 0.20942E-03-0.59035E-05-0.17027E-02-0.13098E-05-0.29848E-05
   11817  0.88488E-03-0.19488E-03 0.24313E-04 0.16317E-02 0.97566E-06 0.23018E-05
   11817 -0.92415E-03 0.19604E-03-0.60396E-05-0.16928E-02-0.12789E-05-0.28628E-05
   11818  0.86650E-03-0.18747E-03 0.23519E-04 0.16106E-02 0.60822E-06 0.15866E-05
   11818 -0.90629E-03 0.18891E-03-0.59960E-05-0.16736E-02-0.14310E-05-0.31087E-05
   11819  0.85238E-03-0.18430E-03 0.22907E-04 0.15843E-02 0.48553E-06 0.13400E-05
   11819 -0.89277E-03 0.18594E-03-0.55817E-05-0.16485E-02-0.17384E-05-0.36586E-05
   11820  0.83833E-03-0.18100E-03 0.22269E-04 0.15587E-02 0.55182E-06 0.14418E-05
   11820 -0.87937E-03 0.18276E-03-0.49405E-05-0.16241E-02-0.21450E-05-0.43885E-05
   11821  0.82104E-03-0.17446E-03 0.21610E-04 0.15372E-02 0.74972E-06 0.17759E-05
   11821 -0.86275E-03 0.17617E-03-0.40985E-05-0.16043E-02-0.26005E-05-0.51801E-05
   11822  0.80004E-03-0.16439E-03 0.20806E-04 0.15194E-02 0.10402E-05 0.22609E-05
   11822 -0.84210E-03 0.16589E-03-0.32008E-05-0.15880E-02-0.30762E-05-0.59656E-05
   11823  0.77658E-03-0.15227E-03 0.19742E-04 0.15024E-02 0.14001E-05 0.28487E-05
   11823 -0.81869E-03 0.15352E-03-0.23459E-05-0.15725E-02-0.35609E-05-0.67263E-05
   11824  0.75261E-03-0.14010E-03 0.18327E-04 0.14831E-02 0.18135E-05 0.35113E-05
   11824 -0.79454E-03 0.14125E-03-0.16619E-05-0.15547E-02-0.40470E-05-0.74648E-05
   11825  0.72986E-03-0.12967E-03 0.16712E-04 0.14598E-02 0.22550E-05 0.42130E-05
   11825 -0.77142E-03 0.13084E-03-0.10560E-05-0.15324E-02-0.45089E-05-0.81585E-05
   11826  0.70876E-03-0.12137E-03 0.14995E-04 0.14324E-02 0.27028E-05 0.49232E-05
   11826 -0.75003E-03 0.12271E-03-0.49383E-06-0.15059E-02-0.49094E-05-0.87560E-05
   11827  0.68776E-03-0.11349E-03 0.12995E-04 0.14029E-02 0.31338E-05 0.55943E-05
   11827 -0.72867E-03 0.11521E-03-0.17334E-06-0.14776E-02-0.51971E-05-0.91533E-05
   11828  0.66451E-03-0.10374E-03 0.11016E-04 0.13745E-02 0.35329E-05 0.61782E-05
   11828 -0.70441E-03 0.10565E-03 0.56085E-07-0.14493E-02-0.53182E-05-0.92271E-05
   11829  0.63766E-03-0.91005E-04 0.89417E-05 0.13474E-02 0.38749E-05 0.66223E-05
   11829 -0.67571E-03 0.92983E-04 0.20217E-07-0.14214E-02-0.52111E-05-0.88718E-05
   11830  0.60715E-03-0.75755E-04 0.67699E-05 0.13193E-02 0.41312E-05 0.68793E-05
   11830 -0.64294E-03 0.77785E-04-0.37462E-06-0.13924E-02-0.48232E-05-0.80269E-05
   11831  0.57409E-03-0.59568E-04 0.48286E-05 0.12879E-02 0.42624E-05 0.69056E-05
   11831 -0.60747E-03 0.61550E-04-0.90410E-06-0.13598E-02-0.41125E-05-0.66763E-05
   11832  0.54035E-03-0.44337E-04 0.31147E-05 0.12511E-02 0.42210E-05 0.66666E-05
   11832 -0.57125E-03 0.46295E-04-0.16231E-05-0.13214E-02-0.30686E-05-0.48671E-05
   11833  0.50764E-03-0.31614E-04 0.18382E-05 0.12085E-02 0.39732E-05 0.61419E-05
   11833 -0.53611E-03 0.33504E-04-0.22855E-05-0.12765E-02-0.17397E-05-0.27083E-05
   11834  0.47735E-03-0.21905E-04 0.99558E-06 0.11621E-02 0.34872E-05 0.53011E-05
   11834 -0.50325E-03 0.23617E-04-0.26074E-05-0.12263E-02-0.21838E-06-0.34491E-06
   11835  0.27125E-03-0.10207E-04 0.11437E-05 0.66915E-03 0.24781E-05 0.37220E-05
   11835 -0.47310E-03 0.15683E-04-0.11637E-05-0.11728E-02 0.95901E-06 0.14359E-05
   11836 -0.17187E-03 0.27279E-05 0.12737E-05-0.43293E-03 0.12764E-05 0.19010E-05
   11836 -0.46070E-03 0.10290E-04 0.10485E-05-0.11549E-02 0.11184E-05 0.16651E-05
   11837 -0.52880E-03 0.88715E-05 0.22297E-05-0.13336E-02 0.58960E-06 0.87410E-06
   11837 -0.52781E-03 0.88910E-05 0.22855E-05-0.13309E-02 0.65695E-06 0.97389E-06
   11838 -0.68950E-03 0.12427E-04 0.20147E-05-0.17377E-02 0.25645E-06 0.37978E-06
   11838 -0.67146E-03 0.12174E-04 0.18747E-05-0.16921E-02 0.26068E-06 0.38603E-06
   11839 -0.78836E-03 0.20357E-04 0.88483E-06-0.19686E-02-0.48289E-07-0.73116E-07
   11839 -0.79227E-03 0.20540E-04 0.61243E-06-0.19786E-02-0.53711E-07-0.81227E-07
   11840 -0.80954E-03 0.28920E-04 0.44978E-06-0.19950E-02-0.42827E-06-0.64609E-06
   11840 -0.81089E-03 0.28790E-04 0.96763E-06-0.19979E-02-0.46135E-06-0.69598E-06
   11841 -0.61815E-03 0.24280E-04 0.23545E-05-0.15119E-02-0.10983E-05-0.16594E-05
   11841 -0.67713E-03 0.26653E-04 0.22943E-05-0.16565E-02-0.11435E-05-0.17277E-05
   11842 -0.19377E-03 0.79975E-05 0.52230E-06-0.47304E-03-0.24923E-05-0.37320E-05
   11842 -0.37605E-03 0.13514E-04 0.43628E-06-0.92599E-03-0.21059E-05-0.31541E-05
   11843  0.93166E-04-0.13922E-05 0.21054E-06 0.23668E-03-0.38494E-05-0.56945E-05
   11843 -0.16144E-03 0.28899E-05 0.23700E-06-0.40737E-03-0.25028E-05-0.37053E-05
   11844  0.12431E-03-0.11149E-05 0.81094E-06 0.31933E-03-0.44940E-05-0.65913E-05
   11844 -0.13589E-03 0.66882E-06 0.82045E-06-0.34768E-03-0.20999E-05-0.30829E-05
   11845  0.12250E-03-0.16957E-05 0.13618E-05 0.31374E-03-0.48575E-05-0.71444E-05
   11845 -0.13457E-03 0.98914E-06 0.12109E-05-0.34245E-03-0.15535E-05-0.22881E-05
   11846  0.12192E-03-0.32689E-05 0.17893E-05 0.30773E-03-0.50487E-05-0.74993E-05
   11846 -0.13438E-03 0.24796E-05 0.14680E-05-0.33642E-03-0.10046E-05-0.14975E-05
   11847  0.12091E-03-0.41425E-05 0.21947E-05 0.30291E-03-0.51512E-05-0.76916E-05
   11847 -0.13362E-03 0.32281E-05 0.16816E-05-0.33149E-03-0.47259E-06-0.71468E-06
   11848  0.11811E-03-0.31602E-05 0.25433E-05 0.29966E-03-0.52304E-05-0.77487E-05
   11848 -0.13077E-03 0.19805E-05 0.18425E-05-0.32805E-03 0.27135E-07 0.27340E-07
   11849  0.11333E-03-0.51668E-06 0.28340E-05 0.29676E-03-0.53038E-05-0.77023E-05
   11849 -0.12575E-03-0.10514E-05 0.19527E-05-0.32505E-03 0.48639E-06 0.69090E-06
   11850  0.10726E-03 0.28802E-05 0.30393E-05 0.29275E-03-0.53528E-05-0.75754E-05
   11850 -0.11932E-03-0.48673E-05 0.20095E-05-0.32102E-03 0.88712E-06 0.12388E-05
   11851  0.10081E-03 0.60629E-05 0.32084E-05 0.28679E-03-0.53484E-05-0.73809E-05
   11851 -0.11249E-03-0.84502E-05 0.20775E-05-0.31496E-03 0.12034E-05 0.16439E-05
   11852  0.94713E-04 0.83790E-05 0.32916E-05 0.27865E-03-0.52727E-05-0.71326E-05
   11852 -0.10607E-03-0.11055E-04 0.21077E-05-0.30669E-03 0.14189E-05 0.19027E-05
   11853  0.89363E-04 0.95779E-05 0.33303E-05 0.26869E-03-0.51223E-05-0.68415E-05
   11853 -0.10049E-03-0.12432E-04 0.21443E-05-0.29654E-03 0.15278E-05 0.20237E-05
   11854  0.84799E-04 0.98000E-05 0.33427E-05 0.25757E-03-0.49060E-05-0.65138E-05
   11854 -0.95774E-04-0.12733E-04 0.21865E-05-0.28519E-03 0.15357E-05 0.20215E-05
   11855  0.80810E-04 0.94228E-05 0.33026E-05 0.24594E-03-0.46400E-05-0.61525E-05
   11855 -0.91697E-04-0.12357E-04 0.22253E-05-0.27333E-03 0.14566E-05 0.19131E-05
   11856  0.77077E-04 0.88269E-05 0.32593E-05 0.23427E-03-0.43415E-05-0.57598E-05
   11856 -0.87909E-04-0.11745E-04 0.22910E-05-0.26143E-03 0.13053E-05 0.17123E-05
   11857  0.73342E-04 0.82915E-05 0.31868E-05 0.22273E-03-0.40251E-05-0.53412E-05
   11857 -0.84119E-04-0.11190E-04 0.23543E-05-0.24970E-03 0.10965E-05 0.14344E-05
   11858  0.69491E-04 0.79006E-05 0.30943E-05 0.21132E-03-0.36990E-05-0.49032E-05
   11858 -0.80207E-04-0.10792E-04 0.24189E-05-0.23816E-03 0.84017E-06 0.10916E-05
   11859  0.65560E-04 0.75981E-05 0.29920E-05 0.19995E-03-0.33663E-05-0.44530E-05
   11859 -0.76194E-04-0.10492E-04 0.24874E-05-0.22666E-03 0.54202E-06 0.69313E-06
   11860  0.61707E-04 0.72207E-05 0.28713E-05 0.18853E-03-0.30276E-05-0.39993E-05
   11860 -0.72262E-04-0.10100E-04 0.25492E-05-0.21508E-03 0.20789E-06 0.24854E-06
   11861  0.58069E-04 0.66612E-05 0.27340E-05 0.17704E-03-0.26853E-05-0.35495E-05
   11861 -0.68580E-04-0.94942E-05 0.26106E-05-0.20348E-03-0.15552E-06-0.23447E-06
   11862  0.54529E-04 0.60609E-05 0.25934E-05 0.16568E-03-0.23449E-05-0.31038E-05
   11862 -0.64998E-04-0.88331E-05 0.26581E-05-0.19199E-03-0.54408E-06-0.75239E-06
   11863  0.50785E-04 0.56934E-05 0.24529E-05 0.15453E-03-0.20135E-05-0.26609E-05
   11863 -0.61172E-04-0.84416E-05 0.27098E-05-0.18071E-03-0.95529E-06-0.12984E-05
   11864  0.46538E-04 0.57554E-05 0.23000E-05 0.14341E-03-0.16956E-05-0.22227E-05
   11864 -0.56760E-04-0.85540E-05 0.27486E-05-0.16953E-03-0.13871E-05-0.18585E-05
   11865  0.41613E-04 0.62259E-05 0.21508E-05 0.13181E-03-0.13896E-05-0.17916E-05
   11865 -0.51570E-04-0.91825E-05 0.27968E-05-0.15792E-03-0.18378E-05-0.24148E-05
   11866  0.36048E-04 0.68471E-05 0.20291E-05 0.11901E-03-0.10870E-05-0.13681E-05
   11866 -0.45656E-04-0.10062E-04 0.28506E-05-0.14515E-03-0.23028E-05-0.29506E-05
   11867  0.30092E-04 0.72421E-05 0.19217E-05 0.10446E-03-0.78045E-06-0.95460E-06
   11867 -0.39312E-04-0.10764E-04 0.29018E-05-0.13063E-03-0.27670E-05-0.34483E-05
   11868  0.24102E-04 0.70445E-05 0.18477E-05 0.88008E-04-0.46011E-06-0.54591E-06
   11868 -0.32970E-04-0.10872E-04 0.29856E-05-0.11416E-03-0.32113E-05-0.39010E-05
   11869  0.18362E-04 0.60832E-05 0.17887E-05 0.69890E-04-0.12302E-06-0.13752E-06
   11869 -0.26972E-04-0.10132E-04 0.30706E-05-0.95981E-04-0.36101E-05-0.43055E-05
   11870  0.12915E-04 0.44851E-05 0.17405E-05 0.50643E-04 0.22591E-06 0.27308E-06
   11870 -0.21391E-04-0.86442E-05 0.31604E-05-0.76636E-04-0.39393E-05-0.46547E-05
   11871  0.76536E-05 0.25739E-05 0.16986E-05 0.30961E-04 0.58517E-06 0.69334E-06
   11871 -0.16069E-04-0.67486E-05 0.32293E-05-0.56792E-04-0.41912E-05-0.49402E-05
   11872  0.24634E-05 0.60946E-06 0.16339E-05 0.11267E-04 0.95213E-06 0.11247E-05
   11872 -0.10832E-04-0.47420E-05 0.32812E-05-0.36873E-04-0.43650E-05-0.51490E-05
   11873 -0.27104E-05-0.13087E-05 0.15470E-05-0.82848E-05 0.13221E-05 0.15624E-05
   11873 -0.55897E-05-0.27460E-05 0.33031E-05-0.17023E-04-0.44569E-05-0.52671E-05
   11874 -0.78862E-05-0.31459E-05 0.14372E-05-0.27642E-04 0.16905E-05 0.20022E-05
   11874 -0.30904E-06-0.79228E-06 0.32834E-05 0.27255E-05-0.44603E-05-0.52854E-05
   11875 -0.13063E-04-0.48794E-05 0.12947E-05-0.46751E-04 0.20512E-05 0.24375E-05
   11875  0.50189E-05 0.10992E-05 0.32213E-05 0.22337E-04-0.43679E-05-0.51938E-05
   11876 -0.18182E-04-0.65533E-05 0.11104E-05-0.65605E-04 0.23979E-05 0.28557E-05
   11876  0.10380E-04 0.29619E-05 0.30964E-05 0.41837E-04-0.41750E-05-0.49756E-05
   11877 -0.23109E-04-0.83899E-05 0.89547E-06-0.84493E-04 0.27261E-05 0.32373E-05
   11877  0.15686E-04 0.49738E-05 0.29197E-05 0.61544E-04-0.38794E-05-0.46111E-05
   11878 -0.27654E-04-0.10760E-04 0.68014E-06-0.10396E-03 0.30334E-05 0.35617E-05
   11878  0.20787E-04 0.74811E-05 0.26469E-05 0.82012E-04-0.34774E-05-0.40881E-05
   11879 -0.31590E-04-0.14014E-04 0.44511E-06-0.12443E-03 0.33229E-05 0.38211E-05
   11879  0.25458E-04 0.10835E-04 0.23328E-05 0.10375E-03-0.29681E-05-0.34187E-05
   11880 -0.34838E-04-0.18395E-04 0.25039E-06-0.14624E-03 0.35947E-05 0.40178E-05
   11880  0.29570E-04 0.15314E-04 0.19479E-05 0.12711E-03-0.23530E-05-0.26354E-05
   11881 -0.37610E-04-0.23806E-04 0.52675E-07-0.16964E-03 0.38440E-05 0.41659E-05
   11881  0.33291E-04 0.20924E-04 0.14614E-05 0.15242E-03-0.16411E-05-0.17822E-05
   11882 -0.40483E-04-0.29623E-04-0.61834E-07-0.19421E-03 0.40726E-05 0.43029E-05
   11882  0.37111E-04 0.27104E-04 0.90434E-06 0.17940E-03-0.86876E-06-0.91830E-06
   11883 -0.44187E-04-0.34811E-04-0.21667E-06-0.21926E-03 0.42825E-05 0.44655E-05
   11883  0.41743E-04 0.32887E-04 0.27122E-06 0.20725E-03-0.85249E-07-0.85947E-07
   11884 -0.49179E-04-0.38645E-04-0.43620E-06-0.24410E-03 0.44683E-05 0.46614E-05
   11884  0.47690E-04 0.37527E-04-0.42941E-06 0.23534E-03 0.66332E-06 0.69697E-06
   11885 -0.55205E-04-0.41265E-04-0.64336E-06-0.26831E-03 0.46227E-05 0.48657E-05
   11885  0.54797E-04 0.41094E-04-0.11728E-05 0.26349E-03 0.13432E-05 0.14189E-05
   11886 -0.61226E-04-0.43624E-04-0.90456E-06-0.29184E-03 0.47252E-05 0.50162E-05
   11886  0.62085E-04 0.44486E-04-0.18809E-05 0.29167E-03 0.19533E-05 0.20773E-05
   11887 -0.66229E-04-0.46651E-04-0.11786E-05-0.31452E-03 0.47401E-05 0.50428E-05
   11887  0.68534E-04 0.48632E-04-0.25612E-05 0.31977E-03 0.25108E-05 0.26734E-05
   11888 -0.69886E-04-0.50634E-04-0.14326E-05-0.33621E-03 0.46440E-05 0.49172E-05
   11888  0.73765E-04 0.53858E-04-0.30952E-05 0.34786E-03 0.30002E-05 0.31777E-05
   11889 -0.72098E-04-0.55458E-04-0.16240E-05-0.35622E-03 0.44593E-05 0.46731E-05
   11889  0.77631E-04 0.60103E-04-0.32460E-05 0.37579E-03 0.33605E-05 0.35219E-05
   11890 -0.10978E-03-0.94020E-04-0.30117E-05-0.57029E-03 0.40275E-05 0.41569E-05
   11890  0.12073E-04 0.74256E-05-0.44929E-05 0.45983E-04 0.34517E-05 0.35618E-05
   11891 -0.42573E-03-0.42891E-03 0.60946E-05-0.23592E-02 0.24394E-05 0.24754E-05
   11891 -0.39255E-03-0.40131E-03 0.52582E-05-0.21921E-02 0.23602E-05 0.23935E-05
   11892 -0.71979E-03-0.82637E-03 0.53248E-06-0.42849E-02 0.63306E-06 0.62820E-06
   11892 -0.75832E-03-0.87203E-03-0.51355E-06-0.45201E-02 0.71385E-06 0.70776E-06
   11893 -0.63444E-03-0.87059E-03 0.83608E-06-0.41649E-02-0.53058E-08-0.29321E-08
   11893 -0.66675E-03-0.91281E-03 0.15367E-05-0.43701E-02 0.15260E-07 0.16586E-07
   11894 -0.41136E-03-0.66716E-03 0.18311E-05-0.29765E-02-0.22657E-07-0.22046E-07
   11894 -0.41170E-03-0.66637E-03 0.13899E-05-0.29761E-02-0.24589E-07-0.23449E-07
   11895 -0.20696E-03-0.37626E-03-0.10097E-05-0.16103E-02 0.25162E-06 0.22529E-06
   11895 -0.20408E-03-0.37155E-03-0.13510E-05-0.15899E-02 0.14518E-06 0.12983E-06
   11896 -0.74090E-04-0.14192E-03-0.49194E-05-0.60396E-03 0.53536E-06 0.47890E-06
   11896 -0.91717E-04-0.17497E-03-0.42126E-05-0.74238E-03 0.77361E-06 0.69222E-06
   11897 -0.93079E-04-0.17065E-03-0.35344E-05-0.73353E-03 0.12467E-05 0.11215E-05
   11897  0.36494E-04 0.62118E-04-0.72578E-05 0.25935E-03 0.20115E-05 0.18077E-05
   11898 -0.27986E-03-0.48187E-03 0.94515E-05-0.20859E-02 0.41813E-05 0.37966E-05
   11898  0.25983E-03 0.44490E-03-0.14854E-04 0.19191E-02 0.32041E-05 0.29068E-05
   11899 -0.46335E-03-0.77623E-03 0.22108E-04-0.33839E-02 0.86674E-05 0.79170E-05
   11899  0.44886E-03 0.75406E-03-0.11688E-04 0.33011E-02 0.16115E-05 0.14545E-05
   11900 -0.55128E-03-0.96187E-03 0.23311E-04-0.41345E-02 0.11622E-04 0.10587E-04
   11900  0.53854E-03 0.94242E-03-0.11674E-04 0.40662E-02-0.18607E-05-0.17379E-05
   11901 -0.58008E-03-0.11566E-02 0.20822E-04-0.47438E-02 0.12758E-04 0.11447E-04
   11901  0.56981E-03 0.11391E-02-0.11641E-04 0.46836E-02-0.44147E-05-0.40381E-05
   11902 -0.57061E-03-0.13863E-02 0.18213E-04-0.53319E-02 0.12907E-04 0.11319E-04
   11902  0.56226E-03 0.13697E-02-0.10358E-04 0.52772E-02-0.61718E-05-0.55176E-05
   11903 -0.56428E-03-0.16119E-02 0.13857E-04-0.59181E-02 0.12663E-04 0.10992E-04
   11903  0.55829E-03 0.15969E-02-0.10132E-04 0.58675E-02-0.75030E-05-0.66560E-05
   11904 -0.61579E-03-0.17816E-02 0.10884E-04-0.65258E-02 0.11327E-04 0.10019E-04
   11904  0.61085E-03 0.17683E-02-0.91302E-05 0.64789E-02-0.76189E-05-0.69150E-05
   11905 -0.74850E-03-0.18697E-02 0.81010E-05-0.71581E-02 0.87452E-05 0.81717E-05
   11905  0.74406E-03 0.18582E-02-0.86063E-05 0.71138E-02-0.62451E-05-0.60363E-05
   11906 -0.93725E-03-0.19005E-02 0.60507E-05-0.77984E-02 0.58296E-05 0.60121E-05
   11906  0.93250E-03 0.18903E-02-0.73974E-05 0.77551E-02-0.42833E-05-0.46468E-05
   11907 -0.11187E-02-0.19363E-02 0.41804E-05-0.84247E-02 0.22444E-05 0.30448E-05
   11907  0.11142E-02 0.19278E-02-0.66380E-05 0.83843E-02-0.16408E-05-0.24954E-05
   11908 -0.12495E-02-0.20232E-02 0.40300E-05-0.90357E-02-0.21983E-05-0.91492E-06
   11908  0.12443E-02 0.20147E-02-0.43674E-05 0.89973E-02 0.16772E-05 0.44044E-06
   11909 -0.13376E-02-0.21541E-02 0.35619E-05-0.96423E-02-0.70131E-05-0.53310E-05
   11909  0.13324E-02 0.21455E-02-0.51687E-05 0.96014E-02 0.52281E-05 0.36967E-05
   11910 -0.14393E-02-0.22726E-02 0.59213E-05-0.10249E-01-0.11268E-04-0.93606E-05
   11910  0.14337E-02 0.22636E-02-0.63510E-05 0.10208E-01 0.83895E-05 0.67099E-05
   11911 -0.16086E-02-0.23224E-02 0.93535E-05-0.10861E-01-0.13043E-04-0.11330E-04
   11911  0.16025E-02 0.23138E-02-0.88727E-05 0.10821E-01 0.96183E-05 0.81259E-05
   11912 -0.18462E-02-0.23002E-02 0.13394E-04-0.11465E-01-0.10447E-04-0.93049E-05
   11912  0.18389E-02 0.22912E-02-0.12671E-04 0.11421E-01 0.74105E-05 0.63963E-05
   11913 -0.21053E-02-0.22498E-02 0.15524E-04-0.12048E-01-0.32073E-05-0.24858E-05
   11913  0.20970E-02 0.22409E-02-0.15487E-04 0.12001E-01 0.13065E-05 0.61973E-06
   11914 -0.17278E-02-0.17088E-02 0.80618E-05-0.95160E-02-0.12101E-04-0.11683E-04
   11914  0.16366E-02 0.16198E-02-0.90563E-05 0.90146E-02 0.11450E-04 0.11048E-04
   11915 -0.63422E-03-0.62572E-03-0.77357E-06-0.34952E-02-0.13032E-04-0.12792E-04
   11915  0.42622E-03 0.38303E-03-0.41596E-06 0.22442E-02 0.12699E-04 0.12487E-04
   11916 -0.42516E-04-0.68004E-04-0.57454E-06-0.30628E-03-0.33045E-06-0.29015E-06
   11916 -0.13996E-03-0.20907E-03-0.80004E-06-0.96638E-03-0.11409E-05-0.10379E-05
   11917 -0.14962E-04-0.24717E-04-0.46646E-06-0.11056E-03-0.17302E-05-0.14876E-05
   11917 -0.54146E-04-0.11598E-03-0.10822E-06-0.46776E-03-0.19725E-05-0.16819E-05
   11918  0.28621E-04 0.11696E-03 0.84832E-06 0.39543E-03-0.41958E-05-0.33904E-05
   11918 -0.18934E-04-0.65153E-04-0.14196E-05-0.23105E-03-0.35374E-05-0.28734E-05
   11919 -0.14658E-03-0.89392E-03 0.40741E-05-0.27798E-02-0.90181E-05-0.70188E-05
   11919  0.17714E-03 0.10456E-02-0.47792E-05 0.32690E-02-0.83419E-05-0.64818E-05
   11920 -0.56460E-03-0.29879E-02-0.72887E-05-0.95620E-02-0.16584E-04-0.12914E-04
   11920  0.57697E-03 0.30663E-02 0.11073E-04 0.98119E-02-0.13960E-04-0.10828E-04
   11921 -0.82725E-03-0.38459E-02-0.18456E-04-0.12636E-01-0.21961E-04-0.17432E-04
   11921  0.82512E-03 0.38454E-02 0.26584E-04 0.12643E-01-0.13776E-04-0.10772E-04
   11922 -0.86434E-03-0.36235E-02-0.16701E-04-0.12166E-01-0.23087E-04-0.18642E-04
   11922  0.86163E-03 0.36224E-02 0.26708E-04 0.12173E-01-0.10447E-04-0.81367E-05
   11923 -0.81504E-03-0.34974E-02-0.14901E-04-0.11681E-01-0.22700E-04-0.18423E-04
   11923  0.81245E-03 0.34961E-02 0.24327E-04 0.11687E-01-0.85274E-05-0.64480E-05
   11924 -0.67673E-03-0.34642E-02-0.12092E-04-0.11161E-01-0.21327E-04-0.17145E-04
   11924  0.67409E-03 0.34624E-02 0.21021E-04 0.11165E-01-0.74618E-05-0.53453E-05
   11925 -0.46259E-03-0.35100E-02-0.85251E-05-0.10600E-01-0.19416E-04-0.15212E-04
   11925  0.45965E-03 0.35075E-02 0.17925E-04 0.10601E-01-0.68429E-05-0.45752E-05
   11926 -0.19324E-03-0.36110E-02-0.48227E-05-0.99855E-02-0.16913E-04-0.12757E-04
   11926  0.19002E-03 0.36075E-02 0.14900E-04 0.99849E-02-0.67430E-05-0.41689E-05
   11927  0.11084E-03-0.37459E-02-0.20215E-05-0.93111E-02-0.14014E-04-0.10069E-04
   11927 -0.11435E-03 0.37412E-02 0.13144E-04 0.93084E-02-0.70047E-05-0.39990E-05
   11928  0.43090E-03-0.38974E-02 0.13320E-05-0.85725E-02-0.11103E-04-0.75071E-05
   11928 -0.43481E-03 0.38912E-02 0.11683E-04 0.85679E-02-0.73427E-05-0.38687E-05
   11929  0.74971E-03-0.40479E-02 0.42209E-05-0.77674E-02-0.81387E-05-0.51978E-05
   11929 -0.75379E-03 0.40398E-02 0.10595E-04 0.77610E-02-0.78784E-05-0.37600E-05
   11930  0.10509E-02-0.41820E-02 0.73952E-05-0.68993E-02-0.55570E-05-0.33606E-05
   11930 -0.10552E-02 0.41714E-02 0.10195E-04 0.68911E-02-0.82532E-05-0.35199E-05
   11931  0.13174E-02-0.42817E-02 0.99225E-05-0.59788E-02-0.31758E-05-0.19219E-05
   11931 -0.13214E-02 0.42688E-02 0.93144E-05 0.59695E-02-0.87471E-05-0.32636E-05
   11932  0.15344E-02-0.43317E-02 0.12141E-04-0.50244E-02-0.12987E-05-0.95455E-06
   11932 -0.15381E-02 0.43162E-02 0.93263E-05 0.50145E-02-0.91221E-05-0.29085E-05
   11933  0.16934E-02-0.43244E-02 0.13315E-04-0.40614E-02 0.53272E-07-0.34874E-06
   11933 -0.16965E-02 0.43060E-02 0.96751E-05 0.40512E-02-0.93802E-05-0.25078E-05
   11934  0.17893E-02-0.42548E-02 0.14140E-04-0.31166E-02 0.13469E-05 0.63696E-07
   11934 -0.17911E-02 0.42335E-02 0.96803E-05 0.31067E-02-0.10045E-04-0.21703E-05
   11935  0.18238E-02-0.41266E-02 0.14389E-04-0.22143E-02 0.27819E-05 0.51991E-07
   11935 -0.18241E-02 0.41022E-02 0.97155E-05 0.22055E-02-0.11204E-04-0.15581E-05
   11936  0.18009E-02-0.39451E-02 0.14799E-04-0.13789E-02 0.24497E-05 0.18323E-07
   11936 -0.17999E-02 0.39179E-02 0.97043E-05 0.13722E-02-0.10828E-04-0.99723E-06
   11937  0.17251E-02-0.37125E-02 0.15425E-04-0.63582E-03 0.23099E-05 0.26418E-06
   11937 -0.17226E-02 0.36827E-02 0.89289E-05 0.63224E-03-0.11044E-04-0.75602E-06
   11938  0.16076E-02-0.34399E-02 0.14297E-04-0.13146E-05 0.24719E-05 0.65789E-07
   11938 -0.16037E-02 0.34075E-02 0.97357E-05 0.15007E-05-0.11935E-04-0.44579E-07
   11939  0.14602E-02-0.31411E-02 0.13542E-04 0.51876E-03 0.18894E-05-0.48985E-07
   11939 -0.14550E-02 0.31067E-02 0.96618E-05-0.51409E-03-0.12242E-04 0.65657E-06
   11940  0.12951E-02-0.28287E-02 0.12412E-04 0.92103E-03 0.13104E-05-0.65746E-07
   11940 -0.12887E-02 0.27927E-02 0.94717E-05-0.91136E-03-0.12592E-04 0.13364E-05
   11941  0.11239E-02-0.25155E-02 0.11673E-04 0.12063E-02 0.40996E-06 0.43988E-07
   11941 -0.11168E-02 0.24780E-02 0.93264E-05-0.11913E-02-0.12525E-04 0.19359E-05
   11942  0.95717E-03-0.22107E-02 0.10811E-04 0.13768E-02-0.41965E-06 0.21262E-06
   11942 -0.94928E-03 0.21720E-02 0.87069E-05-0.13563E-02-0.12362E-04 0.24664E-05
   11943  0.80258E-03-0.19209E-02 0.98275E-05 0.14427E-02-0.13087E-05 0.45960E-06
   11943 -0.79437E-03 0.18812E-02 0.87770E-05-0.14172E-02-0.11892E-04 0.28384E-05
   11944  0.66399E-03-0.16506E-02 0.91719E-05 0.14259E-02-0.19935E-05 0.70939E-06
   11944 -0.65595E-03 0.16103E-02 0.91559E-05-0.13960E-02-0.11333E-04 0.30800E-05
   11945  0.54064E-03-0.13989E-02 0.84826E-05 0.13520E-02-0.26993E-05 0.10032E-05
   11945 -0.53262E-03 0.13582E-02 0.90458E-05-0.13178E-02-0.10446E-04 0.31381E-05
   11946  0.42828E-03-0.11619E-02 0.83300E-05 0.12438E-02-0.33220E-05 0.12958E-05
   11946 -0.42074E-03 0.11209E-02 0.91356E-05-0.12057E-02-0.93245E-05 0.30749E-05
   11947  0.32425E-03-0.93640E-03 0.81045E-05 0.11141E-02-0.36739E-05 0.14984E-05
   11947 -0.31746E-03 0.89550E-03 0.92106E-05-0.10716E-02-0.81560E-05 0.29932E-05
   11948  0.23001E-03-0.72411E-03 0.79554E-05 0.96257E-03-0.40633E-05 0.17801E-05
   11948 -0.22421E-03 0.68322E-03 0.93056E-05-0.91499E-03-0.66546E-05 0.27016E-05
   11949  0.15031E-03-0.53042E-03 0.78376E-05 0.78581E-03-0.40078E-05 0.19094E-05
   11949 -0.14587E-03 0.48985E-03 0.96393E-05-0.73327E-03-0.53796E-05 0.23934E-05
   11950  0.89129E-04-0.35974E-03 0.79903E-05 0.58336E-03-0.38418E-05 0.19535E-05
   11950 -0.86114E-04 0.31974E-03 0.97829E-05-0.52684E-03-0.40677E-05 0.19539E-05
   11951  0.45213E-04-0.20970E-03 0.82585E-05 0.36042E-03-0.37001E-05 0.19549E-05
   11951 -0.43264E-04 0.17010E-03 0.97407E-05-0.30103E-03-0.26501E-05 0.13444E-05
   11952  0.12408E-04-0.72189E-04 0.83582E-05 0.12503E-03-0.34505E-05 0.18614E-05
   11952 -0.11211E-04 0.32768E-04 0.99376E-05-0.63705E-04-0.13034E-05 0.68628E-06
   11953 -0.13311E-04 0.56722E-04 0.82719E-05-0.11548E-03-0.28454E-05 0.15645E-05
   11953  0.13775E-04-0.95862E-04 0.10180E-04 0.17862E-03-0.28514E-06 0.15908E-06
   11954 -0.30009E-04 0.17384E-03 0.83112E-05-0.35977E-03-0.22106E-05 0.12435E-05
   11954  0.29349E-04-0.21228E-03 0.10164E-04 0.42533E-03 0.70193E-06-0.38422E-06
   11955 -0.32735E-04 0.27374E-03 0.85007E-05-0.61055E-03-0.16123E-05 0.92714E-06
   11955  0.30411E-04-0.31101E-03 0.99396E-05 0.67923E-03 0.16701E-05-0.97804E-06
   11956 -0.21467E-04 0.35599E-03 0.85390E-05-0.86363E-03-0.81373E-06 0.45574E-06
   11956  0.17300E-04-0.39182E-03 0.97445E-05 0.93546E-03 0.23112E-05-0.14445E-05
   11957 -0.36379E-05 0.42840E-03 0.84308E-05-0.11117E-02-0.15393E-06 0.15325E-07
   11957 -0.19889E-05-0.46288E-03 0.95665E-05 0.11856E-02 0.29173E-05-0.19099E-05
   11958  0.14257E-04 0.49871E-03 0.82667E-05-0.13530E-02 0.58759E-06-0.51191E-06
   11958 -0.20848E-04-0.53220E-03 0.95222E-05 0.14280E-02 0.32601E-05-0.21985E-05
   11959  0.37547E-04 0.56185E-03 0.78123E-05-0.15918E-02 0.10920E-05-0.91026E-06
   11959 -0.44880E-04-0.59427E-03 0.92726E-05 0.16677E-02 0.36573E-05-0.25262E-05
   11960  0.79451E-04 0.60354E-03 0.74883E-05-0.18333E-02 0.16599E-05-0.13898E-05
   11960 -0.88109E-04-0.63430E-03 0.90319E-05 0.19102E-02 0.37679E-05-0.27030E-05
   11961  0.14442E-03 0.61877E-03 0.71800E-05-0.20748E-02 0.21729E-05-0.18752E-05
   11961 -0.15488E-03-0.64716E-03 0.84797E-05 0.21527E-02 0.36812E-05-0.27886E-05
   11962  0.21542E-03 0.62428E-03 0.67643E-05-0.23041E-02 0.24135E-05-0.21793E-05
   11962 -0.22746E-03-0.65025E-03 0.79669E-05 0.23822E-02 0.36260E-05-0.28784E-05
   11963  0.26651E-03 0.64675E-03 0.65378E-05-0.25156E-02 0.26152E-05-0.24189E-05
   11963 -0.27940E-03-0.67139E-03 0.78672E-05 0.25933E-02 0.34215E-05-0.27713E-05
   11964  0.29182E-03 0.69483E-03 0.55925E-05-0.27164E-02 0.26322E-05-0.24526E-05
   11964 -0.30425E-03-0.71868E-03 0.72272E-05 0.27934E-02 0.32690E-05-0.26368E-05
   11965  0.31959E-03 0.73951E-03 0.54829E-05-0.29167E-02 0.25461E-05-0.23992E-05
   11965 -0.33209E-03-0.76300E-03 0.73645E-05 0.29929E-02 0.31134E-05-0.25005E-05
   11966  0.38873E-03 0.74095E-03 0.48137E-05-0.31207E-02 0.25133E-05-0.24532E-05
   11966 -0.40212E-03-0.76312E-03 0.67666E-05 0.31983E-02 0.28315E-05-0.23145E-05
   11967  0.50938E-03 0.68720E-03 0.45782E-05-0.33196E-02 0.25362E-05-0.26295E-05
   11967 -0.52525E-03-0.70743E-03 0.64690E-05 0.34000E-02 0.24399E-05-0.20765E-05
   11968  0.65274E-03 0.60666E-03 0.40055E-05-0.34976E-02 0.25318E-05-0.28105E-05
   11968 -0.67121E-03-0.62411E-03 0.61386E-05 0.35792E-02 0.20214E-05-0.17919E-05
   11969  0.77575E-03 0.54158E-03 0.38879E-05-0.36519E-02 0.24199E-05-0.28471E-05
   11969 -0.79640E-03-0.55699E-03 0.60809E-05 0.37340E-02 0.16416E-05-0.14737E-05
   11970  0.86334E-03 0.50897E-03 0.32688E-05-0.37948E-02 0.21497E-05-0.26479E-05
   11970 -0.88502E-03-0.52292E-03 0.55259E-05 0.38776E-02 0.13296E-05-0.11639E-05
   11971  0.92750E-03 0.49790E-03 0.32730E-05-0.39353E-02 0.17392E-05-0.22471E-05
   11971 -0.94971E-03-0.51114E-03 0.55374E-05 0.40175E-02 0.10687E-05-0.87784E-06
   11972  0.99108E-03 0.48647E-03 0.28766E-05-0.40713E-02 0.12591E-05-0.17498E-05
   11972 -0.10135E-02-0.49880E-03 0.52204E-05 0.41527E-02 0.83233E-06-0.60916E-06
   11973  0.10686E-02 0.45936E-03 0.26039E-05-0.41977E-02 0.77499E-06-0.12384E-05
   11973 -0.10918E-02-0.47075E-03 0.50592E-05 0.42792E-02 0.62825E-06-0.37429E-06
   11974  0.11623E-02 0.41407E-03 0.24386E-05-0.43109E-02 0.35228E-06-0.77972E-06
   11974 -0.11866E-02-0.42429E-03 0.49520E-05 0.43924E-02 0.46093E-06-0.17742E-06
   11975  0.12717E-02 0.35045E-03 0.22956E-05-0.44066E-02 0.35542E-07-0.42398E-06
   11975 -0.12974E-02-0.35921E-03 0.48210E-05 0.44878E-02 0.32340E-06-0.87091E-08
   11976  0.13955E-02 0.26951E-03 0.21515E-05-0.44809E-02-0.17796E-06-0.17275E-06
   11976 -0.14228E-02-0.27655E-03 0.46200E-05 0.45615E-02 0.22219E-06 0.12434E-06
   11977  0.15306E-02 0.17373E-03 0.21914E-05-0.45302E-02-0.32167E-06 0.95399E-08
   11977 -0.15599E-02-0.17899E-03 0.46141E-05 0.46104E-02 0.16072E-06 0.21436E-06
   11978  0.16684E-02 0.71840E-04 0.19155E-05-0.45566E-02-0.43608E-06 0.17185E-06
   11978 -0.16995E-02-0.75097E-04 0.42952E-05 0.46361E-02 0.12548E-06 0.27388E-06
   11979  0.17950E-02-0.22487E-04 0.20516E-05-0.45701E-02-0.57838E-06 0.39022E-06
   11979 -0.18276E-02 0.20837E-04 0.42376E-05 0.46479E-02 0.11526E-06 0.30039E-06
   11980  0.19005E-02-0.98771E-04 0.20583E-05-0.45826E-02-0.78733E-06 0.72436E-06
   11980 -0.19343E-02 0.98434E-04 0.41326E-05 0.46593E-02 0.13140E-06 0.28561E-06
   11981  0.19850E-02-0.15637E-03 0.19293E-05-0.46002E-02-0.10624E-05 0.11763E-05
   11981 -0.20199E-02 0.15711E-03 0.38774E-05 0.46769E-02 0.17312E-06 0.22657E-06
   11982  0.20565E-02-0.20334E-03 0.23111E-05-0.46200E-02-0.13549E-05 0.16769E-05
   11982 -0.20929E-02 0.20466E-03 0.41310E-05 0.46970E-02 0.22880E-06 0.13510E-06
   11983  0.21274E-02-0.25154E-03 0.23991E-05-0.46308E-02-0.16151E-05 0.21508E-05
   11983 -0.21657E-02 0.25375E-03 0.40430E-05 0.47095E-02 0.31403E-06-0.12522E-07
   11984  0.22070E-02-0.31010E-03 0.25030E-05-0.46238E-02-0.17884E-05 0.25146E-05
   11984 -0.22469E-02 0.31331E-03 0.40406E-05 0.47030E-02 0.44001E-06-0.23953E-06
   11985  0.22980E-02-0.38172E-03 0.26562E-05-0.45938E-02-0.18380E-05 0.27079E-05
   11985 -0.23384E-02 0.38591E-03 0.40235E-05 0.46703E-02 0.60555E-06-0.55947E-06
   11986  0.23993E-02-0.46611E-03 0.26203E-05-0.45354E-02-0.17613E-05 0.27070E-05
   11986 -0.24398E-02 0.47150E-03 0.38175E-05 0.46081E-02 0.80703E-06-0.97679E-06
   11987  0.25060E-02-0.55927E-03 0.25118E-05-0.44482E-02-0.15808E-05 0.25260E-05
   11987 -0.25473E-02 0.56610E-03 0.35190E-05 0.45180E-02 0.10300E-05-0.14827E-05
   11988  0.26121E-02-0.65538E-03 0.25896E-05-0.43365E-02-0.13424E-05 0.22187E-05
   11988 -0.26546E-02 0.66364E-03 0.33578E-05 0.44038E-02 0.12564E-05-0.20539E-05
   11989  0.27111E-02-0.74782E-03 0.25009E-05-0.42088E-02-0.10974E-05 0.18621E-05
   11989 -0.27547E-02 0.75760E-03 0.29724E-05 0.42738E-02 0.14669E-05-0.26515E-05
   11990  0.27972E-02-0.83080E-03 0.25534E-05-0.40759E-02-0.88889E-06 0.15406E-05
   11990 -0.28417E-02 0.84187E-03 0.26577E-05 0.41384E-02 0.16434E-05-0.32277E-05
   11991  0.28671E-02-0.90066E-03 0.24524E-05-0.39476E-02-0.74545E-06 0.13271E-05
   11991 -0.29124E-02 0.91293E-03 0.21654E-05 0.40079E-02 0.17763E-05-0.37379E-05
   11992  0.29197E-02-0.95578E-03 0.23358E-05-0.38320E-02-0.67849E-06 0.12692E-05
   11992 -0.29654E-02 0.96903E-03 0.16416E-05 0.38903E-02 0.18642E-05-0.41530E-05
   11993  0.29567E-02-0.99764E-03 0.23537E-05-0.37312E-02-0.68134E-06 0.13722E-05
   11993 -0.30028E-02 0.10116E-02 0.12459E-05 0.37878E-02 0.19109E-05-0.44632E-05
   11994  0.29840E-02-0.10316E-02 0.21544E-05-0.36371E-02-0.73235E-06 0.16022E-05
   11994 -0.30304E-02 0.10464E-02 0.68613E-06 0.36926E-02 0.19231E-05-0.46861E-05
   11995  0.30091E-02-0.10653E-02 0.21478E-05-0.35350E-02-0.80410E-06 0.19076E-05
   11995 -0.30557E-02 0.10807E-02 0.34871E-06 0.35888E-02 0.19076E-05-0.48586E-05
   11996  0.30367E-02-0.11034E-02 0.21818E-05-0.34120E-02-0.87661E-06 0.22529E-05
   11996 -0.30834E-02 0.11193E-02 0.74845E-07 0.34637E-02 0.18734E-05-0.50251E-05
   11997  0.30638E-02-0.11434E-02 0.21598E-05-0.32704E-02-0.94542E-06 0.26322E-05
   11997 -0.31114E-02 0.11603E-02-0.21381E-06 0.33205E-02 0.18310E-05-0.52103E-05
   11998  0.30812E-02-0.11761E-02 0.21718E-05-0.31344E-02-0.10290E-05 0.30824E-05
   11998 -0.31296E-02 0.11938E-02-0.46344E-06 0.31830E-02 0.18066E-05-0.54473E-05
   11999  0.30845E-02-0.11964E-02 0.22095E-05-0.30218E-02-0.11291E-05 0.35918E-05
   11999 -0.31325E-02 0.12143E-02-0.70746E-06 0.30683E-02 0.18195E-05-0.57664E-05
   12000  0.30847E-02-0.12155E-02 0.26375E-05-0.29020E-02-0.12007E-05 0.40585E-05
   12000 -0.31325E-02 0.12335E-02-0.69885E-06 0.29464E-02 0.18485E-05-0.61787E-05
   12001  0.30961E-02-0.12484E-02 0.27452E-05-0.27236E-02-0.11980E-05 0.44149E-05
   12001 -0.31446E-02 0.12672E-02-0.11021E-05 0.27658E-02 0.18524E-05-0.67000E-05
   12002  0.31181E-02-0.12954E-02 0.32683E-05-0.24713E-02-0.11114E-05 0.46571E-05
   12002 -0.31677E-02 0.13151E-02-0.12872E-05 0.25101E-02 0.17825E-05-0.72447E-05
   12003  0.31308E-02-0.13367E-02 0.34758E-05-0.22004E-02-0.99987E-06 0.48808E-05
   12003 -0.31809E-02 0.13574E-02-0.19734E-05 0.22353E-02 0.16411E-05-0.76442E-05
   12004  0.31130E-02-0.13511E-02 0.34560E-05-0.20005E-02-0.96475E-06 0.53037E-05
   12004 -0.31634E-02 0.13726E-02-0.27676E-05 0.20328E-02 0.15004E-05-0.78134E-05
   12005  0.30672E-02-0.13398E-02 0.36715E-05-0.18944E-02-0.10248E-05 0.59531E-05
   12005 -0.31172E-02 0.13618E-02-0.39510E-05 0.19254E-02 0.13712E-05-0.76477E-05
   12006  0.30128E-02-0.13211E-02 0.40161E-05-0.18150E-02-0.11115E-05 0.66882E-05
   12006 -0.30624E-02 0.13432E-02-0.49289E-05 0.18450E-02 0.12037E-05-0.71569E-05
   12007  0.29641E-02-0.13098E-02 0.49338E-05-0.16896E-02-0.11312E-05 0.73204E-05
   12007 -0.30141E-02 0.13322E-02-0.54214E-05 0.17182E-02 0.95526E-06-0.63928E-05
   12008  0.29189E-02-0.13043E-02 0.53333E-05-0.15135E-02-0.10621E-05 0.77814E-05
   12008 -0.29704E-02 0.13277E-02-0.62355E-05 0.15403E-02 0.64646E-06-0.53770E-05
   12009  0.28657E-02-0.12929E-02 0.57909E-05-0.13481E-02-0.97523E-06 0.81426E-05
   12009 -0.29182E-02 0.13170E-02-0.68331E-05 0.13729E-02 0.33325E-06-0.40806E-05
   12010  0.27982E-02-0.12687E-02 0.62819E-05-0.12433E-02-0.94194E-06 0.85011E-05
   12010 -0.28503E-02 0.12929E-02-0.75472E-05 0.12667E-02 0.42664E-07-0.25106E-05
   12011  0.27216E-02-0.12368E-02 0.69392E-05-0.11772E-02-0.94347E-06 0.88323E-05
   12011 -0.27739E-02 0.12611E-02-0.80390E-05 0.12000E-02-0.24040E-06-0.73290E-06
   12012  0.26439E-02-0.12050E-02 0.76264E-05-0.11031E-02-0.91951E-06 0.90448E-05
   12012 -0.26976E-02 0.12296E-02-0.82174E-05 0.11256E-02-0.51255E-06 0.11264E-05
   12013  0.25677E-02-0.11758E-02 0.85548E-05-0.10003E-02-0.83789E-06 0.90848E-05
   12013 -0.26224E-02 0.12006E-02-0.81153E-05 0.10215E-02-0.74243E-06 0.29420E-05
   12014  0.24902E-02-0.11469E-02 0.94362E-05-0.87884E-03-0.71534E-06 0.89712E-05
   12014 -0.25455E-02 0.11715E-02-0.78587E-05 0.89815E-03-0.90545E-06 0.46291E-05
   12015  0.24076E-02-0.11145E-02 0.10056E-04-0.76245E-03-0.58649E-06 0.87179E-05
   12015 -0.24641E-02 0.11394E-02-0.77283E-05 0.78005E-03-0.10100E-05 0.61829E-05
   12016  0.23188E-02-0.10778E-02 0.10642E-04-0.66020E-03-0.46963E-06 0.83592E-05
   12016 -0.23769E-02 0.11032E-02-0.74220E-05 0.67638E-03-0.10681E-05 0.75823E-05
   12017  0.22256E-02-0.10384E-02 0.11203E-04-0.56259E-03-0.35368E-06 0.78800E-05
   12017 -0.22847E-02 0.10639E-02-0.70486E-05 0.57714E-03-0.10786E-05 0.88309E-05
   12018  0.21283E-02-0.99664E-03 0.11740E-04-0.46226E-03-0.23182E-06 0.72624E-05
   12018 -0.21884E-02 0.10223E-02-0.67491E-05 0.47490E-03-0.10357E-05 0.99350E-05
   12019  0.20260E-02-0.95172E-03 0.11994E-04-0.36637E-03-0.11812E-06 0.65117E-05
   12019 -0.20873E-02 0.97780E-03-0.65284E-05 0.37709E-03-0.95251E-06 0.10908E-04
   12020  0.19184E-02-0.90333E-03 0.12121E-04-0.28848E-03-0.30014E-07 0.56353E-05
   12020 -0.19810E-02 0.92986E-03-0.62797E-05 0.29756E-03-0.86165E-06 0.11778E-04
   12021  0.18068E-02-0.85211E-03 0.12124E-04-0.23166E-03 0.30730E-07 0.46299E-05
   12021 -0.18703E-02 0.87898E-03-0.59471E-05 0.23952E-03-0.78237E-06 0.12555E-04
   12022  0.16922E-02-0.79910E-03 0.12031E-04-0.18437E-03 0.75616E-07 0.35027E-05
   12022 -0.17569E-02 0.82636E-03-0.55230E-05 0.19115E-03-0.69727E-06 0.13203E-04
   12023  0.15752E-02-0.74472E-03 0.11818E-04-0.13667E-03 0.10981E-06 0.22804E-05
   12023 -0.16411E-02 0.77247E-03-0.50101E-05 0.14216E-03-0.58352E-06 0.13669E-04
   12024  0.14555E-02-0.68880E-03 0.11371E-04-0.92736E-04 0.12742E-06 0.10037E-05
   12024 -0.15225E-02 0.71705E-03-0.44810E-05 0.96826E-04-0.45468E-06 0.13935E-04
   12025  0.13333E-02-0.63140E-03 0.10789E-04-0.61970E-04 0.12693E-06-0.27540E-06
   12025 -0.14012E-02 0.66007E-03-0.39282E-05 0.64996E-04-0.34760E-06 0.14005E-04
   12026  0.12095E-02-0.57293E-03 0.10016E-04-0.46409E-04 0.11701E-06-0.14983E-05
   12026 -0.12783E-02 0.60211E-03-0.32769E-05 0.48956E-04-0.28183E-06 0.13870E-04
   12027  0.10851E-02-0.51410E-03 0.91104E-05-0.39185E-04 0.10559E-06-0.25775E-05
   12027 -0.11550E-02 0.54385E-03-0.25404E-05 0.41624E-04-0.24221E-06 0.13460E-04
   12028  0.96066E-03-0.45520E-03 0.81602E-05-0.30943E-04 0.89829E-07-0.34041E-05
   12028 -0.10313E-02 0.48533E-03-0.16361E-05 0.33129E-04-0.19417E-06 0.12681E-04
   12029  0.83536E-03-0.39589E-03 0.71379E-05-0.18611E-04 0.64023E-07-0.38922E-05
   12029 -0.90653E-03 0.42636E-03-0.81807E-06 0.20111E-04-0.12426E-06 0.11505E-04
   12030  0.70859E-03-0.33580E-03 0.59777E-05-0.64808E-05 0.33297E-07-0.39911E-05
   12030 -0.78025E-03 0.36670E-03-0.84128E-07 0.70743E-05-0.54028E-07 0.99781E-05
   12031  0.58039E-03-0.27501E-03 0.48039E-05 0.89950E-06 0.95706E-08-0.36770E-05
   12031 -0.65243E-03 0.30634E-03 0.55385E-06-0.10398E-05-0.85416E-08 0.81934E-05
   12032  0.45103E-03-0.21367E-03 0.36407E-05 0.33351E-05-0.20066E-08-0.29551E-05
   12032 -0.52334E-03 0.24545E-03 0.10385E-05-0.38749E-05 0.96468E-08 0.62745E-05
   12033  0.32079E-03-0.15197E-03 0.25912E-05 0.33258E-05-0.46887E-08-0.18745E-05
   12033 -0.39338E-03 0.18425E-03 0.12980E-05-0.40827E-05 0.13241E-07 0.43749E-05
   12034  0.13634E-03-0.64874E-04 0.17084E-05 0.16643E-05-0.18884E-08-0.53291E-06
   12034 -0.31741E-03 0.14854E-03 0.13122E-05-0.43832E-05 0.11937E-07 0.26976E-05
   12035 -0.39521E-03 0.18521E-03 0.10558E-05-0.87807E-05 0.53491E-08 0.77071E-06
   12035 -0.60654E-03 0.28454E-03 0.10205E-05-0.12446E-04 0.10164E-07 0.15940E-05
   12036 -0.99148E-03 0.46546E-03 0.88935E-06-0.26680E-04 0.89470E-08 0.10425E-05
   12036 -0.10453E-02 0.49076E-03 0.84247E-06-0.27905E-04 0.78986E-08 0.93335E-06
   12037 -0.11655E-02 0.54706E-03 0.11402E-05-0.41464E-04 0.10385E-08 0.16564E-06
   12037 -0.11852E-02 0.55636E-03 0.10572E-05-0.42227E-04 0.44590E-09 0.11468E-06
   12038 -0.10478E-02 0.49168E-03 0.11221E-05-0.49216E-04-0.19844E-07-0.11234E-05
   12038 -0.10759E-02 0.50486E-03 0.11179E-05-0.50536E-04-0.19978E-07-0.11328E-05
   12039 -0.82713E-03 0.38756E-03 0.18814E-05-0.49081E-04-0.60852E-07-0.28762E-05
   12039 -0.76548E-03 0.35871E-03 0.16642E-05-0.44862E-04-0.60293E-07-0.28517E-05
   12040 -0.52961E-03 0.24746E-03 0.25450E-05-0.36301E-04-0.13202E-06-0.54642E-05
   12040 -0.43074E-03 0.20122E-03 0.21730E-05-0.29583E-04-0.12450E-06-0.51517E-05
   12041  0.18027E-03-0.84632E-04 0.93186E-07 0.16218E-04-0.21004E-06-0.78641E-05
   12041 -0.56051E-03 0.26139E-03 0.36091E-05-0.44745E-04-0.22000E-06-0.82058E-05
   12042  0.10692E-02-0.49794E-03-0.78579E-05 0.97940E-04-0.15597E-06-0.54128E-05
   12042 -0.11206E-02 0.52179E-03 0.84310E-05-0.10203E-03-0.29947E-06-0.98507E-05
   12043  0.14244E-02-0.66279E-03-0.11141E-04 0.14571E-03 0.46474E-08-0.23861E-06
   12043 -0.14074E-02 0.65632E-03 0.79325E-05-0.14407E-03-0.39469E-06-0.10985E-04
   12044  0.14023E-02-0.65171E-03-0.12060E-04 0.15919E-03 0.15335E-06 0.32692E-05
   12044 -0.13854E-02 0.64679E-03 0.56677E-05-0.15750E-03-0.54465E-06-0.13397E-04
   12045  0.13737E-02-0.63822E-03-0.11546E-04 0.16986E-03 0.30571E-06 0.61627E-05
   12045 -0.13583E-02 0.63468E-03 0.37269E-05-0.16827E-03-0.70355E-06-0.15603E-04
   12046  0.13429E-02-0.62412E-03-0.10218E-04 0.17863E-03 0.44949E-06 0.83904E-05
   12046 -0.13297E-02 0.62167E-03 0.23127E-05-0.17722E-03-0.86035E-06-0.17446E-04
   12047  0.13109E-02-0.60969E-03-0.84404E-05 0.18625E-03 0.58164E-06 0.10052E-04
   12047 -0.12999E-02 0.60799E-03 0.10746E-05-0.18502E-03-0.10094E-05-0.18876E-04
   12048  0.12782E-02-0.59494E-03-0.65611E-05 0.19409E-03 0.70588E-06 0.11278E-04
   12048 -0.12691E-02 0.59383E-03-0.97984E-07-0.19304E-03-0.11516E-05-0.19882E-04
   12049  0.12451E-02-0.57994E-03-0.47036E-05 0.20272E-03 0.82789E-06 0.12215E-04
   12049 -0.12379E-02 0.57934E-03-0.11993E-05-0.20186E-03-0.12873E-05-0.20492E-04
   12050  0.12119E-02-0.56477E-03-0.29900E-05 0.21195E-03 0.95269E-06 0.13001E-04
   12050 -0.12062E-02 0.56455E-03-0.22242E-05-0.21125E-03-0.14140E-05-0.20745E-04
   12051  0.11787E-02-0.54949E-03-0.14664E-05 0.22206E-03 0.10874E-05 0.13748E-04
   12051 -0.11741E-02 0.54948E-03-0.31535E-05-0.22146E-03-0.15317E-05-0.20680E-04
   12052  0.11457E-02-0.53400E-03-0.19267E-06 0.23392E-03 0.12420E-05 0.14535E-04
   12052 -0.11417E-02 0.53414E-03-0.40088E-05-0.23339E-03-0.16442E-05-0.20335E-04
   12053  0.11127E-02-0.51837E-03 0.84202E-06 0.24675E-03 0.14184E-05 0.15396E-04
   12053 -0.11093E-02 0.51863E-03-0.47177E-05-0.24628E-03-0.17442E-05-0.19732E-04
   12054  0.10801E-02-0.50285E-03 0.16231E-05 0.25727E-03 0.16035E-05 0.16344E-04
   12054 -0.10773E-02 0.50327E-03-0.53317E-05-0.25688E-03-0.18086E-05-0.18885E-04
   12055  0.10482E-02-0.48772E-03 0.21981E-05 0.26254E-03 0.17811E-05 0.17389E-04
   12055 -0.10458E-02 0.48827E-03-0.57844E-05-0.26222E-03-0.18181E-05-0.17816E-04
   12056  0.10170E-02-0.47311E-03 0.26342E-05 0.26216E-03 0.19451E-05 0.18554E-04
   12056 -0.10150E-02 0.47377E-03-0.60697E-05-0.26192E-03-0.17723E-05-0.16555E-04
   12057  0.98643E-03-0.45885E-03 0.29228E-05 0.25870E-03 0.21093E-05 0.19881E-04
   12057 -0.98477E-03 0.45961E-03-0.61801E-05-0.25854E-03-0.16908E-05-0.15146E-04
   12058  0.95603E-03-0.44463E-03 0.32019E-05 0.25625E-03 0.23059E-05 0.21430E-04
   12058 -0.95476E-03 0.44538E-03-0.60656E-05-0.25615E-03-0.15996E-05-0.13637E-04
   12059  0.92529E-03-0.42988E-03 0.34321E-05 0.26018E-03 0.25892E-05 0.23224E-04
   12059 -0.92447E-03 0.43060E-03-0.57694E-05-0.26015E-03-0.15243E-05-0.12065E-04
   12060  0.89376E-03-0.41420E-03 0.36255E-05 0.27356E-03 0.30076E-05 0.25225E-04
   12060 -0.89353E-03 0.41491E-03-0.53619E-05-0.27366E-03-0.14721E-05-0.10466E-04
   12061  0.86182E-03-0.39796E-03 0.37502E-05 0.29094E-03 0.35246E-05 0.27311E-04
   12061 -0.86214E-03 0.39865E-03-0.49106E-05-0.29117E-03-0.14108E-05-0.88498E-05
   12062  0.83040E-03-0.38214E-03 0.38832E-05 0.30356E-03 0.40342E-05 0.29303E-04
   12062 -0.83124E-03 0.38277E-03-0.44175E-05-0.30392E-03-0.13041E-05-0.72149E-05
   12063  0.80029E-03-0.36750E-03 0.39742E-05 0.30614E-03 0.44309E-05 0.31047E-04
   12063 -0.80181E-03 0.36815E-03-0.38690E-05-0.30670E-03-0.11437E-05-0.55643E-05
   12064  0.77153E-03-0.35418E-03 0.41499E-05 0.29908E-03 0.46758E-05 0.32472E-04
   12064 -0.77384E-03 0.35482E-03-0.32680E-05-0.29984E-03-0.94459E-06-0.38972E-05
   12065  0.74344E-03-0.34148E-03 0.44274E-05 0.28830E-03 0.48294E-05 0.33588E-04
   12065 -0.74645E-03 0.34199E-03-0.25675E-05-0.28922E-03-0.73063E-06-0.22141E-05
   12066  0.71548E-03-0.32879E-03 0.47897E-05 0.27879E-03 0.49716E-05 0.34478E-04
   12066 -0.71916E-03 0.32910E-03-0.18277E-05-0.27983E-03-0.51803E-06-0.55886E-06
   12067  0.68739E-03-0.31592E-03 0.52122E-05 0.27148E-03 0.51300E-05 0.35192E-04
   12067 -0.69190E-03 0.31603E-03-0.10175E-05-0.27271E-03-0.30448E-06 0.10651E-05
   12068  0.65908E-03-0.30285E-03 0.57228E-05 0.26598E-03 0.53092E-05 0.35765E-04
   12068 -0.66464E-03 0.30282E-03-0.20798E-06-0.26748E-03-0.85621E-07 0.26527E-05
   12069  0.63083E-03-0.28981E-03 0.62670E-05 0.26068E-03 0.54831E-05 0.36206E-04
   12069 -0.63750E-03 0.28966E-03 0.57398E-06-0.26250E-03 0.13888E-06 0.41971E-05
   12070  0.60306E-03-0.27718E-03 0.68772E-05 0.25320E-03 0.56004E-05 0.36511E-04
   12070 -0.61073E-03 0.27685E-03 0.13199E-05-0.25528E-03 0.36454E-06 0.57103E-05
   12071  0.57585E-03-0.26501E-03 0.75179E-05 0.24323E-03 0.56485E-05 0.36684E-04
   12071 -0.58439E-03 0.26446E-03 0.20162E-05-0.24550E-03 0.58692E-06 0.72083E-05
   12072  0.54884E-03-0.25297E-03 0.82159E-05 0.23327E-03 0.56840E-05 0.36761E-04
   12072 -0.55823E-03 0.25218E-03 0.26706E-05-0.23574E-03 0.81238E-06 0.86919E-05
   12073  0.52159E-03-0.24065E-03 0.89496E-05 0.22574E-03 0.57697E-05 0.36765E-04
   12073 -0.53183E-03 0.23962E-03 0.32728E-05-0.22843E-03 0.10580E-05 0.10167E-04
   12074  0.49413E-03-0.22809E-03 0.97106E-05 0.22001E-03 0.58970E-05 0.36690E-04
   12074 -0.50513E-03 0.22681E-03 0.37821E-05-0.22293E-03 0.13280E-05 0.11633E-04
   12075  0.46680E-03-0.21565E-03 0.10493E-04 0.21358E-03 0.60018E-05 0.36510E-04
   12075 -0.47850E-03 0.21411E-03 0.42081E-05-0.21671E-03 0.16061E-05 0.13076E-04
   12076  0.43993E-03-0.20365E-03 0.11275E-04 0.20440E-03 0.60201E-05 0.36201E-04
   12076 -0.45233E-03 0.20191E-03 0.45343E-05-0.20774E-03 0.18661E-05 0.14487E-04
   12077  0.41360E-03-0.19213E-03 0.12080E-04 0.19258E-03 0.59427E-05 0.35753E-04
   12077 -0.42669E-03 0.19021E-03 0.47866E-05-0.19609E-03 0.20991E-05 0.15878E-04
   12078  0.38756E-03-0.18082E-03 0.12924E-04 0.18019E-03 0.58246E-05 0.35177E-04
   12078 -0.40128E-03 0.17870E-03 0.49882E-05-0.18382E-03 0.23257E-05 0.17276E-04
   12079  0.36154E-03-0.16945E-03 0.13783E-04 0.16870E-03 0.57174E-05 0.34510E-04
   12079 -0.37584E-03 0.16714E-03 0.51123E-05-0.17246E-03 0.25688E-05 0.18689E-04
   12080  0.33553E-03-0.15804E-03 0.14641E-04 0.15780E-03 0.56203E-05 0.33786E-04
   12080 -0.35042E-03 0.15557E-03 0.51631E-05-0.16172E-03 0.28293E-05 0.20125E-04
   12081  0.30967E-03-0.14672E-03 0.15506E-04 0.14665E-03 0.55075E-05 0.33018E-04
   12081 -0.32512E-03 0.14412E-03 0.51336E-05-0.15072E-03 0.30956E-05 0.21604E-04
   12082  0.28393E-03-0.13549E-03 0.16375E-04 0.13526E-03 0.53811E-05 0.32219E-04
   12082 -0.29997E-03 0.13278E-03 0.50624E-05-0.13950E-03 0.33686E-05 0.23134E-04
   12083  0.25819E-03-0.12420E-03 0.17236E-04 0.12448E-03 0.52804E-05 0.31410E-04
   12083 -0.27487E-03 0.12144E-03 0.49338E-05-0.12896E-03 0.36732E-05 0.24705E-04
   12084  0.23233E-03-0.11273E-03 0.18035E-04 0.11476E-03 0.52305E-05 0.30585E-04
   12084 -0.24957E-03 0.10994E-03 0.47229E-05-0.11951E-03 0.40376E-05 0.26311E-04
   12085  0.20635E-03-0.10111E-03 0.18750E-04 0.10561E-03 0.52207E-05 0.29727E-04
   12085 -0.22391E-03 0.98265E-04 0.44018E-05-0.11061E-03 0.44643E-05 0.27926E-04
   12086  0.18027E-03-0.89383E-04 0.19319E-04 0.96187E-04 0.52265E-05 0.28848E-04
   12086 -0.19802E-03 0.86564E-04 0.39191E-05-0.10146E-03 0.49244E-05 0.29469E-04
   12087  0.15421E-03-0.77688E-04 0.19709E-04 0.85487E-04 0.52013E-05 0.27970E-04
   12087 -0.17213E-03 0.75049E-04 0.32681E-05-0.91063E-04 0.53529E-05 0.30854E-04
   12088  0.12832E-03-0.66174E-04 0.19990E-04 0.73116E-04 0.51051E-05 0.27081E-04
   12088 -0.14642E-03 0.63834E-04 0.24998E-05-0.78982E-04 0.56911E-05 0.32045E-04
   12089  0.10259E-03-0.54822E-04 0.20197E-04 0.59478E-04 0.49400E-05 0.26204E-04
   12089 -0.12093E-03 0.52880E-04 0.16599E-05-0.65611E-04 0.59105E-05 0.32996E-04
   12090  0.77026E-04-0.43608E-04 0.20401E-04 0.45270E-04 0.47257E-05 0.25350E-04
   12090 -0.95701E-04 0.42122E-04 0.78989E-06-0.51648E-04 0.60149E-05 0.33691E-04
   12091  0.51610E-04-0.32467E-04 0.20640E-04 0.31212E-04 0.44987E-05 0.24485E-04
   12091 -0.70656E-04 0.31424E-04-0.36893E-07-0.37823E-04 0.60595E-05 0.34166E-04
   12092  0.26270E-04-0.21326E-04 0.20881E-04 0.17575E-04 0.42983E-05 0.23614E-04
   12092 -0.45681E-04 0.20717E-04-0.86071E-06-0.24448E-04 0.60989E-05 0.34426E-04
   12093  0.97440E-06-0.10168E-04 0.21078E-04 0.41234E-05 0.41281E-05 0.22750E-04
   12093 -0.20730E-04 0.10021E-04-0.17300E-05-0.11312E-04 0.61402E-05 0.34470E-04
   12094 -0.24306E-04 0.10197E-05 0.21185E-04-0.93940E-05 0.39706E-05 0.21906E-04
   12094  0.42406E-05-0.64537E-06-0.26740E-05 0.18626E-05 0.61575E-05 0.34302E-04
   12095 -0.49589E-04 0.12240E-04 0.21205E-04-0.23027E-04 0.38151E-05 0.21096E-04
   12095  0.29246E-04-0.11280E-04-0.37001E-05 0.15144E-04 0.61305E-05 0.33921E-04
   12096 -0.74875E-04 0.23494E-04 0.21135E-04-0.36755E-04 0.36649E-05 0.20332E-04
   12096  0.54282E-04-0.21888E-04-0.47969E-05 0.28510E-04 0.60588E-05 0.33320E-04
   12097 -0.10017E-03 0.34789E-04 0.20970E-04-0.50580E-04 0.35252E-05 0.19631E-04
   12097  0.79360E-04-0.32474E-04-0.59642E-05 0.41962E-04 0.59439E-05 0.32490E-04
   12098 -0.12551E-03 0.46160E-04 0.20713E-04-0.64339E-04 0.33902E-05 0.19006E-04
   12098  0.10451E-03-0.43065E-04-0.72105E-05 0.55352E-04 0.57705E-05 0.31426E-04
   12099 -0.15095E-03 0.57652E-04 0.20399E-04-0.77595E-04 0.32467E-05 0.18458E-04
   12099  0.12972E-03-0.53715E-04-0.84838E-05 0.68272E-04 0.55178E-05 0.30134E-04
   12100 -0.17639E-03 0.69204E-04 0.20087E-04-0.90206E-04 0.30978E-05 0.17962E-04
   12100  0.15486E-03-0.64405E-04-0.97305E-05 0.80573E-04 0.52022E-05 0.28625E-04
   12101 -0.20169E-03 0.80681E-04 0.19785E-04-0.10279E-03 0.29666E-05 0.17498E-04
   12101  0.17989E-03-0.75066E-04-0.10921E-04 0.92844E-04 0.48679E-05 0.26888E-04
   12102 -0.22682E-03 0.92020E-04 0.19449E-04-0.11617E-03 0.28664E-05 0.17043E-04
   12102  0.20484E-03-0.85618E-04-0.12114E-04 0.10587E-03 0.45398E-05 0.24922E-04
   12103 -0.25190E-03 0.10332E-03 0.18931E-04-0.13059E-03 0.27898E-05 0.16593E-04
   12103  0.22983E-03-0.96036E-04-0.13441E-04 0.11984E-03 0.42040E-05 0.22738E-04
   12104 -0.27718E-03 0.11485E-03 0.18217E-04-0.14469E-03 0.27110E-05 0.16207E-04
   12104  0.25511E-03-0.10656E-03-0.14912E-04 0.13351E-03 0.38057E-05 0.20319E-04
   12105 -0.30288E-03 0.12684E-03 0.17410E-04-0.15646E-03 0.25991E-05 0.15897E-04
   12105  0.28078E-03-0.11746E-03-0.16400E-04 0.14502E-03 0.33124E-05 0.17671E-04
   12106 -0.32879E-03 0.13910E-03 0.16696E-04-0.16586E-03 0.24574E-05 0.15606E-04
   12106  0.30651E-03-0.12867E-03-0.17744E-04 0.15429E-03 0.27586E-05 0.14799E-04
   12107 -0.35434E-03 0.15109E-03 0.16132E-04-0.17556E-03 0.23217E-05 0.15247E-04
   12107  0.33182E-03-0.13974E-03-0.18867E-04 0.16381E-03 0.22002E-05 0.11686E-04
   12108 -0.37934E-03 0.16258E-03 0.15540E-04-0.18791E-03 0.22094E-05 0.14755E-04
   12108  0.35666E-03-0.15038E-03-0.19947E-04 0.17583E-03 0.16474E-05 0.83257E-05
   12109 -0.40420E-03 0.17396E-03 0.14719E-04-0.20183E-03 0.20958E-05 0.14140E-04
   12109  0.38149E-03-0.16083E-03-0.21152E-04 0.18934E-03 0.10640E-05 0.47134E-05
   12110 -0.42935E-03 0.18571E-03 0.13666E-04-0.21465E-03 0.19496E-05 0.13434E-04
   12110  0.40674E-03-0.17151E-03-0.22485E-04 0.20182E-03 0.43215E-06 0.85436E-06
   12111 -0.45485E-03 0.19787E-03 0.12485E-04-0.22538E-03 0.17664E-05 0.12647E-04
   12111  0.43240E-03-0.18257E-03-0.23819E-04 0.21235E-03-0.23454E-06-0.32490E-05
   12112 -0.48038E-03 0.21013E-03 0.11262E-04-0.23522E-03 0.15617E-05 0.11764E-04
   12112  0.45815E-03-0.19377E-03-0.25080E-04 0.22208E-03-0.92654E-06-0.76107E-05
   12113 -0.50561E-03 0.22218E-03 0.99442E-05-0.24643E-03 0.13502E-05 0.10757E-04
   12113  0.48367E-03-0.20476E-03-0.26307E-04 0.23311E-03-0.16572E-05-0.12238E-04
   12114 -0.53052E-03 0.23396E-03 0.84193E-05-0.26002E-03 0.11333E-05 0.96278E-05
   12114  0.50909E-03-0.21546E-03-0.27621E-04 0.24643E-03-0.24481E-05-0.17129E-04
   12115 -0.55544E-03 0.24579E-03 0.65868E-05-0.27476E-03 0.90152E-06 0.84076E-05
   12115  0.53477E-03-0.22612E-03-0.29075E-04 0.26091E-03-0.32968E-05-0.22271E-04
   12116 -0.58065E-03 0.25797E-03 0.44411E-05-0.28893E-03 0.65124E-06 0.71426E-05
   12116  0.56098E-03-0.23700E-03-0.30701E-04 0.27490E-03-0.41785E-05-0.27640E-04
   12117 -0.60629E-03 0.27057E-03 0.20681E-05-0.30179E-03 0.38841E-06 0.58729E-05
   12117  0.58778E-03-0.24824E-03-0.32408E-04 0.28771E-03-0.50707E-05-0.33219E-04
   12118 -0.63225E-03 0.28352E-03-0.47213E-06-0.31345E-03 0.11846E-06 0.46084E-05
   12118  0.61507E-03-0.25979E-03-0.34169E-04 0.29940E-03-0.59614E-05-0.38983E-04
   12119 -0.65841E-03 0.29673E-03-0.31486E-05-0.32402E-03-0.15695E-06 0.33401E-05
   12119  0.64269E-03-0.27159E-03-0.35925E-04 0.31011E-03-0.68420E-05-0.44912E-04
   12120 -0.68477E-03 0.31017E-03-0.59101E-05-0.33342E-03-0.43965E-06 0.20461E-05
   12120  0.67060E-03-0.28364E-03-0.37645E-04 0.31972E-03-0.77007E-05-0.50989E-04
   12121 -0.71127E-03 0.32378E-03-0.87136E-05-0.34176E-03-0.73321E-06 0.69273E-06
   12121  0.69872E-03-0.29590E-03-0.39296E-04 0.32834E-03-0.85317E-05-0.57198E-04
   12122 -0.73788E-03 0.33752E-03-0.11519E-04-0.34921E-03-0.10432E-05-0.76635E-06
   12122  0.72698E-03-0.30835E-03-0.40846E-04 0.33611E-03-0.93314E-05-0.63519E-04
   12123 -0.76462E-03 0.35141E-03-0.14311E-04-0.35553E-03-0.13760E-05-0.23834E-05
   12123  0.75537E-03-0.32099E-03-0.42287E-04 0.34280E-03-0.10086E-04-0.69933E-04
   12124 -0.79148E-03 0.36543E-03-0.17060E-04-0.36043E-03-0.17376E-05-0.42194E-05
   12124  0.78390E-03-0.33387E-03-0.43588E-04 0.34812E-03-0.10778E-04-0.76424E-04
   12125 -0.81841E-03 0.37960E-03-0.19753E-04-0.36346E-03-0.21331E-05-0.63432E-05
   12125  0.81261E-03-0.34704E-03-0.44727E-04 0.35169E-03-0.11385E-04-0.82971E-04
   12126 -0.84536E-03 0.39388E-03-0.22357E-04-0.36432E-03-0.25658E-05-0.88267E-05
   12126  0.84155E-03-0.36053E-03-0.45699E-04 0.35324E-03-0.11889E-04-0.89560E-04
   12127 -0.87222E-03 0.40801E-03-0.24755E-04-0.36502E-03-0.30434E-05-0.11716E-04
   12127  0.87025E-03-0.37405E-03-0.46357E-04 0.35460E-03-0.12356E-04-0.96170E-04
   12128 -0.89884E-03 0.42175E-03-0.27076E-04-0.36857E-03-0.35793E-05-0.15010E-04
   12128  0.89821E-03-0.38706E-03-0.46913E-04 0.35851E-03-0.12902E-04-0.10281E-03
   12129 -0.92526E-03 0.43507E-03-0.29303E-04-0.37607E-03-0.42009E-05-0.18806E-04
   12129  0.92565E-03-0.39962E-03-0.47296E-04 0.36616E-03-0.13571E-04-0.10939E-03
   12130 -0.95182E-03 0.44828E-03-0.31470E-04-0.38551E-03-0.49201E-05-0.23232E-04
   12130  0.95321E-03-0.41217E-03-0.47544E-04 0.37569E-03-0.14277E-04-0.11581E-03
   12131 -0.97915E-03 0.46208E-03-0.33661E-04-0.39219E-03-0.57057E-05-0.28362E-04
   12131  0.98145E-03-0.42525E-03-0.47744E-04 0.38251E-03-0.14816E-04-0.12200E-03
   12132 -0.10073E-02 0.47667E-03-0.35823E-04-0.39294E-03-0.65217E-05-0.34316E-04
   12132  0.10108E-02-0.43930E-03-0.47840E-04 0.38363E-03-0.15038E-04-0.12787E-03
   12133 -0.10360E-02 0.49180E-03-0.37833E-04-0.38761E-03-0.73433E-05-0.41201E-04
   12133  0.10411E-02-0.45432E-03-0.47628E-04 0.37902E-03-0.14924E-04-0.13332E-03
   12134 -0.10648E-02 0.50719E-03-0.39710E-04-0.37805E-03-0.81462E-05-0.48946E-04
   12134  0.10716E-02-0.46978E-03-0.47186E-04 0.37027E-03-0.14560E-04-0.13839E-03
   12135 -0.10935E-02 0.52229E-03-0.41402E-04-0.36929E-03-0.89746E-05-0.57457E-04
   12135  0.11015E-02-0.48498E-03-0.46464E-04 0.36214E-03-0.14174E-04-0.14312E-03
   12136 -0.11217E-02 0.53668E-03-0.42860E-04-0.36604E-03-0.99213E-05-0.66758E-04
   12136  0.11305E-02-0.49956E-03-0.45440E-04 0.35933E-03-0.13977E-04-0.14743E-03
   12137 -0.11496E-02 0.55057E-03-0.44154E-04-0.36758E-03-0.11009E-04-0.76939E-04
   12137  0.11591E-02-0.51377E-03-0.44142E-04 0.36116E-03-0.13933E-04-0.15125E-03
   12138 -0.11779E-02 0.56460E-03-0.45307E-04-0.36900E-03-0.12155E-04-0.88144E-04
   12138  0.11879E-02-0.52818E-03-0.42615E-04 0.36283E-03-0.13816E-04-0.15449E-03
   12139 -0.12071E-02 0.57926E-03-0.46283E-04-0.36493E-03-0.13214E-04-0.10052E-03
   12139  0.12175E-02-0.54337E-03-0.40810E-04 0.35909E-03-0.13384E-04-0.15704E-03
   12140 -0.12372E-02 0.59453E-03-0.47084E-04-0.35443E-03-0.14106E-04-0.11408E-03
   12140  0.12477E-02-0.55928E-03-0.38750E-04 0.34897E-03-0.12610E-04-0.15884E-03
   12141 -0.12675E-02 0.60986E-03-0.47756E-04-0.34261E-03-0.14929E-04-0.12871E-03
   12141  0.12778E-02-0.57530E-03-0.36462E-04 0.33748E-03-0.11741E-04-0.15992E-03
   12142 -0.12976E-02 0.62480E-03-0.48261E-04-0.33458E-03-0.15845E-04-0.14435E-03
   12142  0.13076E-02-0.59103E-03-0.33937E-04 0.32970E-03-0.10999E-04-0.16020E-03
   12143 -0.13277E-02 0.63950E-03-0.48582E-04-0.32939E-03-0.16843E-04-0.16106E-03
   12143  0.13373E-02-0.60668E-03-0.31140E-04 0.32470E-03-0.10338E-04-0.15961E-03
   12144 -0.13583E-02 0.65447E-03-0.48719E-04-0.32149E-03-0.17698E-04-0.17892E-03
   12144  0.13673E-02-0.62268E-03-0.28087E-04 0.31700E-03-0.95319E-05-0.15804E-03
   12145 -0.13897E-02 0.66988E-03-0.48709E-04-0.30815E-03-0.18245E-04-0.19790E-03
   12145  0.13977E-02-0.63918E-03-0.24838E-04 0.30389E-03-0.85006E-05-0.15548E-03
   12146 -0.14213E-02 0.68536E-03-0.48578E-04-0.29366E-03-0.18631E-04-0.21787E-03
   12146  0.14282E-02-0.65580E-03-0.21452E-04 0.28961E-03-0.74389E-05-0.15191E-03
   12147 -0.14529E-02 0.70054E-03-0.48292E-04-0.28345E-03-0.19126E-04-0.23868E-03
   12147  0.14586E-02-0.67219E-03-0.17938E-04 0.27957E-03-0.65522E-05-0.14730E-03
   12148 -0.14846E-02 0.71549E-03-0.47790E-04-0.27781E-03-0.19785E-04-0.26036E-03
   12148  0.14889E-02-0.68844E-03-0.14238E-04 0.27404E-03-0.58308E-05-0.14153E-03
   12149 -0.15167E-02 0.73045E-03-0.46996E-04-0.27337E-03-0.20448E-04-0.28307E-03
   12149  0.15193E-02-0.70481E-03-0.10334E-04 0.26968E-03-0.51459E-05-0.13441E-03
   12150 -0.15496E-02 0.74570E-03-0.45883E-04-0.26579E-03-0.20838E-04-0.30697E-03
   12150  0.15502E-02-0.72157E-03-0.62517E-05 0.26221E-03-0.43719E-05-0.12572E-03
   12151 -0.15832E-02 0.76133E-03-0.44466E-04-0.25237E-03-0.20726E-04-0.33215E-03
   12151  0.15816E-02-0.73876E-03-0.20763E-05 0.24895E-03-0.34755E-05-0.11532E-03
   12152 -0.16175E-02 0.77723E-03-0.42809E-04-0.23335E-03-0.20048E-04-0.35855E-03
   12152  0.16133E-02-0.75619E-03 0.21067E-05 0.23015E-03-0.25318E-05-0.10313E-03
   12153 -0.16520E-02 0.79316E-03-0.40904E-04-0.21121E-03-0.18914E-04-0.38597E-03
   12153  0.16451E-02-0.77366E-03 0.62219E-05 0.20827E-03-0.16629E-05-0.89168E-04
   12154 -0.16867E-02 0.80897E-03-0.38695E-04-0.18791E-03-0.17429E-04-0.41412E-03
   12154  0.16769E-02-0.79098E-03 0.10220E-04 0.18527E-03-0.95734E-06-0.73477E-04
   12155 -0.17217E-02 0.82465E-03-0.36121E-04-0.16362E-03-0.15582E-04-0.44271E-03
   12155  0.17084E-02-0.80810E-03 0.14056E-04 0.16130E-03-0.45683E-06-0.56164E-04
   12156 -0.17568E-02 0.84013E-03-0.33093E-04-0.13974E-03-0.13481E-04-0.47143E-03
   12156  0.17398E-02-0.82492E-03 0.17679E-04 0.13777E-03-0.20539E-06-0.37331E-04
   12157 -0.17921E-02 0.85535E-03-0.29479E-04-0.11738E-03-0.11237E-04-0.50001E-03
   12157  0.17709E-02-0.84142E-03 0.21070E-04 0.11577E-03-0.22122E-06-0.17012E-04
   12158 -0.18278E-02 0.87032E-03-0.25137E-04-0.94681E-04-0.86914E-05-0.52827E-03
   12158  0.18018E-02-0.85766E-03 0.24162E-04 0.93500E-04-0.50349E-06 0.48378E-05
   12159 -0.18638E-02 0.88503E-03-0.19965E-04-0.66457E-04-0.53245E-05-0.55596E-03
   12159  0.18325E-02-0.87357E-03 0.26846E-04 0.65845E-04-0.11000E-05 0.28219E-04
   12160 -0.19000E-02 0.89934E-03-0.13883E-04-0.28030E-04-0.61726E-06-0.58260E-03
   12160  0.18627E-02-0.88890E-03 0.28886E-04 0.28245E-04-0.21368E-05 0.52864E-04
   12161 -0.19359E-02 0.91297E-03-0.69247E-05 0.17872E-04 0.51883E-05-0.60727E-03
   12161  0.18921E-02-0.90324E-03 0.29963E-04-0.16559E-04-0.37063E-05 0.78077E-04
   12162 -0.19712E-02 0.92557E-03 0.11809E-05 0.64235E-04 0.11314E-04-0.62894E-03
   12162  0.19205E-02-0.91639E-03 0.29914E-04-0.61637E-04-0.57567E-05 0.10301E-03
   12163 -0.20058E-02 0.93707E-03 0.10655E-04 0.10765E-03 0.17280E-04-0.64640E-03
   12163  0.19479E-02-0.92832E-03 0.28561E-04-0.10364E-03-0.81680E-05 0.12667E-03
   12164 -0.20400E-02 0.94745E-03 0.21822E-04 0.14846E-03 0.22973E-04-0.65839E-03
   12164  0.19744E-02-0.93898E-03 0.25705E-04-0.14291E-03-0.10832E-04 0.14803E-03
   12165 -0.20736E-02 0.95646E-03 0.34944E-04 0.19085E-03 0.28679E-04-0.66352E-03
   12165  0.19996E-02-0.94805E-03 0.21040E-04-0.18351E-03-0.13725E-04 0.16598E-03
   12166 -0.21062E-02 0.96371E-03 0.50315E-04 0.23620E-03 0.34330E-04-0.66007E-03
   12166  0.20232E-02-0.95516E-03 0.14244E-04-0.22677E-03-0.16733E-04 0.17909E-03
   12167 -0.21371E-02 0.96883E-03 0.68240E-04 0.28159E-03 0.39315E-04-0.64597E-03
   12167  0.20447E-02-0.96000E-03 0.49580E-05-0.26984E-03-0.19555E-04 0.18549E-03
   12168 -0.21655E-02 0.97141E-03 0.88861E-04 0.32611E-03 0.43178E-04-0.61863E-03
   12168  0.20635E-02-0.96209E-03-0.71653E-05-0.31181E-03-0.21855E-04 0.18287E-03
   12169 -0.21903E-02 0.97087E-03 0.11214E-03 0.36971E-03 0.45476E-04-0.57500E-03
   12169  0.20784E-02-0.96079E-03-0.22392E-04-0.35267E-03-0.23233E-04 0.16841E-03
   12170 -0.22089E-02 0.96620E-03 0.13769E-03 0.41335E-03 0.45752E-04-0.51156E-03
   12170  0.20875E-02-0.95511E-03-0.40705E-04-0.39333E-03-0.23204E-04 0.13878E-03
   12171 -0.22177E-02 0.95614E-03 0.16455E-03 0.45713E-03 0.43349E-04-0.42466E-03
   12171  0.20874E-02-0.94385E-03-0.61441E-04-0.43394E-03-0.21127E-04 0.90250E-04
   12172 -0.22117E-02 0.93928E-03 0.19072E-03 0.49930E-03 0.37418E-04-0.31141E-03
   12172  0.20736E-02-0.92567E-03-0.82882E-04-0.47283E-03-0.16232E-04 0.19448E-04
   12173 -0.21846E-02 0.91425E-03 0.21303E-03 0.53618E-03 0.27190E-04-0.17126E-03
   12173  0.20403E-02-0.89934E-03-0.10201E-03-0.50649E-03-0.78328E-05-0.75129E-04
   12174 -0.21293E-02 0.88010E-03 0.22702E-03 0.56280E-03 0.12445E-04-0.81933E-05
   12174  0.19809E-02-0.86403E-03-0.11465E-03-0.53025E-03 0.42781E-05-0.19089E-03
   12175 -0.20397E-02 0.83624E-03 0.22785E-03 0.57702E-03-0.61062E-05 0.16763E-03
   12175  0.18898E-02-0.81913E-03-0.11644E-03-0.54209E-03 0.19576E-04-0.31935E-03
   12176 -0.19122E-02 0.78252E-03 0.21241E-03 0.57780E-03-0.26865E-04 0.33987E-03
   12176  0.17634E-02-0.76467E-03-0.10392E-03-0.54100E-03 0.36689E-04-0.44595E-03
   12177 -0.17480E-02 0.71974E-03 0.18061E-03 0.56295E-03-0.47382E-04 0.48867E-03
   12177  0.16028E-02-0.70153E-03-0.76623E-04-0.52492E-03 0.53354E-04-0.55249E-03
   12178 -0.15541E-02 0.64962E-03 0.13622E-03 0.53062E-03-0.64546E-04 0.59552E-03
   12178  0.14147E-02-0.63137E-03-0.38235E-04-0.49216E-03 0.66693E-04-0.62194E-03
   12179 -0.13423E-02 0.57463E-03 0.85892E-04 0.48190E-03-0.75563E-04 0.64850E-03
   12179  0.12105E-02-0.55626E-03 0.41186E-05-0.44386E-03 0.74209E-04-0.64367E-03
   12180 -0.11257E-02 0.49693E-03 0.37920E-04 0.42164E-03-0.79120E-04 0.64571E-03
   12180  0.10030E-02-0.47810E-03 0.42073E-04-0.38471E-03 0.74865E-04-0.61656E-03
   12181 -0.91625E-03 0.41853E-03-0.56938E-06 0.35526E-03-0.75569E-04 0.59530E-03
   12181  0.80331E-03-0.39882E-03 0.68950E-04-0.31989E-03 0.69174E-04-0.54895E-03
   12182 -0.72176E-03 0.34097E-03-0.25363E-04 0.28762E-03-0.66685E-04 0.51226E-03
   12182  0.61859E-03-0.31998E-03 0.81349E-04-0.25399E-03 0.58920E-04-0.45523E-03
   12183 -0.54516E-03 0.26517E-03-0.35902E-04 0.22172E-03-0.54819E-04 0.41379E-03
   12183  0.45115E-03-0.24261E-03 0.79484E-04-0.18982E-03 0.46337E-04-0.35127E-03
   12184 -0.38469E-03 0.19139E-03-0.34600E-04 0.15828E-03-0.42106E-04 0.31486E-03
   12184  0.29886E-03-0.16709E-03 0.66430E-04-0.12802E-03 0.33378E-04-0.25034E-03
   12185 -0.23492E-03 0.11898E-03-0.25602E-04 0.96935E-04-0.30216E-04 0.22579E-03
   12185  0.15608E-03-0.92920E-04 0.46824E-04-0.68235E-04 0.21478E-04-0.16076E-03
   12186 -0.88109E-04 0.46662E-04-0.13943E-04 0.36656E-04-0.20079E-04 0.15125E-03
   12186  0.15147E-04-0.18905E-04 0.25802E-04-0.94214E-05 0.11309E-04-0.85184E-04
   12187  0.37387E-04-0.14813E-04-0.48658E-05-0.13722E-04-0.11847E-04 0.90525E-04
   12187 -0.10246E-03 0.42894E-04 0.83539E-05 0.38507E-04 0.29864E-05-0.22707E-04
   12188  0.69082E-04-0.30654E-04-0.19383E-05-0.26243E-04-0.54854E-05 0.42400E-04
   12188 -0.10751E-03 0.49845E-04-0.15729E-05 0.41414E-04-0.21487E-05 0.16647E-04
   12189  0.17339E-04-0.69464E-05-0.20979E-05-0.63447E-05-0.23710E-05 0.18362E-04
   12189 -0.24543E-04 0.12387E-04-0.25156E-05 0.96558E-05-0.27871E-05 0.21577E-04
   12190 -0.46444E-05 0.30101E-05-0.19081E-05 0.20166E-05-0.15722E-05 0.12113E-04
   12190  0.11197E-04-0.42415E-05-0.18737E-05-0.40746E-05-0.15465E-05 0.11916E-04
   12191  0.56341E-05-0.19377E-05-0.13661E-05-0.19871E-05-0.90851E-06 0.70202E-05
   12191  0.48374E-05-0.15893E-05-0.13323E-05-0.16893E-05-0.86679E-06 0.66973E-05
   12192  0.55404E-05-0.21078E-05-0.91320E-06-0.19778E-05-0.48417E-06 0.38008E-05
   12192  0.48065E-05-0.17712E-05-0.91625E-06-0.16961E-05-0.48135E-06 0.37792E-05
   12193  0.42587E-05-0.16662E-05-0.60707E-06-0.15053E-05-0.25757E-06 0.20575E-05
   12193  0.45229E-05-0.17901E-05-0.60052E-06-0.16044E-05-0.25339E-06 0.20240E-05
   12194  0.34718E-05-0.14022E-05-0.40046E-06-0.12412E-05-0.13533E-06 0.10816E-05
   12194  0.34400E-05-0.13902E-05-0.39480E-06-0.12300E-05-0.13232E-06 0.10576E-05
   12195  0.26028E-05-0.10699E-05-0.25719E-06-0.95518E-06-0.69547E-07 0.54502E-06
   12195  0.25834E-05-0.10622E-05-0.25470E-06-0.94830E-06-0.68334E-07 0.53553E-06
   12196  0.18701E-05-0.77675E-06-0.16611E-06-0.69864E-06-0.33983E-07 0.26186E-06
   12196  0.18825E-05-0.78339E-06-0.16400E-06-0.70366E-06-0.33267E-07 0.25634E-06
   12197  0.13070E-05-0.54766E-06-0.10681E-06-0.48227E-06-0.14904E-07 0.11609E-06
   12197  0.13050E-05-0.54730E-06-0.10567E-06-0.48174E-06-0.14529E-07 0.11316E-06
   12198  0.86252E-06-0.36282E-06-0.68822E-07-0.30914E-06-0.56870E-08 0.45654E-07
   12198  0.84732E-06-0.35617E-06-0.68148E-07-0.30365E-06-0.55496E-08 0.44550E-07
   12199  0.49427E-06-0.20594E-06-0.43946E-07-0.17466E-06-0.21988E-08 0.17899E-07
   12199  0.48441E-06-0.20157E-06-0.43637E-07-0.17112E-06-0.21187E-08 0.17250E-07
   12200  0.19263E-06-0.73380E-07-0.31754E-07-0.67315E-07-0.17715E-08 0.13992E-07
   12200  0.19481E-06-0.74534E-07-0.31415E-07-0.68198E-07-0.16675E-08 0.13166E-07
   12201  0.44605E-07-0.81588E-08-0.26226E-07-0.13914E-07-0.19540E-08 0.15002E-07
   12201  0.46350E-07-0.89690E-08-0.26200E-07-0.14570E-07-0.19458E-08 0.14936E-07
   12202  0.26050E-07-0.62970E-09-0.24181E-07-0.71423E-08-0.17078E-08 0.12988E-07
   12202  0.24488E-07 0.17002E-09-0.24367E-07-0.65090E-08-0.17540E-08 0.13339E-07
   12203  0.20399E-07 0.13907E-08-0.22995E-07-0.49938E-08-0.14082E-08 0.10921E-07
   12203  0.20143E-07 0.16108E-08-0.23217E-07-0.48664E-08-0.14647E-08 0.11359E-07
   12204  0.16077E-07 0.33747E-08-0.23029E-07-0.32393E-08-0.11508E-08 0.91843E-08
   12204  0.16270E-07 0.33896E-08-0.23251E-07-0.32846E-08-0.12009E-08 0.95847E-08
   12205  0.13178E-07 0.54103E-08-0.24555E-07-0.19546E-08-0.92671E-09 0.74777E-08
   12205  0.13310E-07 0.54695E-08-0.24811E-07-0.19727E-08-0.97068E-09 0.78324E-08
   12206  0.11652E-07 0.76666E-08-0.27894E-07-0.10158E-08-0.69513E-09 0.55232E-08
   12206  0.11689E-07 0.78001E-08-0.28217E-07-0.99109E-09-0.73808E-09 0.58635E-08
   12207  0.11752E-07 0.10263E-07-0.33562E-07-0.39091E-09-0.39296E-09 0.30381E-08
   12207  0.11817E-07 0.10423E-07-0.33971E-07-0.36579E-09-0.43410E-09 0.33539E-08
